Log file open, 10/22/18 20:08:40
LogWindows: Failed to load 'aqProf.dll' (GetLastError=126)
LogWindows: File 'aqProf.dll' does not exist
LogWindows: Failed to load 'VSPerf140.dll' (GetLastError=126)
LogWindows: File 'VSPerf140.dll' does not exist
LogWindows: Failed to load 'VtuneApi.dll' (GetLastError=126)
LogWindows: File 'VtuneApi.dll' does not exist
LogWindows: Failed to load 'VtuneApi32e.dll' (GetLastError=126)
LogWindows: File 'VtuneApi32e.dll' does not exist
LogInit: Display: Running engine for game: Finals
LogPlatformFile: Not using cached read wrapper
LogTaskGraph: Started task graph with 5 named threads and 11 total threads with 3 sets of task threads.
LogStats: Stats thread started at 0.181711
LogD3D11RHI: Loaded GFSDK_Aftermath_Lib.x64.dll
LogICUInternationalization: Display: ICU TimeZone Detection - Raw Offset: -6:00, Platform Override: ''
LogPluginManager: Mounting plugin Paper2D
LogPluginManager: Mounting plugin AISupport
LogPluginManager: Mounting plugin LightPropagationVolume
LogPluginManager: Mounting plugin CLionSourceCodeAccess
LogPluginManager: Mounting plugin CodeLiteSourceCodeAccess
LogPluginManager: Mounting plugin GitSourceControl
LogPluginManager: Mounting plugin KDevelopSourceCodeAccess
LogPluginManager: Mounting plugin NullSourceCodeAccess
LogPluginManager: Mounting plugin PerforceSourceControl
LogPluginManager: Mounting plugin SubversionSourceControl
LogPluginManager: Mounting plugin UObjectPlugin
LogPluginManager: Mounting plugin VisualStudioCodeSourceCodeAccess
LogPluginManager: Mounting plugin VisualStudioSourceCodeAccess
LogPluginManager: Mounting plugin XCodeSourceCodeAccess
LogPluginManager: Mounting plugin AssetManagerEditor
LogPluginManager: Mounting plugin CryptoKeys
LogPluginManager: Mounting plugin DataValidation
LogPluginManager: Mounting plugin FacialAnimation
LogPluginManager: Mounting plugin GameplayTagsEditor
LogPluginManager: Mounting plugin MacGraphicsSwitching
LogPluginManager: Mounting plugin MeshEditor
LogPluginManager: Mounting plugin MobileLauncherProfileWizard
LogPluginManager: Mounting plugin PluginBrowser
LogPluginManager: Mounting plugin SpeedTreeImporter
LogPluginManager: Mounting plugin DatasmithContent
LogPluginManager: Mounting plugin AlembicImporter
LogPluginManager: Mounting plugin AppleImageUtils
LogPluginManager: Mounting plugin AppleVision
LogPluginManager: Mounting plugin BackChannel
LogPluginManager: Mounting plugin CharacterAI
LogPluginManager: Mounting plugin GeometryCache
LogPluginManager: Mounting plugin HTML5Networking
LogPluginManager: Mounting plugin ProxyLODPlugin
LogPluginManager: Mounting plugin MagicLeap
LogPluginManager: Mounting plugin MagicLeapEmulator
LogPluginManager: Mounting plugin MagicLeapMedia
LogPluginManager: Mounting plugin AndroidMedia
LogPluginManager: Mounting plugin AvfMedia
LogPluginManager: Mounting plugin ImgMedia
LogPluginManager: Mounting plugin LinearTimecode
LogPluginManager: Mounting plugin MediaCompositing
LogPluginManager: Mounting plugin MediaPlayerEditor
LogPluginManager: Mounting plugin WmfMedia
LogPluginManager: Mounting plugin TcpMessaging
LogPluginManager: Mounting plugin UdpMessaging
LogPluginManager: Mounting plugin ActorSequence
LogPluginManager: Mounting plugin LevelSequenceEditor
LogPluginManager: Mounting plugin MatineeToLevelSequence
LogPluginManager: Mounting plugin NetcodeUnitTest
LogPluginManager: Mounting plugin NUTUnrealEngine4
LogPluginManager: Mounting plugin OnlineSubsystemGooglePlay
LogPluginManager: Mounting plugin OnlineSubsystemIOS
LogPluginManager: Mounting plugin OnlineSubsystem
LogPluginManager: Mounting plugin OnlineSubsystemNull
LogPluginManager: Mounting plugin OnlineSubsystemUtils
LogPluginManager: Mounting plugin LauncherChunkInstaller
LogPluginManager: Mounting plugin AndroidDeviceProfileSelector
LogPluginManager: Mounting plugin AndroidMoviePlayer
LogPluginManager: Mounting plugin AndroidPermission
LogPluginManager: Mounting plugin AppleMoviePlayer
LogPluginManager: Mounting plugin ArchVisCharacter
LogPluginManager: Mounting plugin AudioCapture
LogPluginManager: Mounting plugin CableComponent
LogPluginManager: Mounting plugin CustomMeshComponent
LogPluginManager: Mounting plugin EditableMesh
LogPluginManager: Mounting plugin ExampleDeviceProfileSelector
LogPluginManager: Mounting plugin GoogleCloudMessaging
LogPluginManager: Mounting plugin ImmediatePhysics
LogPluginManager: Mounting plugin IOSDeviceProfileSelector
LogPluginManager: Mounting plugin LinuxDeviceProfileSelector
LogPluginManager: Mounting plugin LocationServicesBPLibrary
LogPluginManager: Mounting plugin MobilePatchingUtils
LogPluginManager: Mounting plugin OculusVR
LogPluginManager: Plugin shader directory ../../../Engine/Plugins/Runtime/Oculus/OculusVR/Shaders found
LogPluginManager: Mapping shader source directory ../../../Engine/Plugins/Runtime/Oculus/OculusVR/Shaders to virtual directory /Plugin/OculusVR
LogPluginManager: Mounting plugin PhysXVehicles
LogPluginManager: Mounting plugin ProceduralMeshComponent
LogPluginManager: Mounting plugin RuntimePhysXCooking
LogPluginManager: Mounting plugin SteamVR
LogPluginManager: Mounting plugin WindowsMoviePlayer
LogStreaming: Display: Took  0.159s to configure plugins.
LogInit: Using libcurl 7.55.1-DEV
LogInit:  - built for x86_64-pc-win32
LogInit:  - supports SSL with OpenSSL/1.0.2h
LogInit:  - supports HTTP deflate (compression) using libz 1.2.8
LogInit:  - other features:
LogInit:      CURL_VERSION_SSL
LogInit:      CURL_VERSION_LIBZ
LogInit:      CURL_VERSION_IPV6
LogInit:      CURL_VERSION_ASYNCHDNS
LogInit:      CURL_VERSION_LARGEFILE
LogInit:      CURL_VERSION_IDN
LogInit:  CurlRequestOptions (configurable via config and command line):
LogInit:  - bVerifyPeer = false  - Libcurl will NOT verify peer certificate
LogInit:  - bUseHttpProxy = false  - Libcurl will NOT use HTTP proxy
LogInit:  - bDontReuseConnections = false  - Libcurl will reuse connections
LogInit:  - CertBundlePath = nullptr  - Libcurl will use whatever was configured at build time.
LogInit:  - MaxHostConnections = 16  - Libcurl will limit the number of connections to a host
LogInit:  - LocalHostAddr = Default
LogInit:  - BufferSize = 65536
LogInit: WinSock: version 1.1 (2.2), MaxSocks=32767, MaxUdp=65467
LogInit: Build: ++UE4+Release-4.20-CL-4369336
LogInit: Engine Version: 4.20.3-4369336+++UE4+Release-4.20
LogInit: Compatible Engine Version: 4.20.0-4212847+++UE4+Release-4.20
LogInit: Net CL: 4212847
LogInit: OS: Windows 10 (), CPU: Intel(R) Core(TM) i7-6500U CPU @ 2.50GHz, GPU: Intel(R) HD Graphics 520
LogInit: Compiled (64-bit): Sep 17 2018 12:26:19
LogInit: Compiled with Visual C++: 19.13.26129.00
LogInit: Build Configuration: Development
LogInit: Branch Name: ++UE4+Release-4.20
LogInit: Command Line: -EpicPortal 
LogInit: Base Directory: C:/Program Files/Epic Games/UE_4.20/Engine/Binaries/Win64/
LogInit: Installed Engine Build: 1
LogDevObjectVersion: Number of dev versions registered: 20
LogDevObjectVersion:   Dev-Blueprints (B0D832E4-1F89-4F0D-ACCF-7EB736FD4AA2): 10
LogDevObjectVersion:   Dev-Build (E1C64328-A22C-4D53-A36C-8E866417BD8C): 0
LogDevObjectVersion:   Dev-Core (375EC13C-06E4-48FB-B500-84F0262A717E): 2
LogDevObjectVersion:   Dev-Editor (E4B068ED-F494-42E9-A231-DA0B2E46BB41): 24
LogDevObjectVersion:   Dev-Framework (CFFC743F-43B0-4480-9391-14DF171D2073): 34
LogDevObjectVersion:   Dev-Mobile (B02B49B5-BB20-44E9-A304-32B752E40360): 2
LogDevObjectVersion:   Dev-Networking (A4E4105C-59A1-49B5-A7C5-40C4547EDFEE): 0
LogDevObjectVersion:   Dev-Online (39C831C9-5AE6-47DC-9A44-9C173E1C8E7C): 0
LogDevObjectVersion:   Dev-Physics (78F01B33-EBEA-4F98-B9B4-84EACCB95AA2): 0
LogDevObjectVersion:   Dev-Platform (6631380F-2D4D-43E0-8009-CF276956A95A): 0
LogDevObjectVersion:   Dev-Rendering (12F88B9F-8875-4AFC-A67C-D90C383ABD29): 26
LogDevObjectVersion:   Dev-Sequencer (7B5AE74C-D270-4C10-A958-57980B212A5A): 9
LogDevObjectVersion:   Dev-VR (D7296918-1DD6-4BDD-9DE2-64A83CC13884): 2
LogDevObjectVersion:   Dev-LoadTimes (C2A15278-BFE7-4AFE-6C17-90FF531DF755): 1
LogDevObjectVersion:   Private-Geometry (6EACA3D4-40EC-4CC1-B786-8BED09428FC5): 3
LogDevObjectVersion:   Dev-AnimPhys (29E575DD-E0A3-4627-9D10-D276232CDCEA): 17
LogDevObjectVersion:   Dev-ReflectionCapture (6B266CEC-1EC7-4B8F-A30B-E4D90942FC07): 1
LogDevObjectVersion:   Dev-Automation (0DF73D61-A23F-47EA-B727-89E90C41499A): 1
LogDevObjectVersion:   FortniteMain (601D1886-AC64-4F84-AA16-D3DE0DEAC7D6): 12
LogDevObjectVersion:   Dev-Enterprise (9DFFBCD6-494F-0158-E221-12823C92A888): 1
LogStreaming: Display: Took  0.001s to delete old logs.
LogInit: Presizing for max 8388607 objects, including 0 objects not considered by GC, pre-allocating 0 bytes for permanent pool.
LogInit: Object subsystem initialized
[2018.10.23-01.08.40:576][  0]LogInit: Selected Device Profile: [Windows]
[2018.10.23-01.08.40:576][  0]LogInit: Applying CVar settings loaded from the selected device profile: [Windows]
[2018.10.23-01.08.40:601][  0]LogHAL: Display: Platform has ~ 8 GB [8474480640 / 8589934592 / 8], which maps to Default [LargestMinGB=32, LargerMinGB=12, DefaultMinGB=8, SmallerMinGB=6, SmallestMinGB=0)
[2018.10.23-01.08.40:601][  0]LogInit: Setting Device Profile CVar: [[r.Vulkan.UseRealUBs:1]]
[2018.10.23-01.08.40:601][  0]LogInit: Going up to parent DeviceProfile []
[2018.10.23-01.08.40:602][  0]LogInit: Computer: LAPTOP-7TT9GHAF
[2018.10.23-01.08.40:602][  0]LogInit: User: lwar
[2018.10.23-01.08.40:602][  0]LogInit: CPU Page size=4096, Cores=2
[2018.10.23-01.08.40:602][  0]LogInit: High frequency timer resolution =2.531252 MHz
[2018.10.23-01.08.40:602][  0]LogMemory: Memory total: Physical=7.9GB (8GB approx)
[2018.10.23-01.08.40:602][  0]LogMemory: Platform Memory Stats for Windows
[2018.10.23-01.08.40:602][  0]LogMemory: Process Physical Memory: 100.16 MB used, 100.16 MB peak
[2018.10.23-01.08.40:602][  0]LogMemory: Process Virtual Memory: 84.02 MB used, 84.02 MB peak
[2018.10.23-01.08.40:602][  0]LogMemory: Physical Memory: 4512.89 MB used,  3569.00 MB free, 8081.89 MB total
[2018.10.23-01.08.40:602][  0]LogMemory: Virtual Memory: 4616.35 MB used,  3569.00 MB free, 134217728.00 MB total
[2018.10.23-01.08.40:624][  0]LogInit: Using OS detected language (en-US).
[2018.10.23-01.08.40:624][  0]LogInit: Using OS detected locale (en-US).
[2018.10.23-01.08.40:625][  0]LogTextLocalizationManager: No specific localization for 'en-US' exists, so the 'en' localization will be used.
[2018.10.23-01.08.41:115][  0]LogStreaming: Display: Took  0.490s to InitEngineTextLocalization.
[2018.10.23-01.08.41:115][  0]LogInit: Setting process to per monitor DPI aware
[2018.10.23-01.08.41:165][  0]LogSlate: New Slate User Created.  User Index 0, Is Virtual User: 0
[2018.10.23-01.08.41:166][  0]LogSlate: Slate User Registered.  User Index 0, Is Virtual User: 0
[2018.10.23-01.08.41:413][  0]LogHMD: Failed to initialize OpenVR with code 110
[2018.10.23-01.08.41:413][  0]LogD3D11RHI: D3D11 adapters:
[2018.10.23-01.08.41:480][  0]LogD3D11RHI:    0. 'Intel(R) HD Graphics 520' (Feature Level 11_0)
[2018.10.23-01.08.41:480][  0]LogD3D11RHI:       128/0/4040 MB DedicatedVideo/DedicatedSystem/SharedSystem, Outputs:1, VendorId:0x8086
[2018.10.23-01.08.41:482][  0]LogD3D11RHI:    1. 'Microsoft Basic Render Driver' (Feature Level 11_0)
[2018.10.23-01.08.41:482][  0]LogD3D11RHI:       0/0/4040 MB DedicatedVideo/DedicatedSystem/SharedSystem, Outputs:0, VendorId:0x1414
[2018.10.23-01.08.41:482][  0]LogD3D11RHI: Chosen D3D11 Adapter: 0
[2018.10.23-01.08.41:488][  0]LogD3D11RHI: Creating new Direct3DDevice
[2018.10.23-01.08.41:489][  0]LogD3D11RHI:     GPU DeviceId: 0x1916 (for the marketing name, search the web for "GPU Device Id")
[2018.10.23-01.08.41:489][  0]LogWindows: EnumDisplayDevices:
[2018.10.23-01.08.41:489][  0]LogWindows:    0. 'Intel(R) HD Graphics 520' (P:1 D:1)
[2018.10.23-01.08.41:489][  0]LogWindows:    1. 'Intel(R) HD Graphics 520' (P:0 D:0)
[2018.10.23-01.08.41:489][  0]LogWindows:    2. 'Intel(R) HD Graphics 520' (P:0 D:0)
[2018.10.23-01.08.41:489][  0]LogWindows: DebugString: FoundDriverCount:3 
[2018.10.23-01.08.41:489][  0]LogD3D11RHI:     Adapter Name: Intel(R) HD Graphics 520
[2018.10.23-01.08.41:489][  0]LogD3D11RHI:   Driver Version: 23.20.16.4973 (internal:23.20.16.4973, unified:23.20.16.4973)
[2018.10.23-01.08.41:489][  0]LogD3D11RHI:      Driver Date: 2-28-2018
[2018.10.23-01.08.41:489][  0]LogRHI: Texture pool is 1503 MB (70% of 2148 MB)
[2018.10.23-01.08.41:552][  0]LogD3D11RHI: Async texture creation enabled
[2018.10.23-01.08.41:558][  0]LogD3D11RHI: GPU Timing Frequency: 12.000048 (Debug: 2 0)
[2018.10.23-01.08.41:560][  0]LogShaderCompilers: Guid format shader working directory is -26 characters bigger than the processId version (../../../../../../Users/l_war/OneDrive/Documents/Unreal Projects/Finals/Intermediate/Shaders/WorkingDirectory/13760/).
[2018.10.23-01.08.41:560][  0]LogShaderCompilers: Cleaned the shader compiler working directory 'C:/Users/l_war/AppData/Local/Temp/UnrealShaderWorkingDir/AA71EE2648C43A8D624FAEBCE49859D4/'.
[2018.10.23-01.08.41:929][  0]LogTemp: Display: Loaded TP AllDesktopTargetPlatform
[2018.10.23-01.08.41:953][  0]LogTemp: Display: Loaded TP MacClientTargetPlatform
[2018.10.23-01.08.41:977][  0]LogTemp: Display: Loaded TP MacNoEditorTargetPlatform
[2018.10.23-01.08.42:002][  0]LogTemp: Display: Loaded TP MacServerTargetPlatform
[2018.10.23-01.08.42:029][  0]LogTemp: Display: Loaded TP MacTargetPlatform
[2018.10.23-01.08.42:054][  0]LogTemp: Display: Loaded TP WindowsClientTargetPlatform
[2018.10.23-01.08.42:079][  0]LogTemp: Display: Loaded TP WindowsNoEditorTargetPlatform
[2018.10.23-01.08.42:102][  0]LogTemp: Display: Loaded TP WindowsServerTargetPlatform
[2018.10.23-01.08.42:115][  0]LogTemp: Display: Loaded TP WindowsTargetPlatform
[2018.10.23-01.08.42:239][  0]LogTemp: Display: Loaded TP AndroidTargetPlatform
[2018.10.23-01.08.42:240][  0]LogTemp: Display: Loaded TP AndroidTargetPlatform
[2018.10.23-01.08.42:240][  0]LogTemp: Display: Loaded TP AndroidTargetPlatform
[2018.10.23-01.08.42:240][  0]LogTemp: Display: Loaded TP AndroidTargetPlatform
[2018.10.23-01.08.42:240][  0]LogTemp: Display: Loaded TP AndroidTargetPlatform
[2018.10.23-01.08.42:240][  0]LogTemp: Display: Loaded TP AndroidTargetPlatform
[2018.10.23-01.08.42:240][  0]LogTemp: Display: Loaded TP AndroidTargetPlatform
[2018.10.23-01.08.42:240][  0]LogTemp: Display: Loaded TP AndroidTargetPlatform
[2018.10.23-01.08.42:240][  0]LogTemp: Display: Loaded TP AndroidTargetPlatform
[2018.10.23-01.08.42:240][  0]LogTemp: Display: Loaded TP AndroidTargetPlatform
[2018.10.23-01.08.42:240][  0]LogTemp: Display: Loaded TP AndroidTargetPlatform
[2018.10.23-01.08.42:240][  0]LogTemp: Display: Loaded TP AndroidTargetPlatform
[2018.10.23-01.08.42:240][  0]LogTemp: Display: Loaded TP AndroidTargetPlatform
[2018.10.23-01.08.42:240][  0]LogTemp: Display: Loaded TP AndroidTargetPlatform
[2018.10.23-01.08.42:240][  0]LogTemp: Display: Loaded TP AndroidTargetPlatform
[2018.10.23-01.08.42:240][  0]LogTemp: Display: Loaded TP AndroidTargetPlatform
[2018.10.23-01.08.42:240][  0]LogTemp: Display: Loaded TP AndroidTargetPlatform
[2018.10.23-01.08.42:241][  0]LogTemp: Display: Loaded TP AndroidTargetPlatform
[2018.10.23-01.08.42:242][  0]LogTemp: Display: Loaded TP HTML5TargetPlatform
[2018.10.23-01.08.42:313][  0]LogTemp: Display: Loaded TP IOSTargetPlatform
[2018.10.23-01.08.42:313][  0]LogTemp: Display: Loaded TP IOSTargetPlatform
[2018.10.23-01.08.42:353][  0]LogTemp: Display: Loaded TP TVOSTargetPlatform
[2018.10.23-01.08.42:353][  0]LogTemp: Display: Loaded TP TVOSTargetPlatform
[2018.10.23-01.08.42:374][  0]LogTemp: Display: Loaded TP LinuxClientTargetPlatform
[2018.10.23-01.08.42:395][  0]LogTemp: Display: Loaded TP LinuxNoEditorTargetPlatform
[2018.10.23-01.08.42:418][  0]LogTemp: Display: Loaded TP LinuxServerTargetPlatform
[2018.10.23-01.08.42:437][  0]LogTemp: Display: Loaded TP LinuxTargetPlatform
[2018.10.23-01.08.42:455][  0]LogTemp: Display: Loaded TP LuminTargetPlatform
[2018.10.23-01.08.42:455][  0]LogTargetPlatformManager: Display: Building Assets For Windows
[2018.10.23-01.08.42:546][  0]LogXGEController: Cannot use XGE Controller as Incredibuild is not installed on this machine.
[2018.10.23-01.08.42:546][  0]LogShaderCompilers: Cannot use XGE Shader Compiler as Incredibuild is not installed on this machine.
[2018.10.23-01.08.42:546][  0]LogShaderCompilers: Display: Using Local Shader Compiler.
[2018.10.23-01.08.43:556][  0]LogDerivedDataCache: Display: Max Cache Size: 512 MB
[2018.10.23-01.08.43:629][  0]LogDerivedDataCache: Loaded boot cache 0.07s 78MB C:/Users/l_war/AppData/Local/UnrealEngine/4.20/DerivedDataCache/Boot.ddc.
[2018.10.23-01.08.43:629][  0]LogDerivedDataCache: Display: Loaded Boot cache: C:/Users/l_war/AppData/Local/UnrealEngine/4.20/DerivedDataCache/Boot.ddc
[2018.10.23-01.08.43:629][  0]LogDerivedDataCache: FDerivedDataBackendGraph:  Pak pak cache file ../../../../../../Users/l_war/OneDrive/Documents/Unreal Projects/Finals/DerivedDataCache/DDC.ddp not found, will not use a pak cache.
[2018.10.23-01.08.43:629][  0]LogDerivedDataCache: Unable to find inner node Pak for hierarchical cache Hierarchy.
[2018.10.23-01.08.43:629][  0]LogDerivedDataCache: FDerivedDataBackendGraph:  CompressedPak pak cache file ../../../../../../Users/l_war/OneDrive/Documents/Unreal Projects/Finals/DerivedDataCache/Compressed.ddp not found, will not use a pak cache.
[2018.10.23-01.08.43:630][  0]LogDerivedDataCache: Unable to find inner node CompressedPak for hierarchical cache Hierarchy.
[2018.10.23-01.08.43:646][  0]LogDerivedDataCache: Display: Pak cache opened for reading ../../../Engine/DerivedDataCache/Compressed.ddp.
[2018.10.23-01.08.43:658][  0]LogDerivedDataCache: Using Local data cache path C:/Users/l_war/AppData/Local/UnrealEngine/Common/DerivedDataCache: Writable
[2018.10.23-01.08.43:658][  0]LogDerivedDataCache: Shared data cache path not found in *engine.ini, will not use an Shared cache.
[2018.10.23-01.08.43:658][  0]LogDerivedDataCache: Unable to find inner node Shared for hierarchical cache Hierarchy.
[2018.10.23-01.08.43:682][  0]LogMaterial: Verifying Global Shaders for PCD3D_SM5
[2018.10.23-01.08.43:684][  0]LogSlate: Using FreeType 2.6.0
[2018.10.23-01.08.43:686][  0]LogSlate: SlateFontServices - WITH_FREETYPE: 1, WITH_HARFBUZZ: 1
[2018.10.23-01.08.43:773][  0]LogAssetRegistry: FAssetRegistry took 0.0274 seconds to start up
[2018.10.23-01.08.44:278][  0]LogInit: Selected Device Profile: [Windows]
[2018.10.23-01.08.44:483][  0]LogSimplygon: Simplygon DLL not present - disabling.
[2018.10.23-01.08.44:488][  0]LogMeshReduction: Using SimplygonSwarm for distributed automatic mesh merging
[2018.10.23-01.08.44:488][  0]LogMeshReduction: Using ProxyLODMeshReduction for automatic mesh merging
[2018.10.23-01.08.44:488][  0]LogMeshReduction: Using QuadricMeshReduction for automatic static mesh reduction
[2018.10.23-01.08.44:488][  0]LogMeshReduction: No automatic skeletal mesh reduction module available
[2018.10.23-01.08.44:510][  0]LogNetVersion: Finals 1.0.0, NetCL: 4212847, EngineNetVer: 5, GameNetVer: 0 (Checksum: 3293051592)
[2018.10.23-01.08.45:279][  0]LogPackageLocalizationCache: Processed 11 localized package path(s) for 2 prioritized culture(s) in 0.204504 seconds
[2018.10.23-01.08.45:288][  0]LogUObjectArray: 38425 objects as part of root set at end of initial load.
[2018.10.23-01.08.45:288][  0]LogUObjectAllocator: 6690864 out of 0 bytes used by permanent object pool.
[2018.10.23-01.08.45:288][  0]LogUObjectArray: CloseDisregardForGC: 0/0 objects in disregard for GC pool
[2018.10.23-01.08.46:450][  0]LogTcpMessaging: Initializing TcpMessaging bridge
[2018.10.23-01.08.46:466][  0]LogUdpMessaging: Initializing bridge on interface 0.0.0.0:0 to multicast group 230.0.0.1:6666.
[2018.10.23-01.08.46:634][  0]SourceControl: Source control is disabled
[2018.10.23-01.08.46:634][  0]SourceControl: Source control is disabled
[2018.10.23-01.08.46:636][  0]SourceControl: Source control is disabled
[2018.10.23-01.08.46:637][  0]SourceControl: Source control is disabled
[2018.10.23-01.08.46:817][  0]LogAndroidPermission: UAndroidPermissionCallbackProxy::GetInstance
[2018.10.23-01.08.46:873][  0]LogOcInput: OculusInput pre-init called
[2018.10.23-01.08.46:945][  0]LogEngine: Initializing Engine...
[2018.10.23-01.08.46:946][  0]LogHMD: Failed to initialize OpenVR with code 110
[2018.10.23-01.08.46:947][  0]LogStats: UGameplayTagsManager::ConstructGameplayTagTree: ImportINI prefixes -  0.000 s
[2018.10.23-01.08.46:947][  0]LogStats: UGameplayTagsManager::ConstructGameplayTagTree: Construct from data asset -  0.000 s
[2018.10.23-01.08.46:947][  0]LogStats: UGameplayTagsManager::ConstructGameplayTagTree: ImportINI -  0.000 s
[2018.10.23-01.08.46:947][  0]LogStats: UGameplayTagsManager::ConstructGameplayTagTree: GameplayTagTreeChangedEvent.Broadcast -  0.000 s
[2018.10.23-01.08.47:227][  0]LogInit: Initializing FReadOnlyCVARCache
[2018.10.23-01.08.47:249][  0]LogAIModule: Creating AISystem for world Untitled
[2018.10.23-01.08.47:455][  0]LogInit: XAudio2 using 'Speakers (Realtek High Definition Audio)' : 2 channels at 48 kHz using 32 bits per sample (channel mask 0x3)
[2018.10.23-01.08.47:478][  0]LogInit: FAudioDevice initialized.
[2018.10.23-01.08.47:478][  0]LogNetVersion: Set ProjectVersion to 1.0.0.0. Version Checksum will be recalculated on next use.
[2018.10.23-01.08.47:576][  0]LogDerivedDataCache: Saved boot cache 0.10s 78MB C:/Users/l_war/AppData/Local/UnrealEngine/4.20/DerivedDataCache/Boot.ddc.
[2018.10.23-01.08.47:582][  0]LogInit: Texture streaming: Enabled
[2018.10.23-01.08.47:607][  0]LogEngineSessionManager: EngineSessionManager initialized
[2018.10.23-01.08.47:628][  0]LogInit: Transaction tracking system initialized
[2018.10.23-01.08.47:661][  0]BlueprintLog: New page: Editor Load
[2018.10.23-01.08.47:802][  0]LocalizationService: Localization service is disabled
[2018.10.23-01.08.48:149][  0]LogCook: Display: Max memory allowance for cook 16384mb min free memory 0mb
[2018.10.23-01.08.48:149][  0]LogCook: Display: Mobile HDR setting 1
[2018.10.23-01.08.48:149][  0]LogGameplayTags: Display: UGameplayTagsManager::DoneAddingNativeTags. DelegateIsBound: 0
[2018.10.23-01.08.48:149][  0]LogStats: UGameplayTagsManager::ConstructGameplayTagTree: ImportINI prefixes -  0.000 s
[2018.10.23-01.08.48:149][  0]LogStats: UGameplayTagsManager::ConstructGameplayTagTree: Construct from data asset -  0.000 s
[2018.10.23-01.08.48:150][  0]LogStats: UGameplayTagsManager::ConstructGameplayTagTree: ImportINI -  0.000 s
[2018.10.23-01.08.48:150][  0]LogStats: UGameplayTagsManager::ConstructGameplayTagTree: GameplayTagTreeChangedEvent.Broadcast -  0.000 s
[2018.10.23-01.08.48:268][  0]LogFileCache: Scanning file cache for directory 'C:/Users/l_war/OneDrive/Documents/Unreal Projects/Finals/Content/' took 0.02s
[2018.10.23-01.08.48:327][  0]SourceControl: Source control is disabled
[2018.10.23-01.08.48:327][  0]Cmd: MAP LOAD FILE="../../../../../../Users/l_war/OneDrive/Documents/Unreal Projects/Finals/Content/2DSideScrollerBP/Maps/2DSideScrollerExampleMap.umap" TEMPLATE=0 SHOWPROGRESS=1 FEATURELEVEL=3
[2018.10.23-01.08.48:328][  0]LightingResults: New page: Lighting Build
[2018.10.23-01.08.48:333][  0]MapCheck: New page: Map Check
[2018.10.23-01.08.48:333][  0]LightingResults: New page: Lighting Build
[2018.10.23-01.08.48:585][  0]LogAIModule: Creating AISystem for world 2DSideScrollerExampleMap
[2018.10.23-01.08.48:588][  0]LogEditorServer: Finished looking for orphan Actors (0.000 secs)
[2018.10.23-01.08.48:613][  0]Cmd: MAP CHECKDEP NOCLEARLOG
[2018.10.23-01.08.48:698][  0]MapCheck: Map check complete: 0 Error(s), 0 Warning(s), took 84.425ms to complete.
[2018.10.23-01.08.48:698][  0]LogFileHelpers: Loading map '2DSideScrollerExampleMap' took 0.370
[2018.10.23-01.08.48:814][  0]LogSlate: Updating window title bar state: overlay mode, drag disabled, window buttons hidden, title bar hidden
[2018.10.23-01.08.48:823][  0]LogSlate: Updating window title bar state: overlay mode, drag disabled, window buttons hidden, title bar hidden
[2018.10.23-01.08.48:835][  0]LogSlate: Updating window title bar state: overlay mode, drag disabled, window buttons hidden, title bar hidden
[2018.10.23-01.08.48:845][  0]LogSlate: Updating window title bar state: overlay mode, drag disabled, window buttons hidden, title bar hidden
[2018.10.23-01.08.48:858][  0]LogCollectionManager: Loaded 0 collections in 0.003088 seconds
[2018.10.23-01.08.48:905][  0]LogFileCache: Scanning file cache for directory 'C:/Users/l_war/OneDrive/Documents/Unreal Projects/Finals/Saved/Collections/' took 0.01s
[2018.10.23-01.08.48:905][  0]LogFileCache: Scanning file cache for directory 'C:/Users/l_war/OneDrive/Documents/Unreal Projects/Finals/Content/Developers/lwar/Collections/' took 0.01s
[2018.10.23-01.08.48:905][  0]LogFileCache: Scanning file cache for directory 'C:/Users/l_war/OneDrive/Documents/Unreal Projects/Finals/Content/Collections/' took 0.01s
[2018.10.23-01.08.48:905][  0]LogCollectionManager: Rebuilt the GUID cache for 0 collections in 0.000001 seconds
[2018.10.23-01.08.48:918][  0]LogContentBrowser: Native class hierarchy populated in 0.0125 seconds. Added 2572 classes and 603 folders.
[2018.10.23-01.08.48:928][  0]LogContentBrowser: Native class hierarchy updated for 'WidgetCarousel' in 0.0003 seconds. Added 0 classes and 0 folders.
[2018.10.23-01.08.49:510][  0]LogContentBrowser: Native class hierarchy updated for 'AddContentDialog' in 0.0003 seconds. Added 0 classes and 0 folders.
[2018.10.23-01.08.49:517][  0]LogContentBrowser: Native class hierarchy updated for 'SceneOutliner' in 0.0003 seconds. Added 1 classes and 2 folders.
[2018.10.23-01.08.49:601][  0]LogSlate: Took 0.000268 seconds to synchronously load lazily loaded font '../../../Engine/Content/Slate/Fonts/Roboto-Regular.ttf' (155K)
[2018.10.23-01.08.49:603][  0]LogSlate: Took 0.000332 seconds to synchronously load lazily loaded font '../../../Engine/Content/Slate/Fonts/Roboto-Bold.ttf' (160K)
[2018.10.23-01.08.49:623][  0]LogSlate: Took 0.008375 seconds to synchronously load lazily loaded font '../../../Engine/Content/Editor/Slate/Fonts/FontAwesome.ttf' (139K)
[2018.10.23-01.08.49:778][  0]LogRenderer: Reallocating scene render targets to support 1104x612 Format 10 NumSamples 1 (Frame:1).
[2018.10.23-01.08.50:050][  0]LogContentBrowser: Native class hierarchy updated for 'HierarchicalLODOutliner' in 0.0004 seconds. Added 0 classes and 0 folders.
[2018.10.23-01.08.50:050][  0]LogLoad: (Engine Initialization) Total time: 11.76 seconds
[2018.10.23-01.08.50:050][  0]LogLoad: (Engine Initialization) Total Blueprint compile time: 0.00 seconds
[2018.10.23-01.08.50:070][  0]LogWindowsTextInputMethodSystem: Display: IME system now deactivated.
[2018.10.23-01.08.50:092][  0]LogContentStreaming: Texture pool size now 1000 MB
[2018.10.23-01.08.50:137][  0]LogSlate: Took 0.008745 seconds to synchronously load lazily loaded font '../../../Engine/Content/Slate/Fonts/Roboto-Light.ttf' (167K)
[2018.10.23-01.08.50:157][  1]LogAssetRegistry: Asset discovery search completed in 6.4065 seconds
[2018.10.23-01.08.50:160][  1]LogCollectionManager: Rebuilt the object cache for 0 collections in 0.000001 seconds (found 0 objects)
[2018.10.23-01.08.50:160][  1]LogCollectionManager: Fixed up redirectors for 0 collections in 0.000113 seconds (updated 0 objects)
[2018.10.23-01.09.10:727][606]LogSlate: FSceneViewport::OnFocusLost() reason 0
[2018.10.23-01.09.10:879][613]LogTemp: Repeating last play command: New Editor Window (PIE)
[2018.10.23-01.09.10:914][613]LogBlueprintUserMessages: Early PlayInEditor Detection: Level '/Game/2DSideScrollerBP/Maps/2DSideScrollerExampleMap.2DSideScrollerExampleMap:PersistentLevel' has LevelScriptBlueprint '/Game/2DSideScrollerBP/Maps/2DSideScrollerExampleMap.2DSideScrollerExampleMap:PersistentLevel.2DSideScrollerExampleMap' with GeneratedClass '/Game/2DSideScrollerBP/Maps/2DSideScrollerExampleMap.2DSideScrollerExampleMap_C' with ClassGeneratedBy '/Game/2DSideScrollerBP/Maps/2DSideScrollerExampleMap.2DSideScrollerExampleMap:PersistentLevel.2DSideScrollerExampleMap'
[2018.10.23-01.09.10:915][613]LogPlayLevel: PlayLevel: No blueprints needed recompiling
[2018.10.23-01.09.10:929][613]PIE: New page: PIE session: 2DSideScrollerExampleMap (Oct 22, 2018, 3:09:10 PM)
[2018.10.23-01.09.10:929][613]LogPlayLevel: Creating play world package: /Game/2DSideScrollerBP/Maps/UEDPIE_0_2DSideScrollerExampleMap
[2018.10.23-01.09.10:933][613]LogPlayLevel: PIE: StaticDuplicateObject took: (0.003095s)
[2018.10.23-01.09.10:933][613]LogAIModule: Creating AISystem for world 2DSideScrollerExampleMap
[2018.10.23-01.09.10:934][613]LogPlayLevel: PIE: World Init took: (0.000940s)
[2018.10.23-01.09.10:934][613]LogPlayLevel: PIE: Created PIE world by copying editor world from /Game/2DSideScrollerBP/Maps/2DSideScrollerExampleMap.2DSideScrollerExampleMap to /Game/2DSideScrollerBP/Maps/UEDPIE_0_2DSideScrollerExampleMap.2DSideScrollerExampleMap (0.004250s)
[2018.10.23-01.09.10:965][613]LogInit: XAudio2 using 'Speakers (Realtek High Definition Audio)' : 2 channels at 48 kHz using 32 bits per sample (channel mask 0x3)
[2018.10.23-01.09.10:987][613]LogInit: FAudioDevice initialized.
[2018.10.23-01.09.10:996][613]LogSlate: Updating window title bar state: overlay mode, drag disabled, window buttons hidden, title bar hidden
[2018.10.23-01.09.11:051][613]LogLoad: Game class is '2DSideScrollerGameMode_C'
[2018.10.23-01.09.11:054][613]LogWorld: Bringing World /Game/2DSideScrollerBP/Maps/UEDPIE_0_2DSideScrollerExampleMap.2DSideScrollerExampleMap up for play (max tick rate 60) at 2018.10.22-20.09.11
[2018.10.23-01.09.11:055][613]LogWorld: Bringing up level for play took: 0.001882
[2018.10.23-01.09.11:077][613]LogContentBrowser: Native class hierarchy updated for 'MovieSceneCapture' in 0.0006 seconds. Added 10 classes and 0 folders.
[2018.10.23-01.09.11:088][613]PIE: Play in editor start time for /Game/2DSideScrollerBP/Maps/UEDPIE_0_2DSideScrollerExampleMap -0.664
[2018.10.23-01.09.11:088][613]LogBlueprintUserMessages: Late PlayInEditor Detection: Level '/Game/2DSideScrollerBP/Maps/2DSideScrollerExampleMap.2DSideScrollerExampleMap:PersistentLevel' has LevelScriptBlueprint '/Game/2DSideScrollerBP/Maps/2DSideScrollerExampleMap.2DSideScrollerExampleMap:PersistentLevel.2DSideScrollerExampleMap' with GeneratedClass '/Game/2DSideScrollerBP/Maps/2DSideScrollerExampleMap.2DSideScrollerExampleMap_C' with ClassGeneratedBy '/Game/2DSideScrollerBP/Maps/2DSideScrollerExampleMap.2DSideScrollerExampleMap:PersistentLevel.2DSideScrollerExampleMap'
[2018.10.23-01.09.11:150][613]LogRenderer: Reallocating scene render targets to support 1292x756 Format 10 NumSamples 1 (Frame:1).
[2018.10.23-01.09.13:181][670]LogRenderer: Reallocating scene render targets to support 1920x1056 Format 10 NumSamples 1 (Frame:59).
[2018.10.23-01.09.38:451][171]LogBlueprintUserMessages: Early EndPlayMap Detection: Level '/Game/2DSideScrollerBP/Maps/2DSideScrollerExampleMap.2DSideScrollerExampleMap:PersistentLevel' has LevelScriptBlueprint '/Game/2DSideScrollerBP/Maps/2DSideScrollerExampleMap.2DSideScrollerExampleMap:PersistentLevel.2DSideScrollerExampleMap' with GeneratedClass '/Game/2DSideScrollerBP/Maps/2DSideScrollerExampleMap.2DSideScrollerExampleMap_C' with ClassGeneratedBy '/Game/2DSideScrollerBP/Maps/2DSideScrollerExampleMap.2DSideScrollerExampleMap:PersistentLevel.2DSideScrollerExampleMap'
[2018.10.23-01.09.38:452][171]LogSlate: Updating window title bar state: overlay mode, drag disabled, window buttons hidden, title bar hidden
[2018.10.23-01.09.38:494][171]LogSlate: Window 'Finals Game Preview Standalone (64-bit/PCD3D_SM5)' being destroyed
[2018.10.23-01.09.38:551][171]LogPlayLevel: Display: Shutting down PIE online subsystems
[2018.10.23-01.09.38:552][171]LogBlueprintUserMessages: Late EndPlayMap Detection: Level '/Game/2DSideScrollerBP/Maps/2DSideScrollerExampleMap.2DSideScrollerExampleMap:PersistentLevel' has LevelScriptBlueprint '/Game/2DSideScrollerBP/Maps/2DSideScrollerExampleMap.2DSideScrollerExampleMap:PersistentLevel.2DSideScrollerExampleMap' with GeneratedClass '/Game/2DSideScrollerBP/Maps/2DSideScrollerExampleMap.2DSideScrollerExampleMap_C' with ClassGeneratedBy '/Game/2DSideScrollerBP/Maps/2DSideScrollerExampleMap.2DSideScrollerExampleMap:PersistentLevel.2DSideScrollerExampleMap'
[2018.10.23-01.09.38:673][172]LogPlayLevel: Display: Destroying online subsystem :Context_1
[2018.10.23-01.10.09:098][924]LogSlate: Took 0.000354 seconds to synchronously load lazily loaded font '../../../Engine/Content/Slate/Fonts/Roboto-Light.ttf' (167K)
[2018.10.23-01.10.09:112][924]LogAssetEditorManager: Opening Asset editor for Blueprint /Game/Final/Blueprint/BP_Maincharacter.BP_Maincharacter
[2018.10.23-01.10.09:845][924]LogContentBrowser: Native class hierarchy updated for 'BlueprintGraph' in 0.0009 seconds. Added 116 classes and 0 folders.
[2018.10.23-01.10.10:860][924]LogSlate: Took 0.009233 seconds to synchronously load lazily loaded font '../../../Engine/Content/Slate/Fonts/Roboto-BoldCondensed.ttf' (158K)
[2018.10.23-01.10.19:770][ 48]LogTemp: Repeating last play command: New Editor Window (PIE)
[2018.10.23-01.10.19:821][ 48]LogBlueprintUserMessages: Early PlayInEditor Detection: Level '/Game/2DSideScrollerBP/Maps/2DSideScrollerExampleMap.2DSideScrollerExampleMap:PersistentLevel' has LevelScriptBlueprint '/Game/2DSideScrollerBP/Maps/2DSideScrollerExampleMap.2DSideScrollerExampleMap:PersistentLevel.2DSideScrollerExampleMap' with GeneratedClass '/Game/2DSideScrollerBP/Maps/2DSideScrollerExampleMap.2DSideScrollerExampleMap_C' with ClassGeneratedBy '/Game/2DSideScrollerBP/Maps/2DSideScrollerExampleMap.2DSideScrollerExampleMap:PersistentLevel.2DSideScrollerExampleMap'
[2018.10.23-01.10.19:822][ 48]LogPlayLevel: PlayLevel: No blueprints needed recompiling
[2018.10.23-01.10.19:823][ 48]PIE: New page: PIE session: 2DSideScrollerExampleMap (Oct 22, 2018, 3:10:19 PM)
[2018.10.23-01.10.19:823][ 48]LogPlayLevel: Creating play world package: /Game/2DSideScrollerBP/Maps/UEDPIE_0_2DSideScrollerExampleMap
[2018.10.23-01.10.19:827][ 48]LogPlayLevel: PIE: StaticDuplicateObject took: (0.004361s)
[2018.10.23-01.10.19:828][ 48]LogAIModule: Creating AISystem for world 2DSideScrollerExampleMap
[2018.10.23-01.10.19:828][ 48]LogPlayLevel: PIE: World Init took: (0.001041s)
[2018.10.23-01.10.19:828][ 48]LogPlayLevel: PIE: Created PIE world by copying editor world from /Game/2DSideScrollerBP/Maps/2DSideScrollerExampleMap.2DSideScrollerExampleMap to /Game/2DSideScrollerBP/Maps/UEDPIE_0_2DSideScrollerExampleMap.2DSideScrollerExampleMap (0.005585s)
[2018.10.23-01.10.19:878][ 48]LogInit: XAudio2 using 'Speakers (Realtek High Definition Audio)' : 2 channels at 48 kHz using 32 bits per sample (channel mask 0x3)
[2018.10.23-01.10.19:895][ 48]LogInit: FAudioDevice initialized.
[2018.10.23-01.10.19:905][ 48]LogSlate: Updating window title bar state: overlay mode, drag disabled, window buttons hidden, title bar hidden
[2018.10.23-01.10.19:954][ 48]LogLoad: Game class is '2DSideScrollerGameMode_C'
[2018.10.23-01.10.19:956][ 48]LogWorld: Bringing World /Game/2DSideScrollerBP/Maps/UEDPIE_0_2DSideScrollerExampleMap.2DSideScrollerExampleMap up for play (max tick rate 60) at 2018.10.22-20.10.19
[2018.10.23-01.10.19:957][ 48]LogWorld: Bringing up level for play took: 0.001474
[2018.10.23-01.10.19:978][ 48]PIE: Play in editor start time for /Game/2DSideScrollerBP/Maps/UEDPIE_0_2DSideScrollerExampleMap 0.225
[2018.10.23-01.10.19:978][ 48]LogBlueprintUserMessages: Late PlayInEditor Detection: Level '/Game/2DSideScrollerBP/Maps/2DSideScrollerExampleMap.2DSideScrollerExampleMap:PersistentLevel' has LevelScriptBlueprint '/Game/2DSideScrollerBP/Maps/2DSideScrollerExampleMap.2DSideScrollerExampleMap:PersistentLevel.2DSideScrollerExampleMap' with GeneratedClass '/Game/2DSideScrollerBP/Maps/2DSideScrollerExampleMap.2DSideScrollerExampleMap_C' with ClassGeneratedBy '/Game/2DSideScrollerBP/Maps/2DSideScrollerExampleMap.2DSideScrollerExampleMap:PersistentLevel.2DSideScrollerExampleMap'
[2018.10.23-01.10.30:788][337]LogBlueprintUserMessages: Early EndPlayMap Detection: Level '/Game/2DSideScrollerBP/Maps/2DSideScrollerExampleMap.2DSideScrollerExampleMap:PersistentLevel' has LevelScriptBlueprint '/Game/2DSideScrollerBP/Maps/2DSideScrollerExampleMap.2DSideScrollerExampleMap:PersistentLevel.2DSideScrollerExampleMap' with GeneratedClass '/Game/2DSideScrollerBP/Maps/2DSideScrollerExampleMap.2DSideScrollerExampleMap_C' with ClassGeneratedBy '/Game/2DSideScrollerBP/Maps/2DSideScrollerExampleMap.2DSideScrollerExampleMap:PersistentLevel.2DSideScrollerExampleMap'
[2018.10.23-01.10.30:788][337]LogSlate: Updating window title bar state: overlay mode, drag disabled, window buttons hidden, title bar hidden
[2018.10.23-01.10.30:836][337]LogSlate: Window 'Finals Game Preview Standalone (64-bit/PCD3D_SM5)' being destroyed
[2018.10.23-01.10.30:878][337]LogPlayLevel: Display: Shutting down PIE online subsystems
[2018.10.23-01.10.30:878][337]LogBlueprintUserMessages: Late EndPlayMap Detection: Level '/Game/2DSideScrollerBP/Maps/2DSideScrollerExampleMap.2DSideScrollerExampleMap:PersistentLevel' has LevelScriptBlueprint '/Game/2DSideScrollerBP/Maps/2DSideScrollerExampleMap.2DSideScrollerExampleMap:PersistentLevel.2DSideScrollerExampleMap' with GeneratedClass '/Game/2DSideScrollerBP/Maps/2DSideScrollerExampleMap.2DSideScrollerExampleMap_C' with ClassGeneratedBy '/Game/2DSideScrollerBP/Maps/2DSideScrollerExampleMap.2DSideScrollerExampleMap:PersistentLevel.2DSideScrollerExampleMap'
[2018.10.23-01.10.30:968][338]LogPlayLevel: Display: Destroying online subsystem :Context_3
[2018.10.23-01.14.32:153][165]LogSlate: Took 0.014943 seconds to synchronously load lazily loaded font '../../../Engine/Content/Slate/Fonts/Roboto-Italic.ttf' (157K)
[2018.10.23-01.19.21:262][423]LogEditorViewport: Clicking on Actor (LMB): PaperSpriteActor (Ledge_17)
[2018.10.23-01.19.23:297][460]Cmd: DELETE
[2018.10.23-01.19.23:298][460]Cmd: ACTOR DELETE
[2018.10.23-01.19.23:320][460]LogEditorActor: Deleted Actor: PaperSpriteActor
[2018.10.23-01.19.23:382][460]LogEditorActor: Deleted 1 Actors (0.083 secs)
[2018.10.23-01.19.24:671][491]LogEditorViewport: Clicking on Actor (LMB): PlayerStart (NetworkPlayerStart)
[2018.10.23-01.19.28:063][567]LogNavigationPoint: PostEditMove Clear paths rebuilt
[2018.10.23-01.19.30:908][630]LogNavigationPoint: PostEditMove Clear paths rebuilt
[2018.10.23-01.19.32:108][657]LogSlate: FSceneViewport::OnFocusLost() reason 0
[2018.10.23-01.20.05:185][457]LogSavePackage: Moving '../../../../../../Users/l_war/OneDrive/Documents/Unreal Projects/Finals/Saved/2DSideScrollerExampleMap_Auto104ABA51542D36DD4680DC48DAE264097.tmp' to '../../../../../../Users/l_war/OneDrive/Documents/Unreal Projects/Finals/Saved/Autosaves/Game/2DSideScrollerBP/Maps/2DSideScrollerExampleMap_Auto1.umap'
[2018.10.23-01.20.05:194][457]LogFileHelpers: Editor autosave (incl. sublevels) for '/Game/2DSideScrollerBP/Maps/2DSideScrollerExampleMap' took 0.260
[2018.10.23-01.20.05:194][457]LogFileHelpers: Editor autosave (incl. sublevels) for all levels took 0.260
[2018.10.23-01.21.24:503][312]LogSlate: FSceneViewport::OnFocusLost() reason 0
[2018.10.23-01.21.32:358][474]LogSlate: FSceneViewport::OnFocusLost() reason 0
[2018.10.23-01.23.39:189][636]LogSlate: FSceneViewport::OnFocusLost() reason 2
[2018.10.23-01.23.40:188][693]LogSlate: FSceneViewport::OnFocusLost() reason 2
[2018.10.23-01.23.40:195][693]LogAssetEditorManager: Opening Asset editor for LevelScriptBlueprint /Game/2DSideScrollerBP/Maps/2DSideScrollerExampleMap.2DSideScrollerExampleMap:PersistentLevel.2DSideScrollerExampleMap
[2018.10.23-01.27.04:007][493]BlueprintLog: New page: Compile 2DSideScrollerExampleMap
[2018.10.23-01.27.21:980][783]LogSlate: FSceneViewport::OnFocusLost() reason 0
[2018.10.23-01.27.22:035][784]LogTemp: Repeating last play command: New Editor Window (PIE)
[2018.10.23-01.27.22:085][784]LogBlueprintUserMessages: Early PlayInEditor Detection: Level '/Game/2DSideScrollerBP/Maps/2DSideScrollerExampleMap.2DSideScrollerExampleMap:PersistentLevel' has LevelScriptBlueprint '/Game/2DSideScrollerBP/Maps/2DSideScrollerExampleMap.2DSideScrollerExampleMap:PersistentLevel.2DSideScrollerExampleMap' with GeneratedClass '/Game/2DSideScrollerBP/Maps/2DSideScrollerExampleMap.2DSideScrollerExampleMap_C' with ClassGeneratedBy '/Game/2DSideScrollerBP/Maps/2DSideScrollerExampleMap.2DSideScrollerExampleMap:PersistentLevel.2DSideScrollerExampleMap'
[2018.10.23-01.27.22:086][784]LogPlayLevel: PlayLevel: No blueprints needed recompiling
[2018.10.23-01.27.22:086][784]PIE: New page: PIE session: 2DSideScrollerExampleMap (Oct 22, 2018, 3:27:22 PM)
[2018.10.23-01.27.22:086][784]LogPlayLevel: Creating play world package: /Game/2DSideScrollerBP/Maps/UEDPIE_0_2DSideScrollerExampleMap
[2018.10.23-01.27.22:090][784]LogPlayLevel: PIE: StaticDuplicateObject took: (0.004200s)
[2018.10.23-01.27.22:091][784]LogAIModule: Creating AISystem for world 2DSideScrollerExampleMap
[2018.10.23-01.27.22:091][784]LogPlayLevel: PIE: World Init took: (0.001235s)
[2018.10.23-01.27.22:092][784]LogPlayLevel: PIE: Created PIE world by copying editor world from /Game/2DSideScrollerBP/Maps/2DSideScrollerExampleMap.2DSideScrollerExampleMap to /Game/2DSideScrollerBP/Maps/UEDPIE_0_2DSideScrollerExampleMap.2DSideScrollerExampleMap (0.005637s)
[2018.10.23-01.27.22:176][784]LogInit: XAudio2 using 'Speakers (Realtek High Definition Audio)' : 2 channels at 48 kHz using 32 bits per sample (channel mask 0x3)
[2018.10.23-01.27.22:195][784]LogInit: FAudioDevice initialized.
[2018.10.23-01.27.22:206][784]LogSlate: Updating window title bar state: overlay mode, drag disabled, window buttons hidden, title bar hidden
[2018.10.23-01.27.22:249][784]LogLoad: Game class is '2DSideScrollerGameMode_C'
[2018.10.23-01.27.22:251][784]LogWorld: Bringing World /Game/2DSideScrollerBP/Maps/UEDPIE_0_2DSideScrollerExampleMap.2DSideScrollerExampleMap up for play (max tick rate 60) at 2018.10.22-20.27.22
[2018.10.23-01.27.22:251][784]LogWorld: Bringing up level for play took: 0.001600
[2018.10.23-01.27.22:272][784]PIE: Play in editor start time for /Game/2DSideScrollerBP/Maps/UEDPIE_0_2DSideScrollerExampleMap 0.52
[2018.10.23-01.27.22:272][784]LogBlueprintUserMessages: Late PlayInEditor Detection: Level '/Game/2DSideScrollerBP/Maps/2DSideScrollerExampleMap.2DSideScrollerExampleMap:PersistentLevel' has LevelScriptBlueprint '/Game/2DSideScrollerBP/Maps/2DSideScrollerExampleMap.2DSideScrollerExampleMap:PersistentLevel.2DSideScrollerExampleMap' with GeneratedClass '/Game/2DSideScrollerBP/Maps/2DSideScrollerExampleMap.2DSideScrollerExampleMap_C' with ClassGeneratedBy '/Game/2DSideScrollerBP/Maps/2DSideScrollerExampleMap.2DSideScrollerExampleMap:PersistentLevel.2DSideScrollerExampleMap'
[2018.10.23-01.27.22:433][785]LogCharacterMovement: Warning: GetSimulationTimeStep() - Max iterations 8 hit while remaining time 0.083090 > MaxSimulationTimeStep (0.050) for 'BP_Maincharacter_C_0', movement 'Walking'
[2018.10.23-01.27.29:670][  7]LogBlueprintUserMessages: Early EndPlayMap Detection: Level '/Game/2DSideScrollerBP/Maps/2DSideScrollerExampleMap.2DSideScrollerExampleMap:PersistentLevel' has LevelScriptBlueprint '/Game/2DSideScrollerBP/Maps/2DSideScrollerExampleMap.2DSideScrollerExampleMap:PersistentLevel.2DSideScrollerExampleMap' with GeneratedClass '/Game/2DSideScrollerBP/Maps/2DSideScrollerExampleMap.2DSideScrollerExampleMap_C' with ClassGeneratedBy '/Game/2DSideScrollerBP/Maps/2DSideScrollerExampleMap.2DSideScrollerExampleMap:PersistentLevel.2DSideScrollerExampleMap'
[2018.10.23-01.27.29:670][  7]LogSlate: Updating window title bar state: overlay mode, drag disabled, window buttons hidden, title bar hidden
[2018.10.23-01.27.29:711][  7]LogSlate: Window 'Finals Game Preview Standalone (64-bit/PCD3D_SM5)' being destroyed
[2018.10.23-01.27.29:811][  7]LogPlayLevel: Display: Shutting down PIE online subsystems
[2018.10.23-01.27.29:811][  7]LogBlueprintUserMessages: Late EndPlayMap Detection: Level '/Game/2DSideScrollerBP/Maps/2DSideScrollerExampleMap.2DSideScrollerExampleMap:PersistentLevel' has LevelScriptBlueprint '/Game/2DSideScrollerBP/Maps/2DSideScrollerExampleMap.2DSideScrollerExampleMap:PersistentLevel.2DSideScrollerExampleMap' with GeneratedClass '/Game/2DSideScrollerBP/Maps/2DSideScrollerExampleMap.2DSideScrollerExampleMap_C' with ClassGeneratedBy '/Game/2DSideScrollerBP/Maps/2DSideScrollerExampleMap.2DSideScrollerExampleMap:PersistentLevel.2DSideScrollerExampleMap'
[2018.10.23-01.27.29:887][  8]LogPlayLevel: Display: Destroying online subsystem :Context_6
[2018.10.23-01.27.40:888][262]LogSlate: FSceneViewport::OnFocusLost() reason 2
[2018.10.23-01.33.31:422][900]BlueprintLog: New page: Compile 2DSideScrollerExampleMap
[2018.10.23-01.33.48:864][420]BlueprintLog: New page: Compile 2DSideScrollerExampleMap
[2018.10.23-01.33.49:643][433]LogTemp: Repeating last play command: New Editor Window (PIE)
[2018.10.23-01.33.49:697][433]LogBlueprintUserMessages: Early PlayInEditor Detection: Level '/Game/2DSideScrollerBP/Maps/2DSideScrollerExampleMap.2DSideScrollerExampleMap:PersistentLevel' has LevelScriptBlueprint '/Game/2DSideScrollerBP/Maps/2DSideScrollerExampleMap.2DSideScrollerExampleMap:PersistentLevel.2DSideScrollerExampleMap' with GeneratedClass '/Game/2DSideScrollerBP/Maps/2DSideScrollerExampleMap.2DSideScrollerExampleMap_C' with ClassGeneratedBy '/Game/2DSideScrollerBP/Maps/2DSideScrollerExampleMap.2DSideScrollerExampleMap:PersistentLevel.2DSideScrollerExampleMap'
[2018.10.23-01.33.49:698][433]LogPlayLevel: PlayLevel: No blueprints needed recompiling
[2018.10.23-01.33.49:698][433]PIE: New page: PIE session: 2DSideScrollerExampleMap (Oct 22, 2018, 3:33:49 PM)
[2018.10.23-01.33.49:698][433]LogPlayLevel: Creating play world package: /Game/2DSideScrollerBP/Maps/UEDPIE_0_2DSideScrollerExampleMap
[2018.10.23-01.33.49:705][433]LogPlayLevel: PIE: StaticDuplicateObject took: (0.007110s)
[2018.10.23-01.33.49:706][433]LogAIModule: Creating AISystem for world 2DSideScrollerExampleMap
[2018.10.23-01.33.49:707][433]LogPlayLevel: PIE: World Init took: (0.001809s)
[2018.10.23-01.33.49:707][433]LogPlayLevel: PIE: Created PIE world by copying editor world from /Game/2DSideScrollerBP/Maps/2DSideScrollerExampleMap.2DSideScrollerExampleMap to /Game/2DSideScrollerBP/Maps/UEDPIE_0_2DSideScrollerExampleMap.2DSideScrollerExampleMap (0.009328s)
[2018.10.23-01.33.49:764][433]LogInit: XAudio2 using 'Speakers (Realtek High Definition Audio)' : 2 channels at 48 kHz using 32 bits per sample (channel mask 0x3)
[2018.10.23-01.33.49:787][433]LogInit: FAudioDevice initialized.
[2018.10.23-01.33.49:795][433]LogSlate: Updating window title bar state: overlay mode, drag disabled, window buttons hidden, title bar hidden
[2018.10.23-01.33.49:838][433]LogLoad: Game class is '2DSideScrollerGameMode_C'
[2018.10.23-01.33.49:842][433]LogWorld: Bringing World /Game/2DSideScrollerBP/Maps/UEDPIE_0_2DSideScrollerExampleMap.2DSideScrollerExampleMap up for play (max tick rate 60) at 2018.10.22-20.33.49
[2018.10.23-01.33.49:843][433]LogWorld: Bringing up level for play took: 0.004025
[2018.10.23-01.33.49:864][433]PIE: Play in editor start time for /Game/2DSideScrollerBP/Maps/UEDPIE_0_2DSideScrollerExampleMap 0.111
[2018.10.23-01.33.49:864][433]LogBlueprintUserMessages: Late PlayInEditor Detection: Level '/Game/2DSideScrollerBP/Maps/2DSideScrollerExampleMap.2DSideScrollerExampleMap:PersistentLevel' has LevelScriptBlueprint '/Game/2DSideScrollerBP/Maps/2DSideScrollerExampleMap.2DSideScrollerExampleMap:PersistentLevel.2DSideScrollerExampleMap' with GeneratedClass '/Game/2DSideScrollerBP/Maps/2DSideScrollerExampleMap.2DSideScrollerExampleMap_C' with ClassGeneratedBy '/Game/2DSideScrollerBP/Maps/2DSideScrollerExampleMap.2DSideScrollerExampleMap:PersistentLevel.2DSideScrollerExampleMap'
[2018.10.23-01.33.50:031][434]LogCharacterMovement: Warning: GetSimulationTimeStep() - Max iterations 8 hit while remaining time 0.065358 > MaxSimulationTimeStep (0.050) for 'BP_Maincharacter_C_0', movement 'Walking'
[2018.10.23-01.34.09:352][928]LogBlueprintUserMessages: Early EndPlayMap Detection: Level '/Game/2DSideScrollerBP/Maps/2DSideScrollerExampleMap.2DSideScrollerExampleMap:PersistentLevel' has LevelScriptBlueprint '/Game/2DSideScrollerBP/Maps/2DSideScrollerExampleMap.2DSideScrollerExampleMap:PersistentLevel.2DSideScrollerExampleMap' with GeneratedClass '/Game/2DSideScrollerBP/Maps/2DSideScrollerExampleMap.2DSideScrollerExampleMap_C' with ClassGeneratedBy '/Game/2DSideScrollerBP/Maps/2DSideScrollerExampleMap.2DSideScrollerExampleMap:PersistentLevel.2DSideScrollerExampleMap'
[2018.10.23-01.34.09:352][928]LogSlate: Updating window title bar state: overlay mode, drag disabled, window buttons hidden, title bar hidden
[2018.10.23-01.34.09:406][928]LogSlate: Window 'Finals Game Preview Standalone (64-bit/PCD3D_SM5)' being destroyed
[2018.10.23-01.34.09:469][928]LogPlayLevel: Display: Shutting down PIE online subsystems
[2018.10.23-01.34.09:469][928]LogBlueprintUserMessages: Late EndPlayMap Detection: Level '/Game/2DSideScrollerBP/Maps/2DSideScrollerExampleMap.2DSideScrollerExampleMap:PersistentLevel' has LevelScriptBlueprint '/Game/2DSideScrollerBP/Maps/2DSideScrollerExampleMap.2DSideScrollerExampleMap:PersistentLevel.2DSideScrollerExampleMap' with GeneratedClass '/Game/2DSideScrollerBP/Maps/2DSideScrollerExampleMap.2DSideScrollerExampleMap_C' with ClassGeneratedBy '/Game/2DSideScrollerBP/Maps/2DSideScrollerExampleMap.2DSideScrollerExampleMap:PersistentLevel.2DSideScrollerExampleMap'
[2018.10.23-01.34.09:580][929]LogPlayLevel: Display: Destroying online subsystem :Context_7
[2018.10.23-01.34.33:853][512]BlueprintLog: New page: Compile 2DSideScrollerExampleMap
[2018.10.23-01.35.03:009][659]LogSavePackage: Moving '../../../../../../Users/l_war/OneDrive/Documents/Unreal Projects/Finals/Saved/2DSideScrollerExampleMap_Auto25C76CD5A4837987B83D92C92E2AF2E8A.tmp' to '../../../../../../Users/l_war/OneDrive/Documents/Unreal Projects/Finals/Saved/Autosaves/Game/2DSideScrollerBP/Maps/2DSideScrollerExampleMap_Auto2.umap'
[2018.10.23-01.35.03:014][659]LogFileHelpers: Editor autosave (incl. sublevels) for '/Game/2DSideScrollerBP/Maps/2DSideScrollerExampleMap' took 0.305
[2018.10.23-01.35.03:014][659]LogFileHelpers: Editor autosave (incl. sublevels) for all levels took 0.305
[2018.10.23-01.44.01:698][175]LogSlate: Prevented a slow task dialog from being summoned while a context menu was open
[2018.10.23-01.44.02:066][175]LogSavePackage: Moving '../../../../../../Users/l_war/OneDrive/Documents/Unreal Projects/Finals/Saved/2DSideScrollerExampleMap323308FB436458063D0266A0B2013A39.tmp' to '../../../../../../Users/l_war/OneDrive/Documents/Unreal Projects/Finals/Content/2DSideScrollerBP/Maps/2DSideScrollerExampleMap.umap'
[2018.10.23-01.44.02:104][175]LogFileHelpers: Saving map '2DSideScrollerExampleMap' took 0.405
[2018.10.23-01.57.02:246][684]LogSavePackage: Moving '../../../../../../Users/l_war/OneDrive/Documents/Unreal Projects/Finals/Saved/2DSideScrollerExampleMap_Auto3719E0C674B625DDC679430A295F74696.tmp' to '../../../../../../Users/l_war/OneDrive/Documents/Unreal Projects/Finals/Saved/Autosaves/Game/2DSideScrollerBP/Maps/2DSideScrollerExampleMap_Auto3.umap'
[2018.10.23-01.57.02:251][684]LogFileHelpers: Editor autosave (incl. sublevels) for '/Game/2DSideScrollerBP/Maps/2DSideScrollerExampleMap' took 0.322
[2018.10.23-01.57.02:251][684]LogFileHelpers: Editor autosave (incl. sublevels) for all levels took 0.322
[2018.10.23-02.24.21:806][181]LogSavePackage: Moving '../../../../../../Users/l_war/OneDrive/Documents/Unreal Projects/Finals/Saved/2DSideScrollerExampleMap6DAED8B347D6D0EC4248018BF607CCB8.tmp' to '../../../../../../Users/l_war/OneDrive/Documents/Unreal Projects/Finals/Content/2DSideScrollerBP/Maps/2DSideScrollerExampleMap.umap'
[2018.10.23-02.24.21:848][181]LogFileHelpers: Saving map '2DSideScrollerExampleMap' took 0.558
[2018.10.23-02.31.39:528][765]LogSlate: Window '2DSideScrollerExampleMap - Level Blueprint Editor' being destroyed
[2018.10.23-02.31.39:546][765]LogSlate: Window '2DSideScrollerExampleMap - Level Blueprint Editor' being destroyed
[2018.10.23-02.31.41:816][807]LogSlate: FSceneViewport::OnFocusLost() reason 0
[2018.10.23-02.31.42:013][809]LogSlate: Window 'Finals - Unreal Editor' being destroyed
[2018.10.23-02.31.42:015][809]LogWindowsTextInputMethodSystem: Display: IME system now deactivated.
[2018.10.23-02.31.42:350][810]Cmd: QUIT_EDITOR
[2018.10.23-02.31.43:257][810]LogExit: Preparing to exit.
[2018.10.23-02.31.44:418][810]LogExit: Editor shut down
[2018.10.23-02.31.44:419][810]LogExit: Transaction tracking system shut down
[2018.10.23-02.31.45:143][810]LogExit: Object subsystem successfully closed.
[2018.10.23-02.31.45:166][810]LogShaderCompilers: Display: Shaders left to compile 0
[2018.10.23-02.31.45:172][810]LogD3D11RHI: Shutdown
[2018.10.23-02.31.45:172][810]LogD3D11RHI: CleanupD3DDevice
[2018.10.23-02.31.45:186][810]LogD3D11RHI: ~FD3D11DynamicRHI
[2018.10.23-02.31.45:212][810]LogModuleManager: Shutting down and abandoning module BlueprintGraph (616)
[2018.10.23-02.31.45:212][810]LogModuleManager: Shutting down and abandoning module MovieSceneCapture (614)
[2018.10.23-02.31.45:213][810]LogModuleManager: Shutting down and abandoning module Voice (612)
[2018.10.23-02.31.45:213][810]LogModuleManager: Shutting down and abandoning module HierarchicalLODOutliner (610)
[2018.10.23-02.31.45:213][810]LogModuleManager: Shutting down and abandoning module SceneOutliner (608)
[2018.10.23-02.31.45:213][810]LogModuleManager: Shutting down and abandoning module AddContentDialog (606)
[2018.10.23-02.31.45:215][810]LogModuleManager: Shutting down and abandoning module WidgetCarousel (605)
[2018.10.23-02.31.45:215][810]LogModuleManager: Shutting down and abandoning module EditorWidgets (602)
[2018.10.23-02.31.45:215][810]LogModuleManager: Shutting down and abandoning module CollectionManager (600)
[2018.10.23-02.31.45:216][810]LogModuleManager: Shutting down and abandoning module StatsViewer (598)
[2018.10.23-02.31.45:216][810]LogModuleManager: Shutting down and abandoning module FoliageEdit (596)
[2018.10.23-02.31.45:216][810]LogModuleManager: Shutting down and abandoning module LandscapeEditor (594)
[2018.10.23-02.31.45:216][810]LogModuleManager: Shutting down and abandoning module MeshPaintMode (592)
[2018.10.23-02.31.45:216][810]LogModuleManager: Shutting down and abandoning module SceneDepthPickerMode (590)
[2018.10.23-02.31.45:216][810]LogModuleManager: Shutting down and abandoning module ActorPickerMode (588)
[2018.10.23-02.31.45:216][810]LogModuleManager: Shutting down and abandoning module GeometryMode (586)
[2018.10.23-02.31.45:216][810]LogModuleManager: Shutting down and abandoning module TextureAlignMode (584)
[2018.10.23-02.31.45:216][810]LogModuleManager: Shutting down and abandoning module BspMode (582)
[2018.10.23-02.31.45:216][810]LogModuleManager: Shutting down and abandoning module PIEPreviewDeviceProfileSelector (580)
[2018.10.23-02.31.45:216][810]LogModuleManager: Shutting down and abandoning module SequenceRecorderSections (578)
[2018.10.23-02.31.45:216][810]LogModuleManager: Shutting down and abandoning module AutomationWorker (576)
[2018.10.23-02.31.45:216][810]LogModuleManager: Shutting down and abandoning module AudioCaptureEditor (574)
[2018.10.23-02.31.45:216][810]LogModuleManager: Shutting down and abandoning module SequenceRecorder (573)
[2018.10.23-02.31.45:216][810]LogModuleManager: Shutting down and abandoning module MatineeToLevelSequence (570)
[2018.10.23-02.31.45:216][810]LogModuleManager: Shutting down and abandoning module LevelSequenceEditor (568)
[2018.10.23-02.31.45:216][810]LogModuleManager: Shutting down and abandoning module PlacementMode (567)
[2018.10.23-02.31.45:217][810]LogModuleManager: Shutting down and abandoning module MaterialEditor (566)
[2018.10.23-02.31.45:217][810]LogModuleManager: Shutting down and abandoning module WmfMediaFactory (562)
[2018.10.23-02.31.45:217][810]LogModuleManager: Shutting down and abandoning module WmfMediaEditor (560)
[2018.10.23-02.31.45:217][810]LogModuleManager: Shutting down and abandoning module MediaPlayerEditor (558)
[2018.10.23-02.31.45:217][810]LogModuleManager: Shutting down and abandoning module OpenExrWrapper (556)
[2018.10.23-02.31.45:217][810]LogModuleManager: Shutting down and abandoning module ImgMediaFactory (554)
[2018.10.23-02.31.45:217][810]LogModuleManager: Shutting down and abandoning module ImgMediaEditor (552)
[2018.10.23-02.31.45:217][810]LogModuleManager: Shutting down and abandoning module AvfMediaFactory (550)
[2018.10.23-02.31.45:217][810]LogModuleManager: Shutting down and abandoning module AvfMediaEditor (548)
[2018.10.23-02.31.45:217][810]LogModuleManager: Shutting down and abandoning module AndroidMediaFactory (546)
[2018.10.23-02.31.45:217][810]LogModuleManager: Shutting down and abandoning module AndroidMediaEditor (544)
[2018.10.23-02.31.45:217][810]LogModuleManager: Shutting down and abandoning module MagicLeapCameraPreviewFactory (542)
[2018.10.23-02.31.45:217][810]LogModuleManager: Shutting down and abandoning module MagicLeapMediaFactory (540)
[2018.10.23-02.31.45:217][810]LogModuleManager: Shutting down and abandoning module MagicLeapMediaEditor (538)
[2018.10.23-02.31.45:217][810]LogModuleManager: Shutting down and abandoning module CharacterAI (536)
[2018.10.23-02.31.45:217][810]LogModuleManager: Shutting down and abandoning module SmartSnapping (534)
[2018.10.23-02.31.45:217][810]LogModuleManager: Shutting down and abandoning module SessionServices (532)
[2018.10.23-02.31.45:217][810]LogModuleManager: Shutting down and abandoning module ViewportSnapping (530)
[2018.10.23-02.31.45:217][810]LogModuleManager: Shutting down and abandoning module ViewportInteraction (528)
[2018.10.23-02.31.45:217][810]LogModuleManager: Shutting down and abandoning module ClothPainter (526)
[2018.10.23-02.31.45:217][810]LogModuleManager: Shutting down and abandoning module SkeletalMeshEditor (525)
[2018.10.23-02.31.45:218][810]LogModuleManager: Shutting down and abandoning module LogVisualizer (522)
[2018.10.23-02.31.45:218][810]LogModuleManager: Shutting down and abandoning module IntroTutorials (520)
[2018.10.23-02.31.45:218][810]LogModuleManager: Shutting down and abandoning module GameProjectGeneration (519)
[2018.10.23-02.31.45:218][810]LogModuleManager: Shutting down and abandoning module LuminPlatformEditor (516)
[2018.10.23-02.31.45:218][810]LogModuleManager: Shutting down and abandoning module IOSPlatformEditor (514)
[2018.10.23-02.31.45:218][810]LogModuleManager: Shutting down and abandoning module HTML5PlatformEditor (512)
[2018.10.23-02.31.45:218][810]LogModuleManager: Shutting down and abandoning module AndroidPlatformEditor (510)
[2018.10.23-02.31.45:218][810]LogModuleManager: Shutting down and abandoning module AndroidDeviceDetection (509)
[2018.10.23-02.31.45:614][810]LogModuleManager: Shutting down and abandoning module WindowsPlatformEditor (506)
[2018.10.23-02.31.45:614][810]LogModuleManager: Shutting down and abandoning module LuminRuntimeSettings (504)
[2018.10.23-02.31.45:614][810]LogModuleManager: Shutting down and abandoning module IOSRuntimeSettings (502)
[2018.10.23-02.31.45:614][810]LogModuleManager: Shutting down and abandoning module AndroidRuntimeSettings (500)
[2018.10.23-02.31.45:614][810]LogModuleManager: Shutting down and abandoning module InputBindingEditor (498)
[2018.10.23-02.31.45:614][810]LogModuleManager: Shutting down and abandoning module MergeActors (496)
[2018.10.23-02.31.45:614][810]LogModuleManager: Shutting down and abandoning module LocalizationDashboard (494)
[2018.10.23-02.31.45:614][810]LogModuleManager: Shutting down and abandoning module LocalizationService (493)
[2018.10.23-02.31.45:615][810]LogModuleManager: Shutting down and abandoning module HardwareTargeting (490)
[2018.10.23-02.31.45:615][810]LogModuleManager: Shutting down and abandoning module DeviceProfileEditor (488)
[2018.10.23-02.31.45:615][810]LogModuleManager: Shutting down and abandoning module UndoHistory (486)
[2018.10.23-02.31.45:615][810]LogModuleManager: Shutting down and abandoning module XmlParser (484)
[2018.10.23-02.31.45:615][810]LogModuleManager: Shutting down and abandoning module Blutility (482)
[2018.10.23-02.31.45:615][810]LogModuleManager: Shutting down and abandoning module ProjectSettingsViewer (480)
[2018.10.23-02.31.45:615][810]LogModuleManager: Shutting down and abandoning module ProjectTargetPlatformEditor (479)
[2018.10.23-02.31.45:615][810]LogModuleManager: Shutting down and abandoning module EditorSettingsViewer (476)
[2018.10.23-02.31.45:615][810]LogModuleManager: Shutting down and abandoning module SettingsEditor (474)
[2018.10.23-02.31.45:615][810]LogModuleManager: Shutting down and abandoning module ProjectLauncher (472)
[2018.10.23-02.31.45:615][810]LogModuleManager: Shutting down and abandoning module SessionFrontend (470)
[2018.10.23-02.31.45:615][810]LogModuleManager: Shutting down and abandoning module ProfilerClient (468)
[2018.10.23-02.31.45:615][810]LogModuleManager: Shutting down and abandoning module DeviceManager (466)
[2018.10.23-02.31.45:615][810]LogModuleManager: Shutting down and abandoning module TargetDeviceServices (465)
[2018.10.23-02.31.45:660][810]LogModuleManager: Shutting down and abandoning module AutomationController (462)
[2018.10.23-02.31.45:660][810]LogModuleManager: Shutting down and abandoning module AutomationWindow (460)
[2018.10.23-02.31.45:660][810]LogModuleManager: Shutting down and abandoning module Layers (458)
[2018.10.23-02.31.45:660][810]LogModuleManager: Shutting down and abandoning module ComponentVisualizers (456)
[2018.10.23-02.31.45:660][810]LogModuleManager: Shutting down and abandoning module DetailCustomizations (454)
[2018.10.23-02.31.45:660][810]LogModuleManager: Shutting down and abandoning module PackagesDialog (452)
[2018.10.23-02.31.45:660][810]LogModuleManager: Shutting down and abandoning module Persona (450)
[2018.10.23-02.31.45:660][810]LogModuleManager: Shutting down and abandoning module AdvancedPreviewScene (449)
[2018.10.23-02.31.45:660][810]LogModuleManager: Shutting down and abandoning module AnimGraph (447)
[2018.10.23-02.31.45:660][810]LogModuleManager: Shutting down and abandoning module Kismet (444)
[2018.10.23-02.31.45:671][810]LogModuleManager: Shutting down and abandoning module GraphEditor (442)
[2018.10.23-02.31.45:671][810]LogModuleManager: Shutting down and abandoning module ClassViewer (440)
[2018.10.23-02.31.45:671][810]LogModuleManager: Shutting down and abandoning module Toolbox (438)
[2018.10.23-02.31.45:671][810]LogModuleManager: Shutting down and abandoning module ModuleUI (436)
[2018.10.23-02.31.45:671][810]LogModuleManager: Shutting down and abandoning module MovieSceneTools (434)
[2018.10.23-02.31.45:671][810]LogModuleManager: Shutting down and abandoning module OutputLog (432)
[2018.10.23-02.31.45:671][810]LogModuleManager: Shutting down and abandoning module GammaUI (430)
[2018.10.23-02.31.45:671][810]LogModuleManager: Shutting down and abandoning module Documentation (428)
[2018.10.23-02.31.45:675][810]LogModuleManager: Shutting down and abandoning module MovieSceneTracks (426)
[2018.10.23-02.31.45:675][810]LogModuleManager: Shutting down and abandoning module MovieScene (424)
[2018.10.23-02.31.45:675][810]LogModuleManager: Shutting down and abandoning module StreamingPauseRendering (422)
[2018.10.23-02.31.45:675][810]LogModuleManager: Shutting down and abandoning module LauncherPlatform (420)
[2018.10.23-02.31.45:675][810]LogModuleManager: Shutting down and abandoning module AnalyticsET (418)
[2018.10.23-02.31.45:675][810]LogModuleManager: Shutting down and abandoning module PortalServices (416)
[2018.10.23-02.31.45:675][810]LogModuleManager: Shutting down and abandoning module PortalRpc (414)
[2018.10.23-02.31.45:675][810]LogModuleManager: Shutting down and abandoning module MessagingRpc (412)
[2018.10.23-02.31.45:675][810]LogModuleManager: Shutting down and abandoning module AIModule (410)
[2018.10.23-02.31.45:675][810]LogModuleManager: Shutting down and abandoning module GameplayDebugger (409)
[2018.10.23-02.31.45:675][810]LogModuleManager: Shutting down and abandoning module AITestSuite (407)
[2018.10.23-02.31.45:675][810]LogModuleManager: Shutting down and abandoning module NavigationSystem (405)
[2018.10.23-02.31.45:675][810]LogModuleManager: Shutting down and abandoning module DesktopPlatform (402)
[2018.10.23-02.31.45:675][810]LogModuleManager: Shutting down and abandoning module ProfilerService (400)
[2018.10.23-02.31.45:917][810]LogModuleManager: Shutting down and abandoning module TaskGraph (398)
[2018.10.23-02.31.45:917][810]LogModuleManager: Shutting down and abandoning module SteamVRController (396)
[2018.10.23-02.31.45:917][810]LogModuleManager: Shutting down and abandoning module ProceduralMeshComponentEditor (394)
[2018.10.23-02.31.45:917][810]LogModuleManager: Shutting down and abandoning module ProceduralMeshComponent (392)
[2018.10.23-02.31.45:917][810]LogModuleManager: Shutting down and abandoning module OculusInput (390)
[2018.10.23-02.31.45:917][810]LogModuleManager: Shutting down and abandoning module MobilePatchingUtils (388)
[2018.10.23-02.31.45:918][810]LogModuleManager: Shutting down and abandoning module EditableMesh (386)
[2018.10.23-02.31.45:918][810]LogModuleManager: Shutting down and abandoning module CustomMeshComponent (384)
[2018.10.23-02.31.45:918][810]LogModuleManager: Shutting down and abandoning module CableComponent (382)
[2018.10.23-02.31.45:918][810]LogModuleManager: Shutting down and abandoning module AudioCapture (380)
[2018.10.23-02.31.45:918][810]LogModuleManager: Shutting down and abandoning module ArchVisCharacter (378)
[2018.10.23-02.31.45:918][810]LogModuleManager: Shutting down and abandoning module AndroidPermission (376)
[2018.10.23-02.31.45:918][810]LogModuleManager: Shutting down and abandoning module NUTUnrealEngine4 (374)
[2018.10.23-02.31.45:918][810]LogModuleManager: Shutting down and abandoning module NetcodeUnitTest (372)
[2018.10.23-02.31.45:918][810]LogModuleManager: Shutting down and abandoning module MediaCompositingEditor (370)
[2018.10.23-02.31.45:918][810]LogModuleManager: Shutting down and abandoning module MediaCompositing (368)
[2018.10.23-02.31.45:918][810]LogModuleManager: Shutting down and abandoning module LinearTimecode (366)
[2018.10.23-02.31.45:918][810]LogModuleManager: Shutting down and abandoning module ImgMedia (364)
[2018.10.23-02.31.45:921][810]LogModuleManager: Shutting down and abandoning module HTML5Networking (362)
[2018.10.23-02.31.45:922][810]LogModuleManager: Shutting down and abandoning module GeometryCacheTracks (360)
[2018.10.23-02.31.45:922][810]LogModuleManager: Shutting down and abandoning module GeometryCacheSequencer (358)
[2018.10.23-02.31.45:922][810]LogModuleManager: Shutting down and abandoning module BackChannel (356)
[2018.10.23-02.31.45:922][810]LogModuleManager: Shutting down and abandoning module AppleVision (354)
[2018.10.23-02.31.45:922][810]LogModuleManager: Shutting down and abandoning module AppleImageUtils (352)
[2018.10.23-02.31.45:922][810]LogModuleManager: Shutting down and abandoning module AlembicImporter (350)
[2018.10.23-02.31.45:922][810]LogModuleManager: Shutting down and abandoning module AlembicLibrary (349)
[2018.10.23-02.31.45:922][810]LogModuleManager: Shutting down and abandoning module GeometryCache (348)
[2018.10.23-02.31.45:922][810]LogModuleManager: Shutting down and abandoning module GeometryCacheEd (347)
[2018.10.23-02.31.45:922][810]LogModuleManager: Shutting down and abandoning module DatasmithContentEditor (342)
[2018.10.23-02.31.45:922][810]LogModuleManager: Shutting down and abandoning module DatasmithContent (340)
[2018.10.23-02.31.45:922][810]LogModuleManager: Shutting down and abandoning module SpeedTreeImporter (338)
[2018.10.23-02.31.45:922][810]LogModuleManager: Shutting down and abandoning module PluginBrowser (336)
[2018.10.23-02.31.45:922][810]LogModuleManager: Shutting down and abandoning module MobileLauncherProfileWizard (334)
[2018.10.23-02.31.45:922][810]LogModuleManager: Shutting down and abandoning module PolygonModeling (332)
[2018.10.23-02.31.45:922][810]LogModuleManager: Shutting down and abandoning module MeshEditor (330)
[2018.10.23-02.31.45:922][810]LogModuleManager: Shutting down and abandoning module CryptoKeysOpenSSL (328)
[2018.10.23-02.31.45:922][810]LogModuleManager: Shutting down and abandoning module CryptoKeys (326)
[2018.10.23-02.31.45:922][810]LogModuleManager: Shutting down and abandoning module VisualStudioSourceCodeAccess (324)
[2018.10.23-02.31.45:923][810]LogModuleManager: Shutting down and abandoning module VisualStudioCodeSourceCodeAccess (322)
[2018.10.23-02.31.45:923][810]LogModuleManager: Shutting down and abandoning module UObjectPlugin (320)
[2018.10.23-02.31.45:923][810]LogModuleManager: Shutting down and abandoning module SubversionSourceControl (318)
[2018.10.23-02.31.45:923][810]LogModuleManager: Shutting down and abandoning module PerforceSourceControl (316)
[2018.10.23-02.31.45:923][810]LogModuleManager: Shutting down and abandoning module GitSourceControl (314)
[2018.10.23-02.31.45:923][810]LogModuleManager: Shutting down and abandoning module SourceControl (313)
[2018.10.23-02.31.45:923][810]LogModuleManager: Shutting down and abandoning module CLionSourceCodeAccess (310)
[2018.10.23-02.31.45:923][810]LogModuleManager: Shutting down and abandoning module LightPropagationVolumeEditor (308)
[2018.10.23-02.31.45:923][810]LogModuleManager: Shutting down and abandoning module PaperTiledImporter (306)
[2018.10.23-02.31.45:923][810]LogModuleManager: Shutting down and abandoning module PaperSpriteSheetImporter (304)
[2018.10.23-02.31.45:923][810]LogModuleManager: Shutting down and abandoning module Paper2DEditor (302)
[2018.10.23-02.31.45:923][810]LogModuleManager: Shutting down and abandoning module MeshPaint (301)
[2018.10.23-02.31.45:923][810]LogModuleManager: Shutting down and abandoning module RuntimePhysXCooking (298)
[2018.10.23-02.31.45:923][810]LogModuleManager: Shutting down and abandoning module PhysXVehiclesEditor (296)
[2018.10.23-02.31.45:923][810]LogModuleManager: Shutting down and abandoning module PhysXVehicles (294)
[2018.10.23-02.31.45:923][810]LogModuleManager: Shutting down and abandoning module OculusEditor (292)
[2018.10.23-02.31.45:923][810]LogModuleManager: Shutting down and abandoning module LocationServicesBPLibrary (290)
[2018.10.23-02.31.45:923][810]LogModuleManager: Shutting down and abandoning module ImmediatePhysicsEditor (288)
[2018.10.23-02.31.45:923][810]LogModuleManager: Shutting down and abandoning module ImmediatePhysics (286)
[2018.10.23-02.31.45:923][810]LogModuleManager: Shutting down and abandoning module ActorSequence (284)
[2018.10.23-02.31.45:923][810]LogModuleManager: Shutting down and abandoning module UdpMessaging (282)
[2018.10.23-02.31.46:024][810]LogModuleManager: Shutting down and abandoning module TcpMessaging (280)
[2018.10.23-02.31.46:125][810]LogModuleManager: Shutting down and abandoning module MagicLeapAudio (278)
[2018.10.23-02.31.46:125][810]LogModuleManager: Shutting down and abandoning module GameplayTagsEditor (276)
[2018.10.23-02.31.46:125][810]LogModuleManager: Shutting down and abandoning module FacialAnimationEditor (274)
[2018.10.23-02.31.46:125][810]LogModuleManager: Shutting down and abandoning module FacialAnimation (272)
[2018.10.23-02.31.46:125][810]LogModuleManager: Shutting down and abandoning module DataValidation (270)
[2018.10.23-02.31.46:125][810]LogModuleManager: Shutting down and abandoning module AssetManagerEditor (268)
[2018.10.23-02.31.46:125][810]LogModuleManager: Shutting down and abandoning module LevelEditor (267)
[2018.10.23-02.31.46:126][810]LogModuleManager: Shutting down and abandoning module PixelInspectorModule (266)
[2018.10.23-02.31.46:126][810]LogModuleManager: Shutting down and abandoning module CommonMenuExtensions (264)
[2018.10.23-02.31.46:127][810]LogModuleManager: Shutting down and abandoning module MainFrame (262)
[2018.10.23-02.31.46:127][810]LogModuleManager: Shutting down and abandoning module HotReload (261)
[2018.10.23-02.31.46:127][810]LogModuleManager: Shutting down and abandoning module ContentBrowser (257)
[2018.10.23-02.31.46:129][810]LogModuleManager: Shutting down and abandoning module TreeMap (255)
[2018.10.23-02.31.46:129][810]LogModuleManager: Shutting down and abandoning module LightPropagationVolumeRuntime (252)
[2018.10.23-02.31.46:129][810]LogModuleManager: Shutting down and abandoning module AISupportModule (250)
[2018.10.23-02.31.46:129][810]LogModuleManager: Shutting down and abandoning module Paper2D (248)
[2018.10.23-02.31.46:129][810]LogModuleManager: Shutting down and abandoning module WindowsMoviePlayer (246)
[2018.10.23-02.31.46:129][810]LogModuleManager: Shutting down and abandoning module WmfMedia (244)
[2018.10.23-02.31.46:131][810]LogModuleManager: Shutting down and abandoning module Media (243)
[2018.10.23-02.31.46:137][810]LogModuleManager: Shutting down and abandoning module PacketHandler (240)
[2018.10.23-02.31.46:137][810]LogModuleManager: Shutting down and abandoning module ClothingSystemEditor (238)
[2018.10.23-02.31.46:137][810]LogModuleManager: Shutting down and abandoning module ClothingSystemRuntime (236)
[2018.10.23-02.31.46:137][810]LogModuleManager: Shutting down and abandoning module MediaAssets (234)
[2018.10.23-02.31.46:137][810]LogModuleManager: Shutting down and abandoning module Overlay (232)
[2018.10.23-02.31.46:137][810]LogModuleManager: Shutting down and abandoning module OverlayEditor (231)
[2018.10.23-02.31.46:137][810]LogModuleManager: Shutting down and abandoning module VREditor (228)
[2018.10.23-02.31.46:137][810]LogModuleManager: Shutting down and abandoning module StringTableEditor (226)
[2018.10.23-02.31.46:137][810]LogModuleManager: Shutting down and abandoning module GameplayTasksEditor (224)
[2018.10.23-02.31.46:137][810]LogModuleManager: Shutting down and abandoning module BehaviorTreeEditor (222)
[2018.10.23-02.31.46:138][810]LogModuleManager: Shutting down and abandoning module FunctionalTesting (220)
[2018.10.23-02.31.46:138][810]LogModuleManager: Shutting down and abandoning module CollisionAnalyzer (218)
[2018.10.23-02.31.46:138][810]LogModuleManager: Shutting down and abandoning module WorkspaceMenuStructure (217)
[2018.10.23-02.31.46:138][810]LogModuleManager: Shutting down and abandoning module UMG (214)
[2018.10.23-02.31.46:138][810]LogModuleManager: Shutting down and abandoning module UMGEditor (213)
[2018.10.23-02.31.46:138][810]LogModuleManager: Shutting down and abandoning module Sequencer (212)
[2018.10.23-02.31.46:138][810]LogModuleManager: Shutting down and abandoning module MessageLog (209)
[2018.10.23-02.31.46:138][810]LogModuleManager: Shutting down and abandoning module SlateReflector (204)
[2018.10.23-02.31.46:138][810]LogModuleManager: Shutting down and abandoning module Slate (202)
[2018.10.23-02.31.46:138][810]LogModuleManager: Shutting down and abandoning module EditorStyle (200)
[2018.10.23-02.31.46:141][810]LogModuleManager: Shutting down and abandoning module MRMesh (198)
[2018.10.23-02.31.46:141][810]LogModuleManager: Shutting down and abandoning module SourceCodeAccess (196)
[2018.10.23-02.31.46:141][810]LogModuleManager: Shutting down and abandoning module HeadMountedDisplay (194)
[2018.10.23-02.31.46:141][810]LogModuleManager: Shutting down and abandoning module XAudio2 (192)
[2018.10.23-02.31.46:141][810]LogModuleManager: Shutting down and abandoning module Networking (190)
[2018.10.23-02.31.46:141][810]LogModuleManager: Shutting down and abandoning module Core (188)
[2018.10.23-02.31.46:141][810]LogModuleManager: Shutting down and abandoning module LevelSequence (186)
[2018.10.23-02.31.46:141][810]LogModuleManager: Shutting down and abandoning module KismetCompiler (184)
[2018.10.23-02.31.46:141][810]LogModuleManager: Shutting down and abandoning module MeshUtilities (182)
[2018.10.23-02.31.46:141][810]LogModuleManager: Shutting down and abandoning module MeshMergeUtilities (181)
[2018.10.23-02.31.46:141][810]LogModuleManager: Shutting down and abandoning module MeshReductionInterface (180)
[2018.10.23-02.31.46:141][810]LogModuleManager: Shutting down and abandoning module SimplygonSwarm (179)
[2018.10.23-02.31.46:141][810]LogModuleManager: Shutting down and abandoning module ProxyLODMeshReduction (177)
[2018.10.23-02.31.46:141][810]LogModuleManager: Shutting down and abandoning module SimplygonMeshReduction (175)
[2018.10.23-02.31.46:141][810]LogModuleManager: Shutting down and abandoning module QuadricMeshReduction (173)
[2018.10.23-02.31.46:141][810]LogModuleManager: Shutting down and abandoning module MaterialBaking (169)
[2018.10.23-02.31.46:141][810]LogModuleManager: Shutting down and abandoning module DirectoryWatcher (165)
[2018.10.23-02.31.46:142][810]LogModuleManager: Shutting down and abandoning module DerivedDataCache (162)
[2018.10.23-02.31.46:218][810]LogDerivedDataCache: Shutdown
[2018.10.23-02.31.46:218][810]LogModuleManager: Shutting down and abandoning module XGEController (160)
[2018.10.23-02.31.46:219][810]LogModuleManager: Shutting down and abandoning module TargetPlatform (158)
[2018.10.23-02.31.46:219][810]LogModuleManager: Shutting down and abandoning module VulkanShaderFormat (157)
[2018.10.23-02.31.46:219][810]LogModuleManager: Shutting down and abandoning module ShaderFormatVectorVM (155)
[2018.10.23-02.31.46:219][810]LogModuleManager: Shutting down and abandoning module ShaderFormatOpenGL (153)
[2018.10.23-02.31.46:219][810]LogModuleManager: Shutting down and abandoning module ShaderFormatD3D (151)
[2018.10.23-02.31.46:219][810]LogModuleManager: Shutting down and abandoning module MetalShaderFormat (149)
[2018.10.23-02.31.46:219][810]LogModuleManager: Shutting down and abandoning module TextureFormatUncompressed (147)
[2018.10.23-02.31.46:219][810]LogModuleManager: Shutting down and abandoning module TextureFormatPVR (145)
[2018.10.23-02.31.46:219][810]LogModuleManager: Shutting down and abandoning module TextureFormatDXT (143)
[2018.10.23-02.31.46:219][810]LogModuleManager: Shutting down and abandoning module TextureFormatIntelISPCTexComp (141)
[2018.10.23-02.31.46:219][810]LogModuleManager: Shutting down and abandoning module TextureFormatASTC (139)
[2018.10.23-02.31.46:219][810]LogModuleManager: Shutting down and abandoning module ImageWrapper (138)
[2018.10.23-02.31.46:219][810]LogModuleManager: Shutting down and abandoning module TextureFormatAndroid (135)
[2018.10.23-02.31.46:219][810]LogModuleManager: Shutting down and abandoning module AudioFormatOpus (133)
[2018.10.23-02.31.46:220][810]LogModuleManager: Shutting down and abandoning module AudioFormatOgg (131)
[2018.10.23-02.31.46:220][810]LogModuleManager: Shutting down and abandoning module AudioFormatADPCM (129)
[2018.10.23-02.31.46:220][810]LogModuleManager: Shutting down and abandoning module LuminTargetPlatform (127)
[2018.10.23-02.31.46:220][810]LogModuleManager: Shutting down and abandoning module LinuxTargetPlatform (125)
[2018.10.23-02.31.46:220][810]LogModuleManager: Shutting down and abandoning module LinuxServerTargetPlatform (123)
[2018.10.23-02.31.46:220][810]LogModuleManager: Shutting down and abandoning module LinuxNoEditorTargetPlatform (121)
[2018.10.23-02.31.46:220][810]LogModuleManager: Shutting down and abandoning module LinuxClientTargetPlatform (119)
[2018.10.23-02.31.46:220][810]LogModuleManager: Shutting down and abandoning module TVOSTargetPlatform (117)
[2018.10.23-02.31.46:228][810]LogModuleManager: Shutting down and abandoning module Messaging (115)
[2018.10.23-02.31.46:228][810]LogModuleManager: Shutting down and abandoning module IOSTargetPlatform (113)
[2018.10.23-02.31.46:234][810]LogModuleManager: Shutting down and abandoning module HTML5TargetPlatform (111)
[2018.10.23-02.31.46:234][810]LogModuleManager: Shutting down and abandoning module AndroidTargetPlatform (109)
[2018.10.23-02.31.46:275][810]LogModuleManager: Shutting down and abandoning module WindowsTargetPlatform (107)
[2018.10.23-02.31.46:275][810]LogModuleManager: Shutting down and abandoning module WindowsServerTargetPlatform (105)
[2018.10.23-02.31.46:275][810]LogModuleManager: Shutting down and abandoning module WindowsNoEditorTargetPlatform (103)
[2018.10.23-02.31.46:275][810]LogModuleManager: Shutting down and abandoning module WindowsClientTargetPlatform (101)
[2018.10.23-02.31.46:275][810]LogModuleManager: Shutting down and abandoning module MacTargetPlatform (99)
[2018.10.23-02.31.46:275][810]LogModuleManager: Shutting down and abandoning module MacServerTargetPlatform (97)
[2018.10.23-02.31.46:275][810]LogModuleManager: Shutting down and abandoning module MacNoEditorTargetPlatform (95)
[2018.10.23-02.31.46:275][810]LogModuleManager: Shutting down and abandoning module MacClientTargetPlatform (93)
[2018.10.23-02.31.46:275][810]LogModuleManager: Shutting down and abandoning module AllDesktopTargetPlatform (91)
[2018.10.23-02.31.46:275][810]LogModuleManager: Shutting down and abandoning module InputCore (88)
[2018.10.23-02.31.46:275][810]LogModuleManager: Shutting down and abandoning module Settings (86)
[2018.10.23-02.31.46:275][810]LogModuleManager: Shutting down and abandoning module PhysXCooking (84)
[2018.10.23-02.31.46:275][810]LogModuleManager: Shutting down and abandoning module SteamVR (82)
[2018.10.23-02.31.46:275][810]LogModuleManager: Shutting down and abandoning module OculusHMD (80)
[2018.10.23-02.31.46:275][810]LogModuleManager: Shutting down and abandoning module ExampleDeviceProfileSelector (78)
[2018.10.23-02.31.46:275][810]LogModuleManager: Shutting down and abandoning module LauncherChunkInstaller (76)
[2018.10.23-02.31.46:275][810]LogModuleManager: Shutting down and abandoning module OnlineBlueprintSupport (74)
[2018.10.23-02.31.46:275][810]LogModuleManager: Shutting down and abandoning module OnlineSubsystem (70)
[2018.10.23-02.31.46:276][810]LogModuleManager: Shutting down and abandoning module XMPP (65)
[2018.10.23-02.31.46:277][810]LogModuleManager: Shutting down and abandoning module WebSockets (64)
[2018.10.23-02.31.46:287][810]LogModuleManager: Shutting down and abandoning module HTTP (61)
[2018.10.23-02.31.46:287][810]LogHttp: Display: Http module shutting down, but needs to wait on 1 outstanding Http requests:
[2018.10.23-02.31.46:287][810]LogHttp: Display: 	verb=[POST] url=[https://datarouter.ol.epicgames.com/datarouter/api/v1/public/data?SessionID=%7BBE63ED0B-4FE5-70D5-482A-19B9DD52D776%7D&AppID=UEEditor.Rocket.Release&AppVersion=4.20.3-4369336%2B%2B%2BUE4%2BRelease-4.20&UserID=c668be724f2aa919fe621b85719f50a7%7C455b5e5043e24aae91347b4aaa806744%7C98ab384c-40f0-404b-8c7a-9947863f40f0&AppEnvironment=datacollector-binary&UploadType=eteventstream] status=Processing
[2018.10.23-02.31.46:303][810]LogModuleManager: Shutting down and abandoning module SSL (60)
[2018.10.23-02.31.46:305][810]LogModuleManager: Shutting down and abandoning module MagicLeapEmulator (56)
[2018.10.23-02.31.46:305][810]LogModuleManager: Shutting down and abandoning module MagicLeapPrivileges (54)
[2018.10.23-02.31.46:305][810]LogModuleManager: Shutting down and abandoning module MagicLeapIdentity (52)
[2018.10.23-02.31.46:305][810]LogModuleManager: Shutting down and abandoning module MagicLeapHelperVulkan (50)
[2018.10.23-02.31.46:305][810]LogModuleManager: Shutting down and abandoning module MagicLeapHelperOpenGL (48)
[2018.10.23-02.31.46:305][810]LogModuleManager: Shutting down and abandoning module MagicLeapSecureStorage (46)
[2018.10.23-02.31.46:305][810]LogModuleManager: Shutting down and abandoning module MagicLeapGestures (44)
[2018.10.23-02.31.46:305][810]LogModuleManager: Shutting down and abandoning module MagicLeapEyeTracker (42)
[2018.10.23-02.31.46:305][810]LogModuleManager: Shutting down and abandoning module MagicLeapController (40)
[2018.10.23-02.31.46:305][810]LogSlate: Slate User Destroyed.  User Index 0, Is Virtual User: 0
[2018.10.23-02.31.46:305][810]LogModuleManager: Shutting down and abandoning module MagicLeap (38)
[2018.10.23-02.31.46:305][810]LogModuleManager: Shutting down and abandoning module AnimationModifiers (36)
[2018.10.23-02.31.46:305][810]LogModuleManager: Shutting down and abandoning module PropertyEditor (35)
[2018.10.23-02.31.46:305][810]LogModuleManager: Shutting down and abandoning module AudioEditor (32)
[2018.10.23-02.31.46:305][810]LogModuleManager: Shutting down and abandoning module TextureCompressor (30)
[2018.10.23-02.31.46:306][810]LogModuleManager: Shutting down and abandoning module ShaderCore (28)
[2018.10.23-02.31.46:306][810]LogModuleManager: Shutting down and abandoning module Landscape (26)
[2018.10.23-02.31.46:306][810]LogModuleManager: Shutting down and abandoning module SlateRHIRenderer (24)
[2018.10.23-02.31.46:307][810]LogModuleManager: Shutting down and abandoning module OpenGLDrv (22)
[2018.10.23-02.31.46:307][810]LogModuleManager: Shutting down and abandoning module D3D11RHI (20)
[2018.10.23-02.31.46:307][810]LogModuleManager: Shutting down and abandoning module AnimGraphRuntime (18)
[2018.10.23-02.31.46:307][810]LogModuleManager: Shutting down and abandoning module Renderer (16)
[2018.10.23-02.31.46:308][810]LogModuleManager: Shutting down and abandoning module Engine (14)
[2018.10.23-02.31.46:308][810]LogModuleManager: Shutting down and abandoning module CoreUObject (12)
[2018.10.23-02.31.46:308][810]LogModuleManager: Shutting down and abandoning module NetworkFile (10)
[2018.10.23-02.31.46:308][810]LogModuleManager: Shutting down and abandoning module CookedIterativeFile (8)
[2018.10.23-02.31.46:308][810]LogModuleManager: Shutting down and abandoning module StreamingFile (6)
[2018.10.23-02.31.46:308][810]LogModuleManager: Shutting down and abandoning module SandboxFile (4)
[2018.10.23-02.31.46:308][810]LogModuleManager: Shutting down and abandoning module PakFile (2)
[2018.10.23-02.31.46:311][810]LogExit: Exiting.
[2018.10.23-02.31.46:318][810]Log file closed, 10/22/18 21:31:46
