Log file open, 11/15/18 13:05:45
LogWindows: Failed to load 'aqProf.dll' (GetLastError=126)
LogWindows: File 'aqProf.dll' does not exist
LogWindows: Failed to load 'VSPerf140.dll' (GetLastError=126)
LogWindows: File 'VSPerf140.dll' does not exist
LogWindows: Failed to load 'VtuneApi.dll' (GetLastError=126)
LogWindows: File 'VtuneApi.dll' does not exist
LogWindows: Failed to load 'VtuneApi32e.dll' (GetLastError=126)
LogWindows: File 'VtuneApi32e.dll' does not exist
LogInit: Display: Running engine for game: Finals
LogPlatformFile: Not using cached read wrapper
LogTaskGraph: Started task graph with 5 named threads and 11 total threads with 3 sets of task threads.
LogStats: Stats thread started at 0.182485
LogD3D11RHI: Loaded GFSDK_Aftermath_Lib.x64.dll
LogICUInternationalization: Display: ICU TimeZone Detection - Raw Offset: -6:00, Platform Override: ''
LogPluginManager: Mounting plugin Paper2D
LogPluginManager: Mounting plugin AISupport
LogPluginManager: Mounting plugin LightPropagationVolume
LogPluginManager: Mounting plugin CLionSourceCodeAccess
LogPluginManager: Mounting plugin CodeLiteSourceCodeAccess
LogPluginManager: Mounting plugin GitSourceControl
LogPluginManager: Mounting plugin KDevelopSourceCodeAccess
LogPluginManager: Mounting plugin NullSourceCodeAccess
LogPluginManager: Mounting plugin PerforceSourceControl
LogPluginManager: Mounting plugin SubversionSourceControl
LogPluginManager: Mounting plugin UObjectPlugin
LogPluginManager: Mounting plugin VisualStudioCodeSourceCodeAccess
LogPluginManager: Mounting plugin VisualStudioSourceCodeAccess
LogPluginManager: Mounting plugin XCodeSourceCodeAccess
LogPluginManager: Mounting plugin AssetManagerEditor
LogPluginManager: Mounting plugin CryptoKeys
LogPluginManager: Mounting plugin DataValidation
LogPluginManager: Mounting plugin FacialAnimation
LogPluginManager: Mounting plugin GameplayTagsEditor
LogPluginManager: Mounting plugin MacGraphicsSwitching
LogPluginManager: Mounting plugin MeshEditor
LogPluginManager: Mounting plugin MobileLauncherProfileWizard
LogPluginManager: Mounting plugin PluginBrowser
LogPluginManager: Mounting plugin SpeedTreeImporter
LogPluginManager: Mounting plugin DatasmithContent
LogPluginManager: Mounting plugin AlembicImporter
LogPluginManager: Mounting plugin AppleImageUtils
LogPluginManager: Mounting plugin AppleVision
LogPluginManager: Mounting plugin BackChannel
LogPluginManager: Mounting plugin CharacterAI
LogPluginManager: Mounting plugin GeometryCache
LogPluginManager: Mounting plugin HTML5Networking
LogPluginManager: Mounting plugin ProxyLODPlugin
LogPluginManager: Mounting plugin MagicLeap
LogPluginManager: Mounting plugin MagicLeapEmulator
LogPluginManager: Mounting plugin MagicLeapMedia
LogPluginManager: Mounting plugin Substance
LogPluginManager: Mounting plugin AndroidMedia
LogPluginManager: Mounting plugin AvfMedia
LogPluginManager: Mounting plugin ImgMedia
LogPluginManager: Mounting plugin LinearTimecode
LogPluginManager: Mounting plugin MediaCompositing
LogPluginManager: Mounting plugin MediaPlayerEditor
LogPluginManager: Mounting plugin WmfMedia
LogPluginManager: Mounting plugin TcpMessaging
LogPluginManager: Mounting plugin UdpMessaging
LogPluginManager: Mounting plugin ActorSequence
LogPluginManager: Mounting plugin LevelSequenceEditor
LogPluginManager: Mounting plugin MatineeToLevelSequence
LogPluginManager: Mounting plugin NetcodeUnitTest
LogPluginManager: Mounting plugin NUTUnrealEngine4
LogPluginManager: Mounting plugin OnlineSubsystemGooglePlay
LogPluginManager: Mounting plugin OnlineSubsystemIOS
LogPluginManager: Mounting plugin OnlineSubsystem
LogPluginManager: Mounting plugin OnlineSubsystemNull
LogPluginManager: Mounting plugin OnlineSubsystemUtils
LogPluginManager: Mounting plugin LauncherChunkInstaller
LogPluginManager: Mounting plugin AndroidDeviceProfileSelector
LogPluginManager: Mounting plugin AndroidMoviePlayer
LogPluginManager: Mounting plugin AndroidPermission
LogPluginManager: Mounting plugin AppleMoviePlayer
LogPluginManager: Mounting plugin ArchVisCharacter
LogPluginManager: Mounting plugin AudioCapture
LogPluginManager: Mounting plugin CableComponent
LogPluginManager: Mounting plugin CustomMeshComponent
LogPluginManager: Mounting plugin EditableMesh
LogPluginManager: Mounting plugin ExampleDeviceProfileSelector
LogPluginManager: Mounting plugin GoogleCloudMessaging
LogPluginManager: Mounting plugin ImmediatePhysics
LogPluginManager: Mounting plugin IOSDeviceProfileSelector
LogPluginManager: Mounting plugin LinuxDeviceProfileSelector
LogPluginManager: Mounting plugin LocationServicesBPLibrary
LogPluginManager: Mounting plugin MobilePatchingUtils
LogPluginManager: Mounting plugin OculusVR
LogPluginManager: Plugin shader directory ../../../Engine/Plugins/Runtime/Oculus/OculusVR/Shaders found
LogPluginManager: Mapping shader source directory ../../../Engine/Plugins/Runtime/Oculus/OculusVR/Shaders to virtual directory /Plugin/OculusVR
LogPluginManager: Mounting plugin PhysXVehicles
LogPluginManager: Mounting plugin ProceduralMeshComponent
LogPluginManager: Mounting plugin RuntimePhysXCooking
LogPluginManager: Mounting plugin SteamVR
LogPluginManager: Mounting plugin WindowsMoviePlayer
LogStreaming: Display: Took  0.110s to configure plugins.
LogInit: Using libcurl 7.55.1-DEV
LogInit:  - built for x86_64-pc-win32
LogInit:  - supports SSL with OpenSSL/1.0.2h
LogInit:  - supports HTTP deflate (compression) using libz 1.2.8
LogInit:  - other features:
LogInit:      CURL_VERSION_SSL
LogInit:      CURL_VERSION_LIBZ
LogInit:      CURL_VERSION_IPV6
LogInit:      CURL_VERSION_ASYNCHDNS
LogInit:      CURL_VERSION_LARGEFILE
LogInit:      CURL_VERSION_IDN
LogInit:  CurlRequestOptions (configurable via config and command line):
LogInit:  - bVerifyPeer = false  - Libcurl will NOT verify peer certificate
LogInit:  - bUseHttpProxy = false  - Libcurl will NOT use HTTP proxy
LogInit:  - bDontReuseConnections = false  - Libcurl will reuse connections
LogInit:  - CertBundlePath = nullptr  - Libcurl will use whatever was configured at build time.
LogInit:  - MaxHostConnections = 16  - Libcurl will limit the number of connections to a host
LogInit:  - LocalHostAddr = Default
LogInit:  - BufferSize = 65536
LogInit: WinSock: version 1.1 (2.2), MaxSocks=32767, MaxUdp=65467
LogInit: Build: ++UE4+Release-4.20-CL-4369336
LogInit: Engine Version: 4.20.3-4369336+++UE4+Release-4.20
LogInit: Compatible Engine Version: 4.20.0-4212847+++UE4+Release-4.20
LogInit: Net CL: 4212847
LogInit: OS: Windows 10 (), CPU: Intel(R) Core(TM) i7-6500U CPU @ 2.50GHz, GPU: Intel(R) HD Graphics 520
LogInit: Compiled (64-bit): Sep 17 2018 12:26:19
LogInit: Compiled with Visual C++: 19.13.26129.00
LogInit: Build Configuration: Development
LogInit: Branch Name: ++UE4+Release-4.20
LogInit: Command Line: 
LogInit: Base Directory: C:/Program Files/Epic Games/UE_4.20/Engine/Binaries/Win64/
LogInit: Installed Engine Build: 1
LogDevObjectVersion: Number of dev versions registered: 20
LogDevObjectVersion:   Dev-Blueprints (B0D832E4-1F89-4F0D-ACCF-7EB736FD4AA2): 10
LogDevObjectVersion:   Dev-Build (E1C64328-A22C-4D53-A36C-8E866417BD8C): 0
LogDevObjectVersion:   Dev-Core (375EC13C-06E4-48FB-B500-84F0262A717E): 2
LogDevObjectVersion:   Dev-Editor (E4B068ED-F494-42E9-A231-DA0B2E46BB41): 24
LogDevObjectVersion:   Dev-Framework (CFFC743F-43B0-4480-9391-14DF171D2073): 34
LogDevObjectVersion:   Dev-Mobile (B02B49B5-BB20-44E9-A304-32B752E40360): 2
LogDevObjectVersion:   Dev-Networking (A4E4105C-59A1-49B5-A7C5-40C4547EDFEE): 0
LogDevObjectVersion:   Dev-Online (39C831C9-5AE6-47DC-9A44-9C173E1C8E7C): 0
LogDevObjectVersion:   Dev-Physics (78F01B33-EBEA-4F98-B9B4-84EACCB95AA2): 0
LogDevObjectVersion:   Dev-Platform (6631380F-2D4D-43E0-8009-CF276956A95A): 0
LogDevObjectVersion:   Dev-Rendering (12F88B9F-8875-4AFC-A67C-D90C383ABD29): 26
LogDevObjectVersion:   Dev-Sequencer (7B5AE74C-D270-4C10-A958-57980B212A5A): 9
LogDevObjectVersion:   Dev-VR (D7296918-1DD6-4BDD-9DE2-64A83CC13884): 2
LogDevObjectVersion:   Dev-LoadTimes (C2A15278-BFE7-4AFE-6C17-90FF531DF755): 1
LogDevObjectVersion:   Private-Geometry (6EACA3D4-40EC-4CC1-B786-8BED09428FC5): 3
LogDevObjectVersion:   Dev-AnimPhys (29E575DD-E0A3-4627-9D10-D276232CDCEA): 17
LogDevObjectVersion:   Dev-ReflectionCapture (6B266CEC-1EC7-4B8F-A30B-E4D90942FC07): 1
LogDevObjectVersion:   Dev-Automation (0DF73D61-A23F-47EA-B727-89E90C41499A): 1
LogDevObjectVersion:   FortniteMain (601D1886-AC64-4F84-AA16-D3DE0DEAC7D6): 12
LogDevObjectVersion:   Dev-Enterprise (9DFFBCD6-494F-0158-E221-12823C92A888): 1
LogStreaming: Display: Took  0.010s to delete old logs.
LogInit: Presizing for max 8388607 objects, including 0 objects not considered by GC, pre-allocating 0 bytes for permanent pool.
LogInit: Object subsystem initialized
[2018.11.15-19.05.45:557][  0]LogInit: Selected Device Profile: [Windows]
[2018.11.15-19.05.45:557][  0]LogInit: Applying CVar settings loaded from the selected device profile: [Windows]
[2018.11.15-19.05.45:581][  0]LogHAL: Display: Platform has ~ 8 GB [8474480640 / 8589934592 / 8], which maps to Default [LargestMinGB=32, LargerMinGB=12, DefaultMinGB=8, SmallerMinGB=6, SmallestMinGB=0)
[2018.11.15-19.05.45:581][  0]LogInit: Setting Device Profile CVar: [[r.Vulkan.UseRealUBs:1]]
[2018.11.15-19.05.45:581][  0]LogInit: Going up to parent DeviceProfile []
[2018.11.15-19.05.45:581][  0]LogInit: Computer: LAPTOP-7TT9GHAF
[2018.11.15-19.05.45:581][  0]LogInit: User: lwar
[2018.11.15-19.05.45:581][  0]LogInit: CPU Page size=4096, Cores=2
[2018.11.15-19.05.45:581][  0]LogInit: High frequency timer resolution =2.531246 MHz
[2018.11.15-19.05.45:581][  0]LogMemory: Memory total: Physical=7.9GB (8GB approx)
[2018.11.15-19.05.45:581][  0]LogMemory: Platform Memory Stats for Windows
[2018.11.15-19.05.45:581][  0]LogMemory: Process Physical Memory: 100.68 MB used, 100.68 MB peak
[2018.11.15-19.05.45:581][  0]LogMemory: Process Virtual Memory: 92.13 MB used, 92.13 MB peak
[2018.11.15-19.05.45:582][  0]LogMemory: Physical Memory: 4833.37 MB used,  3248.53 MB free, 8081.89 MB total
[2018.11.15-19.05.45:582][  0]LogMemory: Virtual Memory: 4624.35 MB used,  3248.53 MB free, 134217728.00 MB total
[2018.11.15-19.05.45:597][  0]LogInit: Using OS detected language (en-US).
[2018.11.15-19.05.45:597][  0]LogInit: Using OS detected locale (en-US).
[2018.11.15-19.05.45:597][  0]LogTextLocalizationManager: No specific localization for 'en-US' exists, so the 'en' localization will be used.
[2018.11.15-19.05.46:010][  0]LogStreaming: Display: Took  0.413s to InitEngineTextLocalization.
[2018.11.15-19.05.46:010][  0]LogInit: Setting process to per monitor DPI aware
[2018.11.15-19.05.46:056][  0]LogSlate: New Slate User Created.  User Index 0, Is Virtual User: 0
[2018.11.15-19.05.46:056][  0]LogSlate: Slate User Registered.  User Index 0, Is Virtual User: 0
[2018.11.15-19.05.46:300][  0]LogHMD: Failed to initialize OpenVR with code 110
[2018.11.15-19.05.46:300][  0]LogD3D11RHI: D3D11 adapters:
[2018.11.15-19.05.46:403][  0]LogD3D11RHI:    0. 'Intel(R) HD Graphics 520' (Feature Level 11_0)
[2018.11.15-19.05.46:403][  0]LogD3D11RHI:       128/0/4040 MB DedicatedVideo/DedicatedSystem/SharedSystem, Outputs:1, VendorId:0x8086
[2018.11.15-19.05.46:405][  0]LogD3D11RHI:    1. 'Microsoft Basic Render Driver' (Feature Level 11_0)
[2018.11.15-19.05.46:405][  0]LogD3D11RHI:       0/0/4040 MB DedicatedVideo/DedicatedSystem/SharedSystem, Outputs:0, VendorId:0x1414
[2018.11.15-19.05.46:405][  0]LogD3D11RHI: Chosen D3D11 Adapter: 0
[2018.11.15-19.05.46:410][  0]LogD3D11RHI: Creating new Direct3DDevice
[2018.11.15-19.05.46:410][  0]LogD3D11RHI:     GPU DeviceId: 0x1916 (for the marketing name, search the web for "GPU Device Id")
[2018.11.15-19.05.46:410][  0]LogWindows: EnumDisplayDevices:
[2018.11.15-19.05.46:411][  0]LogWindows:    0. 'Intel(R) HD Graphics 520' (P:1 D:1)
[2018.11.15-19.05.46:411][  0]LogWindows:    1. 'Intel(R) HD Graphics 520' (P:0 D:0)
[2018.11.15-19.05.46:411][  0]LogWindows:    2. 'Intel(R) HD Graphics 520' (P:0 D:0)
[2018.11.15-19.05.46:411][  0]LogWindows: DebugString: FoundDriverCount:3 
[2018.11.15-19.05.46:411][  0]LogD3D11RHI:     Adapter Name: Intel(R) HD Graphics 520
[2018.11.15-19.05.46:411][  0]LogD3D11RHI:   Driver Version: 23.20.16.4973 (internal:23.20.16.4973, unified:23.20.16.4973)
[2018.11.15-19.05.46:411][  0]LogD3D11RHI:      Driver Date: 2-28-2018
[2018.11.15-19.05.46:411][  0]LogRHI: Texture pool is 1503 MB (70% of 2148 MB)
[2018.11.15-19.05.46:508][  0]LogD3D11RHI: Async texture creation enabled
[2018.11.15-19.05.46:515][  0]LogD3D11RHI: GPU Timing Frequency: 12.000048 (Debug: 2 0)
[2018.11.15-19.05.46:516][  0]LogShaderCompilers: Guid format shader working directory is -46 characters bigger than the processId version (../../../../../../Users/l_war/OneDrive/Documents/Github/project_final_2/Project-Final/Finals/Intermediate/Shaders/WorkingDirectory/4312/).
[2018.11.15-19.05.46:517][  0]LogShaderCompilers: Cleaned the shader compiler working directory 'C:/Users/l_war/AppData/Local/Temp/UnrealShaderWorkingDir/E835F15C432812543B50999AFBDC4D99/'.
[2018.11.15-19.05.46:806][  0]LogTemp: Display: Loaded TP AllDesktopTargetPlatform
[2018.11.15-19.05.46:821][  0]LogTemp: Display: Loaded TP MacClientTargetPlatform
[2018.11.15-19.05.46:837][  0]LogTemp: Display: Loaded TP MacNoEditorTargetPlatform
[2018.11.15-19.05.46:854][  0]LogTemp: Display: Loaded TP MacServerTargetPlatform
[2018.11.15-19.05.46:875][  0]LogTemp: Display: Loaded TP MacTargetPlatform
[2018.11.15-19.05.46:891][  0]LogTemp: Display: Loaded TP WindowsClientTargetPlatform
[2018.11.15-19.05.46:908][  0]LogTemp: Display: Loaded TP WindowsNoEditorTargetPlatform
[2018.11.15-19.05.46:924][  0]LogTemp: Display: Loaded TP WindowsServerTargetPlatform
[2018.11.15-19.05.46:932][  0]LogTemp: Display: Loaded TP WindowsTargetPlatform
[2018.11.15-19.05.47:023][  0]LogTemp: Display: Loaded TP AndroidTargetPlatform
[2018.11.15-19.05.47:023][  0]LogTemp: Display: Loaded TP AndroidTargetPlatform
[2018.11.15-19.05.47:023][  0]LogTemp: Display: Loaded TP AndroidTargetPlatform
[2018.11.15-19.05.47:023][  0]LogTemp: Display: Loaded TP AndroidTargetPlatform
[2018.11.15-19.05.47:023][  0]LogTemp: Display: Loaded TP AndroidTargetPlatform
[2018.11.15-19.05.47:023][  0]LogTemp: Display: Loaded TP AndroidTargetPlatform
[2018.11.15-19.05.47:023][  0]LogTemp: Display: Loaded TP AndroidTargetPlatform
[2018.11.15-19.05.47:023][  0]LogTemp: Display: Loaded TP AndroidTargetPlatform
[2018.11.15-19.05.47:023][  0]LogTemp: Display: Loaded TP AndroidTargetPlatform
[2018.11.15-19.05.47:023][  0]LogTemp: Display: Loaded TP AndroidTargetPlatform
[2018.11.15-19.05.47:023][  0]LogTemp: Display: Loaded TP AndroidTargetPlatform
[2018.11.15-19.05.47:023][  0]LogTemp: Display: Loaded TP AndroidTargetPlatform
[2018.11.15-19.05.47:023][  0]LogTemp: Display: Loaded TP AndroidTargetPlatform
[2018.11.15-19.05.47:023][  0]LogTemp: Display: Loaded TP AndroidTargetPlatform
[2018.11.15-19.05.47:023][  0]LogTemp: Display: Loaded TP AndroidTargetPlatform
[2018.11.15-19.05.47:023][  0]LogTemp: Display: Loaded TP AndroidTargetPlatform
[2018.11.15-19.05.47:023][  0]LogTemp: Display: Loaded TP AndroidTargetPlatform
[2018.11.15-19.05.47:023][  0]LogTemp: Display: Loaded TP AndroidTargetPlatform
[2018.11.15-19.05.47:024][  0]LogTemp: Display: Loaded TP HTML5TargetPlatform
[2018.11.15-19.05.47:089][  0]LogTemp: Display: Loaded TP IOSTargetPlatform
[2018.11.15-19.05.47:089][  0]LogTemp: Display: Loaded TP IOSTargetPlatform
[2018.11.15-19.05.47:116][  0]LogTemp: Display: Loaded TP TVOSTargetPlatform
[2018.11.15-19.05.47:116][  0]LogTemp: Display: Loaded TP TVOSTargetPlatform
[2018.11.15-19.05.47:130][  0]LogTemp: Display: Loaded TP LinuxClientTargetPlatform
[2018.11.15-19.05.47:145][  0]LogTemp: Display: Loaded TP LinuxNoEditorTargetPlatform
[2018.11.15-19.05.47:160][  0]LogTemp: Display: Loaded TP LinuxServerTargetPlatform
[2018.11.15-19.05.47:175][  0]LogTemp: Display: Loaded TP LinuxTargetPlatform
[2018.11.15-19.05.47:186][  0]LogTemp: Display: Loaded TP LuminTargetPlatform
[2018.11.15-19.05.47:186][  0]LogTargetPlatformManager: Display: Building Assets For Windows
[2018.11.15-19.05.47:253][  0]LogXGEController: Cannot use XGE Controller as Incredibuild is not installed on this machine.
[2018.11.15-19.05.47:253][  0]LogShaderCompilers: Cannot use XGE Shader Compiler as Incredibuild is not installed on this machine.
[2018.11.15-19.05.47:253][  0]LogShaderCompilers: Display: Using Local Shader Compiler.
[2018.11.15-19.05.48:091][  0]LogDerivedDataCache: Display: Max Cache Size: 512 MB
[2018.11.15-19.05.48:145][  0]LogDerivedDataCache: Loaded boot cache 0.06s 71MB C:/Users/l_war/AppData/Local/UnrealEngine/4.20/DerivedDataCache/Boot.ddc.
[2018.11.15-19.05.48:145][  0]LogDerivedDataCache: Display: Loaded Boot cache: C:/Users/l_war/AppData/Local/UnrealEngine/4.20/DerivedDataCache/Boot.ddc
[2018.11.15-19.05.48:146][  0]LogDerivedDataCache: FDerivedDataBackendGraph:  Pak pak cache file ../../../../../../Users/l_war/OneDrive/Documents/Github/project_final_2/Project-Final/Finals/DerivedDataCache/DDC.ddp not found, will not use a pak cache.
[2018.11.15-19.05.48:146][  0]LogDerivedDataCache: Unable to find inner node Pak for hierarchical cache Hierarchy.
[2018.11.15-19.05.48:146][  0]LogDerivedDataCache: FDerivedDataBackendGraph:  CompressedPak pak cache file ../../../../../../Users/l_war/OneDrive/Documents/Github/project_final_2/Project-Final/Finals/DerivedDataCache/Compressed.ddp not found, will not use a pak cache.
[2018.11.15-19.05.48:146][  0]LogDerivedDataCache: Unable to find inner node CompressedPak for hierarchical cache Hierarchy.
[2018.11.15-19.05.48:160][  0]LogDerivedDataCache: Display: Pak cache opened for reading ../../../Engine/DerivedDataCache/Compressed.ddp.
[2018.11.15-19.05.48:172][  0]LogDerivedDataCache: Using Local data cache path C:/Users/l_war/AppData/Local/UnrealEngine/Common/DerivedDataCache: Writable
[2018.11.15-19.05.48:172][  0]LogDerivedDataCache: Shared data cache path not found in *engine.ini, will not use an Shared cache.
[2018.11.15-19.05.48:172][  0]LogDerivedDataCache: Unable to find inner node Shared for hierarchical cache Hierarchy.
[2018.11.15-19.05.48:192][  0]LogMaterial: Verifying Global Shaders for PCD3D_SM5
[2018.11.15-19.05.48:193][  0]LogSlate: Using FreeType 2.6.0
[2018.11.15-19.05.48:194][  0]LogSlate: SlateFontServices - WITH_FREETYPE: 1, WITH_HARFBUZZ: 1
[2018.11.15-19.05.48:276][  0]LogAssetRegistry: FAssetRegistry took 0.0285 seconds to start up
[2018.11.15-19.05.48:660][  0]LogInit: Selected Device Profile: [Windows]
[2018.11.15-19.05.48:826][  0]LogSimplygon: Simplygon DLL not present - disabling.
[2018.11.15-19.05.48:832][  0]LogMeshReduction: Using SimplygonSwarm for distributed automatic mesh merging
[2018.11.15-19.05.48:832][  0]LogMeshReduction: Using ProxyLODMeshReduction for automatic mesh merging
[2018.11.15-19.05.48:832][  0]LogMeshReduction: Using QuadricMeshReduction for automatic static mesh reduction
[2018.11.15-19.05.48:832][  0]LogMeshReduction: No automatic skeletal mesh reduction module available
[2018.11.15-19.05.48:849][  0]LogNetVersion: Finals 1.0.0, NetCL: 4212847, EngineNetVer: 5, GameNetVer: 0 (Checksum: 3293051592)
[2018.11.15-19.05.49:545][  0]LogPackageLocalizationCache: Processed 11 localized package path(s) for 2 prioritized culture(s) in 0.175525 seconds
[2018.11.15-19.05.49:554][  0]LogUObjectArray: 38425 objects as part of root set at end of initial load.
[2018.11.15-19.05.49:554][  0]LogUObjectAllocator: 6690864 out of 0 bytes used by permanent object pool.
[2018.11.15-19.05.49:554][  0]LogUObjectArray: CloseDisregardForGC: 0/0 objects in disregard for GC pool
[2018.11.15-19.05.50:584][  0]LogSubstanceCoreModule: Substance [CPU] Engine Loaded, Max Texture Size = 2048
[2018.11.15-19.05.50:587][  0]LogTcpMessaging: Initializing TcpMessaging bridge
[2018.11.15-19.05.50:601][  0]LogUdpMessaging: Initializing bridge on interface 0.0.0.0:0 to multicast group 230.0.0.1:6666.
[2018.11.15-19.05.50:755][  0]SourceControl: Source control is disabled
[2018.11.15-19.05.50:755][  0]SourceControl: Source control is disabled
[2018.11.15-19.05.50:756][  0]SourceControl: Source control is disabled
[2018.11.15-19.05.50:757][  0]SourceControl: Source control is disabled
[2018.11.15-19.05.50:924][  0]LogAndroidPermission: UAndroidPermissionCallbackProxy::GetInstance
[2018.11.15-19.05.50:976][  0]LogOcInput: OculusInput pre-init called
[2018.11.15-19.05.51:145][  0]LogEngine: Initializing Engine...
[2018.11.15-19.05.51:146][  0]LogHMD: Failed to initialize OpenVR with code 110
[2018.11.15-19.05.51:147][  0]LogStats: UGameplayTagsManager::ConstructGameplayTagTree: ImportINI prefixes -  0.000 s
[2018.11.15-19.05.51:148][  0]LogStats: UGameplayTagsManager::ConstructGameplayTagTree: Construct from data asset -  0.000 s
[2018.11.15-19.05.51:148][  0]LogStats: UGameplayTagsManager::ConstructGameplayTagTree: ImportINI -  0.000 s
[2018.11.15-19.05.51:148][  0]LogStats: UGameplayTagsManager::ConstructGameplayTagTree: GameplayTagTreeChangedEvent.Broadcast -  0.000 s
[2018.11.15-19.05.51:368][  0]LogInit: Initializing FReadOnlyCVARCache
[2018.11.15-19.05.51:385][  0]LogAIModule: Creating AISystem for world Untitled
[2018.11.15-19.05.51:529][  0]LogInit: XAudio2 using 'Speakers (Realtek High Definition Audio)' : 2 channels at 48 kHz using 32 bits per sample (channel mask 0x3)
[2018.11.15-19.05.51:569][  0]LogInit: FAudioDevice initialized.
[2018.11.15-19.05.51:569][  0]LogNetVersion: Set ProjectVersion to 1.0.0.0. Version Checksum will be recalculated on next use.
[2018.11.15-19.05.51:656][  0]LogDerivedDataCache: Saved boot cache 0.09s 71MB C:/Users/l_war/AppData/Local/UnrealEngine/4.20/DerivedDataCache/Boot.ddc.
[2018.11.15-19.05.51:676][  0]LogInit: Texture streaming: Enabled
[2018.11.15-19.05.51:700][  0]LogEngineSessionManager: EngineSessionManager initialized
[2018.11.15-19.05.51:719][  0]LogInit: Transaction tracking system initialized
[2018.11.15-19.05.51:752][  0]BlueprintLog: New page: Editor Load
[2018.11.15-19.05.51:852][  0]LocalizationService: Localization service is disabled
[2018.11.15-19.05.52:159][  0]LogCook: Display: Max memory allowance for cook 16384mb min free memory 0mb
[2018.11.15-19.05.52:159][  0]LogCook: Display: Mobile HDR setting 1
[2018.11.15-19.05.52:159][  0]LogGameplayTags: Display: UGameplayTagsManager::DoneAddingNativeTags. DelegateIsBound: 0
[2018.11.15-19.05.52:159][  0]LogStats: UGameplayTagsManager::ConstructGameplayTagTree: ImportINI prefixes -  0.000 s
[2018.11.15-19.05.52:159][  0]LogStats: UGameplayTagsManager::ConstructGameplayTagTree: Construct from data asset -  0.000 s
[2018.11.15-19.05.52:159][  0]LogStats: UGameplayTagsManager::ConstructGameplayTagTree: ImportINI -  0.000 s
[2018.11.15-19.05.52:159][  0]LogStats: UGameplayTagsManager::ConstructGameplayTagTree: GameplayTagTreeChangedEvent.Broadcast -  0.000 s
[2018.11.15-19.05.52:312][  0]LogFileCache: Scanning file cache for directory 'C:/Users/l_war/OneDrive/Documents/Github/project_final_2/Project-Final/Finals/Content/' took 0.02s
[2018.11.15-19.05.52:312][  0]SourceControl: Source control is disabled
[2018.11.15-19.05.52:312][  0]Cmd: MAP LOAD FILE="../../../../../../Users/l_war/OneDrive/Documents/Github/project_final_2/Project-Final/Finals/Content/Final/Levels/TestingArea.umap" TEMPLATE=0 SHOWPROGRESS=1 FEATURELEVEL=3
[2018.11.15-19.05.52:312][  0]LightingResults: New page: Lighting Build
[2018.11.15-19.05.52:316][  0]MapCheck: New page: Map Check
[2018.11.15-19.05.52:316][  0]LightingResults: New page: Lighting Build
[2018.11.15-19.05.52:854][  0]LogBlueprint: Warning: Timeline Timeline_1 Track NewTrack_2 in /Engine/Transient.REINST_BP_Flying_Enemy_C_32 has an invalid curve.  Please fix!
[2018.11.15-19.05.53:446][  0]LogAIModule: Creating AISystem for world TestingArea
[2018.11.15-19.05.53:466][  0]LogEditorServer: Finished looking for orphan Actors (0.000 secs)
[2018.11.15-19.05.53:537][  0]Cmd: MAP CHECKDEP NOCLEARLOG
[2018.11.15-19.05.53:617][  0]MapCheck: Map check complete: 0 Error(s), 0 Warning(s), took 79.757ms to complete.
[2018.11.15-19.05.53:617][  0]LogFileHelpers: Loading map 'TestingArea' took 1.305
[2018.11.15-19.05.53:737][  0]LogSlate: Updating window title bar state: overlay mode, drag disabled, window buttons hidden, title bar hidden
[2018.11.15-19.05.53:758][  0]LogSlate: Updating window title bar state: overlay mode, drag disabled, window buttons hidden, title bar hidden
[2018.11.15-19.05.53:778][  0]LogSlate: Updating window title bar state: overlay mode, drag disabled, window buttons hidden, title bar hidden
[2018.11.15-19.05.53:786][  0]LogSlate: Updating window title bar state: overlay mode, drag disabled, window buttons hidden, title bar hidden
[2018.11.15-19.05.53:794][  0]LogCollectionManager: Loaded 0 collections in 0.002171 seconds
[2018.11.15-19.05.53:836][  0]LogFileCache: Scanning file cache for directory 'C:/Users/l_war/OneDrive/Documents/Github/project_final_2/Project-Final/Finals/Saved/Collections/' took 0.01s
[2018.11.15-19.05.53:837][  0]LogFileCache: Scanning file cache for directory 'C:/Users/l_war/OneDrive/Documents/Github/project_final_2/Project-Final/Finals/Content/Developers/lwar/Collections/' took 0.01s
[2018.11.15-19.05.53:837][  0]LogFileCache: Scanning file cache for directory 'C:/Users/l_war/OneDrive/Documents/Github/project_final_2/Project-Final/Finals/Content/Collections/' took 0.01s
[2018.11.15-19.05.53:837][  0]LogCollectionManager: Rebuilt the GUID cache for 0 collections in 0.000001 seconds
[2018.11.15-19.05.53:847][  0]LogContentBrowser: Native class hierarchy populated in 0.0103 seconds. Added 2586 classes and 609 folders.
[2018.11.15-19.05.53:855][  0]LogContentBrowser: Native class hierarchy updated for 'WidgetCarousel' in 0.0003 seconds. Added 0 classes and 0 folders.
[2018.11.15-19.05.53:910][  0]LogContentBrowser: Native class hierarchy updated for 'AddContentDialog' in 0.0003 seconds. Added 0 classes and 0 folders.
[2018.11.15-19.05.53:915][  0]LogContentBrowser: Native class hierarchy updated for 'SceneOutliner' in 0.0003 seconds. Added 1 classes and 2 folders.
[2018.11.15-19.05.53:990][  0]LogSlate: Took 0.000213 seconds to synchronously load lazily loaded font '../../../Engine/Content/Slate/Fonts/Roboto-Regular.ttf' (155K)
[2018.11.15-19.05.53:992][  0]LogSlate: Took 0.000214 seconds to synchronously load lazily loaded font '../../../Engine/Content/Slate/Fonts/Roboto-Bold.ttf' (160K)
[2018.11.15-19.05.54:000][  0]LogSlate: Took 0.000285 seconds to synchronously load lazily loaded font '../../../Engine/Content/Editor/Slate/Fonts/FontAwesome.ttf' (139K)
[2018.11.15-19.05.54:121][  0]LogRenderer: Reallocating scene render targets to support 1104x612 Format 10 NumSamples 1 (Frame:1).
[2018.11.15-19.05.54:672][  0]LogContentBrowser: Native class hierarchy updated for 'HierarchicalLODOutliner' in 0.0003 seconds. Added 0 classes and 0 folders.
[2018.11.15-19.05.54:673][  0]LogLoad: (Engine Initialization) Total time: 11.08 seconds
[2018.11.15-19.05.54:673][  0]LogLoad: (Engine Initialization) Total Blueprint compile time: 0.00 seconds
[2018.11.15-19.05.54:691][  0]LogWindowsTextInputMethodSystem: Display: IME system now deactivated.
[2018.11.15-19.05.54:713][  0]LogContentStreaming: Texture pool size now 1000 MB
[2018.11.15-19.05.54:745][  1]LogSubstanceLiveLink: Warning: Unable to send data along socket, closing connection
[2018.11.15-19.05.54:760][  1]LogAssetRegistry: Asset discovery search completed in 6.5057 seconds
[2018.11.15-19.05.54:761][  1]LogCollectionManager: Rebuilt the object cache for 0 collections in 0.000000 seconds (found 0 objects)
[2018.11.15-19.05.54:761][  1]LogCollectionManager: Fixed up redirectors for 0 collections in 0.000054 seconds (updated 0 objects)
[2018.11.15-19.05.58:752][109]LogSlate: Took 0.000685 seconds to synchronously load lazily loaded font '../../../Engine/Content/Slate/Fonts/Roboto-Light.ttf' (167K)
[2018.11.15-19.05.59:313][125]LogSlate: FSceneViewport::OnFocusLost() reason 0
[2018.11.15-19.05.59:590][130]LogSlate: Window 'Finals - Unreal Editor' being destroyed
[2018.11.15-19.05.59:592][130]LogWindowsTextInputMethodSystem: Display: IME system now deactivated.
[2018.11.15-19.05.59:594][130]LogWindowsTextInputMethodSystem: Display: IME system now deactivated.
[2018.11.15-19.05.59:800][131]Cmd: QUIT_EDITOR
[2018.11.15-19.05.59:837][131]LogExit: Preparing to exit.
[2018.11.15-19.06.00:735][131]LogExit: Editor shut down
[2018.11.15-19.06.00:735][131]LogExit: Transaction tracking system shut down
[2018.11.15-19.06.00:911][131]LogExit: Object subsystem successfully closed.
[2018.11.15-19.06.00:938][131]LogShaderCompilers: Display: Shaders left to compile 0
[2018.11.15-19.06.00:943][131]LogD3D11RHI: Shutdown
[2018.11.15-19.06.00:943][131]LogD3D11RHI: CleanupD3DDevice
[2018.11.15-19.06.00:963][131]LogD3D11RHI: ~FD3D11DynamicRHI
[2018.11.15-19.06.00:982][131]LogModuleManager: Shutting down and abandoning module HierarchicalLODOutliner (618)
[2018.11.15-19.06.00:982][131]LogModuleManager: Shutting down and abandoning module SceneOutliner (616)
[2018.11.15-19.06.00:982][131]LogModuleManager: Shutting down and abandoning module AddContentDialog (614)
[2018.11.15-19.06.00:982][131]LogModuleManager: Shutting down and abandoning module WidgetCarousel (613)
[2018.11.15-19.06.00:982][131]LogModuleManager: Shutting down and abandoning module EditorWidgets (610)
[2018.11.15-19.06.00:983][131]LogModuleManager: Shutting down and abandoning module CollectionManager (608)
[2018.11.15-19.06.00:983][131]LogModuleManager: Shutting down and abandoning module StatsViewer (606)
[2018.11.15-19.06.00:983][131]LogModuleManager: Shutting down and abandoning module FoliageEdit (604)
[2018.11.15-19.06.00:983][131]LogModuleManager: Shutting down and abandoning module LandscapeEditor (602)
[2018.11.15-19.06.00:983][131]LogModuleManager: Shutting down and abandoning module MeshPaintMode (600)
[2018.11.15-19.06.00:983][131]LogModuleManager: Shutting down and abandoning module SceneDepthPickerMode (598)
[2018.11.15-19.06.00:983][131]LogModuleManager: Shutting down and abandoning module ActorPickerMode (596)
[2018.11.15-19.06.00:983][131]LogModuleManager: Shutting down and abandoning module GeometryMode (594)
[2018.11.15-19.06.00:983][131]LogModuleManager: Shutting down and abandoning module TextureAlignMode (592)
[2018.11.15-19.06.00:983][131]LogModuleManager: Shutting down and abandoning module BspMode (590)
[2018.11.15-19.06.00:983][131]LogModuleManager: Shutting down and abandoning module PIEPreviewDeviceProfileSelector (588)
[2018.11.15-19.06.00:983][131]LogModuleManager: Shutting down and abandoning module SequenceRecorderSections (586)
[2018.11.15-19.06.00:983][131]LogModuleManager: Shutting down and abandoning module AutomationWorker (584)
[2018.11.15-19.06.00:983][131]LogModuleManager: Shutting down and abandoning module AudioCaptureEditor (582)
[2018.11.15-19.06.00:983][131]LogModuleManager: Shutting down and abandoning module SequenceRecorder (581)
[2018.11.15-19.06.00:983][131]LogModuleManager: Shutting down and abandoning module MatineeToLevelSequence (578)
[2018.11.15-19.06.00:983][131]LogModuleManager: Shutting down and abandoning module LevelSequenceEditor (576)
[2018.11.15-19.06.00:983][131]LogModuleManager: Shutting down and abandoning module PlacementMode (575)
[2018.11.15-19.06.00:983][131]LogModuleManager: Shutting down and abandoning module MaterialEditor (574)
[2018.11.15-19.06.00:983][131]LogModuleManager: Shutting down and abandoning module WmfMediaFactory (570)
[2018.11.15-19.06.00:983][131]LogModuleManager: Shutting down and abandoning module WmfMediaEditor (568)
[2018.11.15-19.06.00:983][131]LogModuleManager: Shutting down and abandoning module MediaPlayerEditor (566)
[2018.11.15-19.06.00:983][131]LogModuleManager: Shutting down and abandoning module OpenExrWrapper (564)
[2018.11.15-19.06.00:983][131]LogModuleManager: Shutting down and abandoning module ImgMediaFactory (562)
[2018.11.15-19.06.00:983][131]LogModuleManager: Shutting down and abandoning module ImgMediaEditor (560)
[2018.11.15-19.06.00:983][131]LogModuleManager: Shutting down and abandoning module AvfMediaFactory (558)
[2018.11.15-19.06.00:983][131]LogModuleManager: Shutting down and abandoning module AvfMediaEditor (556)
[2018.11.15-19.06.00:983][131]LogModuleManager: Shutting down and abandoning module AndroidMediaFactory (554)
[2018.11.15-19.06.00:983][131]LogModuleManager: Shutting down and abandoning module AndroidMediaEditor (552)
[2018.11.15-19.06.00:983][131]LogModuleManager: Shutting down and abandoning module MagicLeapCameraPreviewFactory (550)
[2018.11.15-19.06.00:983][131]LogModuleManager: Shutting down and abandoning module MagicLeapMediaFactory (548)
[2018.11.15-19.06.00:984][131]LogModuleManager: Shutting down and abandoning module MagicLeapMediaEditor (546)
[2018.11.15-19.06.00:984][131]LogModuleManager: Shutting down and abandoning module CharacterAI (544)
[2018.11.15-19.06.00:984][131]LogModuleManager: Shutting down and abandoning module SmartSnapping (542)
[2018.11.15-19.06.00:984][131]LogModuleManager: Shutting down and abandoning module SessionServices (540)
[2018.11.15-19.06.00:984][131]LogModuleManager: Shutting down and abandoning module ViewportSnapping (538)
[2018.11.15-19.06.00:984][131]LogModuleManager: Shutting down and abandoning module ViewportInteraction (536)
[2018.11.15-19.06.00:984][131]LogModuleManager: Shutting down and abandoning module ClothPainter (534)
[2018.11.15-19.06.00:984][131]LogModuleManager: Shutting down and abandoning module SkeletalMeshEditor (533)
[2018.11.15-19.06.00:984][131]LogModuleManager: Shutting down and abandoning module LogVisualizer (530)
[2018.11.15-19.06.00:984][131]LogModuleManager: Shutting down and abandoning module IntroTutorials (528)
[2018.11.15-19.06.00:984][131]LogModuleManager: Shutting down and abandoning module GameProjectGeneration (527)
[2018.11.15-19.06.00:984][131]LogModuleManager: Shutting down and abandoning module LuminPlatformEditor (524)
[2018.11.15-19.06.00:984][131]LogModuleManager: Shutting down and abandoning module IOSPlatformEditor (522)
[2018.11.15-19.06.00:984][131]LogModuleManager: Shutting down and abandoning module HTML5PlatformEditor (520)
[2018.11.15-19.06.00:984][131]LogModuleManager: Shutting down and abandoning module AndroidPlatformEditor (518)
[2018.11.15-19.06.00:984][131]LogModuleManager: Shutting down and abandoning module AndroidDeviceDetection (517)
[2018.11.15-19.06.01:898][131]LogModuleManager: Shutting down and abandoning module WindowsPlatformEditor (514)
[2018.11.15-19.06.01:899][131]LogModuleManager: Shutting down and abandoning module LuminRuntimeSettings (512)
[2018.11.15-19.06.01:899][131]LogModuleManager: Shutting down and abandoning module IOSRuntimeSettings (510)
[2018.11.15-19.06.01:899][131]LogModuleManager: Shutting down and abandoning module AndroidRuntimeSettings (508)
[2018.11.15-19.06.01:899][131]LogModuleManager: Shutting down and abandoning module InputBindingEditor (506)
[2018.11.15-19.06.01:899][131]LogModuleManager: Shutting down and abandoning module MergeActors (504)
[2018.11.15-19.06.01:899][131]LogModuleManager: Shutting down and abandoning module LocalizationDashboard (502)
[2018.11.15-19.06.01:899][131]LogModuleManager: Shutting down and abandoning module LocalizationService (501)
[2018.11.15-19.06.01:899][131]LogModuleManager: Shutting down and abandoning module HardwareTargeting (498)
[2018.11.15-19.06.01:899][131]LogModuleManager: Shutting down and abandoning module DeviceProfileEditor (496)
[2018.11.15-19.06.01:899][131]LogModuleManager: Shutting down and abandoning module UndoHistory (494)
[2018.11.15-19.06.01:899][131]LogModuleManager: Shutting down and abandoning module XmlParser (492)
[2018.11.15-19.06.01:899][131]LogModuleManager: Shutting down and abandoning module Blutility (490)
[2018.11.15-19.06.01:899][131]LogModuleManager: Shutting down and abandoning module ProjectSettingsViewer (488)
[2018.11.15-19.06.01:899][131]LogModuleManager: Shutting down and abandoning module ProjectTargetPlatformEditor (487)
[2018.11.15-19.06.01:899][131]LogModuleManager: Shutting down and abandoning module EditorSettingsViewer (484)
[2018.11.15-19.06.01:899][131]LogModuleManager: Shutting down and abandoning module SettingsEditor (482)
[2018.11.15-19.06.01:899][131]LogModuleManager: Shutting down and abandoning module ProjectLauncher (480)
[2018.11.15-19.06.01:899][131]LogModuleManager: Shutting down and abandoning module SessionFrontend (478)
[2018.11.15-19.06.01:899][131]LogModuleManager: Shutting down and abandoning module ProfilerClient (476)
[2018.11.15-19.06.01:899][131]LogModuleManager: Shutting down and abandoning module DeviceManager (474)
[2018.11.15-19.06.01:899][131]LogModuleManager: Shutting down and abandoning module TargetDeviceServices (473)
[2018.11.15-19.06.01:943][131]LogModuleManager: Shutting down and abandoning module AutomationController (470)
[2018.11.15-19.06.01:943][131]LogModuleManager: Shutting down and abandoning module AutomationWindow (468)
[2018.11.15-19.06.01:943][131]LogModuleManager: Shutting down and abandoning module Layers (466)
[2018.11.15-19.06.01:943][131]LogModuleManager: Shutting down and abandoning module ComponentVisualizers (464)
[2018.11.15-19.06.01:943][131]LogModuleManager: Shutting down and abandoning module DetailCustomizations (462)
[2018.11.15-19.06.01:943][131]LogModuleManager: Shutting down and abandoning module PackagesDialog (460)
[2018.11.15-19.06.01:943][131]LogModuleManager: Shutting down and abandoning module Persona (458)
[2018.11.15-19.06.01:943][131]LogModuleManager: Shutting down and abandoning module AdvancedPreviewScene (457)
[2018.11.15-19.06.01:943][131]LogModuleManager: Shutting down and abandoning module AnimGraph (455)
[2018.11.15-19.06.01:943][131]LogModuleManager: Shutting down and abandoning module Kismet (452)
[2018.11.15-19.06.01:944][131]LogModuleManager: Shutting down and abandoning module GraphEditor (450)
[2018.11.15-19.06.01:944][131]LogModuleManager: Shutting down and abandoning module ClassViewer (448)
[2018.11.15-19.06.01:944][131]LogModuleManager: Shutting down and abandoning module Toolbox (446)
[2018.11.15-19.06.01:944][131]LogModuleManager: Shutting down and abandoning module ModuleUI (444)
[2018.11.15-19.06.01:944][131]LogModuleManager: Shutting down and abandoning module MovieSceneTools (442)
[2018.11.15-19.06.01:944][131]LogModuleManager: Shutting down and abandoning module OutputLog (440)
[2018.11.15-19.06.01:944][131]LogModuleManager: Shutting down and abandoning module GammaUI (438)
[2018.11.15-19.06.01:944][131]LogModuleManager: Shutting down and abandoning module Documentation (436)
[2018.11.15-19.06.01:944][131]LogModuleManager: Shutting down and abandoning module MovieSceneTracks (434)
[2018.11.15-19.06.01:944][131]LogModuleManager: Shutting down and abandoning module MovieScene (432)
[2018.11.15-19.06.01:944][131]LogModuleManager: Shutting down and abandoning module StreamingPauseRendering (430)
[2018.11.15-19.06.01:944][131]LogModuleManager: Shutting down and abandoning module LauncherPlatform (428)
[2018.11.15-19.06.01:944][131]LogModuleManager: Shutting down and abandoning module AnalyticsET (426)
[2018.11.15-19.06.01:944][131]LogModuleManager: Shutting down and abandoning module PortalServices (424)
[2018.11.15-19.06.01:944][131]LogModuleManager: Shutting down and abandoning module PortalRpc (422)
[2018.11.15-19.06.01:944][131]LogModuleManager: Shutting down and abandoning module MessagingRpc (420)
[2018.11.15-19.06.01:944][131]LogModuleManager: Shutting down and abandoning module AIModule (418)
[2018.11.15-19.06.01:944][131]LogModuleManager: Shutting down and abandoning module GameplayDebugger (417)
[2018.11.15-19.06.01:944][131]LogModuleManager: Shutting down and abandoning module AITestSuite (415)
[2018.11.15-19.06.01:944][131]LogModuleManager: Shutting down and abandoning module NavigationSystem (413)
[2018.11.15-19.06.01:944][131]LogModuleManager: Shutting down and abandoning module DesktopPlatform (410)
[2018.11.15-19.06.01:944][131]LogModuleManager: Shutting down and abandoning module ProfilerService (408)
[2018.11.15-19.06.02:105][131]LogModuleManager: Shutting down and abandoning module TaskGraph (406)
[2018.11.15-19.06.02:105][131]LogModuleManager: Shutting down and abandoning module SubstanceLiveLink (404)
[2018.11.15-19.06.02:105][131]LogModuleManager: Shutting down and abandoning module SubstanceSource (402)
[2018.11.15-19.06.02:105][131]LogModuleManager: Shutting down and abandoning module SubstanceEditor (400)
[2018.11.15-19.06.02:106][131]LogModuleManager: Shutting down and abandoning module SteamVRController (398)
[2018.11.15-19.06.02:106][131]LogModuleManager: Shutting down and abandoning module ProceduralMeshComponentEditor (396)
[2018.11.15-19.06.02:106][131]LogModuleManager: Shutting down and abandoning module ProceduralMeshComponent (394)
[2018.11.15-19.06.02:106][131]LogModuleManager: Shutting down and abandoning module OculusInput (392)
[2018.11.15-19.06.02:106][131]LogModuleManager: Shutting down and abandoning module MobilePatchingUtils (390)
[2018.11.15-19.06.02:106][131]LogModuleManager: Shutting down and abandoning module EditableMesh (388)
[2018.11.15-19.06.02:106][131]LogModuleManager: Shutting down and abandoning module CustomMeshComponent (386)
[2018.11.15-19.06.02:106][131]LogModuleManager: Shutting down and abandoning module CableComponent (384)
[2018.11.15-19.06.02:106][131]LogModuleManager: Shutting down and abandoning module AudioCapture (382)
[2018.11.15-19.06.02:106][131]LogModuleManager: Shutting down and abandoning module ArchVisCharacter (380)
[2018.11.15-19.06.02:106][131]LogModuleManager: Shutting down and abandoning module AndroidPermission (378)
[2018.11.15-19.06.02:106][131]LogModuleManager: Shutting down and abandoning module NUTUnrealEngine4 (376)
[2018.11.15-19.06.02:106][131]LogModuleManager: Shutting down and abandoning module NetcodeUnitTest (374)
[2018.11.15-19.06.02:106][131]LogModuleManager: Shutting down and abandoning module MediaCompositingEditor (372)
[2018.11.15-19.06.02:106][131]LogModuleManager: Shutting down and abandoning module MediaCompositing (370)
[2018.11.15-19.06.02:106][131]LogModuleManager: Shutting down and abandoning module LinearTimecode (368)
[2018.11.15-19.06.02:106][131]LogModuleManager: Shutting down and abandoning module ImgMedia (366)
[2018.11.15-19.06.02:109][131]LogModuleManager: Shutting down and abandoning module HTML5Networking (364)
[2018.11.15-19.06.02:109][131]LogModuleManager: Shutting down and abandoning module GeometryCacheTracks (362)
[2018.11.15-19.06.02:109][131]LogModuleManager: Shutting down and abandoning module GeometryCacheSequencer (360)
[2018.11.15-19.06.02:109][131]LogModuleManager: Shutting down and abandoning module BackChannel (358)
[2018.11.15-19.06.02:109][131]LogModuleManager: Shutting down and abandoning module AppleVision (356)
[2018.11.15-19.06.02:109][131]LogModuleManager: Shutting down and abandoning module AppleImageUtils (354)
[2018.11.15-19.06.02:109][131]LogModuleManager: Shutting down and abandoning module AlembicImporter (352)
[2018.11.15-19.06.02:109][131]LogModuleManager: Shutting down and abandoning module AlembicLibrary (351)
[2018.11.15-19.06.02:109][131]LogModuleManager: Shutting down and abandoning module GeometryCache (350)
[2018.11.15-19.06.02:109][131]LogModuleManager: Shutting down and abandoning module GeometryCacheEd (349)
[2018.11.15-19.06.02:109][131]LogModuleManager: Shutting down and abandoning module DatasmithContentEditor (344)
[2018.11.15-19.06.02:109][131]LogModuleManager: Shutting down and abandoning module DatasmithContent (342)
[2018.11.15-19.06.02:110][131]LogModuleManager: Shutting down and abandoning module SpeedTreeImporter (340)
[2018.11.15-19.06.02:110][131]LogModuleManager: Shutting down and abandoning module PluginBrowser (338)
[2018.11.15-19.06.02:110][131]LogModuleManager: Shutting down and abandoning module MobileLauncherProfileWizard (336)
[2018.11.15-19.06.02:110][131]LogModuleManager: Shutting down and abandoning module PolygonModeling (334)
[2018.11.15-19.06.02:110][131]LogModuleManager: Shutting down and abandoning module MeshEditor (332)
[2018.11.15-19.06.02:110][131]LogModuleManager: Shutting down and abandoning module CryptoKeysOpenSSL (330)
[2018.11.15-19.06.02:110][131]LogModuleManager: Shutting down and abandoning module CryptoKeys (328)
[2018.11.15-19.06.02:110][131]LogModuleManager: Shutting down and abandoning module VisualStudioSourceCodeAccess (326)
[2018.11.15-19.06.02:110][131]LogModuleManager: Shutting down and abandoning module VisualStudioCodeSourceCodeAccess (324)
[2018.11.15-19.06.02:111][131]LogModuleManager: Shutting down and abandoning module UObjectPlugin (322)
[2018.11.15-19.06.02:111][131]LogModuleManager: Shutting down and abandoning module SubversionSourceControl (320)
[2018.11.15-19.06.02:111][131]LogModuleManager: Shutting down and abandoning module PerforceSourceControl (318)
[2018.11.15-19.06.02:111][131]LogModuleManager: Shutting down and abandoning module GitSourceControl (316)
[2018.11.15-19.06.02:111][131]LogModuleManager: Shutting down and abandoning module SourceControl (315)
[2018.11.15-19.06.02:111][131]LogModuleManager: Shutting down and abandoning module CLionSourceCodeAccess (312)
[2018.11.15-19.06.02:111][131]LogModuleManager: Shutting down and abandoning module LightPropagationVolumeEditor (310)
[2018.11.15-19.06.02:111][131]LogModuleManager: Shutting down and abandoning module PaperTiledImporter (308)
[2018.11.15-19.06.02:111][131]LogModuleManager: Shutting down and abandoning module PaperSpriteSheetImporter (306)
[2018.11.15-19.06.02:111][131]LogModuleManager: Shutting down and abandoning module Paper2DEditor (304)
[2018.11.15-19.06.02:111][131]LogModuleManager: Shutting down and abandoning module MeshPaint (303)
[2018.11.15-19.06.02:111][131]LogModuleManager: Shutting down and abandoning module RuntimePhysXCooking (300)
[2018.11.15-19.06.02:111][131]LogModuleManager: Shutting down and abandoning module PhysXVehiclesEditor (298)
[2018.11.15-19.06.02:111][131]LogModuleManager: Shutting down and abandoning module PhysXVehicles (296)
[2018.11.15-19.06.02:111][131]LogModuleManager: Shutting down and abandoning module OculusEditor (294)
[2018.11.15-19.06.02:111][131]LogModuleManager: Shutting down and abandoning module LocationServicesBPLibrary (292)
[2018.11.15-19.06.02:111][131]LogModuleManager: Shutting down and abandoning module ImmediatePhysicsEditor (290)
[2018.11.15-19.06.02:111][131]LogModuleManager: Shutting down and abandoning module ImmediatePhysics (288)
[2018.11.15-19.06.02:111][131]LogModuleManager: Shutting down and abandoning module ActorSequence (286)
[2018.11.15-19.06.02:111][131]LogModuleManager: Shutting down and abandoning module UdpMessaging (284)
[2018.11.15-19.06.02:212][131]LogModuleManager: Shutting down and abandoning module TcpMessaging (282)
[2018.11.15-19.06.02:313][131]LogModuleManager: Shutting down and abandoning module SubstanceCore (280)
[2018.11.15-19.06.02:313][131]LogModuleManager: Shutting down and abandoning module MagicLeapAudio (278)
[2018.11.15-19.06.02:313][131]LogModuleManager: Shutting down and abandoning module GameplayTagsEditor (276)
[2018.11.15-19.06.02:313][131]LogModuleManager: Shutting down and abandoning module FacialAnimationEditor (274)
[2018.11.15-19.06.02:313][131]LogModuleManager: Shutting down and abandoning module FacialAnimation (272)
[2018.11.15-19.06.02:313][131]LogModuleManager: Shutting down and abandoning module DataValidation (270)
[2018.11.15-19.06.02:313][131]LogModuleManager: Shutting down and abandoning module AssetManagerEditor (268)
[2018.11.15-19.06.02:313][131]LogModuleManager: Shutting down and abandoning module LevelEditor (267)
[2018.11.15-19.06.02:314][131]LogModuleManager: Shutting down and abandoning module PixelInspectorModule (266)
[2018.11.15-19.06.02:314][131]LogModuleManager: Shutting down and abandoning module CommonMenuExtensions (264)
[2018.11.15-19.06.02:314][131]LogModuleManager: Shutting down and abandoning module MainFrame (262)
[2018.11.15-19.06.02:314][131]LogModuleManager: Shutting down and abandoning module HotReload (261)
[2018.11.15-19.06.02:315][131]LogModuleManager: Shutting down and abandoning module ContentBrowser (257)
[2018.11.15-19.06.02:316][131]LogModuleManager: Shutting down and abandoning module TreeMap (255)
[2018.11.15-19.06.02:316][131]LogModuleManager: Shutting down and abandoning module LightPropagationVolumeRuntime (252)
[2018.11.15-19.06.02:316][131]LogModuleManager: Shutting down and abandoning module AISupportModule (250)
[2018.11.15-19.06.02:316][131]LogModuleManager: Shutting down and abandoning module Paper2D (248)
[2018.11.15-19.06.02:316][131]LogModuleManager: Shutting down and abandoning module WindowsMoviePlayer (246)
[2018.11.15-19.06.02:316][131]LogModuleManager: Shutting down and abandoning module WmfMedia (244)
[2018.11.15-19.06.02:317][131]LogModuleManager: Shutting down and abandoning module Media (243)
[2018.11.15-19.06.02:323][131]LogModuleManager: Shutting down and abandoning module PacketHandler (240)
[2018.11.15-19.06.02:323][131]LogModuleManager: Shutting down and abandoning module ClothingSystemEditor (238)
[2018.11.15-19.06.02:323][131]LogModuleManager: Shutting down and abandoning module ClothingSystemRuntime (236)
[2018.11.15-19.06.02:323][131]LogModuleManager: Shutting down and abandoning module MediaAssets (234)
[2018.11.15-19.06.02:323][131]LogModuleManager: Shutting down and abandoning module Overlay (232)
[2018.11.15-19.06.02:323][131]LogModuleManager: Shutting down and abandoning module OverlayEditor (231)
[2018.11.15-19.06.02:323][131]LogModuleManager: Shutting down and abandoning module VREditor (228)
[2018.11.15-19.06.02:323][131]LogModuleManager: Shutting down and abandoning module StringTableEditor (226)
[2018.11.15-19.06.02:323][131]LogModuleManager: Shutting down and abandoning module GameplayTasksEditor (224)
[2018.11.15-19.06.02:323][131]LogModuleManager: Shutting down and abandoning module BehaviorTreeEditor (222)
[2018.11.15-19.06.02:323][131]LogModuleManager: Shutting down and abandoning module FunctionalTesting (220)
[2018.11.15-19.06.02:323][131]LogModuleManager: Shutting down and abandoning module CollisionAnalyzer (218)
[2018.11.15-19.06.02:323][131]LogModuleManager: Shutting down and abandoning module WorkspaceMenuStructure (217)
[2018.11.15-19.06.02:323][131]LogModuleManager: Shutting down and abandoning module UMG (214)
[2018.11.15-19.06.02:323][131]LogModuleManager: Shutting down and abandoning module UMGEditor (213)
[2018.11.15-19.06.02:323][131]LogModuleManager: Shutting down and abandoning module Sequencer (212)
[2018.11.15-19.06.02:324][131]LogModuleManager: Shutting down and abandoning module MessageLog (209)
[2018.11.15-19.06.02:324][131]LogModuleManager: Shutting down and abandoning module SlateReflector (204)
[2018.11.15-19.06.02:324][131]LogModuleManager: Shutting down and abandoning module Slate (202)
[2018.11.15-19.06.02:324][131]LogModuleManager: Shutting down and abandoning module EditorStyle (200)
[2018.11.15-19.06.02:325][131]LogModuleManager: Shutting down and abandoning module MRMesh (198)
[2018.11.15-19.06.02:325][131]LogModuleManager: Shutting down and abandoning module SourceCodeAccess (196)
[2018.11.15-19.06.02:325][131]LogModuleManager: Shutting down and abandoning module HeadMountedDisplay (194)
[2018.11.15-19.06.02:325][131]LogModuleManager: Shutting down and abandoning module XAudio2 (192)
[2018.11.15-19.06.02:325][131]LogModuleManager: Shutting down and abandoning module Networking (190)
[2018.11.15-19.06.02:325][131]LogModuleManager: Shutting down and abandoning module Core (188)
[2018.11.15-19.06.02:325][131]LogModuleManager: Shutting down and abandoning module LevelSequence (186)
[2018.11.15-19.06.02:325][131]LogModuleManager: Shutting down and abandoning module KismetCompiler (184)
[2018.11.15-19.06.02:325][131]LogModuleManager: Shutting down and abandoning module MeshUtilities (182)
[2018.11.15-19.06.02:325][131]LogModuleManager: Shutting down and abandoning module MeshMergeUtilities (181)
[2018.11.15-19.06.02:325][131]LogModuleManager: Shutting down and abandoning module MeshReductionInterface (180)
[2018.11.15-19.06.02:325][131]LogModuleManager: Shutting down and abandoning module SimplygonSwarm (179)
[2018.11.15-19.06.02:325][131]LogModuleManager: Shutting down and abandoning module ProxyLODMeshReduction (177)
[2018.11.15-19.06.02:325][131]LogModuleManager: Shutting down and abandoning module SimplygonMeshReduction (175)
[2018.11.15-19.06.02:325][131]LogModuleManager: Shutting down and abandoning module QuadricMeshReduction (173)
[2018.11.15-19.06.02:325][131]LogModuleManager: Shutting down and abandoning module MaterialBaking (169)
[2018.11.15-19.06.02:325][131]LogModuleManager: Shutting down and abandoning module DirectoryWatcher (165)
[2018.11.15-19.06.02:326][131]LogModuleManager: Shutting down and abandoning module DerivedDataCache (162)
[2018.11.15-19.06.02:682][131]LogDerivedDataCache: Shutdown
[2018.11.15-19.06.02:682][131]LogModuleManager: Shutting down and abandoning module XGEController (160)
[2018.11.15-19.06.02:682][131]LogModuleManager: Shutting down and abandoning module TargetPlatform (158)
[2018.11.15-19.06.02:682][131]LogModuleManager: Shutting down and abandoning module VulkanShaderFormat (157)
[2018.11.15-19.06.02:682][131]LogModuleManager: Shutting down and abandoning module ShaderFormatVectorVM (155)
[2018.11.15-19.06.02:682][131]LogModuleManager: Shutting down and abandoning module ShaderFormatOpenGL (153)
[2018.11.15-19.06.02:682][131]LogModuleManager: Shutting down and abandoning module ShaderFormatD3D (151)
[2018.11.15-19.06.02:682][131]LogModuleManager: Shutting down and abandoning module MetalShaderFormat (149)
[2018.11.15-19.06.02:682][131]LogModuleManager: Shutting down and abandoning module TextureFormatUncompressed (147)
[2018.11.15-19.06.02:682][131]LogModuleManager: Shutting down and abandoning module TextureFormatPVR (145)
[2018.11.15-19.06.02:682][131]LogModuleManager: Shutting down and abandoning module TextureFormatDXT (143)
[2018.11.15-19.06.02:682][131]LogModuleManager: Shutting down and abandoning module TextureFormatIntelISPCTexComp (141)
[2018.11.15-19.06.02:682][131]LogModuleManager: Shutting down and abandoning module TextureFormatASTC (139)
[2018.11.15-19.06.02:682][131]LogModuleManager: Shutting down and abandoning module ImageWrapper (138)
[2018.11.15-19.06.02:683][131]LogModuleManager: Shutting down and abandoning module TextureFormatAndroid (135)
[2018.11.15-19.06.02:683][131]LogModuleManager: Shutting down and abandoning module AudioFormatOpus (133)
[2018.11.15-19.06.02:683][131]LogModuleManager: Shutting down and abandoning module AudioFormatOgg (131)
[2018.11.15-19.06.02:683][131]LogModuleManager: Shutting down and abandoning module AudioFormatADPCM (129)
[2018.11.15-19.06.02:683][131]LogModuleManager: Shutting down and abandoning module LuminTargetPlatform (127)
[2018.11.15-19.06.02:683][131]LogModuleManager: Shutting down and abandoning module LinuxTargetPlatform (125)
[2018.11.15-19.06.02:683][131]LogModuleManager: Shutting down and abandoning module LinuxServerTargetPlatform (123)
[2018.11.15-19.06.02:683][131]LogModuleManager: Shutting down and abandoning module LinuxNoEditorTargetPlatform (121)
[2018.11.15-19.06.02:683][131]LogModuleManager: Shutting down and abandoning module LinuxClientTargetPlatform (119)
[2018.11.15-19.06.02:683][131]LogModuleManager: Shutting down and abandoning module TVOSTargetPlatform (117)
[2018.11.15-19.06.02:684][131]LogModuleManager: Shutting down and abandoning module Messaging (115)
[2018.11.15-19.06.02:684][131]LogModuleManager: Shutting down and abandoning module IOSTargetPlatform (113)
[2018.11.15-19.06.02:684][131]LogModuleManager: Shutting down and abandoning module HTML5TargetPlatform (111)
[2018.11.15-19.06.02:684][131]LogModuleManager: Shutting down and abandoning module AndroidTargetPlatform (109)
[2018.11.15-19.06.02:691][131]LogModuleManager: Shutting down and abandoning module WindowsTargetPlatform (107)
[2018.11.15-19.06.02:691][131]LogModuleManager: Shutting down and abandoning module WindowsServerTargetPlatform (105)
[2018.11.15-19.06.02:691][131]LogModuleManager: Shutting down and abandoning module WindowsNoEditorTargetPlatform (103)
[2018.11.15-19.06.02:691][131]LogModuleManager: Shutting down and abandoning module WindowsClientTargetPlatform (101)
[2018.11.15-19.06.02:691][131]LogModuleManager: Shutting down and abandoning module MacTargetPlatform (99)
[2018.11.15-19.06.02:691][131]LogModuleManager: Shutting down and abandoning module MacServerTargetPlatform (97)
[2018.11.15-19.06.02:691][131]LogModuleManager: Shutting down and abandoning module MacNoEditorTargetPlatform (95)
[2018.11.15-19.06.02:691][131]LogModuleManager: Shutting down and abandoning module MacClientTargetPlatform (93)
[2018.11.15-19.06.02:691][131]LogModuleManager: Shutting down and abandoning module AllDesktopTargetPlatform (91)
[2018.11.15-19.06.02:691][131]LogModuleManager: Shutting down and abandoning module InputCore (88)
[2018.11.15-19.06.02:691][131]LogModuleManager: Shutting down and abandoning module Settings (86)
[2018.11.15-19.06.02:691][131]LogModuleManager: Shutting down and abandoning module PhysXCooking (84)
[2018.11.15-19.06.02:691][131]LogModuleManager: Shutting down and abandoning module SteamVR (82)
[2018.11.15-19.06.02:691][131]LogModuleManager: Shutting down and abandoning module OculusHMD (80)
[2018.11.15-19.06.02:691][131]LogModuleManager: Shutting down and abandoning module ExampleDeviceProfileSelector (78)
[2018.11.15-19.06.02:691][131]LogModuleManager: Shutting down and abandoning module LauncherChunkInstaller (76)
[2018.11.15-19.06.02:691][131]LogModuleManager: Shutting down and abandoning module OnlineBlueprintSupport (74)
[2018.11.15-19.06.02:691][131]LogModuleManager: Shutting down and abandoning module OnlineSubsystem (70)
[2018.11.15-19.06.02:692][131]LogModuleManager: Shutting down and abandoning module XMPP (65)
[2018.11.15-19.06.02:692][131]LogModuleManager: Shutting down and abandoning module WebSockets (64)
[2018.11.15-19.06.02:728][131]LogModuleManager: Shutting down and abandoning module HTTP (61)
[2018.11.15-19.06.02:728][131]LogHttp: Display: Http module shutting down, but needs to wait on 1 outstanding Http requests:
[2018.11.15-19.06.02:728][131]LogHttp: Display: 	verb=[POST] url=[https://datarouter.ol.epicgames.com/datarouter/api/v1/public/data?SessionID=%7B7DE14C14-4D1E-BFC4-ADC1-32BBC7462FDD%7D&AppID=UEEditor.Rocket.Release&AppVersion=4.20.3-4369336%2B%2B%2BUE4%2BRelease-4.20&UserID=c668be724f2aa919fe621b85719f50a7%7C455b5e5043e24aae91347b4aaa806744%7C98ab384c-40f0-404b-8c7a-9947863f40f0&AppEnvironment=datacollector-binary&UploadType=eteventstream] status=Processing
[2018.11.15-19.06.02:751][131]LogModuleManager: Shutting down and abandoning module SSL (60)
[2018.11.15-19.06.02:752][131]LogModuleManager: Shutting down and abandoning module MagicLeapEmulator (56)
[2018.11.15-19.06.02:752][131]LogModuleManager: Shutting down and abandoning module MagicLeapPrivileges (54)
[2018.11.15-19.06.02:752][131]LogModuleManager: Shutting down and abandoning module MagicLeapIdentity (52)
[2018.11.15-19.06.02:752][131]LogModuleManager: Shutting down and abandoning module MagicLeapHelperVulkan (50)
[2018.11.15-19.06.02:752][131]LogModuleManager: Shutting down and abandoning module MagicLeapHelperOpenGL (48)
[2018.11.15-19.06.02:752][131]LogModuleManager: Shutting down and abandoning module MagicLeapSecureStorage (46)
[2018.11.15-19.06.02:752][131]LogModuleManager: Shutting down and abandoning module MagicLeapGestures (44)
[2018.11.15-19.06.02:752][131]LogModuleManager: Shutting down and abandoning module MagicLeapEyeTracker (42)
[2018.11.15-19.06.02:752][131]LogModuleManager: Shutting down and abandoning module MagicLeapController (40)
[2018.11.15-19.06.02:752][131]LogSlate: Slate User Destroyed.  User Index 0, Is Virtual User: 0
[2018.11.15-19.06.02:753][131]LogModuleManager: Shutting down and abandoning module MagicLeap (38)
[2018.11.15-19.06.02:753][131]LogModuleManager: Shutting down and abandoning module AnimationModifiers (36)
[2018.11.15-19.06.02:753][131]LogModuleManager: Shutting down and abandoning module PropertyEditor (35)
[2018.11.15-19.06.02:753][131]LogModuleManager: Shutting down and abandoning module AudioEditor (32)
[2018.11.15-19.06.02:753][131]LogModuleManager: Shutting down and abandoning module TextureCompressor (30)
[2018.11.15-19.06.02:753][131]LogModuleManager: Shutting down and abandoning module ShaderCore (28)
[2018.11.15-19.06.02:753][131]LogModuleManager: Shutting down and abandoning module Landscape (26)
[2018.11.15-19.06.02:753][131]LogModuleManager: Shutting down and abandoning module SlateRHIRenderer (24)
[2018.11.15-19.06.02:753][131]LogModuleManager: Shutting down and abandoning module OpenGLDrv (22)
[2018.11.15-19.06.02:753][131]LogModuleManager: Shutting down and abandoning module D3D11RHI (20)
[2018.11.15-19.06.02:753][131]LogModuleManager: Shutting down and abandoning module AnimGraphRuntime (18)
[2018.11.15-19.06.02:753][131]LogModuleManager: Shutting down and abandoning module Renderer (16)
[2018.11.15-19.06.02:753][131]LogModuleManager: Shutting down and abandoning module Engine (14)
[2018.11.15-19.06.02:753][131]LogModuleManager: Shutting down and abandoning module CoreUObject (12)
[2018.11.15-19.06.02:753][131]LogModuleManager: Shutting down and abandoning module NetworkFile (10)
[2018.11.15-19.06.02:753][131]LogModuleManager: Shutting down and abandoning module CookedIterativeFile (8)
[2018.11.15-19.06.02:753][131]LogModuleManager: Shutting down and abandoning module StreamingFile (6)
[2018.11.15-19.06.02:753][131]LogModuleManager: Shutting down and abandoning module SandboxFile (4)
[2018.11.15-19.06.02:753][131]LogModuleManager: Shutting down and abandoning module PakFile (2)
[2018.11.15-19.06.02:756][131]LogExit: Exiting.
[2018.11.15-19.06.02:766][131]Log file closed, 11/15/18 13:06:02
