Log file open, 11/19/18 13:24:14
LogWindows: Failed to load 'aqProf.dll' (GetLastError=126)
LogWindows: File 'aqProf.dll' does not exist
LogWindows: Failed to load 'VSPerf140.dll' (GetLastError=126)
LogWindows: File 'VSPerf140.dll' does not exist
LogWindows: Failed to load 'VtuneApi.dll' (GetLastError=126)
LogWindows: File 'VtuneApi.dll' does not exist
LogWindows: Failed to load 'VtuneApi32e.dll' (GetLastError=126)
LogWindows: File 'VtuneApi32e.dll' does not exist
LogInit: Display: Running engine for game: Finals
LogPlatformFile: Not using cached read wrapper
LogTaskGraph: Started task graph with 5 named threads and 11 total threads with 3 sets of task threads.
LogStats: Stats thread started at 0.241381
LogD3D11RHI: Loaded GFSDK_Aftermath_Lib.x64.dll
LogICUInternationalization: Display: ICU TimeZone Detection - Raw Offset: -6:00, Platform Override: ''
LogPluginManager: Mounting plugin Paper2D
LogPluginManager: Mounting plugin AISupport
LogPluginManager: Mounting plugin LightPropagationVolume
LogPluginManager: Mounting plugin CLionSourceCodeAccess
LogPluginManager: Mounting plugin CodeLiteSourceCodeAccess
LogPluginManager: Mounting plugin GitSourceControl
LogPluginManager: Mounting plugin KDevelopSourceCodeAccess
LogPluginManager: Mounting plugin NullSourceCodeAccess
LogPluginManager: Mounting plugin PerforceSourceControl
LogPluginManager: Mounting plugin SubversionSourceControl
LogPluginManager: Mounting plugin UObjectPlugin
LogPluginManager: Mounting plugin VisualStudioCodeSourceCodeAccess
LogPluginManager: Mounting plugin VisualStudioSourceCodeAccess
LogPluginManager: Mounting plugin XCodeSourceCodeAccess
LogPluginManager: Mounting plugin AssetManagerEditor
LogPluginManager: Mounting plugin CryptoKeys
LogPluginManager: Mounting plugin DataValidation
LogPluginManager: Mounting plugin FacialAnimation
LogPluginManager: Mounting plugin GameplayTagsEditor
LogPluginManager: Mounting plugin MacGraphicsSwitching
LogPluginManager: Mounting plugin MeshEditor
LogPluginManager: Mounting plugin MobileLauncherProfileWizard
LogPluginManager: Mounting plugin PluginBrowser
LogPluginManager: Mounting plugin SpeedTreeImporter
LogPluginManager: Mounting plugin DatasmithContent
LogPluginManager: Mounting plugin AlembicImporter
LogPluginManager: Mounting plugin AppleImageUtils
LogPluginManager: Mounting plugin AppleVision
LogPluginManager: Mounting plugin BackChannel
LogPluginManager: Mounting plugin CharacterAI
LogPluginManager: Mounting plugin GeometryCache
LogPluginManager: Mounting plugin HTML5Networking
LogPluginManager: Mounting plugin ProxyLODPlugin
LogPluginManager: Mounting plugin MagicLeap
LogPluginManager: Mounting plugin MagicLeapEmulator
LogPluginManager: Mounting plugin MagicLeapMedia
LogPluginManager: Mounting plugin Substance
LogPluginManager: Mounting plugin AndroidMedia
LogPluginManager: Mounting plugin AvfMedia
LogPluginManager: Mounting plugin ImgMedia
LogPluginManager: Mounting plugin LinearTimecode
LogPluginManager: Mounting plugin MediaCompositing
LogPluginManager: Mounting plugin MediaPlayerEditor
LogPluginManager: Mounting plugin WmfMedia
LogPluginManager: Mounting plugin TcpMessaging
LogPluginManager: Mounting plugin UdpMessaging
LogPluginManager: Mounting plugin ActorSequence
LogPluginManager: Mounting plugin LevelSequenceEditor
LogPluginManager: Mounting plugin MatineeToLevelSequence
LogPluginManager: Mounting plugin NetcodeUnitTest
LogPluginManager: Mounting plugin NUTUnrealEngine4
LogPluginManager: Mounting plugin OnlineSubsystemGooglePlay
LogPluginManager: Mounting plugin OnlineSubsystemIOS
LogPluginManager: Mounting plugin OnlineSubsystem
LogPluginManager: Mounting plugin OnlineSubsystemNull
LogPluginManager: Mounting plugin OnlineSubsystemUtils
LogPluginManager: Mounting plugin LauncherChunkInstaller
LogPluginManager: Mounting plugin AndroidDeviceProfileSelector
LogPluginManager: Mounting plugin AndroidMoviePlayer
LogPluginManager: Mounting plugin AndroidPermission
LogPluginManager: Mounting plugin AppleMoviePlayer
LogPluginManager: Mounting plugin ArchVisCharacter
LogPluginManager: Mounting plugin AudioCapture
LogPluginManager: Mounting plugin CableComponent
LogPluginManager: Mounting plugin CustomMeshComponent
LogPluginManager: Mounting plugin EditableMesh
LogPluginManager: Mounting plugin ExampleDeviceProfileSelector
LogPluginManager: Mounting plugin GoogleCloudMessaging
LogPluginManager: Mounting plugin ImmediatePhysics
LogPluginManager: Mounting plugin IOSDeviceProfileSelector
LogPluginManager: Mounting plugin LinuxDeviceProfileSelector
LogPluginManager: Mounting plugin LocationServicesBPLibrary
LogPluginManager: Mounting plugin MobilePatchingUtils
LogPluginManager: Mounting plugin OculusVR
LogPluginManager: Plugin shader directory ../../../Engine/Plugins/Runtime/Oculus/OculusVR/Shaders found
LogPluginManager: Mapping shader source directory ../../../Engine/Plugins/Runtime/Oculus/OculusVR/Shaders to virtual directory /Plugin/OculusVR
LogPluginManager: Mounting plugin PhysXVehicles
LogPluginManager: Mounting plugin ProceduralMeshComponent
LogPluginManager: Mounting plugin RuntimePhysXCooking
LogPluginManager: Mounting plugin SteamVR
LogPluginManager: Mounting plugin WindowsMoviePlayer
LogStreaming: Display: Took  0.199s to configure plugins.
LogInit: Using libcurl 7.55.1-DEV
LogInit:  - built for x86_64-pc-win32
LogInit:  - supports SSL with OpenSSL/1.0.2h
LogInit:  - supports HTTP deflate (compression) using libz 1.2.8
LogInit:  - other features:
LogInit:      CURL_VERSION_SSL
LogInit:      CURL_VERSION_LIBZ
LogInit:      CURL_VERSION_IPV6
LogInit:      CURL_VERSION_ASYNCHDNS
LogInit:      CURL_VERSION_LARGEFILE
LogInit:      CURL_VERSION_IDN
LogInit:  CurlRequestOptions (configurable via config and command line):
LogInit:  - bVerifyPeer = false  - Libcurl will NOT verify peer certificate
LogInit:  - bUseHttpProxy = false  - Libcurl will NOT use HTTP proxy
LogInit:  - bDontReuseConnections = false  - Libcurl will reuse connections
LogInit:  - CertBundlePath = nullptr  - Libcurl will use whatever was configured at build time.
LogInit:  - MaxHostConnections = 16  - Libcurl will limit the number of connections to a host
LogInit:  - LocalHostAddr = Default
LogInit:  - BufferSize = 65536
LogInit: WinSock: version 1.1 (2.2), MaxSocks=32767, MaxUdp=65467
LogInit: Build: ++UE4+Release-4.20-CL-4369336
LogInit: Engine Version: 4.20.3-4369336+++UE4+Release-4.20
LogInit: Compatible Engine Version: 4.20.0-4212847+++UE4+Release-4.20
LogInit: Net CL: 4212847
LogInit: OS: Windows 10 (), CPU: Intel(R) Core(TM) i7-6500U CPU @ 2.50GHz, GPU: Intel(R) HD Graphics 520
LogInit: Compiled (64-bit): Sep 17 2018 12:26:19
LogInit: Compiled with Visual C++: 19.13.26129.00
LogInit: Build Configuration: Development
LogInit: Branch Name: ++UE4+Release-4.20
LogInit: Command Line: 
LogInit: Base Directory: C:/Program Files/Epic Games/UE_4.20/Engine/Binaries/Win64/
LogInit: Installed Engine Build: 1
LogDevObjectVersion: Number of dev versions registered: 20
LogDevObjectVersion:   Dev-Blueprints (B0D832E4-1F89-4F0D-ACCF-7EB736FD4AA2): 10
LogDevObjectVersion:   Dev-Build (E1C64328-A22C-4D53-A36C-8E866417BD8C): 0
LogDevObjectVersion:   Dev-Core (375EC13C-06E4-48FB-B500-84F0262A717E): 2
LogDevObjectVersion:   Dev-Editor (E4B068ED-F494-42E9-A231-DA0B2E46BB41): 24
LogDevObjectVersion:   Dev-Framework (CFFC743F-43B0-4480-9391-14DF171D2073): 34
LogDevObjectVersion:   Dev-Mobile (B02B49B5-BB20-44E9-A304-32B752E40360): 2
LogDevObjectVersion:   Dev-Networking (A4E4105C-59A1-49B5-A7C5-40C4547EDFEE): 0
LogDevObjectVersion:   Dev-Online (39C831C9-5AE6-47DC-9A44-9C173E1C8E7C): 0
LogDevObjectVersion:   Dev-Physics (78F01B33-EBEA-4F98-B9B4-84EACCB95AA2): 0
LogDevObjectVersion:   Dev-Platform (6631380F-2D4D-43E0-8009-CF276956A95A): 0
LogDevObjectVersion:   Dev-Rendering (12F88B9F-8875-4AFC-A67C-D90C383ABD29): 26
LogDevObjectVersion:   Dev-Sequencer (7B5AE74C-D270-4C10-A958-57980B212A5A): 9
LogDevObjectVersion:   Dev-VR (D7296918-1DD6-4BDD-9DE2-64A83CC13884): 2
LogDevObjectVersion:   Dev-LoadTimes (C2A15278-BFE7-4AFE-6C17-90FF531DF755): 1
LogDevObjectVersion:   Private-Geometry (6EACA3D4-40EC-4CC1-B786-8BED09428FC5): 3
LogDevObjectVersion:   Dev-AnimPhys (29E575DD-E0A3-4627-9D10-D276232CDCEA): 17
LogDevObjectVersion:   Dev-ReflectionCapture (6B266CEC-1EC7-4B8F-A30B-E4D90942FC07): 1
LogDevObjectVersion:   Dev-Automation (0DF73D61-A23F-47EA-B727-89E90C41499A): 1
LogDevObjectVersion:   FortniteMain (601D1886-AC64-4F84-AA16-D3DE0DEAC7D6): 12
LogDevObjectVersion:   Dev-Enterprise (9DFFBCD6-494F-0158-E221-12823C92A888): 1
LogStreaming: Display: Took  0.006s to delete old logs.
LogInit: Presizing for max 8388607 objects, including 0 objects not considered by GC, pre-allocating 0 bytes for permanent pool.
LogInit: Object subsystem initialized
[2018.11.19-19.24.14:601][  0]LogInit: Selected Device Profile: [Windows]
[2018.11.19-19.24.14:601][  0]LogInit: Applying CVar settings loaded from the selected device profile: [Windows]
[2018.11.19-19.24.14:708][  0]LogHAL: Display: Platform has ~ 8 GB [8474480640 / 8589934592 / 8], which maps to Default [LargestMinGB=32, LargerMinGB=12, DefaultMinGB=8, SmallerMinGB=6, SmallestMinGB=0)
[2018.11.19-19.24.14:708][  0]LogInit: Setting Device Profile CVar: [[r.Vulkan.UseRealUBs:1]]
[2018.11.19-19.24.14:708][  0]LogInit: Going up to parent DeviceProfile []
[2018.11.19-19.24.14:710][  0]LogInit: Computer: LAPTOP-7TT9GHAF
[2018.11.19-19.24.14:710][  0]LogInit: User: lwar
[2018.11.19-19.24.14:710][  0]LogInit: CPU Page size=4096, Cores=2
[2018.11.19-19.24.14:710][  0]LogInit: High frequency timer resolution =2.531246 MHz
[2018.11.19-19.24.14:711][  0]LogMemory: Memory total: Physical=7.9GB (8GB approx)
[2018.11.19-19.24.14:711][  0]LogMemory: Platform Memory Stats for Windows
[2018.11.19-19.24.14:711][  0]LogMemory: Process Physical Memory: 100.87 MB used, 100.87 MB peak
[2018.11.19-19.24.14:711][  0]LogMemory: Process Virtual Memory: 92.51 MB used, 92.51 MB peak
[2018.11.19-19.24.14:711][  0]LogMemory: Physical Memory: 5246.02 MB used,  2835.87 MB free, 8081.89 MB total
[2018.11.19-19.24.14:711][  0]LogMemory: Virtual Memory: 4624.35 MB used,  2835.87 MB free, 134217728.00 MB total
[2018.11.19-19.24.14:778][  0]LogInit: Using OS detected language (en-US).
[2018.11.19-19.24.14:778][  0]LogInit: Using OS detected locale (en-US).
[2018.11.19-19.24.14:783][  0]LogTextLocalizationManager: No specific localization for 'en-US' exists, so the 'en' localization will be used.
[2018.11.19-19.24.15:433][  0]LogStreaming: Display: Took  0.655s to InitEngineTextLocalization.
[2018.11.19-19.24.15:433][  0]LogInit: Setting process to per monitor DPI aware
[2018.11.19-19.24.15:502][  0]LogSlate: New Slate User Created.  User Index 0, Is Virtual User: 0
[2018.11.19-19.24.15:502][  0]LogSlate: Slate User Registered.  User Index 0, Is Virtual User: 0
[2018.11.19-19.24.15:858][  0]LogHMD: Failed to initialize OpenVR with code 110
[2018.11.19-19.24.15:858][  0]LogD3D11RHI: D3D11 adapters:
[2018.11.19-19.24.15:991][  0]LogD3D11RHI:    0. 'Intel(R) HD Graphics 520' (Feature Level 11_0)
[2018.11.19-19.24.15:991][  0]LogD3D11RHI:       128/0/4040 MB DedicatedVideo/DedicatedSystem/SharedSystem, Outputs:1, VendorId:0x8086
[2018.11.19-19.24.15:994][  0]LogD3D11RHI:    1. 'Microsoft Basic Render Driver' (Feature Level 11_0)
[2018.11.19-19.24.15:994][  0]LogD3D11RHI:       0/0/4040 MB DedicatedVideo/DedicatedSystem/SharedSystem, Outputs:0, VendorId:0x1414
[2018.11.19-19.24.15:994][  0]LogD3D11RHI: Chosen D3D11 Adapter: 0
[2018.11.19-19.24.16:001][  0]LogD3D11RHI: Creating new Direct3DDevice
[2018.11.19-19.24.16:001][  0]LogD3D11RHI:     GPU DeviceId: 0x1916 (for the marketing name, search the web for "GPU Device Id")
[2018.11.19-19.24.16:001][  0]LogWindows: EnumDisplayDevices:
[2018.11.19-19.24.16:001][  0]LogWindows:    0. 'Intel(R) HD Graphics 520' (P:1 D:1)
[2018.11.19-19.24.16:002][  0]LogWindows:    1. 'Intel(R) HD Graphics 520' (P:0 D:0)
[2018.11.19-19.24.16:002][  0]LogWindows:    2. 'Intel(R) HD Graphics 520' (P:0 D:0)
[2018.11.19-19.24.16:002][  0]LogWindows: DebugString: FoundDriverCount:3 
[2018.11.19-19.24.16:003][  0]LogD3D11RHI:     Adapter Name: Intel(R) HD Graphics 520
[2018.11.19-19.24.16:003][  0]LogD3D11RHI:   Driver Version: 23.20.16.4973 (internal:23.20.16.4973, unified:23.20.16.4973)
[2018.11.19-19.24.16:003][  0]LogD3D11RHI:      Driver Date: 2-28-2018
[2018.11.19-19.24.16:003][  0]LogRHI: Texture pool is 1503 MB (70% of 2148 MB)
[2018.11.19-19.24.16:139][  0]LogD3D11RHI: Async texture creation enabled
[2018.11.19-19.24.16:149][  0]LogD3D11RHI: GPU Timing Frequency: 12.000048 (Debug: 2 0)
[2018.11.19-19.24.16:151][  0]LogShaderCompilers: Guid format shader working directory is -46 characters bigger than the processId version (../../../../../../Users/l_war/OneDrive/Documents/Github/project_final_2/Project-Final/Finals/Intermediate/Shaders/WorkingDirectory/5632/).
[2018.11.19-19.24.16:151][  0]LogShaderCompilers: Cleaned the shader compiler working directory 'C:/Users/l_war/AppData/Local/Temp/UnrealShaderWorkingDir/B51C0FA94C47659D29937386E1D3646F/'.
[2018.11.19-19.24.16:818][  0]LogTemp: Display: Loaded TP AllDesktopTargetPlatform
[2018.11.19-19.24.16:854][  0]LogTemp: Display: Loaded TP MacClientTargetPlatform
[2018.11.19-19.24.16:888][  0]LogTemp: Display: Loaded TP MacNoEditorTargetPlatform
[2018.11.19-19.24.16:921][  0]LogTemp: Display: Loaded TP MacServerTargetPlatform
[2018.11.19-19.24.16:957][  0]LogTemp: Display: Loaded TP MacTargetPlatform
[2018.11.19-19.24.16:992][  0]LogTemp: Display: Loaded TP WindowsClientTargetPlatform
[2018.11.19-19.24.17:028][  0]LogTemp: Display: Loaded TP WindowsNoEditorTargetPlatform
[2018.11.19-19.24.17:064][  0]LogTemp: Display: Loaded TP WindowsServerTargetPlatform
[2018.11.19-19.24.17:080][  0]LogTemp: Display: Loaded TP WindowsTargetPlatform
[2018.11.19-19.24.17:255][  0]LogTemp: Display: Loaded TP AndroidTargetPlatform
[2018.11.19-19.24.17:255][  0]LogTemp: Display: Loaded TP AndroidTargetPlatform
[2018.11.19-19.24.17:255][  0]LogTemp: Display: Loaded TP AndroidTargetPlatform
[2018.11.19-19.24.17:255][  0]LogTemp: Display: Loaded TP AndroidTargetPlatform
[2018.11.19-19.24.17:255][  0]LogTemp: Display: Loaded TP AndroidTargetPlatform
[2018.11.19-19.24.17:255][  0]LogTemp: Display: Loaded TP AndroidTargetPlatform
[2018.11.19-19.24.17:255][  0]LogTemp: Display: Loaded TP AndroidTargetPlatform
[2018.11.19-19.24.17:255][  0]LogTemp: Display: Loaded TP AndroidTargetPlatform
[2018.11.19-19.24.17:255][  0]LogTemp: Display: Loaded TP AndroidTargetPlatform
[2018.11.19-19.24.17:255][  0]LogTemp: Display: Loaded TP AndroidTargetPlatform
[2018.11.19-19.24.17:255][  0]LogTemp: Display: Loaded TP AndroidTargetPlatform
[2018.11.19-19.24.17:255][  0]LogTemp: Display: Loaded TP AndroidTargetPlatform
[2018.11.19-19.24.17:255][  0]LogTemp: Display: Loaded TP AndroidTargetPlatform
[2018.11.19-19.24.17:255][  0]LogTemp: Display: Loaded TP AndroidTargetPlatform
[2018.11.19-19.24.17:255][  0]LogTemp: Display: Loaded TP AndroidTargetPlatform
[2018.11.19-19.24.17:255][  0]LogTemp: Display: Loaded TP AndroidTargetPlatform
[2018.11.19-19.24.17:256][  0]LogTemp: Display: Loaded TP AndroidTargetPlatform
[2018.11.19-19.24.17:256][  0]LogTemp: Display: Loaded TP AndroidTargetPlatform
[2018.11.19-19.24.17:257][  0]LogTemp: Display: Loaded TP HTML5TargetPlatform
[2018.11.19-19.24.17:346][  0]LogTemp: Display: Loaded TP IOSTargetPlatform
[2018.11.19-19.24.17:346][  0]LogTemp: Display: Loaded TP IOSTargetPlatform
[2018.11.19-19.24.17:393][  0]LogTemp: Display: Loaded TP TVOSTargetPlatform
[2018.11.19-19.24.17:393][  0]LogTemp: Display: Loaded TP TVOSTargetPlatform
[2018.11.19-19.24.17:425][  0]LogTemp: Display: Loaded TP LinuxClientTargetPlatform
[2018.11.19-19.24.17:460][  0]LogTemp: Display: Loaded TP LinuxNoEditorTargetPlatform
[2018.11.19-19.24.17:494][  0]LogTemp: Display: Loaded TP LinuxServerTargetPlatform
[2018.11.19-19.24.17:530][  0]LogTemp: Display: Loaded TP LinuxTargetPlatform
[2018.11.19-19.24.17:557][  0]LogTemp: Display: Loaded TP LuminTargetPlatform
[2018.11.19-19.24.17:557][  0]LogTargetPlatformManager: Display: Building Assets For Windows
[2018.11.19-19.24.17:708][  0]LogXGEController: Cannot use XGE Controller as Incredibuild is not installed on this machine.
[2018.11.19-19.24.17:708][  0]LogShaderCompilers: Cannot use XGE Shader Compiler as Incredibuild is not installed on this machine.
[2018.11.19-19.24.17:708][  0]LogShaderCompilers: Display: Using Local Shader Compiler.
[2018.11.19-19.24.19:621][  0]LogDerivedDataCache: Display: Max Cache Size: 512 MB
[2018.11.19-19.24.19:737][  0]LogDerivedDataCache: Loaded boot cache 0.12s 71MB C:/Users/l_war/AppData/Local/UnrealEngine/4.20/DerivedDataCache/Boot.ddc.
[2018.11.19-19.24.19:737][  0]LogDerivedDataCache: Display: Loaded Boot cache: C:/Users/l_war/AppData/Local/UnrealEngine/4.20/DerivedDataCache/Boot.ddc
[2018.11.19-19.24.19:737][  0]LogDerivedDataCache: FDerivedDataBackendGraph:  Pak pak cache file ../../../../../../Users/l_war/OneDrive/Documents/Github/project_final_2/Project-Final/Finals/DerivedDataCache/DDC.ddp not found, will not use a pak cache.
[2018.11.19-19.24.19:737][  0]LogDerivedDataCache: Unable to find inner node Pak for hierarchical cache Hierarchy.
[2018.11.19-19.24.19:737][  0]LogDerivedDataCache: FDerivedDataBackendGraph:  CompressedPak pak cache file ../../../../../../Users/l_war/OneDrive/Documents/Github/project_final_2/Project-Final/Finals/DerivedDataCache/Compressed.ddp not found, will not use a pak cache.
[2018.11.19-19.24.19:737][  0]LogDerivedDataCache: Unable to find inner node CompressedPak for hierarchical cache Hierarchy.
[2018.11.19-19.24.19:780][  0]LogDerivedDataCache: Display: Pak cache opened for reading ../../../Engine/DerivedDataCache/Compressed.ddp.
[2018.11.19-19.24.19:794][  0]LogDerivedDataCache: Using Local data cache path C:/Users/l_war/AppData/Local/UnrealEngine/Common/DerivedDataCache: Writable
[2018.11.19-19.24.19:794][  0]LogDerivedDataCache: Shared data cache path not found in *engine.ini, will not use an Shared cache.
[2018.11.19-19.24.19:794][  0]LogDerivedDataCache: Unable to find inner node Shared for hierarchical cache Hierarchy.
[2018.11.19-19.24.19:842][  0]LogMaterial: Verifying Global Shaders for PCD3D_SM5
[2018.11.19-19.24.19:845][  0]LogSlate: Using FreeType 2.6.0
[2018.11.19-19.24.19:884][  0]LogSlate: SlateFontServices - WITH_FREETYPE: 1, WITH_HARFBUZZ: 1
[2018.11.19-19.24.20:455][  0]LogAssetRegistry: FAssetRegistry took 0.0452 seconds to start up
[2018.11.19-19.24.21:225][  0]LogInit: Selected Device Profile: [Windows]
[2018.11.19-19.24.21:742][  0]LogSimplygon: Simplygon DLL not present - disabling.
[2018.11.19-19.24.21:751][  0]LogMeshReduction: Using SimplygonSwarm for distributed automatic mesh merging
[2018.11.19-19.24.21:751][  0]LogMeshReduction: Using ProxyLODMeshReduction for automatic mesh merging
[2018.11.19-19.24.21:751][  0]LogMeshReduction: Using QuadricMeshReduction for automatic static mesh reduction
[2018.11.19-19.24.21:751][  0]LogMeshReduction: No automatic skeletal mesh reduction module available
[2018.11.19-19.24.21:840][  0]LogNetVersion: Finals 1.0.0, NetCL: 4212847, EngineNetVer: 5, GameNetVer: 0 (Checksum: 3293051592)
[2018.11.19-19.24.24:127][  0]LogPackageLocalizationCache: Processed 11 localized package path(s) for 2 prioritized culture(s) in 0.276471 seconds
[2018.11.19-19.24.24:140][  0]LogUObjectArray: 38425 objects as part of root set at end of initial load.
[2018.11.19-19.24.24:140][  0]LogUObjectAllocator: 6690872 out of 0 bytes used by permanent object pool.
[2018.11.19-19.24.24:140][  0]LogUObjectArray: CloseDisregardForGC: 0/0 objects in disregard for GC pool
[2018.11.19-19.24.30:214][  0]LogSubstanceCoreModule: Substance [CPU] Engine Loaded, Max Texture Size = 2048
[2018.11.19-19.24.30:225][  0]LogTcpMessaging: Initializing TcpMessaging bridge
[2018.11.19-19.24.30:241][  0]LogUdpMessaging: Initializing bridge on interface 0.0.0.0:0 to multicast group 230.0.0.1:6666.
[2018.11.19-19.24.30:666][  0]SourceControl: Source control is disabled
[2018.11.19-19.24.30:666][  0]SourceControl: Source control is disabled
[2018.11.19-19.24.30:669][  0]SourceControl: Source control is disabled
[2018.11.19-19.24.30:671][  0]SourceControl: Source control is disabled
[2018.11.19-19.24.30:998][  0]LogAndroidPermission: UAndroidPermissionCallbackProxy::GetInstance
[2018.11.19-19.24.31:128][  0]LogOcInput: OculusInput pre-init called
[2018.11.19-19.24.31:749][  0]LogEngine: Initializing Engine...
[2018.11.19-19.24.31:750][  0]LogHMD: Failed to initialize OpenVR with code 110
[2018.11.19-19.24.31:761][  0]LogStats: UGameplayTagsManager::ConstructGameplayTagTree: ImportINI prefixes -  0.000 s
[2018.11.19-19.24.31:761][  0]LogStats: UGameplayTagsManager::ConstructGameplayTagTree: Construct from data asset -  0.000 s
[2018.11.19-19.24.31:762][  0]LogStats: UGameplayTagsManager::ConstructGameplayTagTree: ImportINI -  0.000 s
[2018.11.19-19.24.31:762][  0]LogStats: UGameplayTagsManager::ConstructGameplayTagTree: GameplayTagTreeChangedEvent.Broadcast -  0.000 s
[2018.11.19-19.24.32:511][  0]LogInit: Initializing FReadOnlyCVARCache
[2018.11.19-19.24.32:542][  0]LogAIModule: Creating AISystem for world Untitled
[2018.11.19-19.24.32:728][  0]LogInit: XAudio2 using 'Speakers (Realtek High Definition Audio)' : 2 channels at 48 kHz using 32 bits per sample (channel mask 0x3)
[2018.11.19-19.24.32:790][  0]LogInit: FAudioDevice initialized.
[2018.11.19-19.24.32:790][  0]LogNetVersion: Set ProjectVersion to 1.0.0.0. Version Checksum will be recalculated on next use.
[2018.11.19-19.24.32:889][  0]LogDerivedDataCache: Saved boot cache 0.10s 71MB C:/Users/l_war/AppData/Local/UnrealEngine/4.20/DerivedDataCache/Boot.ddc.
[2018.11.19-19.24.32:917][  0]LogInit: Texture streaming: Enabled
[2018.11.19-19.24.32:949][  0]LogEngineSessionManager: EngineSessionManager initialized
[2018.11.19-19.24.32:989][  0]LogInit: Transaction tracking system initialized
[2018.11.19-19.24.33:054][  0]BlueprintLog: New page: Editor Load
[2018.11.19-19.24.33:233][  0]LocalizationService: Localization service is disabled
[2018.11.19-19.24.34:188][  0]LogCook: Display: Max memory allowance for cook 16384mb min free memory 0mb
[2018.11.19-19.24.34:188][  0]LogCook: Display: Mobile HDR setting 1
[2018.11.19-19.24.34:188][  0]LogGameplayTags: Display: UGameplayTagsManager::DoneAddingNativeTags. DelegateIsBound: 0
[2018.11.19-19.24.34:188][  0]LogStats: UGameplayTagsManager::ConstructGameplayTagTree: ImportINI prefixes -  0.000 s
[2018.11.19-19.24.34:189][  0]LogStats: UGameplayTagsManager::ConstructGameplayTagTree: Construct from data asset -  0.000 s
[2018.11.19-19.24.34:190][  0]LogStats: UGameplayTagsManager::ConstructGameplayTagTree: ImportINI -  0.000 s
[2018.11.19-19.24.34:190][  0]LogStats: UGameplayTagsManager::ConstructGameplayTagTree: GameplayTagTreeChangedEvent.Broadcast -  0.000 s
[2018.11.19-19.24.34:625][  0]LogFileCache: Scanning file cache for directory 'C:/Users/l_war/OneDrive/Documents/Github/project_final_2/Project-Final/Finals/Content/' took 0.03s
[2018.11.19-19.24.34:625][  0]SourceControl: Source control is disabled
[2018.11.19-19.24.34:625][  0]Cmd: MAP LOAD FILE="../../../../../../Users/l_war/OneDrive/Documents/Github/project_final_2/Project-Final/Finals/Content/Final/Levels/TestingArea.umap" TEMPLATE=0 SHOWPROGRESS=1 FEATURELEVEL=3
[2018.11.19-19.24.34:627][  0]LightingResults: New page: Lighting Build
[2018.11.19-19.24.34:634][  0]MapCheck: New page: Map Check
[2018.11.19-19.24.34:634][  0]LightingResults: New page: Lighting Build
[2018.11.19-19.24.36:535][  0]LogBlueprint: Warning: Timeline Timeline_1 Track NewTrack_2 in /Engine/Transient.REINST_BP_Flying_Enemy_C_32 has an invalid curve.  Please fix!
[2018.11.19-19.24.38:461][  0]LogAIModule: Creating AISystem for world TestingArea
[2018.11.19-19.24.38:512][  0]LogEditorServer: Finished looking for orphan Actors (0.000 secs)
[2018.11.19-19.24.38:563][  0]Cmd: MAP CHECKDEP NOCLEARLOG
[2018.11.19-19.24.38:707][  0]MapCheck: Map check complete: 0 Error(s), 0 Warning(s), took 143.22ms to complete.
[2018.11.19-19.24.38:707][  0]LogFileHelpers: Loading map 'TestingArea' took 4.082
[2018.11.19-19.24.39:032][  0]LogSlate: Updating window title bar state: overlay mode, drag disabled, window buttons hidden, title bar hidden
[2018.11.19-19.24.39:067][  0]LogSlate: Updating window title bar state: overlay mode, drag disabled, window buttons hidden, title bar hidden
[2018.11.19-19.24.39:105][  0]LogSlate: Updating window title bar state: overlay mode, drag disabled, window buttons hidden, title bar hidden
[2018.11.19-19.24.39:122][  0]LogSlate: Updating window title bar state: overlay mode, drag disabled, window buttons hidden, title bar hidden
[2018.11.19-19.24.39:150][  0]LogCollectionManager: Loaded 0 collections in 0.004082 seconds
[2018.11.19-19.24.39:239][  0]LogFileCache: Scanning file cache for directory 'C:/Users/l_war/OneDrive/Documents/Github/project_final_2/Project-Final/Finals/Saved/Collections/' took 0.01s
[2018.11.19-19.24.39:240][  0]LogFileCache: Scanning file cache for directory 'C:/Users/l_war/OneDrive/Documents/Github/project_final_2/Project-Final/Finals/Content/Developers/lwar/Collections/' took 0.01s
[2018.11.19-19.24.39:240][  0]LogFileCache: Scanning file cache for directory 'C:/Users/l_war/OneDrive/Documents/Github/project_final_2/Project-Final/Finals/Content/Collections/' took 0.01s
[2018.11.19-19.24.39:240][  0]LogCollectionManager: Rebuilt the GUID cache for 0 collections in 0.000002 seconds
[2018.11.19-19.24.39:348][  0]LogContentBrowser: Native class hierarchy populated in 0.0701 seconds. Added 2586 classes and 609 folders.
[2018.11.19-19.24.39:405][  0]LogContentBrowser: Native class hierarchy updated for 'WidgetCarousel' in 0.0008 seconds. Added 0 classes and 0 folders.
[2018.11.19-19.24.41:098][  0]LogContentBrowser: Native class hierarchy updated for 'AddContentDialog' in 0.0010 seconds. Added 0 classes and 0 folders.
[2018.11.19-19.24.41:127][  0]LogContentBrowser: Native class hierarchy updated for 'SceneOutliner' in 0.0011 seconds. Added 1 classes and 2 folders.
[2018.11.19-19.24.41:443][  0]LogSlate: Took 0.012533 seconds to synchronously load lazily loaded font '../../../Engine/Content/Slate/Fonts/Roboto-Regular.ttf' (155K)
[2018.11.19-19.24.41:461][  0]LogSlate: Took 0.012456 seconds to synchronously load lazily loaded font '../../../Engine/Content/Slate/Fonts/Roboto-Bold.ttf' (160K)
[2018.11.19-19.24.41:507][  0]LogSlate: Took 0.029444 seconds to synchronously load lazily loaded font '../../../Engine/Content/Editor/Slate/Fonts/FontAwesome.ttf' (139K)
[2018.11.19-19.24.41:942][  0]LogRenderer: Reallocating scene render targets to support 1104x612 Format 10 NumSamples 1 (Frame:1).
[2018.11.19-19.24.42:756][  0]LogContentBrowser: Native class hierarchy updated for 'HierarchicalLODOutliner' in 0.0003 seconds. Added 0 classes and 0 folders.
[2018.11.19-19.24.42:756][  0]LogLoad: (Engine Initialization) Total time: 31.58 seconds
[2018.11.19-19.24.42:756][  0]LogLoad: (Engine Initialization) Total Blueprint compile time: 0.00 seconds
[2018.11.19-19.24.42:776][  0]LogWindowsTextInputMethodSystem: Display: IME system now deactivated.
[2018.11.19-19.24.42:801][  0]LogContentStreaming: Texture pool size now 1000 MB
[2018.11.19-19.24.42:888][  0]LogSlate: Took 0.011269 seconds to synchronously load lazily loaded font '../../../Engine/Content/Slate/Fonts/Roboto-Light.ttf' (167K)
[2018.11.19-19.24.42:913][  1]LogSubstanceLiveLink: Warning: Unable to send data along socket, closing connection
[2018.11.19-19.24.42:988][  2]LogAssetRegistry: Asset discovery search completed in 22.5556 seconds
[2018.11.19-19.24.42:990][  2]LogCollectionManager: Rebuilt the object cache for 0 collections in 0.000001 seconds (found 0 objects)
[2018.11.19-19.24.42:990][  2]LogCollectionManager: Fixed up redirectors for 0 collections in 0.000105 seconds (updated 0 objects)
[2018.11.19-19.25.33:036][350]LogSlate: FSceneViewport::OnFocusLost() reason 0
[2018.11.19-19.25.33:166][356]LogTemp: Repeating last play command: New Editor Window (PIE)
[2018.11.19-19.25.33:206][356]LogBlueprintUserMessages: Early PlayInEditor Detection: Level '/Game/Final/Levels/TestingArea.TestingArea:PersistentLevel' has LevelScriptBlueprint '/Game/Final/Levels/TestingArea.TestingArea:PersistentLevel.TestingArea' with GeneratedClass '/Game/Final/Levels/TestingArea.TestingArea_C' with ClassGeneratedBy '/Game/Final/Levels/TestingArea.TestingArea:PersistentLevel.TestingArea'
[2018.11.19-19.25.33:207][356]LogPlayLevel: PlayLevel: No blueprints needed recompiling
[2018.11.19-19.25.33:224][356]PIE: New page: PIE session: TestingArea (Nov 19, 2018, 7:25:33 AM)
[2018.11.19-19.25.33:224][356]LogPlayLevel: Creating play world package: /Game/Final/Levels/UEDPIE_0_TestingArea
[2018.11.19-19.25.33:244][356]LogPlayLevel: PIE: StaticDuplicateObject took: (0.019808s)
[2018.11.19-19.25.33:245][356]LogAIModule: Creating AISystem for world TestingArea
[2018.11.19-19.25.33:245][356]LogPlayLevel: PIE: World Init took: (0.001508s)
[2018.11.19-19.25.33:245][356]LogPlayLevel: PIE: Created PIE world by copying editor world from /Game/Final/Levels/TestingArea.TestingArea to /Game/Final/Levels/UEDPIE_0_TestingArea.TestingArea (0.021634s)
[2018.11.19-19.25.33:298][356]LogInit: XAudio2 using 'Speakers (Realtek High Definition Audio)' : 2 channels at 48 kHz using 32 bits per sample (channel mask 0x3)
[2018.11.19-19.25.33:328][356]LogInit: FAudioDevice initialized.
[2018.11.19-19.25.33:340][356]LogSlate: Updating window title bar state: overlay mode, drag disabled, window buttons hidden, title bar hidden
[2018.11.19-19.25.33:410][356]LogLoad: Game class is '2DSideScrollerGameMode_C'
[2018.11.19-19.25.33:419][356]LogWorld: Bringing World /Game/Final/Levels/UEDPIE_0_TestingArea.TestingArea up for play (max tick rate 60) at 2018.11.19-13.25.33
[2018.11.19-19.25.33:424][356]LogWorld: Bringing up level for play took: 0.010317
[2018.11.19-19.25.33:453][356]LogContentBrowser: Native class hierarchy updated for 'MovieSceneCapture' in 0.0007 seconds. Added 10 classes and 0 folders.
[2018.11.19-19.25.33:470][356]PIE: Play in editor start time for /Game/Final/Levels/UEDPIE_0_TestingArea 0.974
[2018.11.19-19.25.33:472][356]LogBlueprintUserMessages: Late PlayInEditor Detection: Level '/Game/Final/Levels/TestingArea.TestingArea:PersistentLevel' has LevelScriptBlueprint '/Game/Final/Levels/TestingArea.TestingArea:PersistentLevel.TestingArea' with GeneratedClass '/Game/Final/Levels/TestingArea.TestingArea_C' with ClassGeneratedBy '/Game/Final/Levels/TestingArea.TestingArea:PersistentLevel.TestingArea'
[2018.11.19-19.25.33:535][356]LogRenderer: Reallocating scene render targets to support 1292x756 Format 10 NumSamples 1 (Frame:1).
[2018.11.19-19.25.36:954][458]LogBlueprintUserMessages: Early EndPlayMap Detection: Level '/Game/Final/Levels/TestingArea.TestingArea:PersistentLevel' has LevelScriptBlueprint '/Game/Final/Levels/TestingArea.TestingArea:PersistentLevel.TestingArea' with GeneratedClass '/Game/Final/Levels/TestingArea.TestingArea_C' with ClassGeneratedBy '/Game/Final/Levels/TestingArea.TestingArea:PersistentLevel.TestingArea'
[2018.11.19-19.25.36:955][458]LogSlate: Updating window title bar state: overlay mode, drag disabled, window buttons hidden, title bar hidden
[2018.11.19-19.25.37:025][458]LogSlate: Window 'Finals Game Preview Standalone (64-bit/PCD3D_SM5)' being destroyed
[2018.11.19-19.25.37:070][458]LogPlayLevel: Display: Shutting down PIE online subsystems
[2018.11.19-19.25.37:070][458]LogBlueprintUserMessages: Late EndPlayMap Detection: Level '/Game/Final/Levels/TestingArea.TestingArea:PersistentLevel' has LevelScriptBlueprint '/Game/Final/Levels/TestingArea.TestingArea:PersistentLevel.TestingArea' with GeneratedClass '/Game/Final/Levels/TestingArea.TestingArea_C' with ClassGeneratedBy '/Game/Final/Levels/TestingArea.TestingArea:PersistentLevel.TestingArea'
[2018.11.19-19.25.37:189][459]LogPlayLevel: Display: Destroying online subsystem :Context_1
[2018.11.19-19.25.38:839][500]LogEditorViewport: Clicking on Actor (LMB): TriggerBox (Spawn Boss)
[2018.11.19-19.25.44:478][596]LogSlate: FSceneViewport::OnFocusLost() reason 0
[2018.11.19-19.25.44:561][599]LogTemp: Repeating last play command: New Editor Window (PIE)
[2018.11.19-19.25.44:615][599]LogBlueprintUserMessages: Early PlayInEditor Detection: Level '/Game/Final/Levels/TestingArea.TestingArea:PersistentLevel' has LevelScriptBlueprint '/Game/Final/Levels/TestingArea.TestingArea:PersistentLevel.TestingArea' with GeneratedClass '/Game/Final/Levels/TestingArea.TestingArea_C' with ClassGeneratedBy '/Game/Final/Levels/TestingArea.TestingArea:PersistentLevel.TestingArea'
[2018.11.19-19.25.44:615][599]LogPlayLevel: PlayLevel: No blueprints needed recompiling
[2018.11.19-19.25.44:615][599]PIE: New page: PIE session: TestingArea (Nov 19, 2018, 7:25:44 AM)
[2018.11.19-19.25.44:615][599]LogPlayLevel: Creating play world package: /Game/Final/Levels/UEDPIE_0_TestingArea
[2018.11.19-19.25.44:641][599]LogPlayLevel: PIE: StaticDuplicateObject took: (0.025461s)
[2018.11.19-19.25.44:642][599]LogAIModule: Creating AISystem for world TestingArea
[2018.11.19-19.25.44:643][599]LogPlayLevel: PIE: World Init took: (0.001745s)
[2018.11.19-19.25.44:643][599]LogPlayLevel: PIE: Created PIE world by copying editor world from /Game/Final/Levels/TestingArea.TestingArea to /Game/Final/Levels/UEDPIE_0_TestingArea.TestingArea (0.027505s)
[2018.11.19-19.25.44:686][599]LogInit: XAudio2 using 'Speakers (Realtek High Definition Audio)' : 2 channels at 48 kHz using 32 bits per sample (channel mask 0x3)
[2018.11.19-19.25.44:901][599]LogInit: FAudioDevice initialized.
[2018.11.19-19.25.44:915][599]LogSlate: Updating window title bar state: overlay mode, drag disabled, window buttons hidden, title bar hidden
[2018.11.19-19.25.44:962][599]LogLoad: Game class is '2DSideScrollerGameMode_C'
[2018.11.19-19.25.44:969][599]LogWorld: Bringing World /Game/Final/Levels/UEDPIE_0_TestingArea.TestingArea up for play (max tick rate 60) at 2018.11.19-13.25.44
[2018.11.19-19.25.44:972][599]LogWorld: Bringing up level for play took: 0.009050
[2018.11.19-19.25.45:006][599]PIE: Play in editor start time for /Game/Final/Levels/UEDPIE_0_TestingArea 0.51
[2018.11.19-19.25.45:007][599]LogBlueprintUserMessages: Late PlayInEditor Detection: Level '/Game/Final/Levels/TestingArea.TestingArea:PersistentLevel' has LevelScriptBlueprint '/Game/Final/Levels/TestingArea.TestingArea:PersistentLevel.TestingArea' with GeneratedClass '/Game/Final/Levels/TestingArea.TestingArea_C' with ClassGeneratedBy '/Game/Final/Levels/TestingArea.TestingArea:PersistentLevel.TestingArea'
[2018.11.19-19.26.02:137][192]LogBlueprintUserMessages: Early EndPlayMap Detection: Level '/Game/Final/Levels/TestingArea.TestingArea:PersistentLevel' has LevelScriptBlueprint '/Game/Final/Levels/TestingArea.TestingArea:PersistentLevel.TestingArea' with GeneratedClass '/Game/Final/Levels/TestingArea.TestingArea_C' with ClassGeneratedBy '/Game/Final/Levels/TestingArea.TestingArea:PersistentLevel.TestingArea'
[2018.11.19-19.26.02:138][192]LogSlate: Updating window title bar state: overlay mode, drag disabled, window buttons hidden, title bar hidden
[2018.11.19-19.26.02:201][192]LogSlate: Window 'Finals Game Preview Standalone (64-bit/PCD3D_SM5)' being destroyed
[2018.11.19-19.26.02:244][192]LogPlayLevel: Display: Shutting down PIE online subsystems
[2018.11.19-19.26.02:244][192]LogBlueprintUserMessages: Late EndPlayMap Detection: Level '/Game/Final/Levels/TestingArea.TestingArea:PersistentLevel' has LevelScriptBlueprint '/Game/Final/Levels/TestingArea.TestingArea:PersistentLevel.TestingArea' with GeneratedClass '/Game/Final/Levels/TestingArea.TestingArea_C' with ClassGeneratedBy '/Game/Final/Levels/TestingArea.TestingArea:PersistentLevel.TestingArea'
[2018.11.19-19.26.02:386][193]LogPlayLevel: Display: Destroying online subsystem :Context_2
[2018.11.19-19.26.21:316][748]LogSlate: Took 0.000510 seconds to synchronously load lazily loaded font '../../../Engine/Content/Slate/Fonts/Roboto-Light.ttf' (167K)
[2018.11.19-19.26.21:338][748]LogAssetEditorManager: Opening Asset editor for Blueprint /Game/Final/Blueprint/Boss/BP_Following_Boss.BP_Following_Boss
[2018.11.19-19.26.22:555][748]LogEnum: Warning: Enum name collision: 'Maincharacter::NewEnumerator0' is in both '/Game/Final/Blueprint/Maincharacter.Maincharacter' and '/Game/Final/Enumerations/Maincharacter.Maincharacter'
[2018.11.19-19.26.22:555][748]LogEnum: Warning: Enum name collision: 'Maincharacter::NewEnumerator1' is in both '/Game/Final/Blueprint/Maincharacter.Maincharacter' and '/Game/Final/Enumerations/Maincharacter.Maincharacter'
[2018.11.19-19.26.22:555][748]LogEnum: Warning: Enum name collision: 'Maincharacter::NewEnumerator2' is in both '/Game/Final/Blueprint/Maincharacter.Maincharacter' and '/Game/Final/Enumerations/Maincharacter.Maincharacter'
[2018.11.19-19.26.22:555][748]LogEnum: Warning: Enum name collision: 'Maincharacter::NewEnumerator3' is in both '/Game/Final/Blueprint/Maincharacter.Maincharacter' and '/Game/Final/Enumerations/Maincharacter.Maincharacter'
[2018.11.19-19.26.22:556][748]LogEnum: Warning: Enum name collision: 'Maincharacter::NewEnumerator4' is in both '/Game/Final/Blueprint/Maincharacter.Maincharacter' and '/Game/Final/Enumerations/Maincharacter.Maincharacter'
[2018.11.19-19.26.22:556][748]LogEnum: Warning: Enum name collision: 'Maincharacter::Maincharacter_MAX' is in both '/Game/Final/Blueprint/Maincharacter.Maincharacter' and '/Game/Final/Enumerations/Maincharacter.Maincharacter'
[2018.11.19-19.26.22:556][748]LogEnum: Warning: Enum name collision: 'Maincharacter::NewEnumerator0' is in both '/Game/Final/Blueprint/Maincharacter.Maincharacter' and '/Game/Final/Enumerations/Maincharacter.Maincharacter'
[2018.11.19-19.26.22:556][748]LogEnum: Warning: Enum name collision: 'Maincharacter::NewEnumerator1' is in both '/Game/Final/Blueprint/Maincharacter.Maincharacter' and '/Game/Final/Enumerations/Maincharacter.Maincharacter'
[2018.11.19-19.26.22:556][748]LogEnum: Warning: Enum name collision: 'Maincharacter::NewEnumerator2' is in both '/Game/Final/Blueprint/Maincharacter.Maincharacter' and '/Game/Final/Enumerations/Maincharacter.Maincharacter'
[2018.11.19-19.26.22:556][748]LogEnum: Warning: Enum name collision: 'Maincharacter::NewEnumerator3' is in both '/Game/Final/Blueprint/Maincharacter.Maincharacter' and '/Game/Final/Enumerations/Maincharacter.Maincharacter'
[2018.11.19-19.26.22:556][748]LogEnum: Warning: Enum name collision: 'Maincharacter::NewEnumerator4' is in both '/Game/Final/Blueprint/Maincharacter.Maincharacter' and '/Game/Final/Enumerations/Maincharacter.Maincharacter'
[2018.11.19-19.26.22:671][748]LogContentBrowser: Native class hierarchy updated for 'BlueprintGraph' in 0.0014 seconds. Added 116 classes and 0 folders.
[2018.11.19-19.26.24:449][748]LogSlate: Took 0.011628 seconds to synchronously load lazily loaded font '../../../Engine/Content/Slate/Fonts/Roboto-BoldCondensed.ttf' (158K)
[2018.11.19-19.26.24:882][749]LogSlate: Took 0.012774 seconds to synchronously load lazily loaded font '../../../Engine/Content/Slate/Fonts/Roboto-Italic.ttf' (157K)
[2018.11.19-19.26.53:395][462]BlueprintLog: New page: Compile BP_Following_Boss
[2018.11.19-19.27.39:894][735]BlueprintLog: New page: Compile BP_Following_Boss
[2018.11.19-19.27.41:527][765]LogTemp: Repeating last play command: New Editor Window (PIE)
[2018.11.19-19.27.41:570][765]LogBlueprintUserMessages: Early PlayInEditor Detection: Level '/Game/Final/Levels/TestingArea.TestingArea:PersistentLevel' has LevelScriptBlueprint '/Game/Final/Levels/TestingArea.TestingArea:PersistentLevel.TestingArea' with GeneratedClass '/Game/Final/Levels/TestingArea.TestingArea_C' with ClassGeneratedBy '/Game/Final/Levels/TestingArea.TestingArea:PersistentLevel.TestingArea'
[2018.11.19-19.27.41:570][765]LogPlayLevel: PlayLevel: No blueprints needed recompiling
[2018.11.19-19.27.41:570][765]PIE: New page: PIE session: TestingArea (Nov 19, 2018, 7:27:41 AM)
[2018.11.19-19.27.41:571][765]LogPlayLevel: Creating play world package: /Game/Final/Levels/UEDPIE_0_TestingArea
[2018.11.19-19.27.41:590][765]LogPlayLevel: PIE: StaticDuplicateObject took: (0.019059s)
[2018.11.19-19.27.41:591][765]LogAIModule: Creating AISystem for world TestingArea
[2018.11.19-19.27.41:592][765]LogPlayLevel: PIE: World Init took: (0.001695s)
[2018.11.19-19.27.41:592][765]LogPlayLevel: PIE: Created PIE world by copying editor world from /Game/Final/Levels/TestingArea.TestingArea to /Game/Final/Levels/UEDPIE_0_TestingArea.TestingArea (0.021064s)
[2018.11.19-19.27.41:649][765]LogInit: XAudio2 using 'Speakers (Realtek High Definition Audio)' : 2 channels at 48 kHz using 32 bits per sample (channel mask 0x3)
[2018.11.19-19.27.41:679][765]LogInit: FAudioDevice initialized.
[2018.11.19-19.27.41:692][765]LogSlate: Updating window title bar state: overlay mode, drag disabled, window buttons hidden, title bar hidden
[2018.11.19-19.27.41:752][765]LogLoad: Game class is '2DSideScrollerGameMode_C'
[2018.11.19-19.27.41:759][765]LogWorld: Bringing World /Game/Final/Levels/UEDPIE_0_TestingArea.TestingArea up for play (max tick rate 60) at 2018.11.19-13.27.41
[2018.11.19-19.27.41:762][765]LogWorld: Bringing up level for play took: 0.008958
[2018.11.19-19.27.41:794][765]PIE: Play in editor start time for /Game/Final/Levels/UEDPIE_0_TestingArea -0.702
[2018.11.19-19.27.41:794][765]LogBlueprintUserMessages: Late PlayInEditor Detection: Level '/Game/Final/Levels/TestingArea.TestingArea:PersistentLevel' has LevelScriptBlueprint '/Game/Final/Levels/TestingArea.TestingArea:PersistentLevel.TestingArea' with GeneratedClass '/Game/Final/Levels/TestingArea.TestingArea_C' with ClassGeneratedBy '/Game/Final/Levels/TestingArea.TestingArea:PersistentLevel.TestingArea'
[2018.11.19-19.27.54:012][103]LogBlueprintUserMessages: Early EndPlayMap Detection: Level '/Game/Final/Levels/TestingArea.TestingArea:PersistentLevel' has LevelScriptBlueprint '/Game/Final/Levels/TestingArea.TestingArea:PersistentLevel.TestingArea' with GeneratedClass '/Game/Final/Levels/TestingArea.TestingArea_C' with ClassGeneratedBy '/Game/Final/Levels/TestingArea.TestingArea:PersistentLevel.TestingArea'
[2018.11.19-19.27.54:016][103]LogSlate: Updating window title bar state: overlay mode, drag disabled, window buttons hidden, title bar hidden
[2018.11.19-19.27.54:082][103]LogSlate: Window 'Finals Game Preview Standalone (64-bit/PCD3D_SM5)' being destroyed
[2018.11.19-19.27.54:128][103]LogPlayLevel: Display: Shutting down PIE online subsystems
[2018.11.19-19.27.54:129][103]LogBlueprintUserMessages: Late EndPlayMap Detection: Level '/Game/Final/Levels/TestingArea.TestingArea:PersistentLevel' has LevelScriptBlueprint '/Game/Final/Levels/TestingArea.TestingArea:PersistentLevel.TestingArea' with GeneratedClass '/Game/Final/Levels/TestingArea.TestingArea_C' with ClassGeneratedBy '/Game/Final/Levels/TestingArea.TestingArea:PersistentLevel.TestingArea'
[2018.11.19-19.27.54:269][104]LogPlayLevel: Display: Destroying online subsystem :Context_4
[2018.11.19-19.27.59:521][209]LogEditorViewport: Clicking on Actor (LMB): TriggerBox (Spawn Boss)
[2018.11.19-19.28.07:218][375]LogSlate: FSceneViewport::OnFocusLost() reason 0
[2018.11.19-19.28.07:302][379]LogTemp: Repeating last play command: New Editor Window (PIE)
[2018.11.19-19.28.07:345][379]LogBlueprintUserMessages: Early PlayInEditor Detection: Level '/Game/Final/Levels/TestingArea.TestingArea:PersistentLevel' has LevelScriptBlueprint '/Game/Final/Levels/TestingArea.TestingArea:PersistentLevel.TestingArea' with GeneratedClass '/Game/Final/Levels/TestingArea.TestingArea_C' with ClassGeneratedBy '/Game/Final/Levels/TestingArea.TestingArea:PersistentLevel.TestingArea'
[2018.11.19-19.28.07:346][379]LogPlayLevel: PlayLevel: No blueprints needed recompiling
[2018.11.19-19.28.07:346][379]PIE: New page: PIE session: TestingArea (Nov 19, 2018, 7:28:07 AM)
[2018.11.19-19.28.07:346][379]LogPlayLevel: Creating play world package: /Game/Final/Levels/UEDPIE_0_TestingArea
[2018.11.19-19.28.07:368][379]LogPlayLevel: PIE: StaticDuplicateObject took: (0.021267s)
[2018.11.19-19.28.07:369][379]LogAIModule: Creating AISystem for world TestingArea
[2018.11.19-19.28.07:369][379]LogPlayLevel: PIE: World Init took: (0.001573s)
[2018.11.19-19.28.07:369][379]LogPlayLevel: PIE: Created PIE world by copying editor world from /Game/Final/Levels/TestingArea.TestingArea to /Game/Final/Levels/UEDPIE_0_TestingArea.TestingArea (0.023134s)
[2018.11.19-19.28.07:423][379]LogInit: XAudio2 using 'Speakers (Realtek High Definition Audio)' : 2 channels at 48 kHz using 32 bits per sample (channel mask 0x3)
[2018.11.19-19.28.07:448][379]LogInit: FAudioDevice initialized.
[2018.11.19-19.28.07:460][379]LogSlate: Updating window title bar state: overlay mode, drag disabled, window buttons hidden, title bar hidden
[2018.11.19-19.28.07:516][379]LogLoad: Game class is '2DSideScrollerGameMode_C'
[2018.11.19-19.28.07:524][379]LogWorld: Bringing World /Game/Final/Levels/UEDPIE_0_TestingArea.TestingArea up for play (max tick rate 60) at 2018.11.19-13.28.07
[2018.11.19-19.28.07:527][379]LogWorld: Bringing up level for play took: 0.009807
[2018.11.19-19.28.07:560][379]PIE: Play in editor start time for /Game/Final/Levels/UEDPIE_0_TestingArea 1.065
[2018.11.19-19.28.07:561][379]LogBlueprintUserMessages: Late PlayInEditor Detection: Level '/Game/Final/Levels/TestingArea.TestingArea:PersistentLevel' has LevelScriptBlueprint '/Game/Final/Levels/TestingArea.TestingArea:PersistentLevel.TestingArea' with GeneratedClass '/Game/Final/Levels/TestingArea.TestingArea_C' with ClassGeneratedBy '/Game/Final/Levels/TestingArea.TestingArea:PersistentLevel.TestingArea'
[2018.11.19-19.28.08:602][408]LogBlueprintUserMessages: [BP_Following_Boss_C_0] overlapping
[2018.11.19-19.28.09:878][451]LogBlueprintUserMessages: [BP_Following_Boss_C_0] overlapping
[2018.11.19-19.28.09:917][452]LogBlueprintUserMessages: [BP_Following_Boss_C_0] overlapping
[2018.11.19-19.28.09:949][453]LogBlueprintUserMessages: [BP_Following_Boss_C_0] overlapping
[2018.11.19-19.28.09:976][454]LogBlueprintUserMessages: [BP_Following_Boss_C_0] overlapping
[2018.11.19-19.28.10:622][476]LogBlueprintUserMessages: [BP_Following_Boss_C_0] overlapping
[2018.11.19-19.28.16:263][669]LogBlueprintUserMessages: [BP_Following_Boss_C_0] overlapping
[2018.11.19-19.28.16:292][670]LogBlueprintUserMessages: [BP_Following_Boss_C_0] overlapping
[2018.11.19-19.28.16:319][671]LogBlueprintUserMessages: [BP_Following_Boss_C_0] overlapping
[2018.11.19-19.28.16:346][672]LogBlueprintUserMessages: [BP_Following_Boss_C_0] overlapping
[2018.11.19-19.28.19:814][793]LogBlueprintUserMessages: [BP_Following_Boss_C_0] overlapping
[2018.11.19-19.28.21:114][839]LogBlueprintUserMessages: [BP_Following_Boss_C_0] overlapping
[2018.11.19-19.28.21:142][840]LogBlueprintUserMessages: [BP_Following_Boss_C_0] overlapping
[2018.11.19-19.28.21:170][841]LogBlueprintUserMessages: [BP_Following_Boss_C_0] overlapping
[2018.11.19-19.28.21:199][842]LogBlueprintUserMessages: [BP_Following_Boss_C_0] overlapping
[2018.11.19-19.28.23:453][920]LogBlueprintUserMessages: Early EndPlayMap Detection: Level '/Game/Final/Levels/TestingArea.TestingArea:PersistentLevel' has LevelScriptBlueprint '/Game/Final/Levels/TestingArea.TestingArea:PersistentLevel.TestingArea' with GeneratedClass '/Game/Final/Levels/TestingArea.TestingArea_C' with ClassGeneratedBy '/Game/Final/Levels/TestingArea.TestingArea:PersistentLevel.TestingArea'
[2018.11.19-19.28.23:455][920]LogSlate: Updating window title bar state: overlay mode, drag disabled, window buttons hidden, title bar hidden
[2018.11.19-19.28.23:549][920]LogSlate: Window 'Finals Game Preview Standalone (64-bit/PCD3D_SM5)' being destroyed
[2018.11.19-19.28.23:589][920]LogPlayLevel: Display: Shutting down PIE online subsystems
[2018.11.19-19.28.23:589][920]LogBlueprintUserMessages: Late EndPlayMap Detection: Level '/Game/Final/Levels/TestingArea.TestingArea:PersistentLevel' has LevelScriptBlueprint '/Game/Final/Levels/TestingArea.TestingArea:PersistentLevel.TestingArea' with GeneratedClass '/Game/Final/Levels/TestingArea.TestingArea_C' with ClassGeneratedBy '/Game/Final/Levels/TestingArea.TestingArea:PersistentLevel.TestingArea'
[2018.11.19-19.28.23:778][921]LogPlayLevel: Display: Destroying online subsystem :Context_5
[2018.11.19-19.28.57:689][932]BlueprintLog: New page: Compile BP_Following_Boss
[2018.11.19-19.28.59:225][961]LogTemp: Repeating last play command: New Editor Window (PIE)
[2018.11.19-19.28.59:270][961]LogBlueprintUserMessages: Early PlayInEditor Detection: Level '/Game/Final/Levels/TestingArea.TestingArea:PersistentLevel' has LevelScriptBlueprint '/Game/Final/Levels/TestingArea.TestingArea:PersistentLevel.TestingArea' with GeneratedClass '/Game/Final/Levels/TestingArea.TestingArea_C' with ClassGeneratedBy '/Game/Final/Levels/TestingArea.TestingArea:PersistentLevel.TestingArea'
[2018.11.19-19.28.59:271][961]LogPlayLevel: PlayLevel: No blueprints needed recompiling
[2018.11.19-19.28.59:271][961]PIE: New page: PIE session: TestingArea (Nov 19, 2018, 7:28:59 AM)
[2018.11.19-19.28.59:271][961]LogPlayLevel: Creating play world package: /Game/Final/Levels/UEDPIE_0_TestingArea
[2018.11.19-19.28.59:289][961]LogPlayLevel: PIE: StaticDuplicateObject took: (0.018174s)
[2018.11.19-19.28.59:291][961]LogAIModule: Creating AISystem for world TestingArea
[2018.11.19-19.28.59:291][961]LogPlayLevel: PIE: World Init took: (0.001433s)
[2018.11.19-19.28.59:292][961]LogPlayLevel: PIE: Created PIE world by copying editor world from /Game/Final/Levels/TestingArea.TestingArea to /Game/Final/Levels/UEDPIE_0_TestingArea.TestingArea (0.019923s)
[2018.11.19-19.28.59:342][961]LogInit: XAudio2 using 'Speakers (Realtek High Definition Audio)' : 2 channels at 48 kHz using 32 bits per sample (channel mask 0x3)
[2018.11.19-19.28.59:366][961]LogInit: FAudioDevice initialized.
[2018.11.19-19.28.59:379][961]LogSlate: Updating window title bar state: overlay mode, drag disabled, window buttons hidden, title bar hidden
[2018.11.19-19.28.59:440][961]LogLoad: Game class is '2DSideScrollerGameMode_C'
[2018.11.19-19.28.59:447][961]LogWorld: Bringing World /Game/Final/Levels/UEDPIE_0_TestingArea.TestingArea up for play (max tick rate 60) at 2018.11.19-13.28.59
[2018.11.19-19.28.59:450][961]LogWorld: Bringing up level for play took: 0.008713
[2018.11.19-19.28.59:489][961]PIE: Play in editor start time for /Game/Final/Levels/UEDPIE_0_TestingArea 0.993
[2018.11.19-19.28.59:489][961]LogBlueprintUserMessages: Late PlayInEditor Detection: Level '/Game/Final/Levels/TestingArea.TestingArea:PersistentLevel' has LevelScriptBlueprint '/Game/Final/Levels/TestingArea.TestingArea:PersistentLevel.TestingArea' with GeneratedClass '/Game/Final/Levels/TestingArea.TestingArea_C' with ClassGeneratedBy '/Game/Final/Levels/TestingArea.TestingArea:PersistentLevel.TestingArea'
[2018.11.19-19.29.00:566][986]LogBlueprintUserMessages: [BP_Following_Boss_C_0] overlapping
[2018.11.19-19.29.02:685][ 37]LogBlueprintUserMessages: Early EndPlayMap Detection: Level '/Game/Final/Levels/TestingArea.TestingArea:PersistentLevel' has LevelScriptBlueprint '/Game/Final/Levels/TestingArea.TestingArea:PersistentLevel.TestingArea' with GeneratedClass '/Game/Final/Levels/TestingArea.TestingArea_C' with ClassGeneratedBy '/Game/Final/Levels/TestingArea.TestingArea:PersistentLevel.TestingArea'
[2018.11.19-19.29.02:687][ 37]LogSlate: Updating window title bar state: overlay mode, drag disabled, window buttons hidden, title bar hidden
[2018.11.19-19.29.02:764][ 37]LogSlate: Window 'Finals Game Preview Standalone (64-bit/PCD3D_SM5)' being destroyed
[2018.11.19-19.29.02:811][ 37]LogPlayLevel: Display: Shutting down PIE online subsystems
[2018.11.19-19.29.02:811][ 37]LogBlueprintUserMessages: Late EndPlayMap Detection: Level '/Game/Final/Levels/TestingArea.TestingArea:PersistentLevel' has LevelScriptBlueprint '/Game/Final/Levels/TestingArea.TestingArea:PersistentLevel.TestingArea' with GeneratedClass '/Game/Final/Levels/TestingArea.TestingArea_C' with ClassGeneratedBy '/Game/Final/Levels/TestingArea.TestingArea:PersistentLevel.TestingArea'
[2018.11.19-19.29.02:965][ 38]LogPlayLevel: Display: Destroying online subsystem :Context_6
[2018.11.19-19.29.21:484][506]BlueprintLog: New page: Compile BP_Following_Boss
[2018.11.19-19.29.23:568][547]LogTemp: Repeating last play command: New Editor Window (PIE)
[2018.11.19-19.29.23:621][547]LogBlueprintUserMessages: Early PlayInEditor Detection: Level '/Game/Final/Levels/TestingArea.TestingArea:PersistentLevel' has LevelScriptBlueprint '/Game/Final/Levels/TestingArea.TestingArea:PersistentLevel.TestingArea' with GeneratedClass '/Game/Final/Levels/TestingArea.TestingArea_C' with ClassGeneratedBy '/Game/Final/Levels/TestingArea.TestingArea:PersistentLevel.TestingArea'
[2018.11.19-19.29.23:621][547]LogPlayLevel: PlayLevel: No blueprints needed recompiling
[2018.11.19-19.29.23:621][547]PIE: New page: PIE session: TestingArea (Nov 19, 2018, 7:29:23 AM)
[2018.11.19-19.29.23:621][547]LogPlayLevel: Creating play world package: /Game/Final/Levels/UEDPIE_0_TestingArea
[2018.11.19-19.29.23:641][547]LogPlayLevel: PIE: StaticDuplicateObject took: (0.019418s)
[2018.11.19-19.29.23:642][547]LogAIModule: Creating AISystem for world TestingArea
[2018.11.19-19.29.23:642][547]LogPlayLevel: PIE: World Init took: (0.001387s)
[2018.11.19-19.29.23:642][547]LogPlayLevel: PIE: Created PIE world by copying editor world from /Game/Final/Levels/TestingArea.TestingArea to /Game/Final/Levels/UEDPIE_0_TestingArea.TestingArea (0.021065s)
[2018.11.19-19.29.23:708][547]LogInit: XAudio2 using 'Speakers (Realtek High Definition Audio)' : 2 channels at 48 kHz using 32 bits per sample (channel mask 0x3)
[2018.11.19-19.29.23:734][547]LogInit: FAudioDevice initialized.
[2018.11.19-19.29.23:746][547]LogSlate: Updating window title bar state: overlay mode, drag disabled, window buttons hidden, title bar hidden
[2018.11.19-19.29.23:805][547]LogLoad: Game class is '2DSideScrollerGameMode_C'
[2018.11.19-19.29.23:812][547]LogWorld: Bringing World /Game/Final/Levels/UEDPIE_0_TestingArea.TestingArea up for play (max tick rate 60) at 2018.11.19-13.29.23
[2018.11.19-19.29.23:816][547]LogWorld: Bringing up level for play took: 0.009124
[2018.11.19-19.29.23:846][547]PIE: Play in editor start time for /Game/Final/Levels/UEDPIE_0_TestingArea -0.649
[2018.11.19-19.29.23:847][547]LogBlueprintUserMessages: Late PlayInEditor Detection: Level '/Game/Final/Levels/TestingArea.TestingArea:PersistentLevel' has LevelScriptBlueprint '/Game/Final/Levels/TestingArea.TestingArea:PersistentLevel.TestingArea' with GeneratedClass '/Game/Final/Levels/TestingArea.TestingArea_C' with ClassGeneratedBy '/Game/Final/Levels/TestingArea.TestingArea:PersistentLevel.TestingArea'
[2018.11.19-19.29.24:053][548]LogCharacterMovement: Warning: GetSimulationTimeStep() - Max iterations 8 hit while remaining time 0.052379 > MaxSimulationTimeStep (0.050) for 'BP_Maincharacter_C_0', movement 'Walking'
[2018.11.19-19.29.24:958][571]LogBlueprintUserMessages: [BP_Following_Boss_C_0] overlapping
[2018.11.19-19.29.26:915][623]LogBlueprintUserMessages: Early EndPlayMap Detection: Level '/Game/Final/Levels/TestingArea.TestingArea:PersistentLevel' has LevelScriptBlueprint '/Game/Final/Levels/TestingArea.TestingArea:PersistentLevel.TestingArea' with GeneratedClass '/Game/Final/Levels/TestingArea.TestingArea_C' with ClassGeneratedBy '/Game/Final/Levels/TestingArea.TestingArea:PersistentLevel.TestingArea'
[2018.11.19-19.29.26:917][623]LogSlate: Updating window title bar state: overlay mode, drag disabled, window buttons hidden, title bar hidden
[2018.11.19-19.29.26:995][623]LogSlate: Window 'Finals Game Preview Standalone (64-bit/PCD3D_SM5)' being destroyed
[2018.11.19-19.29.27:044][623]LogPlayLevel: Display: Shutting down PIE online subsystems
[2018.11.19-19.29.27:045][623]LogBlueprintUserMessages: Late EndPlayMap Detection: Level '/Game/Final/Levels/TestingArea.TestingArea:PersistentLevel' has LevelScriptBlueprint '/Game/Final/Levels/TestingArea.TestingArea:PersistentLevel.TestingArea' with GeneratedClass '/Game/Final/Levels/TestingArea.TestingArea_C' with ClassGeneratedBy '/Game/Final/Levels/TestingArea.TestingArea:PersistentLevel.TestingArea'
[2018.11.19-19.29.27:196][624]LogPlayLevel: Display: Destroying online subsystem :Context_7
[2018.11.19-19.29.34:147][818]BlueprintLog: New page: Compile BP_Following_Boss
[2018.11.19-19.29.35:804][849]LogTemp: Repeating last play command: New Editor Window (PIE)
[2018.11.19-19.29.35:849][849]LogBlueprintUserMessages: Early PlayInEditor Detection: Level '/Game/Final/Levels/TestingArea.TestingArea:PersistentLevel' has LevelScriptBlueprint '/Game/Final/Levels/TestingArea.TestingArea:PersistentLevel.TestingArea' with GeneratedClass '/Game/Final/Levels/TestingArea.TestingArea_C' with ClassGeneratedBy '/Game/Final/Levels/TestingArea.TestingArea:PersistentLevel.TestingArea'
[2018.11.19-19.29.35:849][849]LogPlayLevel: PlayLevel: No blueprints needed recompiling
[2018.11.19-19.29.35:849][849]PIE: New page: PIE session: TestingArea (Nov 19, 2018, 7:29:35 AM)
[2018.11.19-19.29.35:849][849]LogPlayLevel: Creating play world package: /Game/Final/Levels/UEDPIE_0_TestingArea
[2018.11.19-19.29.35:873][849]LogPlayLevel: PIE: StaticDuplicateObject took: (0.023439s)
[2018.11.19-19.29.35:874][849]LogAIModule: Creating AISystem for world TestingArea
[2018.11.19-19.29.35:874][849]LogPlayLevel: PIE: World Init took: (0.001089s)
[2018.11.19-19.29.35:875][849]LogPlayLevel: PIE: Created PIE world by copying editor world from /Game/Final/Levels/TestingArea.TestingArea to /Game/Final/Levels/UEDPIE_0_TestingArea.TestingArea (0.024839s)
[2018.11.19-19.29.35:939][849]LogInit: XAudio2 using 'Speakers (Realtek High Definition Audio)' : 2 channels at 48 kHz using 32 bits per sample (channel mask 0x3)
[2018.11.19-19.29.35:969][849]LogInit: FAudioDevice initialized.
[2018.11.19-19.29.35:982][849]LogSlate: Updating window title bar state: overlay mode, drag disabled, window buttons hidden, title bar hidden
[2018.11.19-19.29.36:035][849]LogLoad: Game class is '2DSideScrollerGameMode_C'
[2018.11.19-19.29.36:042][849]LogWorld: Bringing World /Game/Final/Levels/UEDPIE_0_TestingArea.TestingArea up for play (max tick rate 60) at 2018.11.19-13.29.36
[2018.11.19-19.29.36:045][849]LogWorld: Bringing up level for play took: 0.008468
[2018.11.19-19.29.36:077][849]PIE: Play in editor start time for /Game/Final/Levels/UEDPIE_0_TestingArea -0.418
[2018.11.19-19.29.36:078][849]LogBlueprintUserMessages: Late PlayInEditor Detection: Level '/Game/Final/Levels/TestingArea.TestingArea:PersistentLevel' has LevelScriptBlueprint '/Game/Final/Levels/TestingArea.TestingArea:PersistentLevel.TestingArea' with GeneratedClass '/Game/Final/Levels/TestingArea.TestingArea_C' with ClassGeneratedBy '/Game/Final/Levels/TestingArea.TestingArea:PersistentLevel.TestingArea'
[2018.11.19-19.29.37:904][893]LogBlueprintUserMessages: [BP_Following_Boss_C_0] overlapping
[2018.11.19-19.29.37:942][894]LogBlueprintUserMessages: [BP_Damage_Box_2] Hello
[2018.11.19-19.29.40:238][951]LogBlueprintUserMessages: [BP_Following_Boss_C_0] overlapping
[2018.11.19-19.29.41:223][970]LogBlueprintUserMessages: Early EndPlayMap Detection: Level '/Game/Final/Levels/TestingArea.TestingArea:PersistentLevel' has LevelScriptBlueprint '/Game/Final/Levels/TestingArea.TestingArea:PersistentLevel.TestingArea' with GeneratedClass '/Game/Final/Levels/TestingArea.TestingArea_C' with ClassGeneratedBy '/Game/Final/Levels/TestingArea.TestingArea:PersistentLevel.TestingArea'
[2018.11.19-19.29.41:224][970]LogSlate: Updating window title bar state: overlay mode, drag disabled, window buttons hidden, title bar hidden
[2018.11.19-19.29.41:297][970]LogSlate: Window 'Finals Game Preview Standalone (64-bit/PCD3D_SM5)' being destroyed
[2018.11.19-19.29.41:344][970]LogPlayLevel: Display: Shutting down PIE online subsystems
[2018.11.19-19.29.41:344][970]LogBlueprintUserMessages: Late EndPlayMap Detection: Level '/Game/Final/Levels/TestingArea.TestingArea:PersistentLevel' has LevelScriptBlueprint '/Game/Final/Levels/TestingArea.TestingArea:PersistentLevel.TestingArea' with GeneratedClass '/Game/Final/Levels/TestingArea.TestingArea_C' with ClassGeneratedBy '/Game/Final/Levels/TestingArea.TestingArea:PersistentLevel.TestingArea'
[2018.11.19-19.29.41:477][971]LogPlayLevel: Display: Destroying online subsystem :Context_8
[2018.11.19-19.30.02:246][548]BlueprintLog: New page: Compile BP_Following_Boss
[2018.11.19-19.30.42:126][765]LogSavePackage: Moving '../../../../../../Users/l_war/OneDrive/Documents/Github/project_final_2/Project-Final/Finals/Saved/BP_Following_BossD6FE0C5F4A842D2143E922832F218390.tmp' to '../../../../../../Users/l_war/OneDrive/Documents/Github/project_final_2/Project-Final/Finals/Content/Final/Blueprint/Boss/BP_Following_Boss.uasset'
