Log file open, 11/15/18 12:37:54
LogWindows: Failed to load 'aqProf.dll' (GetLastError=126)
LogWindows: File 'aqProf.dll' does not exist
LogWindows: Failed to load 'VSPerf140.dll' (GetLastError=126)
LogWindows: File 'VSPerf140.dll' does not exist
LogWindows: Failed to load 'VtuneApi.dll' (GetLastError=126)
LogWindows: File 'VtuneApi.dll' does not exist
LogWindows: Failed to load 'VtuneApi32e.dll' (GetLastError=126)
LogWindows: File 'VtuneApi32e.dll' does not exist
LogInit: Display: Running engine for game: Finals
LogPlatformFile: Not using cached read wrapper
LogTaskGraph: Started task graph with 5 named threads and 23 total threads with 3 sets of task threads.
LogStats: Stats thread started at 0.285742
LogD3D11RHI: Loaded GFSDK_Aftermath_Lib.x64.dll
LogICUInternationalization: Display: ICU TimeZone Detection - Raw Offset: -6:00, Platform Override: ''
LogPluginManager: Mounting plugin Paper2D
LogPluginManager: Mounting plugin AISupport
LogPluginManager: Mounting plugin LightPropagationVolume
LogPluginManager: Mounting plugin CLionSourceCodeAccess
LogPluginManager: Mounting plugin CodeLiteSourceCodeAccess
LogPluginManager: Mounting plugin GitSourceControl
LogPluginManager: Mounting plugin KDevelopSourceCodeAccess
LogPluginManager: Mounting plugin NullSourceCodeAccess
LogPluginManager: Mounting plugin PerforceSourceControl
LogPluginManager: Mounting plugin SubversionSourceControl
LogPluginManager: Mounting plugin UObjectPlugin
LogPluginManager: Mounting plugin VisualStudioCodeSourceCodeAccess
LogPluginManager: Mounting plugin VisualStudioSourceCodeAccess
LogPluginManager: Mounting plugin XCodeSourceCodeAccess
LogPluginManager: Mounting plugin AssetManagerEditor
LogPluginManager: Mounting plugin CryptoKeys
LogPluginManager: Mounting plugin DataValidation
LogPluginManager: Mounting plugin FacialAnimation
LogPluginManager: Mounting plugin GameplayTagsEditor
LogPluginManager: Mounting plugin MacGraphicsSwitching
LogPluginManager: Mounting plugin MeshEditor
LogPluginManager: Mounting plugin MobileLauncherProfileWizard
LogPluginManager: Mounting plugin PluginBrowser
LogPluginManager: Mounting plugin SpeedTreeImporter
LogPluginManager: Mounting plugin DatasmithContent
LogPluginManager: Mounting plugin AlembicImporter
LogPluginManager: Mounting plugin AppleImageUtils
LogPluginManager: Mounting plugin AppleVision
LogPluginManager: Mounting plugin BackChannel
LogPluginManager: Mounting plugin CharacterAI
LogPluginManager: Mounting plugin GeometryCache
LogPluginManager: Mounting plugin HTML5Networking
LogPluginManager: Mounting plugin ProxyLODPlugin
LogPluginManager: Mounting plugin MagicLeap
LogPluginManager: Mounting plugin MagicLeapEmulator
LogPluginManager: Mounting plugin MagicLeapMedia
LogPluginManager: Mounting plugin Substance
LogPluginManager: Mounting plugin AndroidMedia
LogPluginManager: Mounting plugin AvfMedia
LogPluginManager: Mounting plugin ImgMedia
LogPluginManager: Mounting plugin LinearTimecode
LogPluginManager: Mounting plugin MediaCompositing
LogPluginManager: Mounting plugin MediaPlayerEditor
LogPluginManager: Mounting plugin WmfMedia
LogPluginManager: Mounting plugin TcpMessaging
LogPluginManager: Mounting plugin UdpMessaging
LogPluginManager: Mounting plugin ActorSequence
LogPluginManager: Mounting plugin LevelSequenceEditor
LogPluginManager: Mounting plugin MatineeToLevelSequence
LogPluginManager: Mounting plugin NetcodeUnitTest
LogPluginManager: Mounting plugin NUTUnrealEngine4
LogPluginManager: Mounting plugin OnlineSubsystemGooglePlay
LogPluginManager: Mounting plugin OnlineSubsystemIOS
LogPluginManager: Mounting plugin OnlineSubsystem
LogPluginManager: Mounting plugin OnlineSubsystemNull
LogPluginManager: Mounting plugin OnlineSubsystemUtils
LogPluginManager: Mounting plugin LauncherChunkInstaller
LogPluginManager: Mounting plugin AndroidDeviceProfileSelector
LogPluginManager: Mounting plugin AndroidMoviePlayer
LogPluginManager: Mounting plugin AndroidPermission
LogPluginManager: Mounting plugin AppleMoviePlayer
LogPluginManager: Mounting plugin ArchVisCharacter
LogPluginManager: Mounting plugin AudioCapture
LogPluginManager: Mounting plugin CableComponent
LogPluginManager: Mounting plugin CustomMeshComponent
LogPluginManager: Mounting plugin EditableMesh
LogPluginManager: Mounting plugin ExampleDeviceProfileSelector
LogPluginManager: Mounting plugin GoogleCloudMessaging
LogPluginManager: Mounting plugin ImmediatePhysics
LogPluginManager: Mounting plugin IOSDeviceProfileSelector
LogPluginManager: Mounting plugin LinuxDeviceProfileSelector
LogPluginManager: Mounting plugin LocationServicesBPLibrary
LogPluginManager: Mounting plugin MobilePatchingUtils
LogPluginManager: Mounting plugin OculusVR
LogPluginManager: Plugin shader directory ../../../Engine/Plugins/Runtime/Oculus/OculusVR/Shaders found
LogPluginManager: Mapping shader source directory ../../../Engine/Plugins/Runtime/Oculus/OculusVR/Shaders to virtual directory /Plugin/OculusVR
LogPluginManager: Mounting plugin PhysXVehicles
LogPluginManager: Mounting plugin ProceduralMeshComponent
LogPluginManager: Mounting plugin RuntimePhysXCooking
LogPluginManager: Mounting plugin SteamVR
LogPluginManager: Mounting plugin WindowsMoviePlayer
LogStreaming: Display: Took  0.094s to configure plugins.
LogInit: Using libcurl 7.55.1-DEV
LogInit:  - built for x86_64-pc-win32
LogInit:  - supports SSL with OpenSSL/1.0.2h
LogInit:  - supports HTTP deflate (compression) using libz 1.2.8
LogInit:  - other features:
LogInit:      CURL_VERSION_SSL
LogInit:      CURL_VERSION_LIBZ
LogInit:      CURL_VERSION_IPV6
LogInit:      CURL_VERSION_ASYNCHDNS
LogInit:      CURL_VERSION_LARGEFILE
LogInit:      CURL_VERSION_IDN
LogInit:  CurlRequestOptions (configurable via config and command line):
LogInit:  - bVerifyPeer = false  - Libcurl will NOT verify peer certificate
LogInit:  - bUseHttpProxy = false  - Libcurl will NOT use HTTP proxy
LogInit:  - bDontReuseConnections = false  - Libcurl will reuse connections
LogInit:  - CertBundlePath = nullptr  - Libcurl will use whatever was configured at build time.
LogInit:  - MaxHostConnections = 16  - Libcurl will limit the number of connections to a host
LogInit:  - LocalHostAddr = Default
LogInit:  - BufferSize = 65536
LogInit: WinSock: version 1.1 (2.2), MaxSocks=32767, MaxUdp=65467
LogInit: Build: ++UE4+Release-4.20-CL-4369336
LogInit: Engine Version: 4.20.3-4369336+++UE4+Release-4.20
LogInit: Compatible Engine Version: 4.20.0-4212847+++UE4+Release-4.20
LogInit: Net CL: 4212847
LogInit: OS: Windows 10 (), CPU: Intel(R) Core(TM) i7-7700HQ CPU @ 2.80GHz, GPU: NVIDIA GeForce GTX 1070
LogInit: Compiled (64-bit): Sep 17 2018 12:26:19
LogInit: Compiled with Visual C++: 19.13.26129.00
LogInit: Build Configuration: Development
LogInit: Branch Name: ++UE4+Release-4.20
LogInit: Command Line:  
LogInit: Base Directory: D:/Programs/Unreal Engine/UE_4.20/Engine/Binaries/Win64/
LogInit: Installed Engine Build: 1
LogDevObjectVersion: Number of dev versions registered: 20
LogDevObjectVersion:   Dev-Blueprints (B0D832E4-1F89-4F0D-ACCF-7EB736FD4AA2): 10
LogDevObjectVersion:   Dev-Build (E1C64328-A22C-4D53-A36C-8E866417BD8C): 0
LogDevObjectVersion:   Dev-Core (375EC13C-06E4-48FB-B500-84F0262A717E): 2
LogDevObjectVersion:   Dev-Editor (E4B068ED-F494-42E9-A231-DA0B2E46BB41): 24
LogDevObjectVersion:   Dev-Framework (CFFC743F-43B0-4480-9391-14DF171D2073): 34
LogDevObjectVersion:   Dev-Mobile (B02B49B5-BB20-44E9-A304-32B752E40360): 2
LogDevObjectVersion:   Dev-Networking (A4E4105C-59A1-49B5-A7C5-40C4547EDFEE): 0
LogDevObjectVersion:   Dev-Online (39C831C9-5AE6-47DC-9A44-9C173E1C8E7C): 0
LogDevObjectVersion:   Dev-Physics (78F01B33-EBEA-4F98-B9B4-84EACCB95AA2): 0
LogDevObjectVersion:   Dev-Platform (6631380F-2D4D-43E0-8009-CF276956A95A): 0
LogDevObjectVersion:   Dev-Rendering (12F88B9F-8875-4AFC-A67C-D90C383ABD29): 26
LogDevObjectVersion:   Dev-Sequencer (7B5AE74C-D270-4C10-A958-57980B212A5A): 9
LogDevObjectVersion:   Dev-VR (D7296918-1DD6-4BDD-9DE2-64A83CC13884): 2
LogDevObjectVersion:   Dev-LoadTimes (C2A15278-BFE7-4AFE-6C17-90FF531DF755): 1
LogDevObjectVersion:   Private-Geometry (6EACA3D4-40EC-4CC1-B786-8BED09428FC5): 3
LogDevObjectVersion:   Dev-AnimPhys (29E575DD-E0A3-4627-9D10-D276232CDCEA): 17
LogDevObjectVersion:   Dev-ReflectionCapture (6B266CEC-1EC7-4B8F-A30B-E4D90942FC07): 1
LogDevObjectVersion:   Dev-Automation (0DF73D61-A23F-47EA-B727-89E90C41499A): 1
LogDevObjectVersion:   FortniteMain (601D1886-AC64-4F84-AA16-D3DE0DEAC7D6): 12
LogDevObjectVersion:   Dev-Enterprise (9DFFBCD6-494F-0158-E221-12823C92A888): 1
LogStreaming: Display: Took  0.008s to delete old logs.
LogInit: Presizing for max 8388607 objects, including 0 objects not considered by GC, pre-allocating 0 bytes for permanent pool.
LogInit: Object subsystem initialized
[2018.11.15-18.37.55:095][  0]LogInit: Selected Device Profile: [Windows]
[2018.11.15-18.37.55:095][  0]LogInit: Applying CVar settings loaded from the selected device profile: [Windows]
[2018.11.15-18.37.55:102][  0]LogHAL: Display: Platform has ~ 16 GB [17046728704 / 17179869184 / 16], which maps to Larger [LargestMinGB=32, LargerMinGB=12, DefaultMinGB=8, SmallerMinGB=6, SmallestMinGB=0)
[2018.11.15-18.37.55:102][  0]LogInit: Setting Device Profile CVar: [[r.Vulkan.UseRealUBs:1]]
[2018.11.15-18.37.55:102][  0]LogInit: Going up to parent DeviceProfile []
[2018.11.15-18.37.55:102][  0]LogInit: Computer: ALIENMOMO
[2018.11.15-18.37.55:102][  0]LogInit: User: beclo
[2018.11.15-18.37.55:102][  0]LogInit: CPU Page size=4096, Cores=4
[2018.11.15-18.37.55:102][  0]LogInit: High frequency timer resolution =2.742189 MHz
[2018.11.15-18.37.55:102][  0]LogMemory: Memory total: Physical=15.9GB (16GB approx)
[2018.11.15-18.37.55:102][  0]LogMemory: Platform Memory Stats for Windows
[2018.11.15-18.37.55:102][  0]LogMemory: Process Physical Memory: 100.43 MB used, 100.43 MB peak
[2018.11.15-18.37.55:102][  0]LogMemory: Process Virtual Memory: 89.54 MB used, 89.54 MB peak
[2018.11.15-18.37.55:102][  0]LogMemory: Physical Memory: 6303.45 MB used,  9953.58 MB free, 16257.03 MB total
[2018.11.15-18.37.55:102][  0]LogMemory: Virtual Memory: 4629.07 MB used,  9953.58 MB free, 134217728.00 MB total
[2018.11.15-18.37.55:462][  0]LogInit: Using OS detected language (en-US).
[2018.11.15-18.37.55:462][  0]LogInit: Using OS detected locale (en-US).
[2018.11.15-18.37.55:463][  0]LogTextLocalizationManager: No specific localization for 'en-US' exists, so the 'en' localization will be used.
[2018.11.15-18.37.55:818][  0]LogStreaming: Display: Took  0.356s to InitEngineTextLocalization.
[2018.11.15-18.37.55:818][  0]LogInit: Setting process to per monitor DPI aware
[2018.11.15-18.37.55:872][  0]LogSlate: New Slate User Created.  User Index 0, Is Virtual User: 0
[2018.11.15-18.37.55:872][  0]LogSlate: Slate User Registered.  User Index 0, Is Virtual User: 0
[2018.11.15-18.37.56:171][  0]LogHMD: Failed to initialize OpenVR with code 110
[2018.11.15-18.37.56:171][  0]LogD3D11RHI: D3D11 adapters:
[2018.11.15-18.37.56:249][  0]LogD3D11RHI:    0. 'NVIDIA GeForce GTX 1070' (Feature Level 11_0)
[2018.11.15-18.37.56:249][  0]LogD3D11RHI:       8081/0/8128 MB DedicatedVideo/DedicatedSystem/SharedSystem, Outputs:1, VendorId:0x10de
[2018.11.15-18.37.56:270][  0]LogD3D11RHI:    1. 'Intel(R) HD Graphics 630' (Feature Level 11_0)
[2018.11.15-18.37.56:270][  0]LogD3D11RHI:       128/0/8128 MB DedicatedVideo/DedicatedSystem/SharedSystem, Outputs:0, VendorId:0x8086
[2018.11.15-18.37.56:273][  0]LogD3D11RHI:    2. 'Microsoft Basic Render Driver' (Feature Level 11_0)
[2018.11.15-18.37.56:273][  0]LogD3D11RHI:       0/0/8128 MB DedicatedVideo/DedicatedSystem/SharedSystem, Outputs:0, VendorId:0x1414
[2018.11.15-18.37.56:273][  0]LogD3D11RHI: Chosen D3D11 Adapter: 0
[2018.11.15-18.37.56:285][  0]LogD3D11RHI: Creating new Direct3DDevice
[2018.11.15-18.37.56:285][  0]LogD3D11RHI:     GPU DeviceId: 0x1be1 (for the marketing name, search the web for "GPU Device Id")
[2018.11.15-18.37.56:285][  0]LogWindows: EnumDisplayDevices:
[2018.11.15-18.37.56:286][  0]LogWindows:    0. 'NVIDIA GeForce GTX 1070' (P:1 D:1)
[2018.11.15-18.37.56:286][  0]LogWindows:    1. 'NVIDIA GeForce GTX 1070' (P:0 D:0)
[2018.11.15-18.37.56:287][  0]LogWindows:    2. 'NVIDIA GeForce GTX 1070' (P:0 D:0)
[2018.11.15-18.37.56:288][  0]LogWindows:    3. 'NVIDIA GeForce GTX 1070' (P:0 D:0)
[2018.11.15-18.37.56:289][  0]LogWindows:    4. 'Intel(R) HD Graphics 630' (P:0 D:0)
[2018.11.15-18.37.56:289][  0]LogWindows:    5. 'Intel(R) HD Graphics 630' (P:0 D:0)
[2018.11.15-18.37.56:290][  0]LogWindows:    6. 'Intel(R) HD Graphics 630' (P:0 D:0)
[2018.11.15-18.37.56:291][  0]LogWindows:    7. 'Intel(R) HD Graphics 630' (P:0 D:0)
[2018.11.15-18.37.56:292][  0]LogWindows:    8. 'Intel(R) HD Graphics 630' (P:0 D:0)
[2018.11.15-18.37.56:292][  0]LogWindows:    9. 'Intel(R) HD Graphics 630' (P:0 D:0)
[2018.11.15-18.37.56:293][  0]LogWindows:    10. 'Intel(R) HD Graphics 630' (P:0 D:0)
[2018.11.15-18.37.56:294][  0]LogWindows:    11. 'Intel(R) HD Graphics 630' (P:0 D:0)
[2018.11.15-18.37.56:294][  0]LogWindows:    12. 'Intel(R) HD Graphics 630' (P:0 D:0)
[2018.11.15-18.37.56:295][  0]LogWindows:    13. 'Intel(R) HD Graphics 630' (P:0 D:0)
[2018.11.15-18.37.56:296][  0]LogWindows:    14. 'Intel(R) HD Graphics 630' (P:0 D:0)
[2018.11.15-18.37.56:296][  0]LogWindows: DebugString: PrimaryIsNotTheChoosenAdapter PrimaryIsNotTheChoosenAdapter PrimaryIsNotTheChoosenAdapter PrimaryIsNotTheChoosenAdapter PrimaryIsNotTheChoosenAdapter PrimaryIsNotTheChoosenAdapter PrimaryIsNotTheChoosenAdapter PrimaryIsNotTheChoosenAdapter PrimaryIsNotTheChoosenAdapter PrimaryIsNotTheChoosenAdapter PrimaryIsNotTheChoosenAdapter FoundDriverCount:4 
[2018.11.15-18.37.56:296][  0]LogD3D11RHI:     Adapter Name: NVIDIA GeForce GTX 1070
[2018.11.15-18.37.56:296][  0]LogD3D11RHI:   Driver Version: 398.11 (internal:24.21.13.9811, unified:398.11)
[2018.11.15-18.37.56:296][  0]LogD3D11RHI:      Driver Date: 6-1-2018
[2018.11.15-18.37.56:296][  0]LogRHI: Texture pool is 5656 MB (70% of 8081 MB)
[2018.11.15-18.37.56:360][  0]LogD3D11RHI: Async texture creation enabled
[2018.11.15-18.37.56:384][  0]LogD3D11RHI: GPU Timing Frequency: 1000.000000 (Debug: 2 2)
[2018.11.15-18.37.56:430][  0]LogShaderCompilers: Guid format shader working directory is -15 characters bigger than the processId version (../../../../../../Desktop/Final Backups/Project-Final/Finals/Intermediate/Shaders/WorkingDirectory/19876/).
[2018.11.15-18.37.56:430][  0]LogShaderCompilers: Cleaned the shader compiler working directory 'C:/Users/beclo/AppData/Local/Temp/UnrealShaderWorkingDir/0674AC624AB735D852AA71827A44DFCE/'.
[2018.11.15-18.37.56:743][  0]LogTemp: Display: Loaded TP AllDesktopTargetPlatform
[2018.11.15-18.37.56:757][  0]LogTemp: Display: Loaded TP MacClientTargetPlatform
[2018.11.15-18.37.56:770][  0]LogTemp: Display: Loaded TP MacNoEditorTargetPlatform
[2018.11.15-18.37.56:784][  0]LogTemp: Display: Loaded TP MacServerTargetPlatform
[2018.11.15-18.37.56:798][  0]LogTemp: Display: Loaded TP MacTargetPlatform
[2018.11.15-18.37.56:811][  0]LogTemp: Display: Loaded TP WindowsClientTargetPlatform
[2018.11.15-18.37.56:825][  0]LogTemp: Display: Loaded TP WindowsNoEditorTargetPlatform
[2018.11.15-18.37.56:838][  0]LogTemp: Display: Loaded TP WindowsServerTargetPlatform
[2018.11.15-18.37.56:844][  0]LogTemp: Display: Loaded TP WindowsTargetPlatform
[2018.11.15-18.37.56:926][  0]LogTemp: Display: Loaded TP AndroidTargetPlatform
[2018.11.15-18.37.56:926][  0]LogTemp: Display: Loaded TP AndroidTargetPlatform
[2018.11.15-18.37.56:926][  0]LogTemp: Display: Loaded TP AndroidTargetPlatform
[2018.11.15-18.37.56:926][  0]LogTemp: Display: Loaded TP AndroidTargetPlatform
[2018.11.15-18.37.56:926][  0]LogTemp: Display: Loaded TP AndroidTargetPlatform
[2018.11.15-18.37.56:926][  0]LogTemp: Display: Loaded TP AndroidTargetPlatform
[2018.11.15-18.37.56:926][  0]LogTemp: Display: Loaded TP AndroidTargetPlatform
[2018.11.15-18.37.56:926][  0]LogTemp: Display: Loaded TP AndroidTargetPlatform
[2018.11.15-18.37.56:926][  0]LogTemp: Display: Loaded TP AndroidTargetPlatform
[2018.11.15-18.37.56:926][  0]LogTemp: Display: Loaded TP AndroidTargetPlatform
[2018.11.15-18.37.56:926][  0]LogTemp: Display: Loaded TP AndroidTargetPlatform
[2018.11.15-18.37.56:926][  0]LogTemp: Display: Loaded TP AndroidTargetPlatform
[2018.11.15-18.37.56:926][  0]LogTemp: Display: Loaded TP AndroidTargetPlatform
[2018.11.15-18.37.56:926][  0]LogTemp: Display: Loaded TP AndroidTargetPlatform
[2018.11.15-18.37.56:926][  0]LogTemp: Display: Loaded TP AndroidTargetPlatform
[2018.11.15-18.37.56:926][  0]LogTemp: Display: Loaded TP AndroidTargetPlatform
[2018.11.15-18.37.56:926][  0]LogTemp: Display: Loaded TP AndroidTargetPlatform
[2018.11.15-18.37.56:926][  0]LogTemp: Display: Loaded TP AndroidTargetPlatform
[2018.11.15-18.37.56:927][  0]LogTemp: Display: Loaded TP HTML5TargetPlatform
[2018.11.15-18.37.56:988][  0]LogTemp: Display: Loaded TP IOSTargetPlatform
[2018.11.15-18.37.56:988][  0]LogTemp: Display: Loaded TP IOSTargetPlatform
[2018.11.15-18.37.57:037][  0]LogTemp: Display: Loaded TP TVOSTargetPlatform
[2018.11.15-18.37.57:037][  0]LogTemp: Display: Loaded TP TVOSTargetPlatform
[2018.11.15-18.37.57:053][  0]LogTemp: Display: Loaded TP LinuxClientTargetPlatform
[2018.11.15-18.37.57:066][  0]LogTemp: Display: Loaded TP LinuxNoEditorTargetPlatform
[2018.11.15-18.37.57:079][  0]LogTemp: Display: Loaded TP LinuxServerTargetPlatform
[2018.11.15-18.37.57:093][  0]LogTemp: Display: Loaded TP LinuxTargetPlatform
[2018.11.15-18.37.57:102][  0]LogTemp: Display: Loaded TP LuminTargetPlatform
[2018.11.15-18.37.57:102][  0]LogTargetPlatformManager: Display: Building Assets For Windows
[2018.11.15-18.37.57:158][  0]LogXGEController: Cleaning working directory: C:/Users/beclo/AppData/Local/Temp/UnrealXGEWorkingDir/
[2018.11.15-18.37.57:158][  0]LogXGEController: Cannot use XGE Controller as Incredibuild is not installed on this machine.
[2018.11.15-18.37.57:158][  0]LogShaderCompilers: Cannot use XGE Shader Compiler as Incredibuild is not installed on this machine.
[2018.11.15-18.37.57:158][  0]LogShaderCompilers: Display: Using Local Shader Compiler.
[2018.11.15-18.37.57:860][  0]LogDerivedDataCache: Display: Max Cache Size: 512 MB
[2018.11.15-18.37.57:917][  0]LogDerivedDataCache: Loaded boot cache 0.06s 71MB C:/Users/beclo/AppData/Local/UnrealEngine/4.20/DerivedDataCache/Boot.ddc.
[2018.11.15-18.37.57:917][  0]LogDerivedDataCache: Display: Loaded Boot cache: C:/Users/beclo/AppData/Local/UnrealEngine/4.20/DerivedDataCache/Boot.ddc
[2018.11.15-18.37.57:917][  0]LogDerivedDataCache: FDerivedDataBackendGraph:  Pak pak cache file ../../../../../../Desktop/Final Backups/Project-Final/Finals/DerivedDataCache/DDC.ddp not found, will not use a pak cache.
[2018.11.15-18.37.57:917][  0]LogDerivedDataCache: Unable to find inner node Pak for hierarchical cache Hierarchy.
[2018.11.15-18.37.57:917][  0]LogDerivedDataCache: FDerivedDataBackendGraph:  CompressedPak pak cache file ../../../../../../Desktop/Final Backups/Project-Final/Finals/DerivedDataCache/Compressed.ddp not found, will not use a pak cache.
[2018.11.15-18.37.57:917][  0]LogDerivedDataCache: Unable to find inner node CompressedPak for hierarchical cache Hierarchy.
[2018.11.15-18.37.57:930][  0]LogDerivedDataCache: Display: Pak cache opened for reading ../../../Engine/DerivedDataCache/Compressed.ddp.
[2018.11.15-18.37.57:943][  0]LogDerivedDataCache: Using Local data cache path C:/Users/beclo/AppData/Local/UnrealEngine/Common/DerivedDataCache: Writable
[2018.11.15-18.37.57:943][  0]LogDerivedDataCache: Shared data cache path not found in *engine.ini, will not use an Shared cache.
[2018.11.15-18.37.57:943][  0]LogDerivedDataCache: Unable to find inner node Shared for hierarchical cache Hierarchy.
[2018.11.15-18.37.57:962][  0]LogMaterial: Verifying Global Shaders for PCD3D_SM5
[2018.11.15-18.37.57:963][  0]LogSlate: Using FreeType 2.6.0
[2018.11.15-18.37.57:964][  0]LogSlate: SlateFontServices - WITH_FREETYPE: 1, WITH_HARFBUZZ: 1
[2018.11.15-18.37.58:045][  0]LogAssetRegistry: FAssetRegistry took 0.0263 seconds to start up
[2018.11.15-18.37.58:367][  0]LogInit: Selected Device Profile: [Windows]
[2018.11.15-18.37.58:499][  0]LogSimplygon: Simplygon DLL not present - disabling.
[2018.11.15-18.37.58:503][  0]LogMeshReduction: Using SimplygonSwarm for distributed automatic mesh merging
[2018.11.15-18.37.58:503][  0]LogMeshReduction: Using ProxyLODMeshReduction for automatic mesh merging
[2018.11.15-18.37.58:503][  0]LogMeshReduction: Using QuadricMeshReduction for automatic static mesh reduction
[2018.11.15-18.37.58:503][  0]LogMeshReduction: No automatic skeletal mesh reduction module available
[2018.11.15-18.37.58:521][  0]LogNetVersion: Finals 1.0.0, NetCL: 4212847, EngineNetVer: 5, GameNetVer: 0 (Checksum: 3293051592)
[2018.11.15-18.37.59:040][  0]LogPackageLocalizationCache: Processed 11 localized package path(s) for 2 prioritized culture(s) in 0.090535 seconds
[2018.11.15-18.37.59:047][  0]LogUObjectArray: 38425 objects as part of root set at end of initial load.
[2018.11.15-18.37.59:047][  0]LogUObjectAllocator: 6690872 out of 0 bytes used by permanent object pool.
[2018.11.15-18.37.59:047][  0]LogUObjectArray: CloseDisregardForGC: 0/0 objects in disregard for GC pool
[2018.11.15-18.38.00:074][  0]LogSubstanceCoreModule: Substance [CPU] Engine Loaded, Max Texture Size = 2048
[2018.11.15-18.38.00:079][  0]LogTcpMessaging: Initializing TcpMessaging bridge
[2018.11.15-18.38.00:094][  0]LogUdpMessaging: Initializing bridge on interface 0.0.0.0:0 to multicast group 230.0.0.1:6666.
[2018.11.15-18.38.00:260][  0]SourceControl: Source control is disabled
[2018.11.15-18.38.00:260][  0]SourceControl: Source control is disabled
[2018.11.15-18.38.00:262][  0]SourceControl: Source control is disabled
[2018.11.15-18.38.00:263][  0]SourceControl: Source control is disabled
[2018.11.15-18.38.00:435][  0]LogAndroidPermission: UAndroidPermissionCallbackProxy::GetInstance
[2018.11.15-18.38.00:608][  0]LogOcInput: OculusInput pre-init called
[2018.11.15-18.38.00:778][  0]LogEngine: Initializing Engine...
[2018.11.15-18.38.00:780][  0]LogHMD: Failed to initialize OpenVR with code 110
[2018.11.15-18.38.00:781][  0]LogStats: UGameplayTagsManager::ConstructGameplayTagTree: ImportINI prefixes -  0.000 s
[2018.11.15-18.38.00:781][  0]LogStats: UGameplayTagsManager::ConstructGameplayTagTree: Construct from data asset -  0.000 s
[2018.11.15-18.38.00:781][  0]LogStats: UGameplayTagsManager::ConstructGameplayTagTree: ImportINI -  0.000 s
[2018.11.15-18.38.00:781][  0]LogStats: UGameplayTagsManager::ConstructGameplayTagTree: GameplayTagTreeChangedEvent.Broadcast -  0.000 s
[2018.11.15-18.38.00:996][  0]LogInit: Initializing FReadOnlyCVARCache
[2018.11.15-18.38.01:009][  0]LogAIModule: Creating AISystem for world Untitled
[2018.11.15-18.38.01:063][  0]LogInit: XAudio2 using 'Speakers / Headphones (Realtek Audio)' : 6 channels at 48 kHz using 32 bits per sample (channel mask 0x3f)
[2018.11.15-18.38.01:612][  0]LogInit: FAudioDevice initialized.
[2018.11.15-18.38.01:612][  0]LogNetVersion: Set ProjectVersion to 1.0.0.0. Version Checksum will be recalculated on next use.
[2018.11.15-18.38.01:700][  0]LogDerivedDataCache: Saved boot cache 0.09s 71MB C:/Users/beclo/AppData/Local/UnrealEngine/4.20/DerivedDataCache/Boot.ddc.
[2018.11.15-18.38.01:700][  0]LogInit: Texture streaming: Enabled
[2018.11.15-18.38.01:719][  0]LogEngineSessionManager: EngineSessionManager initialized
[2018.11.15-18.38.01:731][  0]LogInit: Transaction tracking system initialized
[2018.11.15-18.38.01:754][  0]BlueprintLog: New page: Editor Load
[2018.11.15-18.38.01:825][  0]LocalizationService: Localization service is disabled
[2018.11.15-18.38.02:167][  0]LogCook: Display: Max memory allowance for cook 16384mb min free memory 0mb
[2018.11.15-18.38.02:167][  0]LogCook: Display: Mobile HDR setting 1
[2018.11.15-18.38.02:167][  0]LogGameplayTags: Display: UGameplayTagsManager::DoneAddingNativeTags. DelegateIsBound: 0
[2018.11.15-18.38.02:167][  0]LogStats: UGameplayTagsManager::ConstructGameplayTagTree: ImportINI prefixes -  0.000 s
[2018.11.15-18.38.02:167][  0]LogStats: UGameplayTagsManager::ConstructGameplayTagTree: Construct from data asset -  0.000 s
[2018.11.15-18.38.02:167][  0]LogStats: UGameplayTagsManager::ConstructGameplayTagTree: ImportINI -  0.000 s
[2018.11.15-18.38.02:167][  0]LogStats: UGameplayTagsManager::ConstructGameplayTagTree: GameplayTagTreeChangedEvent.Broadcast -  0.000 s
[2018.11.15-18.38.02:284][  0]LogFileCache: Scanning file cache for directory 'D:/Desktop/Final Backups/Project-Final/Finals/Content/' took 0.02s
[2018.11.15-18.38.02:284][  0]SourceControl: Source control is disabled
[2018.11.15-18.38.02:285][  0]Cmd: MAP LOAD FILE="../../../../../../Desktop/Final Backups/Project-Final/Finals/Content/Final/Levels/GameLevel.umap" TEMPLATE=0 SHOWPROGRESS=1 FEATURELEVEL=3
[2018.11.15-18.38.02:285][  0]LightingResults: New page: Lighting Build
[2018.11.15-18.38.02:287][  0]MapCheck: New page: Map Check
[2018.11.15-18.38.02:287][  0]LightingResults: New page: Lighting Build
[2018.11.15-18.38.03:364][  0]LogAIModule: Creating AISystem for world GameLevel
[2018.11.15-18.38.03:380][  0]LogEditorServer: Finished looking for orphan Actors (0.000 secs)
[2018.11.15-18.38.03:463][  0]Cmd: MAP CHECKDEP NOCLEARLOG
[2018.11.15-18.38.03:543][  0]MapCheck: Map check complete: 0 Error(s), 0 Warning(s), took 79.664ms to complete.
[2018.11.15-18.38.03:543][  0]LogFileHelpers: Loading map 'GameLevel' took 1.259
[2018.11.15-18.38.03:658][  0]LogSlate: Updating window title bar state: overlay mode, drag disabled, window buttons hidden, title bar hidden
[2018.11.15-18.38.03:670][  0]LogSlate: Updating window title bar state: overlay mode, drag disabled, window buttons hidden, title bar hidden
[2018.11.15-18.38.03:678][  0]LogSlate: Updating window title bar state: overlay mode, drag disabled, window buttons hidden, title bar hidden
[2018.11.15-18.38.03:685][  0]LogSlate: Updating window title bar state: overlay mode, drag disabled, window buttons hidden, title bar hidden
[2018.11.15-18.38.03:692][  0]LogCollectionManager: Loaded 0 collections in 0.001710 seconds
[2018.11.15-18.38.03:735][  0]LogFileCache: Scanning file cache for directory 'D:/Desktop/Final Backups/Project-Final/Finals/Saved/Collections/' took 0.01s
[2018.11.15-18.38.03:735][  0]LogFileCache: Scanning file cache for directory 'D:/Desktop/Final Backups/Project-Final/Finals/Content/Developers/beclo/Collections/' took 0.01s
[2018.11.15-18.38.03:735][  0]LogFileCache: Scanning file cache for directory 'D:/Desktop/Final Backups/Project-Final/Finals/Content/Collections/' took 0.01s
[2018.11.15-18.38.03:735][  0]LogCollectionManager: Rebuilt the GUID cache for 0 collections in 0.000000 seconds
[2018.11.15-18.38.03:755][  0]LogContentBrowser: Native class hierarchy populated in 0.0203 seconds. Added 2586 classes and 609 folders.
[2018.11.15-18.38.03:776][  0]LogContentBrowser: Native class hierarchy updated for 'WidgetCarousel' in 0.0004 seconds. Added 0 classes and 0 folders.
[2018.11.15-18.38.03:848][  0]LogContentBrowser: Native class hierarchy updated for 'AddContentDialog' in 0.0002 seconds. Added 0 classes and 0 folders.
[2018.11.15-18.38.03:852][  0]LogContentBrowser: Native class hierarchy updated for 'SceneOutliner' in 0.0002 seconds. Added 1 classes and 2 folders.
[2018.11.15-18.38.03:928][  0]LogSlate: Took 0.000310 seconds to synchronously load lazily loaded font '../../../Engine/Content/Slate/Fonts/Roboto-Regular.ttf' (155K)
[2018.11.15-18.38.03:931][  0]LogSlate: Took 0.000324 seconds to synchronously load lazily loaded font '../../../Engine/Content/Slate/Fonts/Roboto-Bold.ttf' (160K)
[2018.11.15-18.38.03:939][  0]LogSlate: Took 0.000408 seconds to synchronously load lazily loaded font '../../../Engine/Content/Editor/Slate/Fonts/FontAwesome.ttf' (139K)
[2018.11.15-18.38.04:033][  0]LogRenderer: Reallocating scene render targets to support 1208x576 Format 10 NumSamples 1 (Frame:1).
[2018.11.15-18.38.04:168][  0]LogContentBrowser: Native class hierarchy updated for 'HierarchicalLODOutliner' in 0.0002 seconds. Added 0 classes and 0 folders.
[2018.11.15-18.38.04:168][  0]LogLoad: (Engine Initialization) Total time: 11.16 seconds
[2018.11.15-18.38.04:168][  0]LogLoad: (Engine Initialization) Total Blueprint compile time: 0.00 seconds
[2018.11.15-18.38.04:178][  0]LogWindowsTextInputMethodSystem: Display: IME system now deactivated.
[2018.11.15-18.38.04:200][  0]LogContentStreaming: Texture pool size now 1000 MB
[2018.11.15-18.38.04:269][  0]LogSlate: Took 0.000202 seconds to synchronously load lazily loaded font '../../../Engine/Content/Slate/Fonts/Roboto-Light.ttf' (167K)
[2018.11.15-18.38.04:282][  1]LogSubstanceLiveLink: Warning: Unable to send data along socket, closing connection
[2018.11.15-18.38.04:297][  1]LogAssetRegistry: Asset discovery search completed in 6.2749 seconds
[2018.11.15-18.38.04:298][  1]LogCollectionManager: Rebuilt the object cache for 0 collections in 0.000000 seconds (found 0 objects)
[2018.11.15-18.38.04:298][  1]LogCollectionManager: Fixed up redirectors for 0 collections in 0.000050 seconds (updated 0 objects)
[2018.11.15-18.38.07:262][351]LogSlate: FSceneViewport::OnFocusLost() reason 0
[2018.11.15-18.38.07:335][360]LogTemp: Repeating last play command: New Editor Window (PIE)
[2018.11.15-18.38.07:348][360]LogBlueprintUserMessages: Early PlayInEditor Detection: Level '/Game/Final/Levels/GameLevel.GameLevel:PersistentLevel' has LevelScriptBlueprint '/Game/Final/Levels/GameLevel.GameLevel:PersistentLevel.GameLevel' with GeneratedClass '/Game/Final/Levels/GameLevel.GameLevel_C' with ClassGeneratedBy '/Game/Final/Levels/GameLevel.GameLevel:PersistentLevel.GameLevel'
[2018.11.15-18.38.07:348][360]LogPlayLevel: PlayLevel: No blueprints needed recompiling
[2018.11.15-18.38.07:360][360]PIE: New page: PIE session: GameLevel (Nov 15, 2018, 6:38:07 AM)
[2018.11.15-18.38.07:360][360]LogPlayLevel: Creating play world package: /Game/Final/Levels/UEDPIE_0_GameLevel
[2018.11.15-18.38.07:369][360]LogPlayLevel: PIE: StaticDuplicateObject took: (0.008917s)
[2018.11.15-18.38.07:370][360]LogAIModule: Creating AISystem for world GameLevel
[2018.11.15-18.38.07:370][360]LogPlayLevel: PIE: World Init took: (0.000747s)
[2018.11.15-18.38.07:370][360]LogPlayLevel: PIE: Created PIE world by copying editor world from /Game/Final/Levels/GameLevel.GameLevel to /Game/Final/Levels/UEDPIE_0_GameLevel.GameLevel (0.009876s)
[2018.11.15-18.38.07:435][360]LogInit: XAudio2 using 'Speakers / Headphones (Realtek Audio)' : 6 channels at 48 kHz using 32 bits per sample (channel mask 0x3f)
[2018.11.15-18.38.07:533][360]LogInit: FAudioDevice initialized.
[2018.11.15-18.38.07:552][360]LogSlate: Updating window title bar state: overlay mode, drag disabled, window buttons hidden, title bar hidden
[2018.11.15-18.38.07:609][360]LogLoad: Game class is '2DSideScrollerGameMode_C'
[2018.11.15-18.38.07:615][360]LogWorld: Bringing World /Game/Final/Levels/UEDPIE_0_GameLevel.GameLevel up for play (max tick rate 0) at 2018.11.15-12.38.07
[2018.11.15-18.38.07:617][360]LogWorld: Bringing up level for play took: 0.007021
[2018.11.15-18.38.07:634][360]LogContentBrowser: Native class hierarchy updated for 'MovieSceneCapture' in 0.0003 seconds. Added 10 classes and 0 folders.
[2018.11.15-18.38.07:639][360]PIE: Play in editor start time for /Game/Final/Levels/UEDPIE_0_GameLevel 0.749
[2018.11.15-18.38.07:639][360]LogBlueprintUserMessages: Late PlayInEditor Detection: Level '/Game/Final/Levels/GameLevel.GameLevel:PersistentLevel' has LevelScriptBlueprint '/Game/Final/Levels/GameLevel.GameLevel:PersistentLevel.GameLevel' with GeneratedClass '/Game/Final/Levels/GameLevel.GameLevel_C' with ClassGeneratedBy '/Game/Final/Levels/GameLevel.GameLevel:PersistentLevel.GameLevel'
[2018.11.15-18.38.07:667][360]LogRenderer: Reallocating scene render targets to support 1292x756 Format 10 NumSamples 1 (Frame:1).
[2018.11.15-18.38.14:483][172]LogBlueprintUserMessages: Early EndPlayMap Detection: Level '/Game/Final/Levels/GameLevel.GameLevel:PersistentLevel' has LevelScriptBlueprint '/Game/Final/Levels/GameLevel.GameLevel:PersistentLevel.GameLevel' with GeneratedClass '/Game/Final/Levels/GameLevel.GameLevel_C' with ClassGeneratedBy '/Game/Final/Levels/GameLevel.GameLevel:PersistentLevel.GameLevel'
[2018.11.15-18.38.14:483][172]LogSlate: Updating window title bar state: overlay mode, drag disabled, window buttons hidden, title bar hidden
[2018.11.15-18.38.14:497][172]LogSlate: Window 'Finals Game Preview Standalone (64-bit/PCD3D_SM5)' being destroyed
[2018.11.15-18.38.14:530][172]LogPlayLevel: Display: Shutting down PIE online subsystems
[2018.11.15-18.38.14:530][172]LogBlueprintUserMessages: Late EndPlayMap Detection: Level '/Game/Final/Levels/GameLevel.GameLevel:PersistentLevel' has LevelScriptBlueprint '/Game/Final/Levels/GameLevel.GameLevel:PersistentLevel.GameLevel' with GeneratedClass '/Game/Final/Levels/GameLevel.GameLevel_C' with ClassGeneratedBy '/Game/Final/Levels/GameLevel.GameLevel:PersistentLevel.GameLevel'
[2018.11.15-18.38.14:605][174]LogPlayLevel: Display: Destroying online subsystem :Context_1
[2018.11.15-18.38.16:037][335]LogSlate: Window 'Finals - Unreal Editor' being destroyed
[2018.11.15-18.38.16:038][335]LogWindowsTextInputMethodSystem: Display: IME system now deactivated.
[2018.11.15-18.38.16:218][336]Cmd: QUIT_EDITOR
[2018.11.15-18.38.16:467][336]LogExit: Preparing to exit.
[2018.11.15-18.38.17:235][336]LogExit: Editor shut down
[2018.11.15-18.38.17:235][336]LogExit: Transaction tracking system shut down
[2018.11.15-18.38.17:485][336]LogExit: Object subsystem successfully closed.
[2018.11.15-18.38.17:518][336]LogShaderCompilers: Display: Shaders left to compile 0
[2018.11.15-18.38.17:521][336]LogD3D11RHI: Shutdown
[2018.11.15-18.38.17:521][336]LogD3D11RHI: CleanupD3DDevice
[2018.11.15-18.38.17:523][336]LogD3D11RHI: ~FD3D11DynamicRHI
[2018.11.15-18.38.17:533][336]LogModuleManager: Shutting down and abandoning module MovieSceneCapture (622)
[2018.11.15-18.38.17:533][336]LogModuleManager: Shutting down and abandoning module Voice (620)
[2018.11.15-18.38.17:533][336]LogModuleManager: Shutting down and abandoning module HierarchicalLODOutliner (618)
[2018.11.15-18.38.17:533][336]LogModuleManager: Shutting down and abandoning module SceneOutliner (616)
[2018.11.15-18.38.17:533][336]LogModuleManager: Shutting down and abandoning module AddContentDialog (614)
[2018.11.15-18.38.17:533][336]LogModuleManager: Shutting down and abandoning module WidgetCarousel (613)
[2018.11.15-18.38.17:533][336]LogModuleManager: Shutting down and abandoning module EditorWidgets (610)
[2018.11.15-18.38.17:533][336]LogModuleManager: Shutting down and abandoning module CollectionManager (608)
[2018.11.15-18.38.17:533][336]LogModuleManager: Shutting down and abandoning module StatsViewer (606)
[2018.11.15-18.38.17:533][336]LogModuleManager: Shutting down and abandoning module FoliageEdit (604)
[2018.11.15-18.38.17:533][336]LogModuleManager: Shutting down and abandoning module LandscapeEditor (602)
[2018.11.15-18.38.17:533][336]LogModuleManager: Shutting down and abandoning module MeshPaintMode (600)
[2018.11.15-18.38.17:534][336]LogModuleManager: Shutting down and abandoning module SceneDepthPickerMode (598)
[2018.11.15-18.38.17:534][336]LogModuleManager: Shutting down and abandoning module ActorPickerMode (596)
[2018.11.15-18.38.17:534][336]LogModuleManager: Shutting down and abandoning module GeometryMode (594)
[2018.11.15-18.38.17:534][336]LogModuleManager: Shutting down and abandoning module TextureAlignMode (592)
[2018.11.15-18.38.17:534][336]LogModuleManager: Shutting down and abandoning module BspMode (590)
[2018.11.15-18.38.17:534][336]LogModuleManager: Shutting down and abandoning module PIEPreviewDeviceProfileSelector (588)
[2018.11.15-18.38.17:534][336]LogModuleManager: Shutting down and abandoning module SequenceRecorderSections (586)
[2018.11.15-18.38.17:534][336]LogModuleManager: Shutting down and abandoning module AutomationWorker (584)
[2018.11.15-18.38.17:534][336]LogModuleManager: Shutting down and abandoning module AudioCaptureEditor (582)
[2018.11.15-18.38.17:534][336]LogModuleManager: Shutting down and abandoning module SequenceRecorder (581)
[2018.11.15-18.38.17:534][336]LogModuleManager: Shutting down and abandoning module MatineeToLevelSequence (578)
[2018.11.15-18.38.17:534][336]LogModuleManager: Shutting down and abandoning module LevelSequenceEditor (576)
[2018.11.15-18.38.17:534][336]LogModuleManager: Shutting down and abandoning module PlacementMode (575)
[2018.11.15-18.38.17:534][336]LogModuleManager: Shutting down and abandoning module MaterialEditor (574)
[2018.11.15-18.38.17:534][336]LogModuleManager: Shutting down and abandoning module WmfMediaFactory (570)
[2018.11.15-18.38.17:534][336]LogModuleManager: Shutting down and abandoning module WmfMediaEditor (568)
[2018.11.15-18.38.17:534][336]LogModuleManager: Shutting down and abandoning module MediaPlayerEditor (566)
[2018.11.15-18.38.17:534][336]LogModuleManager: Shutting down and abandoning module OpenExrWrapper (564)
[2018.11.15-18.38.17:534][336]LogModuleManager: Shutting down and abandoning module ImgMediaFactory (562)
[2018.11.15-18.38.17:534][336]LogModuleManager: Shutting down and abandoning module ImgMediaEditor (560)
[2018.11.15-18.38.17:534][336]LogModuleManager: Shutting down and abandoning module AvfMediaFactory (558)
[2018.11.15-18.38.17:534][336]LogModuleManager: Shutting down and abandoning module AvfMediaEditor (556)
[2018.11.15-18.38.17:534][336]LogModuleManager: Shutting down and abandoning module AndroidMediaFactory (554)
[2018.11.15-18.38.17:534][336]LogModuleManager: Shutting down and abandoning module AndroidMediaEditor (552)
[2018.11.15-18.38.17:534][336]LogModuleManager: Shutting down and abandoning module MagicLeapCameraPreviewFactory (550)
[2018.11.15-18.38.17:534][336]LogModuleManager: Shutting down and abandoning module MagicLeapMediaFactory (548)
[2018.11.15-18.38.17:534][336]LogModuleManager: Shutting down and abandoning module MagicLeapMediaEditor (546)
[2018.11.15-18.38.17:534][336]LogModuleManager: Shutting down and abandoning module CharacterAI (544)
[2018.11.15-18.38.17:534][336]LogModuleManager: Shutting down and abandoning module SmartSnapping (542)
[2018.11.15-18.38.17:534][336]LogModuleManager: Shutting down and abandoning module SessionServices (540)
[2018.11.15-18.38.17:534][336]LogModuleManager: Shutting down and abandoning module ViewportSnapping (538)
[2018.11.15-18.38.17:534][336]LogModuleManager: Shutting down and abandoning module ViewportInteraction (536)
[2018.11.15-18.38.17:534][336]LogModuleManager: Shutting down and abandoning module ClothPainter (534)
[2018.11.15-18.38.17:534][336]LogModuleManager: Shutting down and abandoning module SkeletalMeshEditor (533)
[2018.11.15-18.38.17:534][336]LogModuleManager: Shutting down and abandoning module LogVisualizer (530)
[2018.11.15-18.38.17:534][336]LogModuleManager: Shutting down and abandoning module IntroTutorials (528)
[2018.11.15-18.38.17:534][336]LogModuleManager: Shutting down and abandoning module GameProjectGeneration (527)
[2018.11.15-18.38.17:534][336]LogModuleManager: Shutting down and abandoning module LuminPlatformEditor (524)
[2018.11.15-18.38.17:534][336]LogModuleManager: Shutting down and abandoning module IOSPlatformEditor (522)
[2018.11.15-18.38.17:534][336]LogModuleManager: Shutting down and abandoning module HTML5PlatformEditor (520)
[2018.11.15-18.38.17:535][336]LogModuleManager: Shutting down and abandoning module AndroidPlatformEditor (518)
[2018.11.15-18.38.17:535][336]LogModuleManager: Shutting down and abandoning module AndroidDeviceDetection (517)
[2018.11.15-18.38.17:872][336]LogModuleManager: Shutting down and abandoning module WindowsPlatformEditor (514)
[2018.11.15-18.38.17:872][336]LogModuleManager: Shutting down and abandoning module LuminRuntimeSettings (512)
[2018.11.15-18.38.17:872][336]LogModuleManager: Shutting down and abandoning module IOSRuntimeSettings (510)
[2018.11.15-18.38.17:872][336]LogModuleManager: Shutting down and abandoning module AndroidRuntimeSettings (508)
[2018.11.15-18.38.17:872][336]LogModuleManager: Shutting down and abandoning module InputBindingEditor (506)
[2018.11.15-18.38.17:873][336]LogModuleManager: Shutting down and abandoning module MergeActors (504)
[2018.11.15-18.38.17:873][336]LogModuleManager: Shutting down and abandoning module LocalizationDashboard (502)
[2018.11.15-18.38.17:873][336]LogModuleManager: Shutting down and abandoning module LocalizationService (501)
[2018.11.15-18.38.17:873][336]LogModuleManager: Shutting down and abandoning module HardwareTargeting (498)
[2018.11.15-18.38.17:873][336]LogModuleManager: Shutting down and abandoning module DeviceProfileEditor (496)
[2018.11.15-18.38.17:873][336]LogModuleManager: Shutting down and abandoning module UndoHistory (494)
[2018.11.15-18.38.17:873][336]LogModuleManager: Shutting down and abandoning module XmlParser (492)
[2018.11.15-18.38.17:873][336]LogModuleManager: Shutting down and abandoning module Blutility (490)
[2018.11.15-18.38.17:873][336]LogModuleManager: Shutting down and abandoning module ProjectSettingsViewer (488)
[2018.11.15-18.38.17:873][336]LogModuleManager: Shutting down and abandoning module ProjectTargetPlatformEditor (487)
[2018.11.15-18.38.17:874][336]LogModuleManager: Shutting down and abandoning module EditorSettingsViewer (484)
[2018.11.15-18.38.17:874][336]LogModuleManager: Shutting down and abandoning module SettingsEditor (482)
[2018.11.15-18.38.17:874][336]LogModuleManager: Shutting down and abandoning module ProjectLauncher (480)
[2018.11.15-18.38.17:874][336]LogModuleManager: Shutting down and abandoning module SessionFrontend (478)
[2018.11.15-18.38.17:874][336]LogModuleManager: Shutting down and abandoning module ProfilerClient (476)
[2018.11.15-18.38.17:874][336]LogModuleManager: Shutting down and abandoning module DeviceManager (474)
[2018.11.15-18.38.17:874][336]LogModuleManager: Shutting down and abandoning module TargetDeviceServices (473)
[2018.11.15-18.38.17:928][336]LogModuleManager: Shutting down and abandoning module AutomationController (470)
[2018.11.15-18.38.17:928][336]LogModuleManager: Shutting down and abandoning module AutomationWindow (468)
[2018.11.15-18.38.17:928][336]LogModuleManager: Shutting down and abandoning module Layers (466)
[2018.11.15-18.38.17:928][336]LogModuleManager: Shutting down and abandoning module ComponentVisualizers (464)
[2018.11.15-18.38.17:928][336]LogModuleManager: Shutting down and abandoning module DetailCustomizations (462)
[2018.11.15-18.38.17:928][336]LogModuleManager: Shutting down and abandoning module PackagesDialog (460)
[2018.11.15-18.38.17:928][336]LogModuleManager: Shutting down and abandoning module Persona (458)
[2018.11.15-18.38.17:928][336]LogModuleManager: Shutting down and abandoning module AdvancedPreviewScene (457)
[2018.11.15-18.38.17:928][336]LogModuleManager: Shutting down and abandoning module AnimGraph (455)
[2018.11.15-18.38.17:928][336]LogModuleManager: Shutting down and abandoning module Kismet (452)
[2018.11.15-18.38.17:929][336]LogModuleManager: Shutting down and abandoning module GraphEditor (450)
[2018.11.15-18.38.17:930][336]LogModuleManager: Shutting down and abandoning module ClassViewer (448)
[2018.11.15-18.38.17:930][336]LogModuleManager: Shutting down and abandoning module Toolbox (446)
[2018.11.15-18.38.17:930][336]LogModuleManager: Shutting down and abandoning module ModuleUI (444)
[2018.11.15-18.38.17:930][336]LogModuleManager: Shutting down and abandoning module MovieSceneTools (442)
[2018.11.15-18.38.17:930][336]LogModuleManager: Shutting down and abandoning module OutputLog (440)
[2018.11.15-18.38.17:930][336]LogModuleManager: Shutting down and abandoning module GammaUI (438)
[2018.11.15-18.38.17:930][336]LogModuleManager: Shutting down and abandoning module Documentation (436)
[2018.11.15-18.38.17:930][336]LogModuleManager: Shutting down and abandoning module MovieSceneTracks (434)
[2018.11.15-18.38.17:930][336]LogModuleManager: Shutting down and abandoning module MovieScene (432)
[2018.11.15-18.38.17:930][336]LogModuleManager: Shutting down and abandoning module StreamingPauseRendering (430)
[2018.11.15-18.38.17:930][336]LogModuleManager: Shutting down and abandoning module LauncherPlatform (428)
[2018.11.15-18.38.17:930][336]LogModuleManager: Shutting down and abandoning module AnalyticsET (426)
[2018.11.15-18.38.17:930][336]LogModuleManager: Shutting down and abandoning module PortalServices (424)
[2018.11.15-18.38.17:930][336]LogModuleManager: Shutting down and abandoning module PortalRpc (422)
[2018.11.15-18.38.17:930][336]LogModuleManager: Shutting down and abandoning module MessagingRpc (420)
[2018.11.15-18.38.17:930][336]LogModuleManager: Shutting down and abandoning module AIModule (418)
[2018.11.15-18.38.17:930][336]LogModuleManager: Shutting down and abandoning module GameplayDebugger (417)
[2018.11.15-18.38.17:930][336]LogModuleManager: Shutting down and abandoning module AITestSuite (415)
[2018.11.15-18.38.17:930][336]LogModuleManager: Shutting down and abandoning module NavigationSystem (413)
[2018.11.15-18.38.17:930][336]LogModuleManager: Shutting down and abandoning module DesktopPlatform (410)
[2018.11.15-18.38.17:930][336]LogModuleManager: Shutting down and abandoning module ProfilerService (408)
[2018.11.15-18.38.17:991][336]LogModuleManager: Shutting down and abandoning module TaskGraph (406)
[2018.11.15-18.38.17:992][336]LogModuleManager: Shutting down and abandoning module SubstanceLiveLink (404)
[2018.11.15-18.38.17:992][336]LogModuleManager: Shutting down and abandoning module SubstanceSource (402)
[2018.11.15-18.38.17:992][336]LogModuleManager: Shutting down and abandoning module SubstanceEditor (400)
[2018.11.15-18.38.17:992][336]LogModuleManager: Shutting down and abandoning module SteamVRController (398)
[2018.11.15-18.38.17:992][336]LogModuleManager: Shutting down and abandoning module ProceduralMeshComponentEditor (396)
[2018.11.15-18.38.17:992][336]LogModuleManager: Shutting down and abandoning module ProceduralMeshComponent (394)
[2018.11.15-18.38.17:992][336]LogModuleManager: Shutting down and abandoning module OculusInput (392)
[2018.11.15-18.38.17:992][336]LogModuleManager: Shutting down and abandoning module MobilePatchingUtils (390)
[2018.11.15-18.38.17:992][336]LogModuleManager: Shutting down and abandoning module EditableMesh (388)
[2018.11.15-18.38.17:992][336]LogModuleManager: Shutting down and abandoning module CustomMeshComponent (386)
[2018.11.15-18.38.17:992][336]LogModuleManager: Shutting down and abandoning module CableComponent (384)
[2018.11.15-18.38.17:992][336]LogModuleManager: Shutting down and abandoning module AudioCapture (382)
[2018.11.15-18.38.17:992][336]LogModuleManager: Shutting down and abandoning module ArchVisCharacter (380)
[2018.11.15-18.38.17:992][336]LogModuleManager: Shutting down and abandoning module AndroidPermission (378)
[2018.11.15-18.38.17:992][336]LogModuleManager: Shutting down and abandoning module NUTUnrealEngine4 (376)
[2018.11.15-18.38.17:992][336]LogModuleManager: Shutting down and abandoning module NetcodeUnitTest (374)
[2018.11.15-18.38.17:992][336]LogModuleManager: Shutting down and abandoning module MediaCompositingEditor (372)
[2018.11.15-18.38.17:992][336]LogModuleManager: Shutting down and abandoning module MediaCompositing (370)
[2018.11.15-18.38.17:992][336]LogModuleManager: Shutting down and abandoning module LinearTimecode (368)
[2018.11.15-18.38.17:992][336]LogModuleManager: Shutting down and abandoning module ImgMedia (366)
[2018.11.15-18.38.17:998][336]LogModuleManager: Shutting down and abandoning module HTML5Networking (364)
[2018.11.15-18.38.17:998][336]LogModuleManager: Shutting down and abandoning module GeometryCacheTracks (362)
[2018.11.15-18.38.17:998][336]LogModuleManager: Shutting down and abandoning module GeometryCacheSequencer (360)
[2018.11.15-18.38.17:998][336]LogModuleManager: Shutting down and abandoning module BackChannel (358)
[2018.11.15-18.38.17:999][336]LogModuleManager: Shutting down and abandoning module AppleVision (356)
[2018.11.15-18.38.17:999][336]LogModuleManager: Shutting down and abandoning module AppleImageUtils (354)
[2018.11.15-18.38.17:999][336]LogModuleManager: Shutting down and abandoning module AlembicImporter (352)
[2018.11.15-18.38.17:999][336]LogModuleManager: Shutting down and abandoning module AlembicLibrary (351)
[2018.11.15-18.38.17:999][336]LogModuleManager: Shutting down and abandoning module GeometryCache (350)
[2018.11.15-18.38.17:999][336]LogModuleManager: Shutting down and abandoning module GeometryCacheEd (349)
[2018.11.15-18.38.17:999][336]LogModuleManager: Shutting down and abandoning module DatasmithContentEditor (344)
[2018.11.15-18.38.17:999][336]LogModuleManager: Shutting down and abandoning module DatasmithContent (342)
[2018.11.15-18.38.17:999][336]LogModuleManager: Shutting down and abandoning module SpeedTreeImporter (340)
[2018.11.15-18.38.17:999][336]LogModuleManager: Shutting down and abandoning module PluginBrowser (338)
[2018.11.15-18.38.18:000][336]LogModuleManager: Shutting down and abandoning module MobileLauncherProfileWizard (336)
[2018.11.15-18.38.18:000][336]LogModuleManager: Shutting down and abandoning module PolygonModeling (334)
[2018.11.15-18.38.18:000][336]LogModuleManager: Shutting down and abandoning module MeshEditor (332)
[2018.11.15-18.38.18:000][336]LogModuleManager: Shutting down and abandoning module CryptoKeysOpenSSL (330)
[2018.11.15-18.38.18:000][336]LogModuleManager: Shutting down and abandoning module CryptoKeys (328)
[2018.11.15-18.38.18:000][336]LogModuleManager: Shutting down and abandoning module VisualStudioSourceCodeAccess (326)
[2018.11.15-18.38.18:000][336]LogModuleManager: Shutting down and abandoning module VisualStudioCodeSourceCodeAccess (324)
[2018.11.15-18.38.18:000][336]LogModuleManager: Shutting down and abandoning module UObjectPlugin (322)
[2018.11.15-18.38.18:000][336]LogModuleManager: Shutting down and abandoning module SubversionSourceControl (320)
[2018.11.15-18.38.18:000][336]LogModuleManager: Shutting down and abandoning module PerforceSourceControl (318)
[2018.11.15-18.38.18:000][336]LogModuleManager: Shutting down and abandoning module GitSourceControl (316)
[2018.11.15-18.38.18:000][336]LogModuleManager: Shutting down and abandoning module SourceControl (315)
[2018.11.15-18.38.18:000][336]LogModuleManager: Shutting down and abandoning module CLionSourceCodeAccess (312)
[2018.11.15-18.38.18:000][336]LogModuleManager: Shutting down and abandoning module LightPropagationVolumeEditor (310)
[2018.11.15-18.38.18:000][336]LogModuleManager: Shutting down and abandoning module PaperTiledImporter (308)
[2018.11.15-18.38.18:000][336]LogModuleManager: Shutting down and abandoning module PaperSpriteSheetImporter (306)
[2018.11.15-18.38.18:000][336]LogModuleManager: Shutting down and abandoning module Paper2DEditor (304)
[2018.11.15-18.38.18:001][336]LogModuleManager: Shutting down and abandoning module MeshPaint (303)
[2018.11.15-18.38.18:001][336]LogModuleManager: Shutting down and abandoning module RuntimePhysXCooking (300)
[2018.11.15-18.38.18:001][336]LogModuleManager: Shutting down and abandoning module PhysXVehiclesEditor (298)
[2018.11.15-18.38.18:001][336]LogModuleManager: Shutting down and abandoning module PhysXVehicles (296)
[2018.11.15-18.38.18:001][336]LogModuleManager: Shutting down and abandoning module OculusEditor (294)
[2018.11.15-18.38.18:001][336]LogModuleManager: Shutting down and abandoning module LocationServicesBPLibrary (292)
[2018.11.15-18.38.18:001][336]LogModuleManager: Shutting down and abandoning module ImmediatePhysicsEditor (290)
[2018.11.15-18.38.18:001][336]LogModuleManager: Shutting down and abandoning module ImmediatePhysics (288)
[2018.11.15-18.38.18:001][336]LogModuleManager: Shutting down and abandoning module ActorSequence (286)
[2018.11.15-18.38.18:001][336]LogModuleManager: Shutting down and abandoning module UdpMessaging (284)
[2018.11.15-18.38.18:102][336]LogModuleManager: Shutting down and abandoning module TcpMessaging (282)
[2018.11.15-18.38.18:203][336]LogModuleManager: Shutting down and abandoning module SubstanceCore (280)
[2018.11.15-18.38.18:203][336]LogModuleManager: Shutting down and abandoning module MagicLeapAudio (278)
[2018.11.15-18.38.18:203][336]LogModuleManager: Shutting down and abandoning module GameplayTagsEditor (276)
[2018.11.15-18.38.18:203][336]LogModuleManager: Shutting down and abandoning module FacialAnimationEditor (274)
[2018.11.15-18.38.18:203][336]LogModuleManager: Shutting down and abandoning module FacialAnimation (272)
[2018.11.15-18.38.18:203][336]LogModuleManager: Shutting down and abandoning module DataValidation (270)
[2018.11.15-18.38.18:203][336]LogModuleManager: Shutting down and abandoning module AssetManagerEditor (268)
[2018.11.15-18.38.18:204][336]LogModuleManager: Shutting down and abandoning module LevelEditor (267)
[2018.11.15-18.38.18:205][336]LogModuleManager: Shutting down and abandoning module PixelInspectorModule (266)
[2018.11.15-18.38.18:205][336]LogModuleManager: Shutting down and abandoning module CommonMenuExtensions (264)
[2018.11.15-18.38.18:206][336]LogModuleManager: Shutting down and abandoning module MainFrame (262)
[2018.11.15-18.38.18:206][336]LogModuleManager: Shutting down and abandoning module HotReload (261)
[2018.11.15-18.38.18:207][336]LogModuleManager: Shutting down and abandoning module ContentBrowser (257)
[2018.11.15-18.38.18:210][336]LogModuleManager: Shutting down and abandoning module TreeMap (255)
[2018.11.15-18.38.18:210][336]LogModuleManager: Shutting down and abandoning module LightPropagationVolumeRuntime (252)
[2018.11.15-18.38.18:210][336]LogModuleManager: Shutting down and abandoning module AISupportModule (250)
[2018.11.15-18.38.18:210][336]LogModuleManager: Shutting down and abandoning module Paper2D (248)
[2018.11.15-18.38.18:210][336]LogModuleManager: Shutting down and abandoning module WindowsMoviePlayer (246)
[2018.11.15-18.38.18:210][336]LogModuleManager: Shutting down and abandoning module WmfMedia (244)
[2018.11.15-18.38.18:213][336]LogModuleManager: Shutting down and abandoning module Media (243)
[2018.11.15-18.38.18:221][336]LogModuleManager: Shutting down and abandoning module PacketHandler (240)
[2018.11.15-18.38.18:221][336]LogModuleManager: Shutting down and abandoning module ClothingSystemEditor (238)
[2018.11.15-18.38.18:221][336]LogModuleManager: Shutting down and abandoning module ClothingSystemRuntime (236)
[2018.11.15-18.38.18:222][336]LogModuleManager: Shutting down and abandoning module MediaAssets (234)
[2018.11.15-18.38.18:222][336]LogModuleManager: Shutting down and abandoning module Overlay (232)
[2018.11.15-18.38.18:222][336]LogModuleManager: Shutting down and abandoning module OverlayEditor (231)
[2018.11.15-18.38.18:222][336]LogModuleManager: Shutting down and abandoning module VREditor (228)
[2018.11.15-18.38.18:222][336]LogModuleManager: Shutting down and abandoning module StringTableEditor (226)
[2018.11.15-18.38.18:222][336]LogModuleManager: Shutting down and abandoning module GameplayTasksEditor (224)
[2018.11.15-18.38.18:222][336]LogModuleManager: Shutting down and abandoning module BehaviorTreeEditor (222)
[2018.11.15-18.38.18:222][336]LogModuleManager: Shutting down and abandoning module FunctionalTesting (220)
[2018.11.15-18.38.18:222][336]LogModuleManager: Shutting down and abandoning module CollisionAnalyzer (218)
[2018.11.15-18.38.18:222][336]LogModuleManager: Shutting down and abandoning module WorkspaceMenuStructure (217)
[2018.11.15-18.38.18:222][336]LogModuleManager: Shutting down and abandoning module UMG (214)
[2018.11.15-18.38.18:223][336]LogModuleManager: Shutting down and abandoning module UMGEditor (213)
[2018.11.15-18.38.18:223][336]LogModuleManager: Shutting down and abandoning module Sequencer (212)
[2018.11.15-18.38.18:223][336]LogModuleManager: Shutting down and abandoning module MessageLog (209)
[2018.11.15-18.38.18:223][336]LogModuleManager: Shutting down and abandoning module SlateReflector (204)
[2018.11.15-18.38.18:223][336]LogModuleManager: Shutting down and abandoning module Slate (202)
[2018.11.15-18.38.18:223][336]LogModuleManager: Shutting down and abandoning module EditorStyle (200)
[2018.11.15-18.38.18:228][336]LogModuleManager: Shutting down and abandoning module MRMesh (198)
[2018.11.15-18.38.18:228][336]LogModuleManager: Shutting down and abandoning module SourceCodeAccess (196)
[2018.11.15-18.38.18:228][336]LogModuleManager: Shutting down and abandoning module HeadMountedDisplay (194)
[2018.11.15-18.38.18:229][336]LogModuleManager: Shutting down and abandoning module XAudio2 (192)
[2018.11.15-18.38.18:229][336]LogModuleManager: Shutting down and abandoning module Networking (190)
[2018.11.15-18.38.18:229][336]LogModuleManager: Shutting down and abandoning module Core (188)
[2018.11.15-18.38.18:229][336]LogModuleManager: Shutting down and abandoning module LevelSequence (186)
[2018.11.15-18.38.18:229][336]LogModuleManager: Shutting down and abandoning module KismetCompiler (184)
[2018.11.15-18.38.18:229][336]LogModuleManager: Shutting down and abandoning module MeshUtilities (182)
[2018.11.15-18.38.18:229][336]LogModuleManager: Shutting down and abandoning module MeshMergeUtilities (181)
[2018.11.15-18.38.18:229][336]LogModuleManager: Shutting down and abandoning module MeshReductionInterface (180)
[2018.11.15-18.38.18:229][336]LogModuleManager: Shutting down and abandoning module SimplygonSwarm (179)
[2018.11.15-18.38.18:229][336]LogModuleManager: Shutting down and abandoning module ProxyLODMeshReduction (177)
[2018.11.15-18.38.18:229][336]LogModuleManager: Shutting down and abandoning module SimplygonMeshReduction (175)
[2018.11.15-18.38.18:229][336]LogModuleManager: Shutting down and abandoning module QuadricMeshReduction (173)
[2018.11.15-18.38.18:229][336]LogModuleManager: Shutting down and abandoning module MaterialBaking (169)
[2018.11.15-18.38.18:230][336]LogModuleManager: Shutting down and abandoning module DirectoryWatcher (165)
[2018.11.15-18.38.18:230][336]LogModuleManager: Shutting down and abandoning module DerivedDataCache (162)
[2018.11.15-18.38.18:464][336]LogDerivedDataCache: Shutdown
[2018.11.15-18.38.18:464][336]LogModuleManager: Shutting down and abandoning module XGEController (160)
[2018.11.15-18.38.18:464][336]LogXGEController: Cleaning working directory: C:/Users/beclo/AppData/Local/Temp/UnrealXGEWorkingDir/
[2018.11.15-18.38.18:464][336]LogModuleManager: Shutting down and abandoning module TargetPlatform (158)
[2018.11.15-18.38.18:464][336]LogModuleManager: Shutting down and abandoning module VulkanShaderFormat (157)
[2018.11.15-18.38.18:464][336]LogModuleManager: Shutting down and abandoning module ShaderFormatVectorVM (155)
[2018.11.15-18.38.18:464][336]LogModuleManager: Shutting down and abandoning module ShaderFormatOpenGL (153)
[2018.11.15-18.38.18:464][336]LogModuleManager: Shutting down and abandoning module ShaderFormatD3D (151)
[2018.11.15-18.38.18:464][336]LogModuleManager: Shutting down and abandoning module MetalShaderFormat (149)
[2018.11.15-18.38.18:464][336]LogModuleManager: Shutting down and abandoning module TextureFormatUncompressed (147)
[2018.11.15-18.38.18:464][336]LogModuleManager: Shutting down and abandoning module TextureFormatPVR (145)
[2018.11.15-18.38.18:464][336]LogModuleManager: Shutting down and abandoning module TextureFormatDXT (143)
[2018.11.15-18.38.18:464][336]LogModuleManager: Shutting down and abandoning module TextureFormatIntelISPCTexComp (141)
[2018.11.15-18.38.18:464][336]LogModuleManager: Shutting down and abandoning module TextureFormatASTC (139)
[2018.11.15-18.38.18:464][336]LogModuleManager: Shutting down and abandoning module ImageWrapper (138)
[2018.11.15-18.38.18:464][336]LogModuleManager: Shutting down and abandoning module TextureFormatAndroid (135)
[2018.11.15-18.38.18:464][336]LogModuleManager: Shutting down and abandoning module AudioFormatOpus (133)
[2018.11.15-18.38.18:464][336]LogModuleManager: Shutting down and abandoning module AudioFormatOgg (131)
[2018.11.15-18.38.18:464][336]LogModuleManager: Shutting down and abandoning module AudioFormatADPCM (129)
[2018.11.15-18.38.18:464][336]LogModuleManager: Shutting down and abandoning module LuminTargetPlatform (127)
[2018.11.15-18.38.18:464][336]LogModuleManager: Shutting down and abandoning module LinuxTargetPlatform (125)
[2018.11.15-18.38.18:464][336]LogModuleManager: Shutting down and abandoning module LinuxServerTargetPlatform (123)
[2018.11.15-18.38.18:464][336]LogModuleManager: Shutting down and abandoning module LinuxNoEditorTargetPlatform (121)
[2018.11.15-18.38.18:464][336]LogModuleManager: Shutting down and abandoning module LinuxClientTargetPlatform (119)
[2018.11.15-18.38.18:464][336]LogModuleManager: Shutting down and abandoning module TVOSTargetPlatform (117)
[2018.11.15-18.38.18:465][336]LogModuleManager: Shutting down and abandoning module Messaging (115)
[2018.11.15-18.38.18:465][336]LogModuleManager: Shutting down and abandoning module IOSTargetPlatform (113)
[2018.11.15-18.38.18:465][336]LogModuleManager: Shutting down and abandoning module HTML5TargetPlatform (111)
[2018.11.15-18.38.18:465][336]LogModuleManager: Shutting down and abandoning module AndroidTargetPlatform (109)
[2018.11.15-18.38.18:481][336]LogModuleManager: Shutting down and abandoning module WindowsTargetPlatform (107)
[2018.11.15-18.38.18:481][336]LogModuleManager: Shutting down and abandoning module WindowsServerTargetPlatform (105)
[2018.11.15-18.38.18:481][336]LogModuleManager: Shutting down and abandoning module WindowsNoEditorTargetPlatform (103)
[2018.11.15-18.38.18:481][336]LogModuleManager: Shutting down and abandoning module WindowsClientTargetPlatform (101)
[2018.11.15-18.38.18:481][336]LogModuleManager: Shutting down and abandoning module MacTargetPlatform (99)
[2018.11.15-18.38.18:481][336]LogModuleManager: Shutting down and abandoning module MacServerTargetPlatform (97)
[2018.11.15-18.38.18:481][336]LogModuleManager: Shutting down and abandoning module MacNoEditorTargetPlatform (95)
[2018.11.15-18.38.18:481][336]LogModuleManager: Shutting down and abandoning module MacClientTargetPlatform (93)
[2018.11.15-18.38.18:481][336]LogModuleManager: Shutting down and abandoning module AllDesktopTargetPlatform (91)
[2018.11.15-18.38.18:481][336]LogModuleManager: Shutting down and abandoning module InputCore (88)
[2018.11.15-18.38.18:481][336]LogModuleManager: Shutting down and abandoning module Settings (86)
[2018.11.15-18.38.18:481][336]LogModuleManager: Shutting down and abandoning module PhysXCooking (84)
[2018.11.15-18.38.18:481][336]LogModuleManager: Shutting down and abandoning module SteamVR (82)
[2018.11.15-18.38.18:481][336]LogModuleManager: Shutting down and abandoning module OculusHMD (80)
[2018.11.15-18.38.18:481][336]LogModuleManager: Shutting down and abandoning module ExampleDeviceProfileSelector (78)
[2018.11.15-18.38.18:481][336]LogModuleManager: Shutting down and abandoning module LauncherChunkInstaller (76)
[2018.11.15-18.38.18:481][336]LogModuleManager: Shutting down and abandoning module OnlineBlueprintSupport (74)
[2018.11.15-18.38.18:481][336]LogModuleManager: Shutting down and abandoning module OnlineSubsystem (70)
[2018.11.15-18.38.18:482][336]LogModuleManager: Shutting down and abandoning module XMPP (65)
[2018.11.15-18.38.18:482][336]LogModuleManager: Shutting down and abandoning module WebSockets (64)
[2018.11.15-18.38.18:495][336]LogModuleManager: Shutting down and abandoning module HTTP (61)
[2018.11.15-18.38.18:496][336]LogHttp: Display: Http module shutting down, but needs to wait on 1 outstanding Http requests:
[2018.11.15-18.38.18:496][336]LogHttp: Display: 	verb=[POST] url=[https://datarouter.ol.epicgames.com/datarouter/api/v1/public/data?SessionID=%7B946CB27C-488E-1D70-BCC0-2EBBBCDA11E1%7D&AppID=UEEditor.Rocket.Release&AppVersion=4.20.3-4369336%2B%2B%2BUE4%2BRelease-4.20&UserID=b19da05e4155fcdee495adb454fe5757%7C24b349f52b474167ada4538af75ab250%7C5c41cd37-7a4d-4240-aedd-2148bec050d2&AppEnvironment=datacollector-binary&UploadType=eteventstream] status=Processing
[2018.11.15-18.38.18:501][336]LogModuleManager: Shutting down and abandoning module SSL (60)
[2018.11.15-18.38.18:502][336]LogModuleManager: Shutting down and abandoning module MagicLeapEmulator (56)
[2018.11.15-18.38.18:502][336]LogModuleManager: Shutting down and abandoning module MagicLeapPrivileges (54)
[2018.11.15-18.38.18:502][336]LogModuleManager: Shutting down and abandoning module MagicLeapIdentity (52)
[2018.11.15-18.38.18:502][336]LogModuleManager: Shutting down and abandoning module MagicLeapHelperVulkan (50)
[2018.11.15-18.38.18:502][336]LogModuleManager: Shutting down and abandoning module MagicLeapHelperOpenGL (48)
[2018.11.15-18.38.18:502][336]LogModuleManager: Shutting down and abandoning module MagicLeapSecureStorage (46)
[2018.11.15-18.38.18:502][336]LogModuleManager: Shutting down and abandoning module MagicLeapGestures (44)
[2018.11.15-18.38.18:502][336]LogModuleManager: Shutting down and abandoning module MagicLeapEyeTracker (42)
[2018.11.15-18.38.18:502][336]LogModuleManager: Shutting down and abandoning module MagicLeapController (40)
[2018.11.15-18.38.18:502][336]LogSlate: Slate User Destroyed.  User Index 0, Is Virtual User: 0
[2018.11.15-18.38.18:502][336]LogModuleManager: Shutting down and abandoning module MagicLeap (38)
[2018.11.15-18.38.18:502][336]LogModuleManager: Shutting down and abandoning module AnimationModifiers (36)
[2018.11.15-18.38.18:502][336]LogModuleManager: Shutting down and abandoning module PropertyEditor (35)
[2018.11.15-18.38.18:502][336]LogModuleManager: Shutting down and abandoning module AudioEditor (32)
[2018.11.15-18.38.18:502][336]LogModuleManager: Shutting down and abandoning module TextureCompressor (30)
[2018.11.15-18.38.18:502][336]LogModuleManager: Shutting down and abandoning module ShaderCore (28)
[2018.11.15-18.38.18:502][336]LogModuleManager: Shutting down and abandoning module Landscape (26)
[2018.11.15-18.38.18:502][336]LogModuleManager: Shutting down and abandoning module SlateRHIRenderer (24)
[2018.11.15-18.38.18:502][336]LogModuleManager: Shutting down and abandoning module OpenGLDrv (22)
[2018.11.15-18.38.18:502][336]LogModuleManager: Shutting down and abandoning module D3D11RHI (20)
[2018.11.15-18.38.18:502][336]LogModuleManager: Shutting down and abandoning module AnimGraphRuntime (18)
[2018.11.15-18.38.18:503][336]LogModuleManager: Shutting down and abandoning module Renderer (16)
[2018.11.15-18.38.18:503][336]LogModuleManager: Shutting down and abandoning module Engine (14)
[2018.11.15-18.38.18:503][336]LogModuleManager: Shutting down and abandoning module CoreUObject (12)
[2018.11.15-18.38.18:503][336]LogModuleManager: Shutting down and abandoning module NetworkFile (10)
[2018.11.15-18.38.18:503][336]LogModuleManager: Shutting down and abandoning module CookedIterativeFile (8)
[2018.11.15-18.38.18:503][336]LogModuleManager: Shutting down and abandoning module StreamingFile (6)
[2018.11.15-18.38.18:503][336]LogModuleManager: Shutting down and abandoning module SandboxFile (4)
[2018.11.15-18.38.18:503][336]LogModuleManager: Shutting down and abandoning module PakFile (2)
[2018.11.15-18.38.18:510][336]LogExit: Exiting.
[2018.11.15-18.38.18:515][336]Log file closed, 11/15/18 12:38:18
