Log file open, 11/08/18 13:56:22
LogWindows: Failed to load 'aqProf.dll' (GetLastError=126)
LogWindows: File 'aqProf.dll' does not exist
LogWindows: Failed to load 'VSPerf140.dll' (GetLastError=126)
LogWindows: File 'VSPerf140.dll' does not exist
LogWindows: Failed to load 'VtuneApi.dll' (GetLastError=126)
LogWindows: File 'VtuneApi.dll' does not exist
LogWindows: Failed to load 'VtuneApi32e.dll' (GetLastError=126)
LogWindows: File 'VtuneApi32e.dll' does not exist
LogInit: Display: Running engine for game: Finals
LogPlatformFile: Not using cached read wrapper
LogTaskGraph: Started task graph with 5 named threads and 23 total threads with 3 sets of task threads.
LogStats: Stats thread started at 0.321250
LogD3D11RHI: Loaded GFSDK_Aftermath_Lib.x64.dll
LogICUInternationalization: Display: ICU TimeZone Detection - Raw Offset: -6:00, Platform Override: ''
LogPluginManager: Mounting plugin Paper2D
LogPluginManager: Mounting plugin AISupport
LogPluginManager: Mounting plugin LightPropagationVolume
LogPluginManager: Mounting plugin CLionSourceCodeAccess
LogPluginManager: Mounting plugin CodeLiteSourceCodeAccess
LogPluginManager: Mounting plugin GitSourceControl
LogPluginManager: Mounting plugin KDevelopSourceCodeAccess
LogPluginManager: Mounting plugin NullSourceCodeAccess
LogPluginManager: Mounting plugin PerforceSourceControl
LogPluginManager: Mounting plugin SubversionSourceControl
LogPluginManager: Mounting plugin UObjectPlugin
LogPluginManager: Mounting plugin VisualStudioCodeSourceCodeAccess
LogPluginManager: Mounting plugin VisualStudioSourceCodeAccess
LogPluginManager: Mounting plugin XCodeSourceCodeAccess
LogPluginManager: Mounting plugin AssetManagerEditor
LogPluginManager: Mounting plugin CryptoKeys
LogPluginManager: Mounting plugin DataValidation
LogPluginManager: Mounting plugin FacialAnimation
LogPluginManager: Mounting plugin GameplayTagsEditor
LogPluginManager: Mounting plugin MacGraphicsSwitching
LogPluginManager: Mounting plugin MeshEditor
LogPluginManager: Mounting plugin MobileLauncherProfileWizard
LogPluginManager: Mounting plugin PluginBrowser
LogPluginManager: Mounting plugin SpeedTreeImporter
LogPluginManager: Mounting plugin DatasmithContent
LogPluginManager: Mounting plugin AlembicImporter
LogPluginManager: Mounting plugin AppleImageUtils
LogPluginManager: Mounting plugin AppleVision
LogPluginManager: Mounting plugin BackChannel
LogPluginManager: Mounting plugin CharacterAI
LogPluginManager: Mounting plugin GeometryCache
LogPluginManager: Mounting plugin HTML5Networking
LogPluginManager: Mounting plugin ProxyLODPlugin
LogPluginManager: Mounting plugin MagicLeap
LogPluginManager: Mounting plugin MagicLeapEmulator
LogPluginManager: Mounting plugin MagicLeapMedia
LogPluginManager: Mounting plugin Substance
LogPluginManager: Mounting plugin AndroidMedia
LogPluginManager: Mounting plugin AvfMedia
LogPluginManager: Mounting plugin ImgMedia
LogPluginManager: Mounting plugin LinearTimecode
LogPluginManager: Mounting plugin MediaCompositing
LogPluginManager: Mounting plugin MediaPlayerEditor
LogPluginManager: Mounting plugin WmfMedia
LogPluginManager: Mounting plugin TcpMessaging
LogPluginManager: Mounting plugin UdpMessaging
LogPluginManager: Mounting plugin ActorSequence
LogPluginManager: Mounting plugin LevelSequenceEditor
LogPluginManager: Mounting plugin MatineeToLevelSequence
LogPluginManager: Mounting plugin NetcodeUnitTest
LogPluginManager: Mounting plugin NUTUnrealEngine4
LogPluginManager: Mounting plugin OnlineSubsystemGooglePlay
LogPluginManager: Mounting plugin OnlineSubsystemIOS
LogPluginManager: Mounting plugin OnlineSubsystem
LogPluginManager: Mounting plugin OnlineSubsystemNull
LogPluginManager: Mounting plugin OnlineSubsystemUtils
LogPluginManager: Mounting plugin LauncherChunkInstaller
LogPluginManager: Mounting plugin AndroidDeviceProfileSelector
LogPluginManager: Mounting plugin AndroidMoviePlayer
LogPluginManager: Mounting plugin AndroidPermission
LogPluginManager: Mounting plugin AppleMoviePlayer
LogPluginManager: Mounting plugin ArchVisCharacter
LogPluginManager: Mounting plugin AudioCapture
LogPluginManager: Mounting plugin CableComponent
LogPluginManager: Mounting plugin CustomMeshComponent
LogPluginManager: Mounting plugin EditableMesh
LogPluginManager: Mounting plugin ExampleDeviceProfileSelector
LogPluginManager: Mounting plugin GoogleCloudMessaging
LogPluginManager: Mounting plugin ImmediatePhysics
LogPluginManager: Mounting plugin IOSDeviceProfileSelector
LogPluginManager: Mounting plugin LinuxDeviceProfileSelector
LogPluginManager: Mounting plugin LocationServicesBPLibrary
LogPluginManager: Mounting plugin MobilePatchingUtils
LogPluginManager: Mounting plugin OculusVR
LogPluginManager: Plugin shader directory ../../../Engine/Plugins/Runtime/Oculus/OculusVR/Shaders found
LogPluginManager: Mapping shader source directory ../../../Engine/Plugins/Runtime/Oculus/OculusVR/Shaders to virtual directory /Plugin/OculusVR
LogPluginManager: Mounting plugin PhysXVehicles
LogPluginManager: Mounting plugin ProceduralMeshComponent
LogPluginManager: Mounting plugin RuntimePhysXCooking
LogPluginManager: Mounting plugin SteamVR
LogPluginManager: Mounting plugin WindowsMoviePlayer
LogStreaming: Display: Took  0.124s to configure plugins.
LogInit: Using libcurl 7.55.1-DEV
LogInit:  - built for x86_64-pc-win32
LogInit:  - supports SSL with OpenSSL/1.0.2h
LogInit:  - supports HTTP deflate (compression) using libz 1.2.8
LogInit:  - other features:
LogInit:      CURL_VERSION_SSL
LogInit:      CURL_VERSION_LIBZ
LogInit:      CURL_VERSION_IPV6
LogInit:      CURL_VERSION_ASYNCHDNS
LogInit:      CURL_VERSION_LARGEFILE
LogInit:      CURL_VERSION_IDN
LogInit:  CurlRequestOptions (configurable via config and command line):
LogInit:  - bVerifyPeer = false  - Libcurl will NOT verify peer certificate
LogInit:  - bUseHttpProxy = false  - Libcurl will NOT use HTTP proxy
LogInit:  - bDontReuseConnections = false  - Libcurl will reuse connections
LogInit:  - CertBundlePath = nullptr  - Libcurl will use whatever was configured at build time.
LogInit:  - MaxHostConnections = 16  - Libcurl will limit the number of connections to a host
LogInit:  - LocalHostAddr = Default
LogInit:  - BufferSize = 65536
LogInit: WinSock: version 1.1 (2.2), MaxSocks=32767, MaxUdp=65467
LogInit: Build: ++UE4+Release-4.20-CL-4369336
LogInit: Engine Version: 4.20.3-4369336+++UE4+Release-4.20
LogInit: Compatible Engine Version: 4.20.0-4212847+++UE4+Release-4.20
LogInit: Net CL: 4212847
LogInit: OS: Windows 10 (), CPU: Intel(R) Core(TM) i7-7700HQ CPU @ 2.80GHz, GPU: NVIDIA GeForce GTX 1070
LogInit: Compiled (64-bit): Sep 17 2018 12:26:19
LogInit: Compiled with Visual C++: 19.13.26129.00
LogInit: Build Configuration: Development
LogInit: Branch Name: ++UE4+Release-4.20
LogInit: Command Line:  
LogInit: Base Directory: D:/Programs/Unreal Engine/UE_4.20/Engine/Binaries/Win64/
LogInit: Installed Engine Build: 1
LogDevObjectVersion: Number of dev versions registered: 20
LogDevObjectVersion:   Dev-Blueprints (B0D832E4-1F89-4F0D-ACCF-7EB736FD4AA2): 10
LogDevObjectVersion:   Dev-Build (E1C64328-A22C-4D53-A36C-8E866417BD8C): 0
LogDevObjectVersion:   Dev-Core (375EC13C-06E4-48FB-B500-84F0262A717E): 2
LogDevObjectVersion:   Dev-Editor (E4B068ED-F494-42E9-A231-DA0B2E46BB41): 24
LogDevObjectVersion:   Dev-Framework (CFFC743F-43B0-4480-9391-14DF171D2073): 34
LogDevObjectVersion:   Dev-Mobile (B02B49B5-BB20-44E9-A304-32B752E40360): 2
LogDevObjectVersion:   Dev-Networking (A4E4105C-59A1-49B5-A7C5-40C4547EDFEE): 0
LogDevObjectVersion:   Dev-Online (39C831C9-5AE6-47DC-9A44-9C173E1C8E7C): 0
LogDevObjectVersion:   Dev-Physics (78F01B33-EBEA-4F98-B9B4-84EACCB95AA2): 0
LogDevObjectVersion:   Dev-Platform (6631380F-2D4D-43E0-8009-CF276956A95A): 0
LogDevObjectVersion:   Dev-Rendering (12F88B9F-8875-4AFC-A67C-D90C383ABD29): 26
LogDevObjectVersion:   Dev-Sequencer (7B5AE74C-D270-4C10-A958-57980B212A5A): 9
LogDevObjectVersion:   Dev-VR (D7296918-1DD6-4BDD-9DE2-64A83CC13884): 2
LogDevObjectVersion:   Dev-LoadTimes (C2A15278-BFE7-4AFE-6C17-90FF531DF755): 1
LogDevObjectVersion:   Private-Geometry (6EACA3D4-40EC-4CC1-B786-8BED09428FC5): 3
LogDevObjectVersion:   Dev-AnimPhys (29E575DD-E0A3-4627-9D10-D276232CDCEA): 17
LogDevObjectVersion:   Dev-ReflectionCapture (6B266CEC-1EC7-4B8F-A30B-E4D90942FC07): 1
LogDevObjectVersion:   Dev-Automation (0DF73D61-A23F-47EA-B727-89E90C41499A): 1
LogDevObjectVersion:   FortniteMain (601D1886-AC64-4F84-AA16-D3DE0DEAC7D6): 12
LogDevObjectVersion:   Dev-Enterprise (9DFFBCD6-494F-0158-E221-12823C92A888): 1
LogStreaming: Display: Took  0.001s to delete old logs.
LogInit: Presizing for max 8388607 objects, including 0 objects not considered by GC, pre-allocating 0 bytes for permanent pool.
LogInit: Object subsystem initialized
[2018.11.08-19.56.23:099][  0]LogInit: Selected Device Profile: [Windows]
[2018.11.08-19.56.23:099][  0]LogInit: Applying CVar settings loaded from the selected device profile: [Windows]
[2018.11.08-19.56.23:133][  0]LogHAL: Display: Platform has ~ 16 GB [17046728704 / 17179869184 / 16], which maps to Larger [LargestMinGB=32, LargerMinGB=12, DefaultMinGB=8, SmallerMinGB=6, SmallestMinGB=0)
[2018.11.08-19.56.23:133][  0]LogInit: Setting Device Profile CVar: [[r.Vulkan.UseRealUBs:1]]
[2018.11.08-19.56.23:133][  0]LogInit: Going up to parent DeviceProfile []
[2018.11.08-19.56.23:135][  0]LogInit: Computer: ALIENMOMO
[2018.11.08-19.56.23:135][  0]LogInit: User: beclo
[2018.11.08-19.56.23:135][  0]LogInit: CPU Page size=4096, Cores=4
[2018.11.08-19.56.23:135][  0]LogInit: High frequency timer resolution =2.742191 MHz
[2018.11.08-19.56.23:135][  0]LogMemory: Memory total: Physical=15.9GB (16GB approx)
[2018.11.08-19.56.23:135][  0]LogMemory: Platform Memory Stats for Windows
[2018.11.08-19.56.23:135][  0]LogMemory: Process Physical Memory: 99.43 MB used, 99.43 MB peak
[2018.11.08-19.56.23:135][  0]LogMemory: Process Virtual Memory: 90.95 MB used, 90.95 MB peak
[2018.11.08-19.56.23:135][  0]LogMemory: Physical Memory: 7308.15 MB used,  8948.88 MB free, 16257.03 MB total
[2018.11.08-19.56.23:135][  0]LogMemory: Virtual Memory: 4630.64 MB used,  8948.88 MB free, 134217728.00 MB total
[2018.11.08-19.56.24:311][  0]LogInit: Using OS detected language (en-US).
[2018.11.08-19.56.24:311][  0]LogInit: Using OS detected locale (en-US).
[2018.11.08-19.56.24:313][  0]LogTextLocalizationManager: No specific localization for 'en-US' exists, so the 'en' localization will be used.
[2018.11.08-19.56.25:044][  0]LogStreaming: Display: Took  0.733s to InitEngineTextLocalization.
[2018.11.08-19.56.25:044][  0]LogInit: Setting process to per monitor DPI aware
[2018.11.08-19.56.25:150][  0]LogSlate: New Slate User Created.  User Index 0, Is Virtual User: 0
[2018.11.08-19.56.25:150][  0]LogSlate: Slate User Registered.  User Index 0, Is Virtual User: 0
[2018.11.08-19.56.25:446][  0]LogHMD: Failed to initialize OpenVR with code 110
[2018.11.08-19.56.25:446][  0]LogD3D11RHI: D3D11 adapters:
[2018.11.08-19.56.25:639][  0]LogD3D11RHI:    0. 'NVIDIA GeForce GTX 1070' (Feature Level 11_0)
[2018.11.08-19.56.25:639][  0]LogD3D11RHI:       8081/0/8128 MB DedicatedVideo/DedicatedSystem/SharedSystem, Outputs:1, VendorId:0x10de
[2018.11.08-19.56.25:689][  0]LogD3D11RHI:    1. 'Intel(R) HD Graphics 630' (Feature Level 11_0)
[2018.11.08-19.56.25:689][  0]LogD3D11RHI:       128/0/8128 MB DedicatedVideo/DedicatedSystem/SharedSystem, Outputs:0, VendorId:0x8086
[2018.11.08-19.56.25:696][  0]LogD3D11RHI:    2. 'Microsoft Basic Render Driver' (Feature Level 11_0)
[2018.11.08-19.56.25:696][  0]LogD3D11RHI:       0/0/8128 MB DedicatedVideo/DedicatedSystem/SharedSystem, Outputs:0, VendorId:0x1414
[2018.11.08-19.56.25:697][  0]LogD3D11RHI: Chosen D3D11 Adapter: 0
[2018.11.08-19.56.25:723][  0]LogD3D11RHI: Creating new Direct3DDevice
[2018.11.08-19.56.25:723][  0]LogD3D11RHI:     GPU DeviceId: 0x1be1 (for the marketing name, search the web for "GPU Device Id")
[2018.11.08-19.56.25:723][  0]LogWindows: EnumDisplayDevices:
[2018.11.08-19.56.25:724][  0]LogWindows:    0. 'NVIDIA GeForce GTX 1070' (P:1 D:1)
[2018.11.08-19.56.25:725][  0]LogWindows:    1. 'NVIDIA GeForce GTX 1070' (P:0 D:0)
[2018.11.08-19.56.25:727][  0]LogWindows:    2. 'NVIDIA GeForce GTX 1070' (P:0 D:0)
[2018.11.08-19.56.25:728][  0]LogWindows:    3. 'NVIDIA GeForce GTX 1070' (P:0 D:0)
[2018.11.08-19.56.25:730][  0]LogWindows:    4. 'Intel(R) HD Graphics 630' (P:0 D:0)
[2018.11.08-19.56.25:732][  0]LogWindows:    5. 'Intel(R) HD Graphics 630' (P:0 D:0)
[2018.11.08-19.56.25:733][  0]LogWindows:    6. 'Intel(R) HD Graphics 630' (P:0 D:0)
[2018.11.08-19.56.25:734][  0]LogWindows:    7. 'Intel(R) HD Graphics 630' (P:0 D:0)
[2018.11.08-19.56.25:736][  0]LogWindows:    8. 'Intel(R) HD Graphics 630' (P:0 D:0)
[2018.11.08-19.56.25:738][  0]LogWindows:    9. 'Intel(R) HD Graphics 630' (P:0 D:0)
[2018.11.08-19.56.25:740][  0]LogWindows:    10. 'Intel(R) HD Graphics 630' (P:0 D:0)
[2018.11.08-19.56.25:741][  0]LogWindows:    11. 'Intel(R) HD Graphics 630' (P:0 D:0)
[2018.11.08-19.56.25:743][  0]LogWindows:    12. 'Intel(R) HD Graphics 630' (P:0 D:0)
[2018.11.08-19.56.25:744][  0]LogWindows:    13. 'Intel(R) HD Graphics 630' (P:0 D:0)
[2018.11.08-19.56.25:746][  0]LogWindows:    14. 'Intel(R) HD Graphics 630' (P:0 D:0)
[2018.11.08-19.56.25:747][  0]LogWindows: DebugString: PrimaryIsNotTheChoosenAdapter PrimaryIsNotTheChoosenAdapter PrimaryIsNotTheChoosenAdapter PrimaryIsNotTheChoosenAdapter PrimaryIsNotTheChoosenAdapter PrimaryIsNotTheChoosenAdapter PrimaryIsNotTheChoosenAdapter PrimaryIsNotTheChoosenAdapter PrimaryIsNotTheChoosenAdapter PrimaryIsNotTheChoosenAdapter PrimaryIsNotTheChoosenAdapter FoundDriverCount:4 
[2018.11.08-19.56.25:747][  0]LogD3D11RHI:     Adapter Name: NVIDIA GeForce GTX 1070
[2018.11.08-19.56.25:747][  0]LogD3D11RHI:   Driver Version: 398.11 (internal:24.21.13.9811, unified:398.11)
[2018.11.08-19.56.25:747][  0]LogD3D11RHI:      Driver Date: 6-1-2018
[2018.11.08-19.56.25:747][  0]LogRHI: Texture pool is 5656 MB (70% of 8081 MB)
[2018.11.08-19.56.25:856][  0]LogD3D11RHI: Async texture creation enabled
[2018.11.08-19.56.25:892][  0]LogD3D11RHI: GPU Timing Frequency: 1000.000000 (Debug: 2 2)
[2018.11.08-19.56.25:941][  0]LogShaderCompilers: Guid format shader working directory is -7 characters bigger than the processId version (C:/Users/beclo/Documents/GitHub/Project-Final/Finals/Intermediate/Shaders/WorkingDirectory/10388/).
[2018.11.08-19.56.25:942][  0]LogShaderCompilers: Cleaned the shader compiler working directory 'C:/Users/beclo/AppData/Local/Temp/UnrealShaderWorkingDir/535B8FC94964F1EEDE975795BD22AE9A/'.
[2018.11.08-19.56.26:621][  0]LogTemp: Display: Loaded TP AllDesktopTargetPlatform
[2018.11.08-19.56.26:646][  0]LogTemp: Display: Loaded TP MacClientTargetPlatform
[2018.11.08-19.56.26:664][  0]LogTemp: Display: Loaded TP MacNoEditorTargetPlatform
[2018.11.08-19.56.26:682][  0]LogTemp: Display: Loaded TP MacServerTargetPlatform
[2018.11.08-19.56.26:700][  0]LogTemp: Display: Loaded TP MacTargetPlatform
[2018.11.08-19.56.26:714][  0]LogTemp: Display: Loaded TP WindowsClientTargetPlatform
[2018.11.08-19.56.26:728][  0]LogTemp: Display: Loaded TP WindowsNoEditorTargetPlatform
[2018.11.08-19.56.26:740][  0]LogTemp: Display: Loaded TP WindowsServerTargetPlatform
[2018.11.08-19.56.26:747][  0]LogTemp: Display: Loaded TP WindowsTargetPlatform
[2018.11.08-19.56.26:861][  0]LogTemp: Display: Loaded TP AndroidTargetPlatform
[2018.11.08-19.56.26:862][  0]LogTemp: Display: Loaded TP AndroidTargetPlatform
[2018.11.08-19.56.26:862][  0]LogTemp: Display: Loaded TP AndroidTargetPlatform
[2018.11.08-19.56.26:862][  0]LogTemp: Display: Loaded TP AndroidTargetPlatform
[2018.11.08-19.56.26:862][  0]LogTemp: Display: Loaded TP AndroidTargetPlatform
[2018.11.08-19.56.26:862][  0]LogTemp: Display: Loaded TP AndroidTargetPlatform
[2018.11.08-19.56.26:862][  0]LogTemp: Display: Loaded TP AndroidTargetPlatform
[2018.11.08-19.56.26:862][  0]LogTemp: Display: Loaded TP AndroidTargetPlatform
[2018.11.08-19.56.26:862][  0]LogTemp: Display: Loaded TP AndroidTargetPlatform
[2018.11.08-19.56.26:862][  0]LogTemp: Display: Loaded TP AndroidTargetPlatform
[2018.11.08-19.56.26:862][  0]LogTemp: Display: Loaded TP AndroidTargetPlatform
[2018.11.08-19.56.26:862][  0]LogTemp: Display: Loaded TP AndroidTargetPlatform
[2018.11.08-19.56.26:862][  0]LogTemp: Display: Loaded TP AndroidTargetPlatform
[2018.11.08-19.56.26:862][  0]LogTemp: Display: Loaded TP AndroidTargetPlatform
[2018.11.08-19.56.26:862][  0]LogTemp: Display: Loaded TP AndroidTargetPlatform
[2018.11.08-19.56.26:862][  0]LogTemp: Display: Loaded TP AndroidTargetPlatform
[2018.11.08-19.56.26:862][  0]LogTemp: Display: Loaded TP AndroidTargetPlatform
[2018.11.08-19.56.26:862][  0]LogTemp: Display: Loaded TP AndroidTargetPlatform
[2018.11.08-19.56.26:863][  0]LogTemp: Display: Loaded TP HTML5TargetPlatform
[2018.11.08-19.56.26:959][  0]LogTemp: Display: Loaded TP IOSTargetPlatform
[2018.11.08-19.56.26:959][  0]LogTemp: Display: Loaded TP IOSTargetPlatform
[2018.11.08-19.56.27:006][  0]LogTemp: Display: Loaded TP TVOSTargetPlatform
[2018.11.08-19.56.27:006][  0]LogTemp: Display: Loaded TP TVOSTargetPlatform
[2018.11.08-19.56.27:024][  0]LogTemp: Display: Loaded TP LinuxClientTargetPlatform
[2018.11.08-19.56.27:038][  0]LogTemp: Display: Loaded TP LinuxNoEditorTargetPlatform
[2018.11.08-19.56.27:055][  0]LogTemp: Display: Loaded TP LinuxServerTargetPlatform
[2018.11.08-19.56.27:068][  0]LogTemp: Display: Loaded TP LinuxTargetPlatform
[2018.11.08-19.56.27:079][  0]LogTemp: Display: Loaded TP LuminTargetPlatform
[2018.11.08-19.56.27:079][  0]LogTargetPlatformManager: Display: Building Assets For Windows
[2018.11.08-19.56.27:146][  0]LogXGEController: Cleaning working directory: C:/Users/beclo/AppData/Local/Temp/UnrealXGEWorkingDir/
[2018.11.08-19.56.27:146][  0]LogXGEController: Cannot use XGE Controller as Incredibuild is not installed on this machine.
[2018.11.08-19.56.27:146][  0]LogShaderCompilers: Cannot use XGE Shader Compiler as Incredibuild is not installed on this machine.
[2018.11.08-19.56.27:146][  0]LogShaderCompilers: Display: Using Local Shader Compiler.
[2018.11.08-19.56.28:067][  0]LogDerivedDataCache: Display: Max Cache Size: 512 MB
[2018.11.08-19.56.28:192][  0]LogDerivedDataCache: Loaded boot cache 0.12s 71MB C:/Users/beclo/AppData/Local/UnrealEngine/4.20/DerivedDataCache/Boot.ddc.
[2018.11.08-19.56.28:192][  0]LogDerivedDataCache: Display: Loaded Boot cache: C:/Users/beclo/AppData/Local/UnrealEngine/4.20/DerivedDataCache/Boot.ddc
[2018.11.08-19.56.28:192][  0]LogDerivedDataCache: FDerivedDataBackendGraph:  Pak pak cache file C:/Users/beclo/Documents/GitHub/Project-Final/Finals/DerivedDataCache/DDC.ddp not found, will not use a pak cache.
[2018.11.08-19.56.28:192][  0]LogDerivedDataCache: Unable to find inner node Pak for hierarchical cache Hierarchy.
[2018.11.08-19.56.28:193][  0]LogDerivedDataCache: FDerivedDataBackendGraph:  CompressedPak pak cache file C:/Users/beclo/Documents/GitHub/Project-Final/Finals/DerivedDataCache/Compressed.ddp not found, will not use a pak cache.
[2018.11.08-19.56.28:193][  0]LogDerivedDataCache: Unable to find inner node CompressedPak for hierarchical cache Hierarchy.
[2018.11.08-19.56.28:212][  0]LogDerivedDataCache: Display: Pak cache opened for reading ../../../Engine/DerivedDataCache/Compressed.ddp.
[2018.11.08-19.56.28:225][  0]LogDerivedDataCache: Using Local data cache path C:/Users/beclo/AppData/Local/UnrealEngine/Common/DerivedDataCache: Writable
[2018.11.08-19.56.28:225][  0]LogDerivedDataCache: Shared data cache path not found in *engine.ini, will not use an Shared cache.
[2018.11.08-19.56.28:225][  0]LogDerivedDataCache: Unable to find inner node Shared for hierarchical cache Hierarchy.
[2018.11.08-19.56.28:276][  0]LogMaterial: Verifying Global Shaders for PCD3D_SM5
[2018.11.08-19.56.28:280][  0]LogSlate: Using FreeType 2.6.0
[2018.11.08-19.56.28:282][  0]LogSlate: SlateFontServices - WITH_FREETYPE: 1, WITH_HARFBUZZ: 1
[2018.11.08-19.56.28:401][  0]LogAssetRegistry: FAssetRegistry took 0.0276 seconds to start up
[2018.11.08-19.56.28:815][  0]LogInit: Selected Device Profile: [Windows]
[2018.11.08-19.56.29:029][  0]LogSimplygon: Simplygon DLL not present - disabling.
[2018.11.08-19.56.29:033][  0]LogMeshReduction: Using SimplygonSwarm for distributed automatic mesh merging
[2018.11.08-19.56.29:033][  0]LogMeshReduction: Using ProxyLODMeshReduction for automatic mesh merging
[2018.11.08-19.56.29:033][  0]LogMeshReduction: Using QuadricMeshReduction for automatic static mesh reduction
[2018.11.08-19.56.29:033][  0]LogMeshReduction: No automatic skeletal mesh reduction module available
[2018.11.08-19.56.29:052][  0]LogNetVersion: Finals 1.0.0, NetCL: 4212847, EngineNetVer: 5, GameNetVer: 0 (Checksum: 3293051592)
[2018.11.08-19.56.29:969][  0]LogPackageLocalizationCache: Processed 11 localized package path(s) for 2 prioritized culture(s) in 0.150456 seconds
[2018.11.08-19.56.29:981][  0]LogUObjectArray: 38425 objects as part of root set at end of initial load.
[2018.11.08-19.56.29:981][  0]LogUObjectAllocator: 6690872 out of 0 bytes used by permanent object pool.
[2018.11.08-19.56.29:981][  0]LogUObjectArray: CloseDisregardForGC: 0/0 objects in disregard for GC pool
[2018.11.08-19.56.31:759][  0]LogSubstanceCoreModule: Substance [CPU] Engine Loaded, Max Texture Size = 2048
[2018.11.08-19.56.31:801][  0]LogTcpMessaging: Initializing TcpMessaging bridge
[2018.11.08-19.56.31:862][  0]LogUdpMessaging: Initializing bridge on interface 0.0.0.0:0 to multicast group 230.0.0.1:6666.
[2018.11.08-19.56.32:246][  0]SourceControl: Source control is disabled
[2018.11.08-19.56.32:246][  0]SourceControl: Source control is disabled
[2018.11.08-19.56.32:252][  0]SourceControl: Source control is disabled
[2018.11.08-19.56.32:255][  0]SourceControl: Source control is disabled
[2018.11.08-19.56.32:483][  0]LogAndroidPermission: UAndroidPermissionCallbackProxy::GetInstance
[2018.11.08-19.56.33:078][  0]LogOcInput: OculusInput pre-init called
[2018.11.08-19.56.34:022][  0]LogEngine: Initializing Engine...
[2018.11.08-19.56.34:023][  0]LogHMD: Failed to initialize OpenVR with code 110
[2018.11.08-19.56.34:026][  0]LogStats: UGameplayTagsManager::ConstructGameplayTagTree: ImportINI prefixes -  0.000 s
[2018.11.08-19.56.34:026][  0]LogStats: UGameplayTagsManager::ConstructGameplayTagTree: Construct from data asset -  0.000 s
[2018.11.08-19.56.34:026][  0]LogStats: UGameplayTagsManager::ConstructGameplayTagTree: ImportINI -  0.000 s
[2018.11.08-19.56.34:026][  0]LogStats: UGameplayTagsManager::ConstructGameplayTagTree: GameplayTagTreeChangedEvent.Broadcast -  0.000 s
[2018.11.08-19.56.34:605][  0]LogInit: Initializing FReadOnlyCVARCache
[2018.11.08-19.56.34:623][  0]LogAIModule: Creating AISystem for world Untitled
[2018.11.08-19.56.34:736][  0]LogInit: XAudio2 using 'Speakers / Headphones (Realtek Audio)' : 6 channels at 48 kHz using 32 bits per sample (channel mask 0x3f)
[2018.11.08-19.56.35:827][  0]LogInit: FAudioDevice initialized.
[2018.11.08-19.56.35:828][  0]LogNetVersion: Set ProjectVersion to 1.0.0.0. Version Checksum will be recalculated on next use.
[2018.11.08-19.56.35:952][  0]LogDerivedDataCache: Saved boot cache 0.12s 71MB C:/Users/beclo/AppData/Local/UnrealEngine/4.20/DerivedDataCache/Boot.ddc.
[2018.11.08-19.56.35:952][  0]LogInit: Texture streaming: Enabled
[2018.11.08-19.56.35:973][  0]LogEngineSessionManager: EngineSessionManager initialized
[2018.11.08-19.56.35:989][  0]LogInit: Transaction tracking system initialized
[2018.11.08-19.56.36:016][  0]BlueprintLog: New page: Editor Load
[2018.11.08-19.56.36:094][  0]LocalizationService: Localization service is disabled
[2018.11.08-19.56.36:587][  0]LogCook: Display: Max memory allowance for cook 16384mb min free memory 0mb
[2018.11.08-19.56.36:587][  0]LogCook: Display: Mobile HDR setting 1
[2018.11.08-19.56.36:587][  0]LogGameplayTags: Display: UGameplayTagsManager::DoneAddingNativeTags. DelegateIsBound: 0
[2018.11.08-19.56.36:588][  0]LogStats: UGameplayTagsManager::ConstructGameplayTagTree: ImportINI prefixes -  0.000 s
[2018.11.08-19.56.36:588][  0]LogStats: UGameplayTagsManager::ConstructGameplayTagTree: Construct from data asset -  0.000 s
[2018.11.08-19.56.36:588][  0]LogStats: UGameplayTagsManager::ConstructGameplayTagTree: ImportINI -  0.000 s
[2018.11.08-19.56.36:588][  0]LogStats: UGameplayTagsManager::ConstructGameplayTagTree: GameplayTagTreeChangedEvent.Broadcast -  0.000 s
[2018.11.08-19.56.36:802][  0]LogFileCache: Scanning file cache for directory 'C:/Users/beclo/Documents/GitHub/Project-Final/Finals/Content/' took 0.02s
[2018.11.08-19.56.36:802][  0]SourceControl: Source control is disabled
[2018.11.08-19.56.36:802][  0]Cmd: MAP LOAD FILE="C:/Users/beclo/Documents/GitHub/Project-Final/Finals/Content/2DSideScrollerBP/Maps/2DSideScrollerExampleMap.umap" TEMPLATE=0 SHOWPROGRESS=1 FEATURELEVEL=3
[2018.11.08-19.56.36:802][  0]LightingResults: New page: Lighting Build
[2018.11.08-19.56.36:805][  0]MapCheck: New page: Map Check
[2018.11.08-19.56.36:805][  0]LightingResults: New page: Lighting Build
[2018.11.08-19.56.38:309][  0]LogTexture: Display: Building textures: boss_tentacle (BGRA8, 600X600)
[2018.11.08-19.56.38:309][  0]LogTexture: Display: Building textures: LQ_Lightmap_1_1 (DXT1, 128X128)
[2018.11.08-19.56.38:309][  0]LogTexture: Display: Building textures: HQ_Lightmap1_1 (AutoDXT, 128X128)
[2018.11.08-19.56.38:309][  0]LogAudioDerivedData: Display: Building compressed audio format OGG hash OGG wave PEW_SOUND_EFFECT...
[2018.11.08-19.56.38:310][  0]LogTemp: Couldn't find amount to resample to.
[2018.11.08-19.56.38:381][  0]LogAudioDerivedData: Display: Building compressed audio format OGG hash OGG wave Mario_Jumping-Mike_Koenig-989896458...
[2018.11.08-19.56.38:382][  0]LogTemp: Couldn't find amount to resample to.
[2018.11.08-19.56.38:515][  0]LogMaterial: Display: Missing cached shader map for material background_Mat, compiling. 
[2018.11.08-19.56.38:958][  0]LogShaderCompilers: Display: Shaders left to compile 31
[2018.11.08-19.56.38:958][  0]LogShaderCompilers: Display: Shaders left to compile 21
[2018.11.08-19.56.38:958][  0]LogShaderCompilers: Display: Shaders left to compile 11
[2018.11.08-19.56.38:958][  0]LogShaderCompilers: Display: Shaders left to compile 1
[2018.11.08-19.56.38:984][  0]LogAIModule: Creating AISystem for world 2DSideScrollerExampleMap
[2018.11.08-19.56.39:088][  0]LogEditorServer: Finished looking for orphan Actors (0.000 secs)
[2018.11.08-19.56.39:128][  0]Cmd: MAP CHECKDEP NOCLEARLOG
[2018.11.08-19.56.39:236][  0]MapCheck: Map check complete: 0 Error(s), 0 Warning(s), took 107.801ms to complete.
[2018.11.08-19.56.39:236][  0]LogFileHelpers: Loading map '2DSideScrollerExampleMap' took 2.435
[2018.11.08-19.56.39:786][  0]LogSlate: Updating window title bar state: overlay mode, drag disabled, window buttons hidden, title bar hidden
[2018.11.08-19.56.39:830][  0]LogSlate: Updating window title bar state: overlay mode, drag disabled, window buttons hidden, title bar hidden
[2018.11.08-19.56.39:839][  0]LogSlate: Updating window title bar state: overlay mode, drag disabled, window buttons hidden, title bar hidden
[2018.11.08-19.56.39:852][  0]LogSlate: Updating window title bar state: overlay mode, drag disabled, window buttons hidden, title bar hidden
[2018.11.08-19.56.39:926][  0]LogCollectionManager: Loaded 0 collections in 0.002510 seconds
[2018.11.08-19.56.40:194][  0]LogFileCache: Scanning file cache for directory 'C:/Users/beclo/Documents/GitHub/Project-Final/Finals/Saved/Collections/' took 0.01s
[2018.11.08-19.56.40:195][  0]LogFileCache: Scanning file cache for directory 'C:/Users/beclo/Documents/GitHub/Project-Final/Finals/Content/Developers/beclo/Collections/' took 0.01s
[2018.11.08-19.56.40:195][  0]LogFileCache: Scanning file cache for directory 'C:/Users/beclo/Documents/GitHub/Project-Final/Finals/Content/Collections/' took 0.01s
[2018.11.08-19.56.40:195][  0]LogCollectionManager: Rebuilt the GUID cache for 0 collections in 0.000001 seconds
[2018.11.08-19.56.40:276][  0]LogContentBrowser: Native class hierarchy populated in 0.0652 seconds. Added 2586 classes and 609 folders.
[2018.11.08-19.56.40:371][  0]LogContentBrowser: Native class hierarchy updated for 'WidgetCarousel' in 0.0002 seconds. Added 0 classes and 0 folders.
[2018.11.08-19.56.41:780][  0]LogContentBrowser: Native class hierarchy updated for 'AddContentDialog' in 0.0003 seconds. Added 0 classes and 0 folders.
[2018.11.08-19.56.41:845][  0]LogContentBrowser: Native class hierarchy updated for 'SceneOutliner' in 0.0003 seconds. Added 1 classes and 2 folders.
[2018.11.08-19.56.42:534][  0]LogSlate: Took 0.000378 seconds to synchronously load lazily loaded font '../../../Engine/Content/Slate/Fonts/Roboto-Regular.ttf' (155K)
[2018.11.08-19.56.42:539][  0]LogSlate: Took 0.000683 seconds to synchronously load lazily loaded font '../../../Engine/Content/Slate/Fonts/Roboto-Bold.ttf' (160K)
[2018.11.08-19.56.42:598][  0]LogSlate: Took 0.011000 seconds to synchronously load lazily loaded font '../../../Engine/Content/Editor/Slate/Fonts/FontAwesome.ttf' (139K)
[2018.11.08-19.56.42:868][  0]LogRenderer: Reallocating scene render targets to support 1208x576 Format 10 NumSamples 1 (Frame:1).
[2018.11.08-19.56.43:206][  0]LogContentBrowser: Native class hierarchy updated for 'HierarchicalLODOutliner' in 0.0004 seconds. Added 0 classes and 0 folders.
[2018.11.08-19.56.43:206][  0]LogLoad: (Engine Initialization) Total time: 22.83 seconds
[2018.11.08-19.56.43:207][  0]LogLoad: (Engine Initialization) Total Blueprint compile time: 0.00 seconds
[2018.11.08-19.56.43:226][  0]LogWindowsTextInputMethodSystem: Display: IME system now deactivated.
[2018.11.08-19.56.43:259][  0]LogContentStreaming: Texture pool size now 1000 MB
[2018.11.08-19.56.43:291][  0]LogSlate: Took 0.009766 seconds to synchronously load lazily loaded font '../../../Engine/Content/Slate/Fonts/Roboto-Light.ttf' (167K)
[2018.11.08-19.56.43:333][  1]LogSubstanceLiveLink: Warning: Unable to send data along socket, closing connection
[2018.11.08-19.56.43:349][  1]LogAssetRegistry: Asset discovery search completed in 14.9716 seconds
[2018.11.08-19.56.43:351][  1]LogCollectionManager: Rebuilt the object cache for 0 collections in 0.000000 seconds (found 0 objects)
[2018.11.08-19.56.43:351][  1]LogCollectionManager: Fixed up redirectors for 0 collections in 0.000076 seconds (updated 0 objects)
[2018.11.08-19.56.53:259][159]LogSlate: FSceneViewport::OnFocusLost() reason 0
[2018.11.08-19.57.19:052][884]LogSlate: FSceneViewport::OnFocusLost() reason 0
[2018.11.08-19.57.27:283][ 46]LogEditorViewport: Clicking Background
[2018.11.08-19.57.48:433][677]LogEditorViewport: Clicking on Actor (LMB): PaperTileMapActor (floating1)
[2018.11.08-19.58.01:079][ 33]LogEditorViewport: Clicking on Actor (LMB): PaperTileMapActor (floating1)
[2018.11.08-19.58.01:864][ 57]LogEditorViewport: Clicking Background
[2018.11.08-19.58.09:740][292]LogEditorViewport: Clicking on Actor (LMB): PaperTileMapActor (Junglesolid5)
[2018.11.08-19.58.10:695][320]Cmd: DELETE
[2018.11.08-19.58.10:695][320]Cmd: ACTOR DELETE
[2018.11.08-19.58.10:814][320]LogEditorActor: Deleted Actor: PaperTileMapActor
[2018.11.08-19.58.10:921][320]LogEditorActor: Deleted 1 Actors (0.149 secs)
[2018.11.08-19.58.16:173][478]LogEditorViewport: Clicking on Actor (LMB): PaperTileMapActor (Jungle17)
[2018.11.08-19.58.25:063][744]Cmd: DELETE
[2018.11.08-19.58.25:063][744]Cmd: ACTOR DELETE
[2018.11.08-19.58.25:072][744]LogEditorActor: Deleted Actor: PaperTileMapActor
[2018.11.08-19.58.25:102][744]LogEditorActor: Deleted 1 Actors (0.039 secs)
[2018.11.08-19.58.28:348][841]LogEditorViewport: Clicking on Actor (LMB): PaperTileMapActor (Junglesolid15)
[2018.11.08-19.59.23:749][496]LogEditorViewport: Clicking on Actor (LMB): PaperTileMapActor (Junglesolid26)
[2018.11.08-19.59.25:102][533]Cmd: DELETE
[2018.11.08-19.59.25:102][533]Cmd: ACTOR DELETE
[2018.11.08-19.59.25:124][533]LogEditorActor: Deleted Actor: PaperTileMapActor
[2018.11.08-19.59.25:192][533]LogEditorActor: Deleted 1 Actors (0.090 secs)
[2018.11.08-19.59.26:765][581]LogEditorViewport: Clicking on Actor (LMB): PaperTileMapActor (Jungle6)
[2018.11.08-19.59.28:019][618]Cmd: DELETE
[2018.11.08-19.59.28:020][618]Cmd: ACTOR DELETE
[2018.11.08-19.59.28:037][618]LogEditorActor: Deleted Actor: PaperTileMapActor
[2018.11.08-19.59.28:092][618]LogEditorActor: Deleted 1 Actors (0.072 secs)
[2018.11.08-19.59.29:863][672]LogEditorViewport: Clicking on Actor (LMB): PaperTileMapActor (Jungle7)
[2018.11.08-19.59.30:861][702]Cmd: DELETE
[2018.11.08-19.59.30:861][702]Cmd: ACTOR DELETE
[2018.11.08-19.59.30:881][702]LogEditorActor: Deleted Actor: PaperTileMapActor
[2018.11.08-19.59.30:949][702]LogEditorActor: Deleted 1 Actors (0.089 secs)
[2018.11.08-19.59.31:930][732]LogEditorViewport: Clicking on Actor (LMB): PaperTileMapActor (Jungle8)
[2018.11.08-19.59.32:003][732]LogEditorViewport: Clicking on Component (LMB): PaperTileMapComponent (RenderComponent)
[2018.11.08-19.59.48:269][219]LogEditorViewport: Clicking on Component (LMB): PaperTileMapComponent (RenderComponent)
[2018.11.08-19.59.49:378][252]LogEditorViewport: Clicking on Actor (LMB): PaperTileMapActor (floating3)
[2018.11.08-19.59.51:232][307]LogEditorViewport: Clicking on Actor (CTRL LMB): PaperTileMapActor (Jungle8)
[2018.11.08-19.59.54:379][400]LogEditorViewport: Clicking on Actor (CTRL LMB): PaperTileMapActor (Jungle8)
[2018.11.08-19.59.54:928][415]LogEditorViewport: Clicking on Actor (CTRL LMB): PaperTileMapActor (Jungle8)
[2018.11.08-19.59.55:202][421]LogEditorViewport: Clicking on Actor (CTRL LMB): PaperTileMapActor (Jungle8)
[2018.11.08-19.59.56:211][441]LogEditorViewport: Clicking Background
[2018.11.08-19.59.57:185][469]LogEditorViewport: Clicking on Actor (CTRL LMB): PaperTileMapActor (Jungle8)
[2018.11.08-19.59.58:844][518]LogEditorViewport: Clicking on Actor (CTRL LMB): PaperTileMapActor (floating3)
[2018.11.08-20.00.23:392][246]LogSlate: FSceneViewport::OnFocusLost() reason 0
[2018.11.08-20.00.23:890][249]LogSlate: Took 0.000757 seconds to synchronously load lazily loaded font '../../../Engine/Content/Slate/Fonts/Roboto-Light.ttf' (167K)
[2018.11.08-20.00.24:462][249]LogSavePackage: Moving 'C:/Users/beclo/Documents/GitHub/Project-Final/Finals/Saved/2DSideScrollerExampleMap02AFF4054F0CEC0E50A0AEA1B584D41F.tmp' to 'C:/Users/beclo/Documents/GitHub/Project-Final/Finals/Content/2DSideScrollerBP/Maps/2DSideScrollerExampleMap.umap'
[2018.11.08-20.00.24:578][249]LogSavePackage: Moving 'C:/Users/beclo/Documents/GitHub/Project-Final/Finals/Saved/2DSideScrollerExampleMap_BuiltDa6E8B5B5A47EFE048681B23A83D03174A.tmp' to 'C:/Users/beclo/Documents/GitHub/Project-Final/Finals/Content/2DSideScrollerBP/Maps/2DSideScrollerExampleMap_BuiltData.uasset'
[2018.11.08-20.04.30:410][511]LogSlate: FSceneViewport::OnFocusLost() reason 2
[2018.11.08-20.04.59:493][382]LogEditorViewport: Clicking Background
[2018.11.08-20.05.21:346][ 37]LogSlate: FSceneViewport::OnFocusLost() reason 0
[2018.11.08-20.06.08:746][165]LogEditorViewport: Clicking on Actor (LMB): PaperTileMapActor (Jungle5)
[2018.11.08-20.07.10:477][241]LogSlate: FSceneViewport::OnFocusLost() reason 2
[2018.11.08-20.08.21:695][362]LogSlate: FSceneViewport::OnFocusLost() reason 0
[2018.11.08-20.08.21:695][362]LogTemp: Repeating last play command: Selected Viewport
[2018.11.08-20.08.21:743][362]LogBlueprintUserMessages: Early PlayInEditor Detection: Level '/Game/2DSideScrollerBP/Maps/2DSideScrollerExampleMap.2DSideScrollerExampleMap:PersistentLevel' has LevelScriptBlueprint '/Game/2DSideScrollerBP/Maps/2DSideScrollerExampleMap.2DSideScrollerExampleMap:PersistentLevel.2DSideScrollerExampleMap' with GeneratedClass '/Game/2DSideScrollerBP/Maps/2DSideScrollerExampleMap.2DSideScrollerExampleMap_C' with ClassGeneratedBy '/Game/2DSideScrollerBP/Maps/2DSideScrollerExampleMap.2DSideScrollerExampleMap:PersistentLevel.2DSideScrollerExampleMap'
[2018.11.08-20.08.21:743][362]LogPlayLevel: PlayLevel: No blueprints needed recompiling
[2018.11.08-20.08.21:768][362]PIE: New page: PIE session: 2DSideScrollerExampleMap (Nov 8, 2018, 8:08:21 AM)
[2018.11.08-20.08.21:768][362]LogPlayLevel: Creating play world package: /Game/2DSideScrollerBP/Maps/UEDPIE_0_2DSideScrollerExampleMap
[2018.11.08-20.08.21:794][362]LogPlayLevel: PIE: StaticDuplicateObject took: (0.026054s)
[2018.11.08-20.08.21:795][362]LogAIModule: Creating AISystem for world 2DSideScrollerExampleMap
[2018.11.08-20.08.21:795][362]LogPlayLevel: PIE: World Init took: (0.000948s)
[2018.11.08-20.08.21:795][362]LogPlayLevel: PIE: Created PIE world by copying editor world from /Game/2DSideScrollerBP/Maps/2DSideScrollerExampleMap.2DSideScrollerExampleMap to /Game/2DSideScrollerBP/Maps/UEDPIE_0_2DSideScrollerExampleMap.2DSideScrollerExampleMap (0.027211s)
[2018.11.08-20.08.21:868][362]LogInit: XAudio2 using 'Speakers / Headphones (Realtek Audio)' : 6 channels at 48 kHz using 32 bits per sample (channel mask 0x3f)
[2018.11.08-20.08.22:265][362]LogInit: FAudioDevice initialized.
[2018.11.08-20.08.22:369][362]LogLoad: Game class is '2DSideScrollerGameMode_C'
[2018.11.08-20.08.22:441][362]LogWorld: Bringing World /Game/2DSideScrollerBP/Maps/UEDPIE_0_2DSideScrollerExampleMap.2DSideScrollerExampleMap up for play (max tick rate 0) at 2018.11.08-14.08.22
[2018.11.08-20.08.22:533][362]LogWorld: Bringing up level for play took: 0.145827
[2018.11.08-20.08.22:624][362]LogContentBrowser: Native class hierarchy updated for 'MovieSceneCapture' in 0.0011 seconds. Added 10 classes and 0 folders.
[2018.11.08-20.08.22:629][362]PIE: Play in editor start time for /Game/2DSideScrollerBP/Maps/UEDPIE_0_2DSideScrollerExampleMap 1.607
[2018.11.08-20.08.22:630][362]LogBlueprintUserMessages: Late PlayInEditor Detection: Level '/Game/2DSideScrollerBP/Maps/2DSideScrollerExampleMap.2DSideScrollerExampleMap:PersistentLevel' has LevelScriptBlueprint '/Game/2DSideScrollerBP/Maps/2DSideScrollerExampleMap.2DSideScrollerExampleMap:PersistentLevel.2DSideScrollerExampleMap' with GeneratedClass '/Game/2DSideScrollerBP/Maps/2DSideScrollerExampleMap.2DSideScrollerExampleMap_C' with ClassGeneratedBy '/Game/2DSideScrollerBP/Maps/2DSideScrollerExampleMap.2DSideScrollerExampleMap:PersistentLevel.2DSideScrollerExampleMap'
[2018.11.08-20.08.22:800][363]LogCharacterMovement: BP_Following_Boss_2 is stuck and failed to move! Velocity: X=-102.40 Y=0.00 Z=0.00 Location: X=-2178.58 Y=0.00 Z=424.30 Normal: X=0.00 Y=1.00 Z=0.00 PenetrationDepth:100.000 Actor:Ledge_26 Component:RenderComponent BoneName:None (0 other events since notify)
[2018.11.08-20.13.28:066][515]LogBlueprintUserMessages: Early EndPlayMap Detection: Level '/Game/2DSideScrollerBP/Maps/2DSideScrollerExampleMap.2DSideScrollerExampleMap:PersistentLevel' has LevelScriptBlueprint '/Game/2DSideScrollerBP/Maps/2DSideScrollerExampleMap.2DSideScrollerExampleMap:PersistentLevel.2DSideScrollerExampleMap' with GeneratedClass '/Game/2DSideScrollerBP/Maps/2DSideScrollerExampleMap.2DSideScrollerExampleMap_C' with ClassGeneratedBy '/Game/2DSideScrollerBP/Maps/2DSideScrollerExampleMap.2DSideScrollerExampleMap:PersistentLevel.2DSideScrollerExampleMap'
[2018.11.08-20.13.28:344][515]LogSlate: Updating window title bar state: overlay mode, drag disabled, window buttons hidden, title bar hidden
[2018.11.08-20.13.28:415][515]LogPlayLevel: Display: Shutting down PIE online subsystems
[2018.11.08-20.13.28:415][515]LogBlueprintUserMessages: Late EndPlayMap Detection: Level '/Game/2DSideScrollerBP/Maps/2DSideScrollerExampleMap.2DSideScrollerExampleMap:PersistentLevel' has LevelScriptBlueprint '/Game/2DSideScrollerBP/Maps/2DSideScrollerExampleMap.2DSideScrollerExampleMap:PersistentLevel.2DSideScrollerExampleMap' with GeneratedClass '/Game/2DSideScrollerBP/Maps/2DSideScrollerExampleMap.2DSideScrollerExampleMap_C' with ClassGeneratedBy '/Game/2DSideScrollerBP/Maps/2DSideScrollerExampleMap.2DSideScrollerExampleMap:PersistentLevel.2DSideScrollerExampleMap'
[2018.11.08-20.13.28:518][515]LogSlate: Updating window title bar state: overlay mode, drag disabled, window buttons hidden, title bar hidden
[2018.11.08-20.13.28:557][516]LogPlayLevel: Display: Destroying online subsystem :Context_2
[2018.11.08-20.14.36:307][541]LogSlate: FSceneViewport::OnFocusLost() reason 0
[2018.11.08-20.16.26:672][343]LogSlate: FSceneViewport::OnFocusLost() reason 2
[2018.11.08-20.16.33:639][540]LogSlate: FSceneViewport::OnFocusLost() reason 0
[2018.11.08-20.16.33:639][540]LogTemp: Repeating last play command: Selected Viewport
[2018.11.08-20.16.33:647][540]LogBlueprintUserMessages: Early PlayInEditor Detection: Level '/Game/2DSideScrollerBP/Maps/2DSideScrollerExampleMap.2DSideScrollerExampleMap:PersistentLevel' has LevelScriptBlueprint '/Game/2DSideScrollerBP/Maps/2DSideScrollerExampleMap.2DSideScrollerExampleMap:PersistentLevel.2DSideScrollerExampleMap' with GeneratedClass '/Game/2DSideScrollerBP/Maps/2DSideScrollerExampleMap.2DSideScrollerExampleMap_C' with ClassGeneratedBy '/Game/2DSideScrollerBP/Maps/2DSideScrollerExampleMap.2DSideScrollerExampleMap:PersistentLevel.2DSideScrollerExampleMap'
[2018.11.08-20.16.33:647][540]LogPlayLevel: PlayLevel: No blueprints needed recompiling
[2018.11.08-20.16.33:647][540]PIE: New page: PIE session: 2DSideScrollerExampleMap (Nov 8, 2018, 8:16:33 AM)
[2018.11.08-20.16.33:647][540]LogPlayLevel: Creating play world package: /Game/2DSideScrollerBP/Maps/UEDPIE_0_2DSideScrollerExampleMap
[2018.11.08-20.16.33:660][540]LogPlayLevel: PIE: StaticDuplicateObject took: (0.013394s)
[2018.11.08-20.16.33:661][540]LogAIModule: Creating AISystem for world 2DSideScrollerExampleMap
[2018.11.08-20.16.33:661][540]LogPlayLevel: PIE: World Init took: (0.000814s)
[2018.11.08-20.16.33:661][540]LogPlayLevel: PIE: Created PIE world by copying editor world from /Game/2DSideScrollerBP/Maps/2DSideScrollerExampleMap.2DSideScrollerExampleMap to /Game/2DSideScrollerBP/Maps/UEDPIE_0_2DSideScrollerExampleMap.2DSideScrollerExampleMap (0.014368s)
[2018.11.08-20.16.33:763][540]LogInit: XAudio2 using 'Speakers / Headphones (Realtek Audio)' : 6 channels at 48 kHz using 32 bits per sample (channel mask 0x3f)
[2018.11.08-20.16.34:045][540]LogInit: FAudioDevice initialized.
[2018.11.08-20.16.34:370][540]LogLoad: Game class is '2DSideScrollerGameMode_C'
[2018.11.08-20.16.34:418][540]LogWorld: Bringing World /Game/2DSideScrollerBP/Maps/UEDPIE_0_2DSideScrollerExampleMap.2DSideScrollerExampleMap up for play (max tick rate 0) at 2018.11.08-14.16.34
[2018.11.08-20.16.34:441][540]LogWorld: Bringing up level for play took: 0.068199
[2018.11.08-20.16.34:455][540]PIE: Play in editor start time for /Game/2DSideScrollerBP/Maps/UEDPIE_0_2DSideScrollerExampleMap 1.434
[2018.11.08-20.16.34:455][540]LogBlueprintUserMessages: Late PlayInEditor Detection: Level '/Game/2DSideScrollerBP/Maps/2DSideScrollerExampleMap.2DSideScrollerExampleMap:PersistentLevel' has LevelScriptBlueprint '/Game/2DSideScrollerBP/Maps/2DSideScrollerExampleMap.2DSideScrollerExampleMap:PersistentLevel.2DSideScrollerExampleMap' with GeneratedClass '/Game/2DSideScrollerBP/Maps/2DSideScrollerExampleMap.2DSideScrollerExampleMap_C' with ClassGeneratedBy '/Game/2DSideScrollerBP/Maps/2DSideScrollerExampleMap.2DSideScrollerExampleMap:PersistentLevel.2DSideScrollerExampleMap'
[2018.11.08-20.16.34:620][546]LogCharacterMovement: BP_Following_Boss_2 is stuck and failed to move! Velocity: X=-300.00 Y=0.00 Z=0.00 Location: X=-2178.58 Y=0.00 Z=1050.10 Normal: X=0.00 Y=1.00 Z=0.00 PenetrationDepth:100.000 Actor:Ledge_26 Component:RenderComponent BoneName:None (12 other events since notify)
[2018.11.08-20.17.21:610][955]LogBlueprintUserMessages: Early EndPlayMap Detection: Level '/Game/2DSideScrollerBP/Maps/2DSideScrollerExampleMap.2DSideScrollerExampleMap:PersistentLevel' has LevelScriptBlueprint '/Game/2DSideScrollerBP/Maps/2DSideScrollerExampleMap.2DSideScrollerExampleMap:PersistentLevel.2DSideScrollerExampleMap' with GeneratedClass '/Game/2DSideScrollerBP/Maps/2DSideScrollerExampleMap.2DSideScrollerExampleMap_C' with ClassGeneratedBy '/Game/2DSideScrollerBP/Maps/2DSideScrollerExampleMap.2DSideScrollerExampleMap:PersistentLevel.2DSideScrollerExampleMap'
[2018.11.08-20.17.21:611][955]LogSlate: Updating window title bar state: overlay mode, drag disabled, window buttons hidden, title bar hidden
[2018.11.08-20.17.21:680][955]LogPlayLevel: Display: Shutting down PIE online subsystems
[2018.11.08-20.17.21:681][955]LogBlueprintUserMessages: Late EndPlayMap Detection: Level '/Game/2DSideScrollerBP/Maps/2DSideScrollerExampleMap.2DSideScrollerExampleMap:PersistentLevel' has LevelScriptBlueprint '/Game/2DSideScrollerBP/Maps/2DSideScrollerExampleMap.2DSideScrollerExampleMap:PersistentLevel.2DSideScrollerExampleMap' with GeneratedClass '/Game/2DSideScrollerBP/Maps/2DSideScrollerExampleMap.2DSideScrollerExampleMap_C' with ClassGeneratedBy '/Game/2DSideScrollerBP/Maps/2DSideScrollerExampleMap.2DSideScrollerExampleMap:PersistentLevel.2DSideScrollerExampleMap'
[2018.11.08-20.17.21:776][955]LogSlate: Updating window title bar state: overlay mode, drag disabled, window buttons hidden, title bar hidden
[2018.11.08-20.17.21:816][956]LogPlayLevel: Display: Destroying online subsystem :Context_3
[2018.11.08-20.18.36:106][182]LogSlate: FSceneViewport::OnFocusLost() reason 0
[2018.11.08-20.18.37:298][182]LogSavePackage: Moving 'C:/Users/beclo/Documents/GitHub/Project-Final/Finals/Saved/2DSideScrollerExampleMapD96460184302F6DEDE3DA3BD6528EED2.tmp' to 'C:/Users/beclo/Documents/GitHub/Project-Final/Finals/Content/2DSideScrollerBP/Maps/2DSideScrollerExampleMap.umap'
[2018.11.08-20.18.37:367][182]LogSavePackage: Moving 'C:/Users/beclo/Documents/GitHub/Project-Final/Finals/Saved/2DSideScrollerExampleMap_BuiltDaC1A105F74B8CF70E84CCDB8D4E538358.tmp' to 'C:/Users/beclo/Documents/GitHub/Project-Final/Finals/Content/2DSideScrollerBP/Maps/2DSideScrollerExampleMap_BuiltData.uasset'
[2018.11.08-20.18.39:250][227]LogSlate: Window 'Finals - Unreal Editor' being destroyed
[2018.11.08-20.18.39:520][228]Cmd: QUIT_EDITOR
[2018.11.08-20.18.39:841][228]LogWindowsTextInputMethodSystem: Display: IME system now deactivated.
[2018.11.08-20.18.39:892][228]LogExit: Preparing to exit.
[2018.11.08-20.18.40:564][228]LogExit: Editor shut down
[2018.11.08-20.18.40:565][228]LogExit: Transaction tracking system shut down
[2018.11.08-20.18.41:051][228]LogExit: Object subsystem successfully closed.
[2018.11.08-20.18.41:096][228]LogShaderCompilers: Display: Shaders left to compile 0
[2018.11.08-20.18.41:106][228]LogD3D11RHI: Shutdown
[2018.11.08-20.18.41:106][228]LogD3D11RHI: CleanupD3DDevice
[2018.11.08-20.18.41:110][228]LogD3D11RHI: ~FD3D11DynamicRHI
[2018.11.08-20.18.41:173][228]LogModuleManager: Shutting down and abandoning module MovieSceneCapture (622)
[2018.11.08-20.18.41:173][228]LogModuleManager: Shutting down and abandoning module Voice (620)
[2018.11.08-20.18.41:173][228]LogModuleManager: Shutting down and abandoning module HierarchicalLODOutliner (618)
[2018.11.08-20.18.41:173][228]LogModuleManager: Shutting down and abandoning module SceneOutliner (616)
[2018.11.08-20.18.41:174][228]LogModuleManager: Shutting down and abandoning module AddContentDialog (614)
[2018.11.08-20.18.41:175][228]LogModuleManager: Shutting down and abandoning module WidgetCarousel (613)
[2018.11.08-20.18.41:175][228]LogModuleManager: Shutting down and abandoning module EditorWidgets (610)
[2018.11.08-20.18.41:175][228]LogModuleManager: Shutting down and abandoning module CollectionManager (608)
[2018.11.08-20.18.41:176][228]LogModuleManager: Shutting down and abandoning module StatsViewer (606)
[2018.11.08-20.18.41:176][228]LogModuleManager: Shutting down and abandoning module FoliageEdit (604)
[2018.11.08-20.18.41:176][228]LogModuleManager: Shutting down and abandoning module LandscapeEditor (602)
[2018.11.08-20.18.41:176][228]LogModuleManager: Shutting down and abandoning module MeshPaintMode (600)
[2018.11.08-20.18.41:176][228]LogModuleManager: Shutting down and abandoning module SceneDepthPickerMode (598)
[2018.11.08-20.18.41:176][228]LogModuleManager: Shutting down and abandoning module ActorPickerMode (596)
[2018.11.08-20.18.41:176][228]LogModuleManager: Shutting down and abandoning module GeometryMode (594)
[2018.11.08-20.18.41:176][228]LogModuleManager: Shutting down and abandoning module TextureAlignMode (592)
[2018.11.08-20.18.41:177][228]LogModuleManager: Shutting down and abandoning module BspMode (590)
[2018.11.08-20.18.41:177][228]LogModuleManager: Shutting down and abandoning module PIEPreviewDeviceProfileSelector (588)
[2018.11.08-20.18.41:177][228]LogModuleManager: Shutting down and abandoning module SequenceRecorderSections (586)
[2018.11.08-20.18.41:177][228]LogModuleManager: Shutting down and abandoning module AutomationWorker (584)
[2018.11.08-20.18.41:177][228]LogModuleManager: Shutting down and abandoning module AudioCaptureEditor (582)
[2018.11.08-20.18.41:177][228]LogModuleManager: Shutting down and abandoning module SequenceRecorder (581)
[2018.11.08-20.18.41:177][228]LogModuleManager: Shutting down and abandoning module MatineeToLevelSequence (578)
[2018.11.08-20.18.41:177][228]LogModuleManager: Shutting down and abandoning module LevelSequenceEditor (576)
[2018.11.08-20.18.41:178][228]LogModuleManager: Shutting down and abandoning module PlacementMode (575)
[2018.11.08-20.18.41:178][228]LogModuleManager: Shutting down and abandoning module MaterialEditor (574)
[2018.11.08-20.18.41:178][228]LogModuleManager: Shutting down and abandoning module WmfMediaFactory (570)
[2018.11.08-20.18.41:178][228]LogModuleManager: Shutting down and abandoning module WmfMediaEditor (568)
[2018.11.08-20.18.41:178][228]LogModuleManager: Shutting down and abandoning module MediaPlayerEditor (566)
[2018.11.08-20.18.41:178][228]LogModuleManager: Shutting down and abandoning module OpenExrWrapper (564)
[2018.11.08-20.18.41:178][228]LogModuleManager: Shutting down and abandoning module ImgMediaFactory (562)
[2018.11.08-20.18.41:178][228]LogModuleManager: Shutting down and abandoning module ImgMediaEditor (560)
[2018.11.08-20.18.41:178][228]LogModuleManager: Shutting down and abandoning module AvfMediaFactory (558)
[2018.11.08-20.18.41:179][228]LogModuleManager: Shutting down and abandoning module AvfMediaEditor (556)
[2018.11.08-20.18.41:179][228]LogModuleManager: Shutting down and abandoning module AndroidMediaFactory (554)
[2018.11.08-20.18.41:179][228]LogModuleManager: Shutting down and abandoning module AndroidMediaEditor (552)
[2018.11.08-20.18.41:179][228]LogModuleManager: Shutting down and abandoning module MagicLeapCameraPreviewFactory (550)
[2018.11.08-20.18.41:179][228]LogModuleManager: Shutting down and abandoning module MagicLeapMediaFactory (548)
[2018.11.08-20.18.41:179][228]LogModuleManager: Shutting down and abandoning module MagicLeapMediaEditor (546)
[2018.11.08-20.18.41:179][228]LogModuleManager: Shutting down and abandoning module CharacterAI (544)
[2018.11.08-20.18.41:179][228]LogModuleManager: Shutting down and abandoning module SmartSnapping (542)
[2018.11.08-20.18.41:179][228]LogModuleManager: Shutting down and abandoning module SessionServices (540)
[2018.11.08-20.18.41:179][228]LogModuleManager: Shutting down and abandoning module ViewportSnapping (538)
[2018.11.08-20.18.41:179][228]LogModuleManager: Shutting down and abandoning module ViewportInteraction (536)
[2018.11.08-20.18.41:179][228]LogModuleManager: Shutting down and abandoning module ClothPainter (534)
[2018.11.08-20.18.41:179][228]LogModuleManager: Shutting down and abandoning module SkeletalMeshEditor (533)
[2018.11.08-20.18.41:180][228]LogModuleManager: Shutting down and abandoning module LogVisualizer (530)
[2018.11.08-20.18.41:180][228]LogModuleManager: Shutting down and abandoning module IntroTutorials (528)
[2018.11.08-20.18.41:180][228]LogModuleManager: Shutting down and abandoning module GameProjectGeneration (527)
[2018.11.08-20.18.41:180][228]LogModuleManager: Shutting down and abandoning module LuminPlatformEditor (524)
[2018.11.08-20.18.41:180][228]LogModuleManager: Shutting down and abandoning module IOSPlatformEditor (522)
[2018.11.08-20.18.41:180][228]LogModuleManager: Shutting down and abandoning module HTML5PlatformEditor (520)
[2018.11.08-20.18.41:180][228]LogModuleManager: Shutting down and abandoning module AndroidPlatformEditor (518)
[2018.11.08-20.18.41:180][228]LogModuleManager: Shutting down and abandoning module AndroidDeviceDetection (517)
[2018.11.08-20.18.41:931][228]LogModuleManager: Shutting down and abandoning module WindowsPlatformEditor (514)
[2018.11.08-20.18.41:931][228]LogModuleManager: Shutting down and abandoning module LuminRuntimeSettings (512)
[2018.11.08-20.18.41:931][228]LogModuleManager: Shutting down and abandoning module IOSRuntimeSettings (510)
[2018.11.08-20.18.41:931][228]LogModuleManager: Shutting down and abandoning module AndroidRuntimeSettings (508)
[2018.11.08-20.18.41:931][228]LogModuleManager: Shutting down and abandoning module InputBindingEditor (506)
[2018.11.08-20.18.41:931][228]LogModuleManager: Shutting down and abandoning module MergeActors (504)
[2018.11.08-20.18.41:931][228]LogModuleManager: Shutting down and abandoning module LocalizationDashboard (502)
[2018.11.08-20.18.41:931][228]LogModuleManager: Shutting down and abandoning module LocalizationService (501)
[2018.11.08-20.18.41:931][228]LogModuleManager: Shutting down and abandoning module HardwareTargeting (498)
[2018.11.08-20.18.41:931][228]LogModuleManager: Shutting down and abandoning module DeviceProfileEditor (496)
[2018.11.08-20.18.41:931][228]LogModuleManager: Shutting down and abandoning module UndoHistory (494)
[2018.11.08-20.18.41:931][228]LogModuleManager: Shutting down and abandoning module XmlParser (492)
[2018.11.08-20.18.41:931][228]LogModuleManager: Shutting down and abandoning module Blutility (490)
[2018.11.08-20.18.41:932][228]LogModuleManager: Shutting down and abandoning module ProjectSettingsViewer (488)
[2018.11.08-20.18.41:932][228]LogModuleManager: Shutting down and abandoning module ProjectTargetPlatformEditor (487)
[2018.11.08-20.18.41:932][228]LogModuleManager: Shutting down and abandoning module EditorSettingsViewer (484)
[2018.11.08-20.18.41:932][228]LogModuleManager: Shutting down and abandoning module SettingsEditor (482)
[2018.11.08-20.18.41:932][228]LogModuleManager: Shutting down and abandoning module ProjectLauncher (480)
[2018.11.08-20.18.41:932][228]LogModuleManager: Shutting down and abandoning module SessionFrontend (478)
[2018.11.08-20.18.41:932][228]LogModuleManager: Shutting down and abandoning module ProfilerClient (476)
[2018.11.08-20.18.41:932][228]LogModuleManager: Shutting down and abandoning module DeviceManager (474)
[2018.11.08-20.18.41:932][228]LogModuleManager: Shutting down and abandoning module TargetDeviceServices (473)
[2018.11.08-20.18.41:987][228]LogModuleManager: Shutting down and abandoning module AutomationController (470)
[2018.11.08-20.18.41:987][228]LogModuleManager: Shutting down and abandoning module AutomationWindow (468)
[2018.11.08-20.18.41:987][228]LogModuleManager: Shutting down and abandoning module Layers (466)
[2018.11.08-20.18.41:987][228]LogModuleManager: Shutting down and abandoning module ComponentVisualizers (464)
[2018.11.08-20.18.41:987][228]LogModuleManager: Shutting down and abandoning module DetailCustomizations (462)
[2018.11.08-20.18.41:987][228]LogModuleManager: Shutting down and abandoning module PackagesDialog (460)
[2018.11.08-20.18.41:987][228]LogModuleManager: Shutting down and abandoning module Persona (458)
[2018.11.08-20.18.41:988][228]LogModuleManager: Shutting down and abandoning module AdvancedPreviewScene (457)
[2018.11.08-20.18.41:988][228]LogModuleManager: Shutting down and abandoning module AnimGraph (455)
[2018.11.08-20.18.41:988][228]LogModuleManager: Shutting down and abandoning module Kismet (452)
[2018.11.08-20.18.41:989][228]LogModuleManager: Shutting down and abandoning module GraphEditor (450)
[2018.11.08-20.18.41:989][228]LogModuleManager: Shutting down and abandoning module ClassViewer (448)
[2018.11.08-20.18.41:989][228]LogModuleManager: Shutting down and abandoning module Toolbox (446)
[2018.11.08-20.18.41:989][228]LogModuleManager: Shutting down and abandoning module ModuleUI (444)
[2018.11.08-20.18.41:989][228]LogModuleManager: Shutting down and abandoning module MovieSceneTools (442)
[2018.11.08-20.18.41:989][228]LogModuleManager: Shutting down and abandoning module OutputLog (440)
[2018.11.08-20.18.41:989][228]LogModuleManager: Shutting down and abandoning module GammaUI (438)
[2018.11.08-20.18.41:990][228]LogModuleManager: Shutting down and abandoning module Documentation (436)
[2018.11.08-20.18.41:990][228]LogModuleManager: Shutting down and abandoning module MovieSceneTracks (434)
[2018.11.08-20.18.41:990][228]LogModuleManager: Shutting down and abandoning module MovieScene (432)
[2018.11.08-20.18.41:990][228]LogModuleManager: Shutting down and abandoning module StreamingPauseRendering (430)
[2018.11.08-20.18.41:990][228]LogModuleManager: Shutting down and abandoning module LauncherPlatform (428)
[2018.11.08-20.18.41:990][228]LogModuleManager: Shutting down and abandoning module AnalyticsET (426)
[2018.11.08-20.18.41:990][228]LogModuleManager: Shutting down and abandoning module PortalServices (424)
[2018.11.08-20.18.41:990][228]LogModuleManager: Shutting down and abandoning module PortalRpc (422)
[2018.11.08-20.18.41:990][228]LogModuleManager: Shutting down and abandoning module MessagingRpc (420)
[2018.11.08-20.18.41:990][228]LogModuleManager: Shutting down and abandoning module AIModule (418)
[2018.11.08-20.18.41:990][228]LogModuleManager: Shutting down and abandoning module GameplayDebugger (417)
[2018.11.08-20.18.41:990][228]LogModuleManager: Shutting down and abandoning module AITestSuite (415)
[2018.11.08-20.18.41:990][228]LogModuleManager: Shutting down and abandoning module NavigationSystem (413)
[2018.11.08-20.18.41:990][228]LogModuleManager: Shutting down and abandoning module DesktopPlatform (410)
[2018.11.08-20.18.41:990][228]LogModuleManager: Shutting down and abandoning module ProfilerService (408)
[2018.11.08-20.18.42:172][228]LogModuleManager: Shutting down and abandoning module TaskGraph (406)
[2018.11.08-20.18.42:173][228]LogModuleManager: Shutting down and abandoning module SubstanceLiveLink (404)
[2018.11.08-20.18.42:173][228]LogModuleManager: Shutting down and abandoning module SubstanceSource (402)
[2018.11.08-20.18.42:173][228]LogModuleManager: Shutting down and abandoning module SubstanceEditor (400)
[2018.11.08-20.18.42:173][228]LogModuleManager: Shutting down and abandoning module SteamVRController (398)
[2018.11.08-20.18.42:173][228]LogModuleManager: Shutting down and abandoning module ProceduralMeshComponentEditor (396)
[2018.11.08-20.18.42:173][228]LogModuleManager: Shutting down and abandoning module ProceduralMeshComponent (394)
[2018.11.08-20.18.42:173][228]LogModuleManager: Shutting down and abandoning module OculusInput (392)
[2018.11.08-20.18.42:173][228]LogModuleManager: Shutting down and abandoning module MobilePatchingUtils (390)
[2018.11.08-20.18.42:173][228]LogModuleManager: Shutting down and abandoning module EditableMesh (388)
[2018.11.08-20.18.42:174][228]LogModuleManager: Shutting down and abandoning module CustomMeshComponent (386)
[2018.11.08-20.18.42:174][228]LogModuleManager: Shutting down and abandoning module CableComponent (384)
[2018.11.08-20.18.42:174][228]LogModuleManager: Shutting down and abandoning module AudioCapture (382)
[2018.11.08-20.18.42:174][228]LogModuleManager: Shutting down and abandoning module ArchVisCharacter (380)
[2018.11.08-20.18.42:174][228]LogModuleManager: Shutting down and abandoning module AndroidPermission (378)
[2018.11.08-20.18.42:174][228]LogModuleManager: Shutting down and abandoning module NUTUnrealEngine4 (376)
[2018.11.08-20.18.42:174][228]LogModuleManager: Shutting down and abandoning module NetcodeUnitTest (374)
[2018.11.08-20.18.42:174][228]LogModuleManager: Shutting down and abandoning module MediaCompositingEditor (372)
[2018.11.08-20.18.42:174][228]LogModuleManager: Shutting down and abandoning module MediaCompositing (370)
[2018.11.08-20.18.42:174][228]LogModuleManager: Shutting down and abandoning module LinearTimecode (368)
[2018.11.08-20.18.42:174][228]LogModuleManager: Shutting down and abandoning module ImgMedia (366)
[2018.11.08-20.18.42:186][228]LogModuleManager: Shutting down and abandoning module HTML5Networking (364)
[2018.11.08-20.18.42:186][228]LogModuleManager: Shutting down and abandoning module GeometryCacheTracks (362)
[2018.11.08-20.18.42:186][228]LogModuleManager: Shutting down and abandoning module GeometryCacheSequencer (360)
[2018.11.08-20.18.42:186][228]LogModuleManager: Shutting down and abandoning module BackChannel (358)
[2018.11.08-20.18.42:186][228]LogModuleManager: Shutting down and abandoning module AppleVision (356)
[2018.11.08-20.18.42:186][228]LogModuleManager: Shutting down and abandoning module AppleImageUtils (354)
[2018.11.08-20.18.42:186][228]LogModuleManager: Shutting down and abandoning module AlembicImporter (352)
[2018.11.08-20.18.42:186][228]LogModuleManager: Shutting down and abandoning module AlembicLibrary (351)
[2018.11.08-20.18.42:187][228]LogModuleManager: Shutting down and abandoning module GeometryCache (350)
[2018.11.08-20.18.42:187][228]LogModuleManager: Shutting down and abandoning module GeometryCacheEd (349)
[2018.11.08-20.18.42:187][228]LogModuleManager: Shutting down and abandoning module DatasmithContentEditor (344)
[2018.11.08-20.18.42:187][228]LogModuleManager: Shutting down and abandoning module DatasmithContent (342)
[2018.11.08-20.18.42:189][228]LogModuleManager: Shutting down and abandoning module SpeedTreeImporter (340)
[2018.11.08-20.18.42:189][228]LogModuleManager: Shutting down and abandoning module PluginBrowser (338)
[2018.11.08-20.18.42:189][228]LogModuleManager: Shutting down and abandoning module MobileLauncherProfileWizard (336)
[2018.11.08-20.18.42:189][228]LogModuleManager: Shutting down and abandoning module PolygonModeling (334)
[2018.11.08-20.18.42:189][228]LogModuleManager: Shutting down and abandoning module MeshEditor (332)
[2018.11.08-20.18.42:189][228]LogModuleManager: Shutting down and abandoning module CryptoKeysOpenSSL (330)
[2018.11.08-20.18.42:190][228]LogModuleManager: Shutting down and abandoning module CryptoKeys (328)
[2018.11.08-20.18.42:190][228]LogModuleManager: Shutting down and abandoning module VisualStudioSourceCodeAccess (326)
[2018.11.08-20.18.42:190][228]LogModuleManager: Shutting down and abandoning module VisualStudioCodeSourceCodeAccess (324)
[2018.11.08-20.18.42:190][228]LogModuleManager: Shutting down and abandoning module UObjectPlugin (322)
[2018.11.08-20.18.42:190][228]LogModuleManager: Shutting down and abandoning module SubversionSourceControl (320)
[2018.11.08-20.18.42:190][228]LogModuleManager: Shutting down and abandoning module PerforceSourceControl (318)
[2018.11.08-20.18.42:190][228]LogModuleManager: Shutting down and abandoning module GitSourceControl (316)
[2018.11.08-20.18.42:190][228]LogModuleManager: Shutting down and abandoning module SourceControl (315)
[2018.11.08-20.18.42:190][228]LogModuleManager: Shutting down and abandoning module CLionSourceCodeAccess (312)
[2018.11.08-20.18.42:190][228]LogModuleManager: Shutting down and abandoning module LightPropagationVolumeEditor (310)
[2018.11.08-20.18.42:191][228]LogModuleManager: Shutting down and abandoning module PaperTiledImporter (308)
[2018.11.08-20.18.42:191][228]LogModuleManager: Shutting down and abandoning module PaperSpriteSheetImporter (306)
[2018.11.08-20.18.42:191][228]LogModuleManager: Shutting down and abandoning module Paper2DEditor (304)
[2018.11.08-20.18.42:191][228]LogModuleManager: Shutting down and abandoning module MeshPaint (303)
[2018.11.08-20.18.42:191][228]LogModuleManager: Shutting down and abandoning module RuntimePhysXCooking (300)
[2018.11.08-20.18.42:191][228]LogModuleManager: Shutting down and abandoning module PhysXVehiclesEditor (298)
[2018.11.08-20.18.42:191][228]LogModuleManager: Shutting down and abandoning module PhysXVehicles (296)
[2018.11.08-20.18.42:191][228]LogModuleManager: Shutting down and abandoning module OculusEditor (294)
[2018.11.08-20.18.42:191][228]LogModuleManager: Shutting down and abandoning module LocationServicesBPLibrary (292)
[2018.11.08-20.18.42:191][228]LogModuleManager: Shutting down and abandoning module ImmediatePhysicsEditor (290)
[2018.11.08-20.18.42:192][228]LogModuleManager: Shutting down and abandoning module ImmediatePhysics (288)
[2018.11.08-20.18.42:192][228]LogModuleManager: Shutting down and abandoning module ActorSequence (286)
[2018.11.08-20.18.42:192][228]LogModuleManager: Shutting down and abandoning module UdpMessaging (284)
[2018.11.08-20.18.42:292][228]LogModuleManager: Shutting down and abandoning module TcpMessaging (282)
[2018.11.08-20.18.42:393][228]LogModuleManager: Shutting down and abandoning module SubstanceCore (280)
[2018.11.08-20.18.42:393][228]LogModuleManager: Shutting down and abandoning module MagicLeapAudio (278)
[2018.11.08-20.18.42:393][228]LogModuleManager: Shutting down and abandoning module GameplayTagsEditor (276)
[2018.11.08-20.18.42:393][228]LogModuleManager: Shutting down and abandoning module FacialAnimationEditor (274)
[2018.11.08-20.18.42:393][228]LogModuleManager: Shutting down and abandoning module FacialAnimation (272)
[2018.11.08-20.18.42:393][228]LogModuleManager: Shutting down and abandoning module DataValidation (270)
[2018.11.08-20.18.42:393][228]LogModuleManager: Shutting down and abandoning module AssetManagerEditor (268)
[2018.11.08-20.18.42:394][228]LogModuleManager: Shutting down and abandoning module LevelEditor (267)
[2018.11.08-20.18.42:396][228]LogModuleManager: Shutting down and abandoning module PixelInspectorModule (266)
[2018.11.08-20.18.42:396][228]LogModuleManager: Shutting down and abandoning module CommonMenuExtensions (264)
[2018.11.08-20.18.42:396][228]LogModuleManager: Shutting down and abandoning module MainFrame (262)
[2018.11.08-20.18.42:397][228]LogModuleManager: Shutting down and abandoning module HotReload (261)
[2018.11.08-20.18.42:398][228]LogModuleManager: Shutting down and abandoning module ContentBrowser (257)
[2018.11.08-20.18.42:400][228]LogModuleManager: Shutting down and abandoning module TreeMap (255)
[2018.11.08-20.18.42:401][228]LogModuleManager: Shutting down and abandoning module LightPropagationVolumeRuntime (252)
[2018.11.08-20.18.42:401][228]LogModuleManager: Shutting down and abandoning module AISupportModule (250)
[2018.11.08-20.18.42:401][228]LogModuleManager: Shutting down and abandoning module Paper2D (248)
[2018.11.08-20.18.42:401][228]LogModuleManager: Shutting down and abandoning module WindowsMoviePlayer (246)
[2018.11.08-20.18.42:401][228]LogModuleManager: Shutting down and abandoning module WmfMedia (244)
[2018.11.08-20.18.42:405][228]LogModuleManager: Shutting down and abandoning module Media (243)
[2018.11.08-20.18.42:412][228]LogModuleManager: Shutting down and abandoning module PacketHandler (240)
[2018.11.08-20.18.42:412][228]LogModuleManager: Shutting down and abandoning module ClothingSystemEditor (238)
[2018.11.08-20.18.42:412][228]LogModuleManager: Shutting down and abandoning module ClothingSystemRuntime (236)
[2018.11.08-20.18.42:412][228]LogModuleManager: Shutting down and abandoning module MediaAssets (234)
[2018.11.08-20.18.42:412][228]LogModuleManager: Shutting down and abandoning module Overlay (232)
[2018.11.08-20.18.42:413][228]LogModuleManager: Shutting down and abandoning module OverlayEditor (231)
[2018.11.08-20.18.42:413][228]LogModuleManager: Shutting down and abandoning module VREditor (228)
[2018.11.08-20.18.42:413][228]LogModuleManager: Shutting down and abandoning module StringTableEditor (226)
[2018.11.08-20.18.42:413][228]LogModuleManager: Shutting down and abandoning module GameplayTasksEditor (224)
[2018.11.08-20.18.42:413][228]LogModuleManager: Shutting down and abandoning module BehaviorTreeEditor (222)
[2018.11.08-20.18.42:413][228]LogModuleManager: Shutting down and abandoning module FunctionalTesting (220)
[2018.11.08-20.18.42:413][228]LogModuleManager: Shutting down and abandoning module CollisionAnalyzer (218)
[2018.11.08-20.18.42:414][228]LogModuleManager: Shutting down and abandoning module WorkspaceMenuStructure (217)
[2018.11.08-20.18.42:414][228]LogModuleManager: Shutting down and abandoning module UMG (214)
[2018.11.08-20.18.42:414][228]LogModuleManager: Shutting down and abandoning module UMGEditor (213)
[2018.11.08-20.18.42:414][228]LogModuleManager: Shutting down and abandoning module Sequencer (212)
[2018.11.08-20.18.42:415][228]LogModuleManager: Shutting down and abandoning module MessageLog (209)
[2018.11.08-20.18.42:415][228]LogModuleManager: Shutting down and abandoning module SlateReflector (204)
[2018.11.08-20.18.42:415][228]LogModuleManager: Shutting down and abandoning module Slate (202)
[2018.11.08-20.18.42:415][228]LogModuleManager: Shutting down and abandoning module EditorStyle (200)
[2018.11.08-20.18.42:421][228]LogModuleManager: Shutting down and abandoning module MRMesh (198)
[2018.11.08-20.18.42:422][228]LogModuleManager: Shutting down and abandoning module SourceCodeAccess (196)
[2018.11.08-20.18.42:422][228]LogModuleManager: Shutting down and abandoning module HeadMountedDisplay (194)
[2018.11.08-20.18.42:422][228]LogModuleManager: Shutting down and abandoning module XAudio2 (192)
[2018.11.08-20.18.42:422][228]LogModuleManager: Shutting down and abandoning module Networking (190)
[2018.11.08-20.18.42:422][228]LogModuleManager: Shutting down and abandoning module Core (188)
[2018.11.08-20.18.42:422][228]LogModuleManager: Shutting down and abandoning module LevelSequence (186)
[2018.11.08-20.18.42:422][228]LogModuleManager: Shutting down and abandoning module KismetCompiler (184)
[2018.11.08-20.18.42:422][228]LogModuleManager: Shutting down and abandoning module MeshUtilities (182)
[2018.11.08-20.18.42:422][228]LogModuleManager: Shutting down and abandoning module MeshMergeUtilities (181)
[2018.11.08-20.18.42:422][228]LogModuleManager: Shutting down and abandoning module MeshReductionInterface (180)
[2018.11.08-20.18.42:422][228]LogModuleManager: Shutting down and abandoning module SimplygonSwarm (179)
[2018.11.08-20.18.42:422][228]LogModuleManager: Shutting down and abandoning module ProxyLODMeshReduction (177)
[2018.11.08-20.18.42:423][228]LogModuleManager: Shutting down and abandoning module SimplygonMeshReduction (175)
[2018.11.08-20.18.42:423][228]LogModuleManager: Shutting down and abandoning module QuadricMeshReduction (173)
[2018.11.08-20.18.42:423][228]LogModuleManager: Shutting down and abandoning module MaterialBaking (169)
[2018.11.08-20.18.42:423][228]LogModuleManager: Shutting down and abandoning module DirectoryWatcher (165)
[2018.11.08-20.18.42:423][228]LogModuleManager: Shutting down and abandoning module DerivedDataCache (162)
[2018.11.08-20.18.42:430][228]LogDerivedDataCache: Shutdown
[2018.11.08-20.18.42:430][228]LogModuleManager: Shutting down and abandoning module XGEController (160)
[2018.11.08-20.18.42:430][228]LogXGEController: Cleaning working directory: C:/Users/beclo/AppData/Local/Temp/UnrealXGEWorkingDir/
[2018.11.08-20.18.42:431][228]LogModuleManager: Shutting down and abandoning module TargetPlatform (158)
[2018.11.08-20.18.42:431][228]LogModuleManager: Shutting down and abandoning module VulkanShaderFormat (157)
[2018.11.08-20.18.42:431][228]LogModuleManager: Shutting down and abandoning module ShaderFormatVectorVM (155)
[2018.11.08-20.18.42:431][228]LogModuleManager: Shutting down and abandoning module ShaderFormatOpenGL (153)
[2018.11.08-20.18.42:432][228]LogModuleManager: Shutting down and abandoning module ShaderFormatD3D (151)
[2018.11.08-20.18.42:432][228]LogModuleManager: Shutting down and abandoning module MetalShaderFormat (149)
[2018.11.08-20.18.42:432][228]LogModuleManager: Shutting down and abandoning module TextureFormatUncompressed (147)
[2018.11.08-20.18.42:432][228]LogModuleManager: Shutting down and abandoning module TextureFormatPVR (145)
[2018.11.08-20.18.42:432][228]LogModuleManager: Shutting down and abandoning module TextureFormatDXT (143)
[2018.11.08-20.18.42:432][228]LogModuleManager: Shutting down and abandoning module TextureFormatIntelISPCTexComp (141)
[2018.11.08-20.18.42:432][228]LogModuleManager: Shutting down and abandoning module TextureFormatASTC (139)
[2018.11.08-20.18.42:432][228]LogModuleManager: Shutting down and abandoning module ImageWrapper (138)
[2018.11.08-20.18.42:432][228]LogModuleManager: Shutting down and abandoning module TextureFormatAndroid (135)
[2018.11.08-20.18.42:432][228]LogModuleManager: Shutting down and abandoning module AudioFormatOpus (133)
[2018.11.08-20.18.42:432][228]LogModuleManager: Shutting down and abandoning module AudioFormatOgg (131)
[2018.11.08-20.18.42:433][228]LogModuleManager: Shutting down and abandoning module AudioFormatADPCM (129)
[2018.11.08-20.18.42:433][228]LogModuleManager: Shutting down and abandoning module LuminTargetPlatform (127)
[2018.11.08-20.18.42:433][228]LogModuleManager: Shutting down and abandoning module LinuxTargetPlatform (125)
[2018.11.08-20.18.42:433][228]LogModuleManager: Shutting down and abandoning module LinuxServerTargetPlatform (123)
[2018.11.08-20.18.42:433][228]LogModuleManager: Shutting down and abandoning module LinuxNoEditorTargetPlatform (121)
[2018.11.08-20.18.42:433][228]LogModuleManager: Shutting down and abandoning module LinuxClientTargetPlatform (119)
[2018.11.08-20.18.42:433][228]LogModuleManager: Shutting down and abandoning module TVOSTargetPlatform (117)
[2018.11.08-20.18.42:435][228]LogModuleManager: Shutting down and abandoning module Messaging (115)
[2018.11.08-20.18.42:435][228]LogModuleManager: Shutting down and abandoning module IOSTargetPlatform (113)
[2018.11.08-20.18.42:437][228]LogModuleManager: Shutting down and abandoning module HTML5TargetPlatform (111)
[2018.11.08-20.18.42:438][228]LogModuleManager: Shutting down and abandoning module AndroidTargetPlatform (109)
[2018.11.08-20.18.42:456][228]LogModuleManager: Shutting down and abandoning module WindowsTargetPlatform (107)
[2018.11.08-20.18.42:456][228]LogModuleManager: Shutting down and abandoning module WindowsServerTargetPlatform (105)
[2018.11.08-20.18.42:456][228]LogModuleManager: Shutting down and abandoning module WindowsNoEditorTargetPlatform (103)
[2018.11.08-20.18.42:457][228]LogModuleManager: Shutting down and abandoning module WindowsClientTargetPlatform (101)
[2018.11.08-20.18.42:457][228]LogModuleManager: Shutting down and abandoning module MacTargetPlatform (99)
[2018.11.08-20.18.42:457][228]LogModuleManager: Shutting down and abandoning module MacServerTargetPlatform (97)
[2018.11.08-20.18.42:457][228]LogModuleManager: Shutting down and abandoning module MacNoEditorTargetPlatform (95)
[2018.11.08-20.18.42:457][228]LogModuleManager: Shutting down and abandoning module MacClientTargetPlatform (93)
[2018.11.08-20.18.42:457][228]LogModuleManager: Shutting down and abandoning module AllDesktopTargetPlatform (91)
[2018.11.08-20.18.42:457][228]LogModuleManager: Shutting down and abandoning module InputCore (88)
[2018.11.08-20.18.42:457][228]LogModuleManager: Shutting down and abandoning module Settings (86)
[2018.11.08-20.18.42:457][228]LogModuleManager: Shutting down and abandoning module PhysXCooking (84)
[2018.11.08-20.18.42:458][228]LogModuleManager: Shutting down and abandoning module SteamVR (82)
[2018.11.08-20.18.42:458][228]LogModuleManager: Shutting down and abandoning module OculusHMD (80)
[2018.11.08-20.18.42:458][228]LogModuleManager: Shutting down and abandoning module ExampleDeviceProfileSelector (78)
[2018.11.08-20.18.42:458][228]LogModuleManager: Shutting down and abandoning module LauncherChunkInstaller (76)
[2018.11.08-20.18.42:458][228]LogModuleManager: Shutting down and abandoning module OnlineBlueprintSupport (74)
[2018.11.08-20.18.42:458][228]LogModuleManager: Shutting down and abandoning module OnlineSubsystem (70)
[2018.11.08-20.18.42:460][228]LogModuleManager: Shutting down and abandoning module XMPP (65)
[2018.11.08-20.18.42:460][228]LogModuleManager: Shutting down and abandoning module WebSockets (64)
[2018.11.08-20.18.42:482][228]LogModuleManager: Shutting down and abandoning module HTTP (61)
[2018.11.08-20.18.42:482][228]LogHttp: Display: Http module shutting down, but needs to wait on 1 outstanding Http requests:
[2018.11.08-20.18.42:482][228]LogHttp: Display: 	verb=[POST] url=[https://datarouter.ol.epicgames.com/datarouter/api/v1/public/data?SessionID=%7B933F4170-4EBB-091F-128B-E09DB7187122%7D&AppID=UEEditor.Rocket.Release&AppVersion=4.20.3-4369336%2B%2B%2BUE4%2BRelease-4.20&UserID=b19da05e4155fcdee495adb454fe5757%7C24b349f52b474167ada4538af75ab250%7C5c41cd37-7a4d-4240-aedd-2148bec050d2&AppEnvironment=datacollector-binary&UploadType=eteventstream] status=Processing
[2018.11.08-20.18.42:493][228]LogModuleManager: Shutting down and abandoning module SSL (60)
[2018.11.08-20.18.42:496][228]LogModuleManager: Shutting down and abandoning module MagicLeapEmulator (56)
[2018.11.08-20.18.42:496][228]LogModuleManager: Shutting down and abandoning module MagicLeapPrivileges (54)
[2018.11.08-20.18.42:497][228]LogModuleManager: Shutting down and abandoning module MagicLeapIdentity (52)
[2018.11.08-20.18.42:497][228]LogModuleManager: Shutting down and abandoning module MagicLeapHelperVulkan (50)
[2018.11.08-20.18.42:497][228]LogModuleManager: Shutting down and abandoning module MagicLeapHelperOpenGL (48)
[2018.11.08-20.18.42:497][228]LogModuleManager: Shutting down and abandoning module MagicLeapSecureStorage (46)
[2018.11.08-20.18.42:497][228]LogModuleManager: Shutting down and abandoning module MagicLeapGestures (44)
[2018.11.08-20.18.42:497][228]LogModuleManager: Shutting down and abandoning module MagicLeapEyeTracker (42)
[2018.11.08-20.18.42:497][228]LogModuleManager: Shutting down and abandoning module MagicLeapController (40)
[2018.11.08-20.18.42:497][228]LogSlate: Slate User Destroyed.  User Index 0, Is Virtual User: 0
[2018.11.08-20.18.42:497][228]LogModuleManager: Shutting down and abandoning module MagicLeap (38)
[2018.11.08-20.18.42:498][228]LogModuleManager: Shutting down and abandoning module AnimationModifiers (36)
[2018.11.08-20.18.42:498][228]LogModuleManager: Shutting down and abandoning module PropertyEditor (35)
[2018.11.08-20.18.42:498][228]LogModuleManager: Shutting down and abandoning module AudioEditor (32)
[2018.11.08-20.18.42:498][228]LogModuleManager: Shutting down and abandoning module TextureCompressor (30)
[2018.11.08-20.18.42:498][228]LogModuleManager: Shutting down and abandoning module ShaderCore (28)
[2018.11.08-20.18.42:498][228]LogModuleManager: Shutting down and abandoning module Landscape (26)
[2018.11.08-20.18.42:498][228]LogModuleManager: Shutting down and abandoning module SlateRHIRenderer (24)
[2018.11.08-20.18.42:499][228]LogModuleManager: Shutting down and abandoning module OpenGLDrv (22)
[2018.11.08-20.18.42:499][228]LogModuleManager: Shutting down and abandoning module D3D11RHI (20)
[2018.11.08-20.18.42:499][228]LogModuleManager: Shutting down and abandoning module AnimGraphRuntime (18)
[2018.11.08-20.18.42:500][228]LogModuleManager: Shutting down and abandoning module Renderer (16)
[2018.11.08-20.18.42:500][228]LogModuleManager: Shutting down and abandoning module Engine (14)
[2018.11.08-20.18.42:500][228]LogModuleManager: Shutting down and abandoning module CoreUObject (12)
[2018.11.08-20.18.42:500][228]LogModuleManager: Shutting down and abandoning module NetworkFile (10)
[2018.11.08-20.18.42:500][228]LogModuleManager: Shutting down and abandoning module CookedIterativeFile (8)
[2018.11.08-20.18.42:500][228]LogModuleManager: Shutting down and abandoning module StreamingFile (6)
[2018.11.08-20.18.42:500][228]LogModuleManager: Shutting down and abandoning module SandboxFile (4)
[2018.11.08-20.18.42:500][228]LogModuleManager: Shutting down and abandoning module PakFile (2)
[2018.11.08-20.18.42:521][228]LogExit: Exiting.
[2018.11.08-20.18.42:582][228]Log file closed, 11/08/18 14:18:42
