Log file open, 11/08/18 15:44:44
LogWindows: Failed to load 'aqProf.dll' (GetLastError=126)
LogWindows: File 'aqProf.dll' does not exist
LogWindows: Failed to load 'VSPerf140.dll' (GetLastError=126)
LogWindows: File 'VSPerf140.dll' does not exist
LogWindows: Failed to load 'VtuneApi.dll' (GetLastError=126)
LogWindows: File 'VtuneApi.dll' does not exist
LogWindows: Failed to load 'VtuneApi32e.dll' (GetLastError=126)
LogWindows: File 'VtuneApi32e.dll' does not exist
LogInit: Display: Running engine for game: Finals
LogPlatformFile: Not using cached read wrapper
LogTaskGraph: Started task graph with 5 named threads and 23 total threads with 3 sets of task threads.
LogStats: Stats thread started at 0.285114
LogD3D11RHI: Loaded GFSDK_Aftermath_Lib.x64.dll
LogICUInternationalization: Display: ICU TimeZone Detection - Raw Offset: -6:00, Platform Override: ''
LogPluginManager: Mounting plugin Paper2D
LogPluginManager: Mounting plugin AISupport
LogPluginManager: Mounting plugin LightPropagationVolume
LogPluginManager: Mounting plugin CLionSourceCodeAccess
LogPluginManager: Mounting plugin CodeLiteSourceCodeAccess
LogPluginManager: Mounting plugin GitSourceControl
LogPluginManager: Mounting plugin KDevelopSourceCodeAccess
LogPluginManager: Mounting plugin NullSourceCodeAccess
LogPluginManager: Mounting plugin PerforceSourceControl
LogPluginManager: Mounting plugin SubversionSourceControl
LogPluginManager: Mounting plugin UObjectPlugin
LogPluginManager: Mounting plugin VisualStudioCodeSourceCodeAccess
LogPluginManager: Mounting plugin VisualStudioSourceCodeAccess
LogPluginManager: Mounting plugin XCodeSourceCodeAccess
LogPluginManager: Mounting plugin AssetManagerEditor
LogPluginManager: Mounting plugin CryptoKeys
LogPluginManager: Mounting plugin DataValidation
LogPluginManager: Mounting plugin FacialAnimation
LogPluginManager: Mounting plugin GameplayTagsEditor
LogPluginManager: Mounting plugin MacGraphicsSwitching
LogPluginManager: Mounting plugin MeshEditor
LogPluginManager: Mounting plugin MobileLauncherProfileWizard
LogPluginManager: Mounting plugin PluginBrowser
LogPluginManager: Mounting plugin SpeedTreeImporter
LogPluginManager: Mounting plugin DatasmithContent
LogPluginManager: Mounting plugin AlembicImporter
LogPluginManager: Mounting plugin AppleImageUtils
LogPluginManager: Mounting plugin AppleVision
LogPluginManager: Mounting plugin BackChannel
LogPluginManager: Mounting plugin CharacterAI
LogPluginManager: Mounting plugin GeometryCache
LogPluginManager: Mounting plugin HTML5Networking
LogPluginManager: Mounting plugin ProxyLODPlugin
LogPluginManager: Mounting plugin MagicLeap
LogPluginManager: Mounting plugin MagicLeapEmulator
LogPluginManager: Mounting plugin MagicLeapMedia
LogPluginManager: Mounting plugin Substance
LogPluginManager: Mounting plugin AndroidMedia
LogPluginManager: Mounting plugin AvfMedia
LogPluginManager: Mounting plugin ImgMedia
LogPluginManager: Mounting plugin LinearTimecode
LogPluginManager: Mounting plugin MediaCompositing
LogPluginManager: Mounting plugin MediaPlayerEditor
LogPluginManager: Mounting plugin WmfMedia
LogPluginManager: Mounting plugin TcpMessaging
LogPluginManager: Mounting plugin UdpMessaging
LogPluginManager: Mounting plugin ActorSequence
LogPluginManager: Mounting plugin LevelSequenceEditor
LogPluginManager: Mounting plugin MatineeToLevelSequence
LogPluginManager: Mounting plugin NetcodeUnitTest
LogPluginManager: Mounting plugin NUTUnrealEngine4
LogPluginManager: Mounting plugin OnlineSubsystemGooglePlay
LogPluginManager: Mounting plugin OnlineSubsystemIOS
LogPluginManager: Mounting plugin OnlineSubsystem
LogPluginManager: Mounting plugin OnlineSubsystemNull
LogPluginManager: Mounting plugin OnlineSubsystemUtils
LogPluginManager: Mounting plugin LauncherChunkInstaller
LogPluginManager: Mounting plugin AndroidDeviceProfileSelector
LogPluginManager: Mounting plugin AndroidMoviePlayer
LogPluginManager: Mounting plugin AndroidPermission
LogPluginManager: Mounting plugin AppleMoviePlayer
LogPluginManager: Mounting plugin ArchVisCharacter
LogPluginManager: Mounting plugin AudioCapture
LogPluginManager: Mounting plugin CableComponent
LogPluginManager: Mounting plugin CustomMeshComponent
LogPluginManager: Mounting plugin EditableMesh
LogPluginManager: Mounting plugin ExampleDeviceProfileSelector
LogPluginManager: Mounting plugin GoogleCloudMessaging
LogPluginManager: Mounting plugin ImmediatePhysics
LogPluginManager: Mounting plugin IOSDeviceProfileSelector
LogPluginManager: Mounting plugin LinuxDeviceProfileSelector
LogPluginManager: Mounting plugin LocationServicesBPLibrary
LogPluginManager: Mounting plugin MobilePatchingUtils
LogPluginManager: Mounting plugin OculusVR
LogPluginManager: Plugin shader directory ../../../Engine/Plugins/Runtime/Oculus/OculusVR/Shaders found
LogPluginManager: Mapping shader source directory ../../../Engine/Plugins/Runtime/Oculus/OculusVR/Shaders to virtual directory /Plugin/OculusVR
LogPluginManager: Mounting plugin PhysXVehicles
LogPluginManager: Mounting plugin ProceduralMeshComponent
LogPluginManager: Mounting plugin RuntimePhysXCooking
LogPluginManager: Mounting plugin SteamVR
LogPluginManager: Mounting plugin WindowsMoviePlayer
LogStreaming: Display: Took  0.125s to configure plugins.
LogInit: Using libcurl 7.55.1-DEV
LogInit:  - built for x86_64-pc-win32
LogInit:  - supports SSL with OpenSSL/1.0.2h
LogInit:  - supports HTTP deflate (compression) using libz 1.2.8
LogInit:  - other features:
LogInit:      CURL_VERSION_SSL
LogInit:      CURL_VERSION_LIBZ
LogInit:      CURL_VERSION_IPV6
LogInit:      CURL_VERSION_ASYNCHDNS
LogInit:      CURL_VERSION_LARGEFILE
LogInit:      CURL_VERSION_IDN
LogInit:  CurlRequestOptions (configurable via config and command line):
LogInit:  - bVerifyPeer = false  - Libcurl will NOT verify peer certificate
LogInit:  - bUseHttpProxy = false  - Libcurl will NOT use HTTP proxy
LogInit:  - bDontReuseConnections = false  - Libcurl will reuse connections
LogInit:  - CertBundlePath = nullptr  - Libcurl will use whatever was configured at build time.
LogInit:  - MaxHostConnections = 16  - Libcurl will limit the number of connections to a host
LogInit:  - LocalHostAddr = Default
LogInit:  - BufferSize = 65536
LogInit: WinSock: version 1.1 (2.2), MaxSocks=32767, MaxUdp=65467
LogInit: Build: ++UE4+Release-4.20-CL-4369336
LogInit: Engine Version: 4.20.3-4369336+++UE4+Release-4.20
LogInit: Compatible Engine Version: 4.20.0-4212847+++UE4+Release-4.20
LogInit: Net CL: 4212847
LogInit: OS: Windows 10 (), CPU: Intel(R) Core(TM) i7-7700HQ CPU @ 2.80GHz, GPU: NVIDIA GeForce GTX 1070
LogInit: Compiled (64-bit): Sep 17 2018 12:26:19
LogInit: Compiled with Visual C++: 19.13.26129.00
LogInit: Build Configuration: Development
LogInit: Branch Name: ++UE4+Release-4.20
LogInit: Command Line: 
LogInit: Base Directory: D:/Programs/Unreal Engine/UE_4.20/Engine/Binaries/Win64/
LogInit: Installed Engine Build: 1
LogDevObjectVersion: Number of dev versions registered: 20
LogDevObjectVersion:   Dev-Blueprints (B0D832E4-1F89-4F0D-ACCF-7EB736FD4AA2): 10
LogDevObjectVersion:   Dev-Build (E1C64328-A22C-4D53-A36C-8E866417BD8C): 0
LogDevObjectVersion:   Dev-Core (375EC13C-06E4-48FB-B500-84F0262A717E): 2
LogDevObjectVersion:   Dev-Editor (E4B068ED-F494-42E9-A231-DA0B2E46BB41): 24
LogDevObjectVersion:   Dev-Framework (CFFC743F-43B0-4480-9391-14DF171D2073): 34
LogDevObjectVersion:   Dev-Mobile (B02B49B5-BB20-44E9-A304-32B752E40360): 2
LogDevObjectVersion:   Dev-Networking (A4E4105C-59A1-49B5-A7C5-40C4547EDFEE): 0
LogDevObjectVersion:   Dev-Online (39C831C9-5AE6-47DC-9A44-9C173E1C8E7C): 0
LogDevObjectVersion:   Dev-Physics (78F01B33-EBEA-4F98-B9B4-84EACCB95AA2): 0
LogDevObjectVersion:   Dev-Platform (6631380F-2D4D-43E0-8009-CF276956A95A): 0
LogDevObjectVersion:   Dev-Rendering (12F88B9F-8875-4AFC-A67C-D90C383ABD29): 26
LogDevObjectVersion:   Dev-Sequencer (7B5AE74C-D270-4C10-A958-57980B212A5A): 9
LogDevObjectVersion:   Dev-VR (D7296918-1DD6-4BDD-9DE2-64A83CC13884): 2
LogDevObjectVersion:   Dev-LoadTimes (C2A15278-BFE7-4AFE-6C17-90FF531DF755): 1
LogDevObjectVersion:   Private-Geometry (6EACA3D4-40EC-4CC1-B786-8BED09428FC5): 3
LogDevObjectVersion:   Dev-AnimPhys (29E575DD-E0A3-4627-9D10-D276232CDCEA): 17
LogDevObjectVersion:   Dev-ReflectionCapture (6B266CEC-1EC7-4B8F-A30B-E4D90942FC07): 1
LogDevObjectVersion:   Dev-Automation (0DF73D61-A23F-47EA-B727-89E90C41499A): 1
LogDevObjectVersion:   FortniteMain (601D1886-AC64-4F84-AA16-D3DE0DEAC7D6): 12
LogDevObjectVersion:   Dev-Enterprise (9DFFBCD6-494F-0158-E221-12823C92A888): 1
LogStreaming: Display: Took  0.001s to delete old logs.
LogInit: Presizing for max 8388607 objects, including 0 objects not considered by GC, pre-allocating 0 bytes for permanent pool.
LogInit: Object subsystem initialized
[2018.11.08-21.44.44:832][  0]LogInit: Selected Device Profile: [Windows]
[2018.11.08-21.44.44:832][  0]LogInit: Applying CVar settings loaded from the selected device profile: [Windows]
[2018.11.08-21.44.44:841][  0]LogHAL: Display: Platform has ~ 16 GB [17046728704 / 17179869184 / 16], which maps to Larger [LargestMinGB=32, LargerMinGB=12, DefaultMinGB=8, SmallerMinGB=6, SmallestMinGB=0)
[2018.11.08-21.44.44:841][  0]LogInit: Setting Device Profile CVar: [[r.Vulkan.UseRealUBs:1]]
[2018.11.08-21.44.44:841][  0]LogInit: Going up to parent DeviceProfile []
[2018.11.08-21.44.44:841][  0]LogInit: Computer: ALIENMOMO
[2018.11.08-21.44.44:841][  0]LogInit: User: beclo
[2018.11.08-21.44.44:841][  0]LogInit: CPU Page size=4096, Cores=4
[2018.11.08-21.44.44:841][  0]LogInit: High frequency timer resolution =2.742191 MHz
[2018.11.08-21.44.44:841][  0]LogMemory: Memory total: Physical=15.9GB (16GB approx)
[2018.11.08-21.44.44:841][  0]LogMemory: Platform Memory Stats for Windows
[2018.11.08-21.44.44:841][  0]LogMemory: Process Physical Memory: 100.11 MB used, 100.11 MB peak
[2018.11.08-21.44.44:841][  0]LogMemory: Process Virtual Memory: 90.90 MB used, 90.90 MB peak
[2018.11.08-21.44.44:841][  0]LogMemory: Physical Memory: 10280.28 MB used,  5976.75 MB free, 16257.03 MB total
[2018.11.08-21.44.44:841][  0]LogMemory: Virtual Memory: 4630.64 MB used,  5976.75 MB free, 134217728.00 MB total
[2018.11.08-21.44.45:347][  0]LogInit: Using OS detected language (en-US).
[2018.11.08-21.44.45:347][  0]LogInit: Using OS detected locale (en-US).
[2018.11.08-21.44.45:348][  0]LogTextLocalizationManager: No specific localization for 'en-US' exists, so the 'en' localization will be used.
[2018.11.08-21.44.45:755][  0]LogStreaming: Display: Took  0.409s to InitEngineTextLocalization.
[2018.11.08-21.44.45:756][  0]LogInit: Setting process to per monitor DPI aware
[2018.11.08-21.44.45:797][  0]LogSlate: New Slate User Created.  User Index 0, Is Virtual User: 0
[2018.11.08-21.44.45:797][  0]LogSlate: Slate User Registered.  User Index 0, Is Virtual User: 0
[2018.11.08-21.44.46:031][  0]LogHMD: Failed to initialize OpenVR with code 110
[2018.11.08-21.44.46:032][  0]LogD3D11RHI: D3D11 adapters:
[2018.11.08-21.44.46:110][  0]LogD3D11RHI:    0. 'NVIDIA GeForce GTX 1070' (Feature Level 11_0)
[2018.11.08-21.44.46:110][  0]LogD3D11RHI:       8081/0/8128 MB DedicatedVideo/DedicatedSystem/SharedSystem, Outputs:1, VendorId:0x10de
[2018.11.08-21.44.46:133][  0]LogD3D11RHI:    1. 'Intel(R) HD Graphics 630' (Feature Level 11_0)
[2018.11.08-21.44.46:133][  0]LogD3D11RHI:       128/0/8128 MB DedicatedVideo/DedicatedSystem/SharedSystem, Outputs:0, VendorId:0x8086
[2018.11.08-21.44.46:135][  0]LogD3D11RHI:    2. 'Microsoft Basic Render Driver' (Feature Level 11_0)
[2018.11.08-21.44.46:135][  0]LogD3D11RHI:       0/0/8128 MB DedicatedVideo/DedicatedSystem/SharedSystem, Outputs:0, VendorId:0x1414
[2018.11.08-21.44.46:135][  0]LogD3D11RHI: Chosen D3D11 Adapter: 0
[2018.11.08-21.44.46:144][  0]LogD3D11RHI: Creating new Direct3DDevice
[2018.11.08-21.44.46:144][  0]LogD3D11RHI:     GPU DeviceId: 0x1be1 (for the marketing name, search the web for "GPU Device Id")
[2018.11.08-21.44.46:144][  0]LogWindows: EnumDisplayDevices:
[2018.11.08-21.44.46:145][  0]LogWindows:    0. 'NVIDIA GeForce GTX 1070' (P:1 D:1)
[2018.11.08-21.44.46:145][  0]LogWindows:    1. 'NVIDIA GeForce GTX 1070' (P:0 D:0)
[2018.11.08-21.44.46:145][  0]LogWindows:    2. 'NVIDIA GeForce GTX 1070' (P:0 D:0)
[2018.11.08-21.44.46:145][  0]LogWindows:    3. 'NVIDIA GeForce GTX 1070' (P:0 D:0)
[2018.11.08-21.44.46:146][  0]LogWindows:    4. 'Intel(R) HD Graphics 630' (P:0 D:0)
[2018.11.08-21.44.46:146][  0]LogWindows:    5. 'Intel(R) HD Graphics 630' (P:0 D:0)
[2018.11.08-21.44.46:146][  0]LogWindows:    6. 'Intel(R) HD Graphics 630' (P:0 D:0)
[2018.11.08-21.44.46:147][  0]LogWindows:    7. 'Intel(R) HD Graphics 630' (P:0 D:0)
[2018.11.08-21.44.46:147][  0]LogWindows:    8. 'Intel(R) HD Graphics 630' (P:0 D:0)
[2018.11.08-21.44.46:148][  0]LogWindows:    9. 'Intel(R) HD Graphics 630' (P:0 D:0)
[2018.11.08-21.44.46:148][  0]LogWindows:    10. 'Intel(R) HD Graphics 630' (P:0 D:0)
[2018.11.08-21.44.46:148][  0]LogWindows:    11. 'Intel(R) HD Graphics 630' (P:0 D:0)
[2018.11.08-21.44.46:149][  0]LogWindows:    12. 'Intel(R) HD Graphics 630' (P:0 D:0)
[2018.11.08-21.44.46:149][  0]LogWindows:    13. 'Intel(R) HD Graphics 630' (P:0 D:0)
[2018.11.08-21.44.46:149][  0]LogWindows:    14. 'Intel(R) HD Graphics 630' (P:0 D:0)
[2018.11.08-21.44.46:150][  0]LogWindows: DebugString: PrimaryIsNotTheChoosenAdapter PrimaryIsNotTheChoosenAdapter PrimaryIsNotTheChoosenAdapter PrimaryIsNotTheChoosenAdapter PrimaryIsNotTheChoosenAdapter PrimaryIsNotTheChoosenAdapter PrimaryIsNotTheChoosenAdapter PrimaryIsNotTheChoosenAdapter PrimaryIsNotTheChoosenAdapter PrimaryIsNotTheChoosenAdapter PrimaryIsNotTheChoosenAdapter FoundDriverCount:4 
[2018.11.08-21.44.46:150][  0]LogD3D11RHI:     Adapter Name: NVIDIA GeForce GTX 1070
[2018.11.08-21.44.46:150][  0]LogD3D11RHI:   Driver Version: 398.11 (internal:24.21.13.9811, unified:398.11)
[2018.11.08-21.44.46:150][  0]LogD3D11RHI:      Driver Date: 6-1-2018
[2018.11.08-21.44.46:150][  0]LogRHI: Texture pool is 5656 MB (70% of 8081 MB)
[2018.11.08-21.44.46:198][  0]LogD3D11RHI: Async texture creation enabled
[2018.11.08-21.44.46:219][  0]LogD3D11RHI: GPU Timing Frequency: 1000.000000 (Debug: 2 2)
[2018.11.08-21.44.46:264][  0]LogShaderCompilers: Guid format shader working directory is -6 characters bigger than the processId version (C:/Users/beclo/Documents/GitHub/Project-Final/Finals/Intermediate/Shaders/WorkingDirectory/1116/).
[2018.11.08-21.44.46:264][  0]LogShaderCompilers: Cleaned the shader compiler working directory 'C:/Users/beclo/AppData/Local/Temp/UnrealShaderWorkingDir/070B4B2F4A3069ADDE4EEC98253A53AF/'.
[2018.11.08-21.44.46:627][  0]LogTemp: Display: Loaded TP AllDesktopTargetPlatform
[2018.11.08-21.44.46:640][  0]LogTemp: Display: Loaded TP MacClientTargetPlatform
[2018.11.08-21.44.46:653][  0]LogTemp: Display: Loaded TP MacNoEditorTargetPlatform
[2018.11.08-21.44.46:668][  0]LogTemp: Display: Loaded TP MacServerTargetPlatform
[2018.11.08-21.44.46:683][  0]LogTemp: Display: Loaded TP MacTargetPlatform
[2018.11.08-21.44.46:699][  0]LogTemp: Display: Loaded TP WindowsClientTargetPlatform
[2018.11.08-21.44.46:713][  0]LogTemp: Display: Loaded TP WindowsNoEditorTargetPlatform
[2018.11.08-21.44.46:727][  0]LogTemp: Display: Loaded TP WindowsServerTargetPlatform
[2018.11.08-21.44.46:733][  0]LogTemp: Display: Loaded TP WindowsTargetPlatform
[2018.11.08-21.44.46:816][  0]LogTemp: Display: Loaded TP AndroidTargetPlatform
[2018.11.08-21.44.46:816][  0]LogTemp: Display: Loaded TP AndroidTargetPlatform
[2018.11.08-21.44.46:816][  0]LogTemp: Display: Loaded TP AndroidTargetPlatform
[2018.11.08-21.44.46:816][  0]LogTemp: Display: Loaded TP AndroidTargetPlatform
[2018.11.08-21.44.46:816][  0]LogTemp: Display: Loaded TP AndroidTargetPlatform
[2018.11.08-21.44.46:816][  0]LogTemp: Display: Loaded TP AndroidTargetPlatform
[2018.11.08-21.44.46:816][  0]LogTemp: Display: Loaded TP AndroidTargetPlatform
[2018.11.08-21.44.46:816][  0]LogTemp: Display: Loaded TP AndroidTargetPlatform
[2018.11.08-21.44.46:816][  0]LogTemp: Display: Loaded TP AndroidTargetPlatform
[2018.11.08-21.44.46:816][  0]LogTemp: Display: Loaded TP AndroidTargetPlatform
[2018.11.08-21.44.46:816][  0]LogTemp: Display: Loaded TP AndroidTargetPlatform
[2018.11.08-21.44.46:816][  0]LogTemp: Display: Loaded TP AndroidTargetPlatform
[2018.11.08-21.44.46:816][  0]LogTemp: Display: Loaded TP AndroidTargetPlatform
[2018.11.08-21.44.46:816][  0]LogTemp: Display: Loaded TP AndroidTargetPlatform
[2018.11.08-21.44.46:817][  0]LogTemp: Display: Loaded TP AndroidTargetPlatform
[2018.11.08-21.44.46:817][  0]LogTemp: Display: Loaded TP AndroidTargetPlatform
[2018.11.08-21.44.46:817][  0]LogTemp: Display: Loaded TP AndroidTargetPlatform
[2018.11.08-21.44.46:817][  0]LogTemp: Display: Loaded TP AndroidTargetPlatform
[2018.11.08-21.44.46:818][  0]LogTemp: Display: Loaded TP HTML5TargetPlatform
[2018.11.08-21.44.46:879][  0]LogTemp: Display: Loaded TP IOSTargetPlatform
[2018.11.08-21.44.46:879][  0]LogTemp: Display: Loaded TP IOSTargetPlatform
[2018.11.08-21.44.46:920][  0]LogTemp: Display: Loaded TP TVOSTargetPlatform
[2018.11.08-21.44.46:920][  0]LogTemp: Display: Loaded TP TVOSTargetPlatform
[2018.11.08-21.44.46:933][  0]LogTemp: Display: Loaded TP LinuxClientTargetPlatform
[2018.11.08-21.44.46:946][  0]LogTemp: Display: Loaded TP LinuxNoEditorTargetPlatform
[2018.11.08-21.44.46:960][  0]LogTemp: Display: Loaded TP LinuxServerTargetPlatform
[2018.11.08-21.44.46:974][  0]LogTemp: Display: Loaded TP LinuxTargetPlatform
[2018.11.08-21.44.46:984][  0]LogTemp: Display: Loaded TP LuminTargetPlatform
[2018.11.08-21.44.46:984][  0]LogTargetPlatformManager: Display: Building Assets For Windows
[2018.11.08-21.44.47:041][  0]LogXGEController: Cannot use XGE Controller as Incredibuild is not installed on this machine.
[2018.11.08-21.44.47:041][  0]LogShaderCompilers: Cannot use XGE Shader Compiler as Incredibuild is not installed on this machine.
[2018.11.08-21.44.47:041][  0]LogShaderCompilers: Display: Using Local Shader Compiler.
[2018.11.08-21.44.47:761][  0]LogDerivedDataCache: Display: Max Cache Size: 512 MB
[2018.11.08-21.44.47:816][  0]LogDerivedDataCache: Loaded boot cache 0.05s 71MB C:/Users/beclo/AppData/Local/UnrealEngine/4.20/DerivedDataCache/Boot.ddc.
[2018.11.08-21.44.47:816][  0]LogDerivedDataCache: Display: Loaded Boot cache: C:/Users/beclo/AppData/Local/UnrealEngine/4.20/DerivedDataCache/Boot.ddc
[2018.11.08-21.44.47:816][  0]LogDerivedDataCache: FDerivedDataBackendGraph:  Pak pak cache file C:/Users/beclo/Documents/GitHub/Project-Final/Finals/DerivedDataCache/DDC.ddp not found, will not use a pak cache.
[2018.11.08-21.44.47:816][  0]LogDerivedDataCache: Unable to find inner node Pak for hierarchical cache Hierarchy.
[2018.11.08-21.44.47:816][  0]LogDerivedDataCache: FDerivedDataBackendGraph:  CompressedPak pak cache file C:/Users/beclo/Documents/GitHub/Project-Final/Finals/DerivedDataCache/Compressed.ddp not found, will not use a pak cache.
[2018.11.08-21.44.47:816][  0]LogDerivedDataCache: Unable to find inner node CompressedPak for hierarchical cache Hierarchy.
[2018.11.08-21.44.47:830][  0]LogDerivedDataCache: Display: Pak cache opened for reading ../../../Engine/DerivedDataCache/Compressed.ddp.
[2018.11.08-21.44.47:842][  0]LogDerivedDataCache: Using Local data cache path C:/Users/beclo/AppData/Local/UnrealEngine/Common/DerivedDataCache: Writable
[2018.11.08-21.44.47:842][  0]LogDerivedDataCache: Shared data cache path not found in *engine.ini, will not use an Shared cache.
[2018.11.08-21.44.47:842][  0]LogDerivedDataCache: Unable to find inner node Shared for hierarchical cache Hierarchy.
[2018.11.08-21.44.47:860][  0]LogMaterial: Verifying Global Shaders for PCD3D_SM5
[2018.11.08-21.44.47:862][  0]LogSlate: Using FreeType 2.6.0
[2018.11.08-21.44.47:862][  0]LogSlate: SlateFontServices - WITH_FREETYPE: 1, WITH_HARFBUZZ: 1
[2018.11.08-21.44.47:946][  0]LogAssetRegistry: FAssetRegistry took 0.0264 seconds to start up
[2018.11.08-21.44.48:273][  0]LogInit: Selected Device Profile: [Windows]
[2018.11.08-21.44.48:422][  0]LogSimplygon: Simplygon DLL not present - disabling.
[2018.11.08-21.44.48:426][  0]LogMeshReduction: Using SimplygonSwarm for distributed automatic mesh merging
[2018.11.08-21.44.48:426][  0]LogMeshReduction: Using ProxyLODMeshReduction for automatic mesh merging
[2018.11.08-21.44.48:426][  0]LogMeshReduction: Using QuadricMeshReduction for automatic static mesh reduction
[2018.11.08-21.44.48:426][  0]LogMeshReduction: No automatic skeletal mesh reduction module available
[2018.11.08-21.44.48:446][  0]LogNetVersion: Finals 1.0.0, NetCL: 4212847, EngineNetVer: 5, GameNetVer: 0 (Checksum: 3293051592)
[2018.11.08-21.44.49:033][  0]LogPackageLocalizationCache: Processed 11 localized package path(s) for 2 prioritized culture(s) in 0.123356 seconds
[2018.11.08-21.44.49:040][  0]LogUObjectArray: 38425 objects as part of root set at end of initial load.
[2018.11.08-21.44.49:040][  0]LogUObjectAllocator: 6690864 out of 0 bytes used by permanent object pool.
[2018.11.08-21.44.49:040][  0]LogUObjectArray: CloseDisregardForGC: 0/0 objects in disregard for GC pool
[2018.11.08-21.44.50:027][  0]LogSubstanceCoreModule: Substance [CPU] Engine Loaded, Max Texture Size = 2048
[2018.11.08-21.44.50:031][  0]LogTcpMessaging: Initializing TcpMessaging bridge
[2018.11.08-21.44.50:045][  0]LogUdpMessaging: Initializing bridge on interface 0.0.0.0:0 to multicast group 230.0.0.1:6666.
[2018.11.08-21.44.50:213][  0]SourceControl: Source control is disabled
[2018.11.08-21.44.50:213][  0]SourceControl: Source control is disabled
[2018.11.08-21.44.50:215][  0]SourceControl: Source control is disabled
[2018.11.08-21.44.50:216][  0]SourceControl: Source control is disabled
[2018.11.08-21.44.50:411][  0]LogAndroidPermission: UAndroidPermissionCallbackProxy::GetInstance
[2018.11.08-21.44.50:642][  0]LogOcInput: OculusInput pre-init called
[2018.11.08-21.44.50:830][  0]LogEngine: Initializing Engine...
[2018.11.08-21.44.50:831][  0]LogHMD: Failed to initialize OpenVR with code 110
[2018.11.08-21.44.50:832][  0]LogStats: UGameplayTagsManager::ConstructGameplayTagTree: ImportINI prefixes -  0.000 s
[2018.11.08-21.44.50:832][  0]LogStats: UGameplayTagsManager::ConstructGameplayTagTree: Construct from data asset -  0.000 s
[2018.11.08-21.44.50:833][  0]LogStats: UGameplayTagsManager::ConstructGameplayTagTree: ImportINI -  0.000 s
[2018.11.08-21.44.50:833][  0]LogStats: UGameplayTagsManager::ConstructGameplayTagTree: GameplayTagTreeChangedEvent.Broadcast -  0.000 s
[2018.11.08-21.44.51:071][  0]LogInit: Initializing FReadOnlyCVARCache
[2018.11.08-21.44.51:083][  0]LogAIModule: Creating AISystem for world Untitled
[2018.11.08-21.44.51:214][  0]LogInit: XAudio2 using 'Speakers / Headphones (Realtek Audio)' : 6 channels at 48 kHz using 32 bits per sample (channel mask 0x3f)
[2018.11.08-21.44.51:999][  0]LogInit: FAudioDevice initialized.
[2018.11.08-21.44.51:999][  0]LogNetVersion: Set ProjectVersion to 1.0.0.0. Version Checksum will be recalculated on next use.
[2018.11.08-21.44.52:090][  0]LogDerivedDataCache: Saved boot cache 0.09s 71MB C:/Users/beclo/AppData/Local/UnrealEngine/4.20/DerivedDataCache/Boot.ddc.
[2018.11.08-21.44.52:097][  0]LogInit: Texture streaming: Enabled
[2018.11.08-21.44.52:116][  0]LogEngineSessionManager: EngineSessionManager initialized
[2018.11.08-21.44.52:130][  0]LogInit: Transaction tracking system initialized
[2018.11.08-21.44.52:151][  0]BlueprintLog: New page: Editor Load
[2018.11.08-21.44.52:225][  0]LocalizationService: Localization service is disabled
[2018.11.08-21.44.52:564][  0]LogCook: Display: Max memory allowance for cook 16384mb min free memory 0mb
[2018.11.08-21.44.52:564][  0]LogCook: Display: Mobile HDR setting 1
[2018.11.08-21.44.52:564][  0]LogGameplayTags: Display: UGameplayTagsManager::DoneAddingNativeTags. DelegateIsBound: 0
[2018.11.08-21.44.52:564][  0]LogStats: UGameplayTagsManager::ConstructGameplayTagTree: ImportINI prefixes -  0.000 s
[2018.11.08-21.44.52:564][  0]LogStats: UGameplayTagsManager::ConstructGameplayTagTree: Construct from data asset -  0.000 s
[2018.11.08-21.44.52:564][  0]LogStats: UGameplayTagsManager::ConstructGameplayTagTree: ImportINI -  0.000 s
[2018.11.08-21.44.52:564][  0]LogStats: UGameplayTagsManager::ConstructGameplayTagTree: GameplayTagTreeChangedEvent.Broadcast -  0.000 s
[2018.11.08-21.44.52:677][  0]LogFileCache: Scanning file cache for directory 'C:/Users/beclo/Documents/GitHub/Project-Final/Finals/Content/' took 0.01s
[2018.11.08-21.44.52:677][  0]SourceControl: Source control is disabled
[2018.11.08-21.44.52:678][  0]Cmd: MAP LOAD FILE="C:/Users/beclo/Documents/GitHub/Project-Final/Finals/Content/2DSideScrollerBP/Maps/2DSideScrollerExampleMap.umap" TEMPLATE=0 SHOWPROGRESS=1 FEATURELEVEL=3
[2018.11.08-21.44.52:678][  0]LightingResults: New page: Lighting Build
[2018.11.08-21.44.52:681][  0]MapCheck: New page: Map Check
[2018.11.08-21.44.52:681][  0]LightingResults: New page: Lighting Build
[2018.11.08-21.44.53:330][  0]LogAIModule: Creating AISystem for world 2DSideScrollerExampleMap
[2018.11.08-21.44.53:355][  0]LogEditorServer: Finished looking for orphan Actors (0.000 secs)
[2018.11.08-21.44.53:384][  0]Cmd: MAP CHECKDEP NOCLEARLOG
[2018.11.08-21.44.53:469][  0]MapCheck: Map check complete: 0 Error(s), 0 Warning(s), took 85.337ms to complete.
[2018.11.08-21.44.53:469][  0]LogFileHelpers: Loading map '2DSideScrollerExampleMap' took 0.792
[2018.11.08-21.44.53:705][  0]LogSlate: Updating window title bar state: overlay mode, drag disabled, window buttons hidden, title bar hidden
[2018.11.08-21.44.53:712][  0]LogSlate: Updating window title bar state: overlay mode, drag disabled, window buttons hidden, title bar hidden
[2018.11.08-21.44.53:720][  0]LogSlate: Updating window title bar state: overlay mode, drag disabled, window buttons hidden, title bar hidden
[2018.11.08-21.44.53:728][  0]LogSlate: Updating window title bar state: overlay mode, drag disabled, window buttons hidden, title bar hidden
[2018.11.08-21.44.53:734][  0]LogCollectionManager: Loaded 0 collections in 0.001693 seconds
[2018.11.08-21.44.53:779][  0]LogFileCache: Scanning file cache for directory 'C:/Users/beclo/Documents/GitHub/Project-Final/Finals/Saved/Collections/' took 0.01s
[2018.11.08-21.44.53:779][  0]LogFileCache: Scanning file cache for directory 'C:/Users/beclo/Documents/GitHub/Project-Final/Finals/Content/Developers/beclo/Collections/' took 0.01s
[2018.11.08-21.44.53:779][  0]LogFileCache: Scanning file cache for directory 'C:/Users/beclo/Documents/GitHub/Project-Final/Finals/Content/Collections/' took 0.01s
[2018.11.08-21.44.53:779][  0]LogCollectionManager: Rebuilt the GUID cache for 0 collections in 0.000000 seconds
[2018.11.08-21.44.53:788][  0]LogContentBrowser: Native class hierarchy populated in 0.0085 seconds. Added 2586 classes and 609 folders.
[2018.11.08-21.44.53:794][  0]LogContentBrowser: Native class hierarchy updated for 'WidgetCarousel' in 0.0003 seconds. Added 0 classes and 0 folders.
[2018.11.08-21.44.53:862][  0]LogContentBrowser: Native class hierarchy updated for 'AddContentDialog' in 0.0002 seconds. Added 0 classes and 0 folders.
[2018.11.08-21.44.53:866][  0]LogContentBrowser: Native class hierarchy updated for 'SceneOutliner' in 0.0002 seconds. Added 1 classes and 2 folders.
[2018.11.08-21.44.53:971][  0]LogSlate: Took 0.000322 seconds to synchronously load lazily loaded font '../../../Engine/Content/Slate/Fonts/Roboto-Regular.ttf' (155K)
[2018.11.08-21.44.53:973][  0]LogSlate: Took 0.000322 seconds to synchronously load lazily loaded font '../../../Engine/Content/Slate/Fonts/Roboto-Bold.ttf' (160K)
[2018.11.08-21.44.53:983][  0]LogSlate: Took 0.000349 seconds to synchronously load lazily loaded font '../../../Engine/Content/Editor/Slate/Fonts/FontAwesome.ttf' (139K)
[2018.11.08-21.44.54:071][  0]LogRenderer: Reallocating scene render targets to support 1208x576 Format 10 NumSamples 1 (Frame:1).
[2018.11.08-21.44.54:229][  0]LogContentBrowser: Native class hierarchy updated for 'HierarchicalLODOutliner' in 0.0002 seconds. Added 0 classes and 0 folders.
[2018.11.08-21.44.54:230][  0]LogLoad: (Engine Initialization) Total time: 11.44 seconds
[2018.11.08-21.44.54:230][  0]LogLoad: (Engine Initialization) Total Blueprint compile time: 0.00 seconds
[2018.11.08-21.44.54:249][  0]LogWindowsTextInputMethodSystem: Display: IME system now deactivated.
[2018.11.08-21.44.54:273][  0]LogContentStreaming: Texture pool size now 1000 MB
[2018.11.08-21.44.54:284][  0]LogSlate: Took 0.000231 seconds to synchronously load lazily loaded font '../../../Engine/Content/Slate/Fonts/Roboto-Light.ttf' (167K)
[2018.11.08-21.44.54:326][  1]LogSubstanceLiveLink: Warning: Unable to send data along socket, closing connection
[2018.11.08-21.44.54:340][  1]LogAssetRegistry: Asset discovery search completed in 6.4170 seconds
[2018.11.08-21.44.54:342][  1]LogCollectionManager: Rebuilt the object cache for 0 collections in 0.000000 seconds (found 0 objects)
[2018.11.08-21.44.54:342][  1]LogCollectionManager: Fixed up redirectors for 0 collections in 0.000056 seconds (updated 0 objects)
[2018.11.08-21.45.27:514][990]LogEditorViewport: Clicking on Actor (LMB): PaperTileMapActor (Junglesolid7)
[2018.11.08-21.45.30:620][172]Cmd: DELETE
[2018.11.08-21.45.30:620][172]Cmd: ACTOR DELETE
[2018.11.08-21.45.30:628][172]LogEditorActor: Deleted Actor: PaperTileMapActor
[2018.11.08-21.45.30:657][172]LogEditorActor: Deleted 1 Actors (0.036 secs)
[2018.11.08-21.45.31:440][219]LogEditorViewport: Clicking on Actor (LMB): PaperTileMapActor (Junglesolid8)
[2018.11.08-21.45.31:708][231]Cmd: DELETE
[2018.11.08-21.45.31:708][231]Cmd: ACTOR DELETE
[2018.11.08-21.45.31:712][231]LogEditorActor: Deleted Actor: PaperTileMapActor
[2018.11.08-21.45.31:734][231]LogEditorActor: Deleted 1 Actors (0.026 secs)
[2018.11.08-21.45.32:509][278]LogEditorViewport: Clicking on Actor (LMB): PaperTileMapActor (Junglesolid16)
[2018.11.08-21.45.32:916][299]Cmd: DELETE
[2018.11.08-21.45.32:916][299]Cmd: ACTOR DELETE
[2018.11.08-21.45.32:922][299]LogEditorActor: Deleted Actor: PaperTileMapActor
[2018.11.08-21.45.32:951][299]LogEditorActor: Deleted 1 Actors (0.035 secs)
[2018.11.08-21.45.34:200][374]LogEditorViewport: Clicking on Actor (LMB): PaperTileMapActor (Junglesolid17)
[2018.11.08-21.45.37:154][548]Cmd: TRANSACTION UNDO
[2018.11.08-21.45.37:154][548]LogEditorTransaction: Undo Clicking on Actors
[2018.11.08-21.45.37:297][548]LogSlate: Took 0.000702 seconds to synchronously load lazily loaded font '../../../Engine/Content/Slate/Fonts/Roboto-Light.ttf' (167K)
[2018.11.08-21.45.37:324][549]Cmd: TRANSACTION UNDO
[2018.11.08-21.45.37:324][549]LogEditorTransaction: Undo Delete Actors
[2018.11.08-21.45.37:521][550]Cmd: TRANSACTION UNDO
[2018.11.08-21.45.37:521][550]LogEditorTransaction: Undo Clicking on Actors
[2018.11.08-21.45.37:704][560]Cmd: TRANSACTION UNDO
[2018.11.08-21.45.37:704][560]LogEditorTransaction: Undo Delete Actors
[2018.11.08-21.45.38:065][579]Cmd: TRANSACTION UNDO
[2018.11.08-21.45.38:065][579]LogEditorTransaction: Undo Clicking on Actors
[2018.11.08-21.45.38:599][611]Cmd: TRANSACTION UNDO
[2018.11.08-21.45.38:599][611]LogEditorTransaction: Undo Delete Actors
[2018.11.08-21.45.45:452][ 18]LogEditorViewport: Clicking on Actor (LMB): PaperTileMapActor (Junglesolid4)
[2018.11.08-21.46.29:637][643]LogEditorViewport: Clicking on Actor (LMB): PaperTileMapActor (Jungle8)
[2018.11.08-21.46.30:760][708]LogEditorViewport: Clicking on Actor (LMB): PaperTileMapActor (floating3)
[2018.11.08-21.47.10:494][ 12]LogSlate: FSceneViewport::OnFocusLost() reason 2
[2018.11.08-21.47.16:239][355]LogSlate: FSceneViewport::OnFocusLost() reason 0
[2018.11.08-21.49.32:302][713]LogFactory: FactoryCreateFile: Texture with ReimportTextureFactory (0 0 C:/Users/beclo/Documents/GitHub/Project-Final/Finals/tentacleenemy.PNG)
[2018.11.08-21.49.32:371][713]LogTexture: Display: Building textures: tentacleenemy (AutoDXT, 600X1200)
[2018.11.08-21.50.36:759][298]LogStats: FPlatformStackWalk::StackWalkAndDump -  3.024 s
[2018.11.08-21.50.36:759][298]LogOutputDevice: Error: === Handled ensure: ===
[2018.11.08-21.50.36:759][298]LogOutputDevice: Error: 
[2018.11.08-21.50.36:760][298]LogOutputDevice: Error: Ensure condition failed: false [File:D:\Build\++UE4\Sync\Engine\Source\Runtime\SlateCore\Public\Brushes/SlateDynamicImageBrush.h] [Line: 119]
[2018.11.08-21.50.36:760][298]LogOutputDevice: Error: This hack usually results in a crash during loading screens in slate.  Please change any code that arrives here to not use FSlateDynamicImageBrush.  In the case of loading screens, you can use FDeferredCleanupSlateBrush.  Which correctly accounts for both GC lifetime, and the lifetime of the object through the slate rendering pipeline which may be several frames after you stop using it.
[2018.11.08-21.50.36:760][298]LogOutputDevice: Error: Stack: 
[2018.11.08-21.50.36:760][298]LogOutputDevice: Error: [Callstack] 0x00007ffa1fde71f6 UE4Editor-Core.dll!UnknownFunction []
[2018.11.08-21.50.36:760][298]LogOutputDevice: Error: [Callstack] 0x00007ffa1fb20c92 UE4Editor-Core.dll!UnknownFunction []
[2018.11.08-21.50.36:760][298]LogOutputDevice: Error: [Callstack] 0x00007ffa1fb3b356 UE4Editor-Core.dll!UnknownFunction []
[2018.11.08-21.50.36:760][298]LogOutputDevice: Error: [Callstack] 0x00007ffa21a053fc UE4Editor-SlateCore.dll!UnknownFunction []
[2018.11.08-21.50.36:760][298]LogOutputDevice: Error: [Callstack] 0x00007ffa2195bd3a UE4Editor-SlateCore.dll!UnknownFunction []
[2018.11.08-21.50.36:760][298]LogOutputDevice: Error: [Callstack] 0x00007ffa1a5c3dd2 UE4Editor-UnrealEd.dll!UnknownFunction []
[2018.11.08-21.50.36:760][298]LogOutputDevice: Error: [Callstack] 0x00007ffa1a08448b UE4Editor-UnrealEd.dll!UnknownFunction []
[2018.11.08-21.50.36:760][298]LogOutputDevice: Error: [Callstack] 0x00007ffa0b6562e1 UE4Editor-AssetTools.dll!UnknownFunction []
[2018.11.08-21.50.36:760][298]LogOutputDevice: Error: [Callstack] 0x00007ffa0a5ca9c7 UE4Editor-ContentBrowser.dll!UnknownFunction []
[2018.11.08-21.50.36:760][298]LogOutputDevice: Error: [Callstack] 0x00007ffa0a59d35c UE4Editor-ContentBrowser.dll!UnknownFunction []
[2018.11.08-21.50.36:760][298]LogOutputDevice: Error: [Callstack] 0x00007ffa0a5ed8e4 UE4Editor-ContentBrowser.dll!UnknownFunction []
[2018.11.08-21.50.36:760][298]LogOutputDevice: Error: [Callstack] 0x00007ffa0a50a23d UE4Editor-ContentBrowser.dll!UnknownFunction []
[2018.11.08-21.50.36:760][298]LogOutputDevice: Error: [Callstack] 0x00007ffa0a4edcb9 UE4Editor-ContentBrowser.dll!UnknownFunction []
[2018.11.08-21.50.36:761][298]LogOutputDevice: Error: [Callstack] 0x00007ffa1ba364b2 UE4Editor-Slate.dll!UnknownFunction []
[2018.11.08-21.50.36:761][298]LogOutputDevice: Error: [Callstack] 0x00007ffa1ba09619 UE4Editor-Slate.dll!UnknownFunction []
[2018.11.08-21.50.36:761][298]LogOutputDevice: Error: [Callstack] 0x00007ffa1ba16a2e UE4Editor-Slate.dll!UnknownFunction []
[2018.11.08-21.50.36:761][298]LogOutputDevice: Error: [Callstack] 0x00007ffa1b8293b0 UE4Editor-Slate.dll!UnknownFunction []
[2018.11.08-21.50.36:761][298]LogOutputDevice: Error: [Callstack] 0x00007ffa1b82029e UE4Editor-Slate.dll!UnknownFunction []
[2018.11.08-21.50.36:761][298]LogOutputDevice: Error: [Callstack] 0x00007ffa1b8077ac UE4Editor-Slate.dll!UnknownFunction []
[2018.11.08-21.50.36:761][298]LogOutputDevice: Error: [Callstack] 0x00007ffa1b7fabba UE4Editor-Slate.dll!UnknownFunction []
[2018.11.08-21.50.36:761][298]LogOutputDevice: Error: [Callstack] 0x00007ffa399cd26f UE4Editor-ApplicationCore.dll!UnknownFunction []
[2018.11.08-21.50.36:761][298]LogOutputDevice: Error: [Callstack] 0x00007ffa399c0270 UE4Editor-ApplicationCore.dll!UnknownFunction []
[2018.11.08-21.50.36:761][298]LogOutputDevice: Error: [Callstack] 0x00007ffa399cf4c5 UE4Editor-ApplicationCore.dll!UnknownFunction []
[2018.11.08-21.50.36:761][298]LogOutputDevice: Error: [Callstack] 0x00007ffa399bc209 UE4Editor-ApplicationCore.dll!UnknownFunction []
[2018.11.08-21.50.36:761][298]LogOutputDevice: Error: [Callstack] 0x00007ffaabba6d41 USER32.dll!UnknownFunction []
[2018.11.08-21.50.36:761][298]LogOutputDevice: Error: [Callstack] 0x00007ffaabba6713 USER32.dll!UnknownFunction []
[2018.11.08-21.50.36:761][298]LogOutputDevice: Error: [Callstack] 0x00007ffa399d0646 UE4Editor-ApplicationCore.dll!UnknownFunction []
[2018.11.08-21.50.36:761][298]LogOutputDevice: Error: [Callstack] 0x00007ff6511a54e5 UE4Editor.exe!UnknownFunction []
[2018.11.08-21.50.36:761][298]LogOutputDevice: Error: [Callstack] 0x00007ff6511b5b3c UE4Editor.exe!UnknownFunction []
[2018.11.08-21.50.36:762][298]LogOutputDevice: Error: [Callstack] 0x00007ff6511b5bba UE4Editor.exe!UnknownFunction []
[2018.11.08-21.50.36:762][298]LogOutputDevice: Error: [Callstack] 0x00007ff6511c3dac UE4Editor.exe!UnknownFunction []
[2018.11.08-21.50.36:762][298]LogOutputDevice: Error: [Callstack] 0x00007ff6511c5aaa UE4Editor.exe!UnknownFunction []
[2018.11.08-21.50.36:762][298]LogOutputDevice: Error: [Callstack] 0x00007ffaab133034 KERNEL32.DLL!UnknownFunction []
[2018.11.08-21.50.36:762][298]LogOutputDevice: Error: [Callstack] 0x00007ffaabf11471 ntdll.dll!UnknownFunction []
[2018.11.08-21.50.36:762][298]LogOutputDevice: Error: 
[2018.11.08-21.50.36:779][298]LogStats:                SubmitErrorReport -  0.014 s
[2018.11.08-21.50.42:620][298]LogStats:                    SendNewReport -  5.841 s
[2018.11.08-21.50.42:620][298]LogStats:             FDebug::EnsureFailed -  8.886 s
[2018.11.08-21.50.42:691][298]Cmd: DELETE
[2018.11.08-21.50.42:691][298]Cmd: ACTOR DELETE
[2018.11.08-21.50.42:702][298]LogEditorActor: Deleted Actor: PaperTileMapActor
[2018.11.08-21.50.42:739][298]LogEditorActor: Deleted 1 Actors (0.048 secs)
[2018.11.08-21.50.46:979][452]LogSlate: Window 'Delete Assets' being destroyed
[2018.11.08-21.50.50:503][639]LogTexture: Display: Building textures: tentacleenemy (BGRA8, 600X1200)
[2018.11.08-21.51.07:917][618]LogSlate: FSceneViewport::OnFocusLost() reason 0
[2018.11.08-21.52.03:936][944]LogEditorViewport: Clicking on Actor (CTRL LMB): PaperSpriteActor (tentacleenemy_Sprite3)
[2018.11.08-21.52.06:791][ 84]LogEditorViewport: Clicking on Actor (CTRL LMB): PaperSpriteActor (tentacleenemy_Sprite2)
[2018.11.08-21.52.07:949][151]LogEditorViewport: Clicking on Actor (CTRL LMB): PaperSpriteActor (tentacleenemy_Sprite)
[2018.11.08-21.52.21:356][938]LogEditorViewport: Clicking on Actor (LMB): PaperSpriteActor (tentacleenemy_Sprite2)
[2018.11.08-21.52.29:607][418]LogEditorViewport: Clicking on Actor (LMB): PaperTileMapActor (Junglesolid26)
[2018.11.08-21.52.31:142][506]LogEditorViewport: Clicking on Actor (LMB): PaperSpriteActor (tentacleenemy_Sprite3)
[2018.11.08-21.52.35:749][775]LogEditorViewport: Clicking on Actor (LMB): PaperSpriteActor (tentacleenemy_Sprite4)
[2018.11.08-21.53.19:109][369]LogEditorViewport: Clicking on Actor (LMB): PaperSpriteActor (tentacleenemy_Sprite)
[2018.11.08-21.53.21:274][496]LogEditorViewport: Clicking on Actor (LMB): PaperSpriteActor (tentacleenemy_Sprite2)
[2018.11.08-21.53.24:156][666]LogEditorViewport: Clicking on Actor (CTRL LMB): PaperSpriteActor (tentacleenemy_Sprite3)
[2018.11.08-21.53.25:105][720]LogEditorViewport: Clicking on Actor (CTRL LMB): PaperSpriteActor (tentacleenemy_Sprite)
[2018.11.08-21.53.26:398][795]LogEditorViewport: Clicking on Actor (CTRL LMB): PaperSpriteActor (tentacleenemy_Sprite4)
[2018.11.08-21.53.55:939][552]LogEditorViewport: Clicking on Actor (LMB): PaperTileMapActor (floating5)
[2018.11.08-21.53.58:064][676]LogEditorViewport: Clicking on Actor (CTRL LMB): PaperTileMapActor (Jungle10)
[2018.11.08-21.54.02:754][954]LogEditorViewport: Clicking on Actor (LMB): PaperTileMapActor (Jungle10)
[2018.11.08-21.54.04:306][ 44]Cmd: DELETE
[2018.11.08-21.54.04:306][ 44]Cmd: ACTOR DELETE
[2018.11.08-21.54.04:311][ 44]LogEditorActor: Deleted Actor: PaperTileMapActor
[2018.11.08-21.54.04:333][ 44]LogEditorActor: Deleted 1 Actors (0.027 secs)
[2018.11.08-21.54.05:477][113]LogEditorViewport: Clicking on Actor (LMB): PaperTileMapActor (floating5)
[2018.11.08-21.54.08:322][279]LogEditorViewport: Clicking Background
[2018.11.08-21.54.15:887][729]LogEditorViewport: Clicking on Actor (LMB): PaperTileMapActor (Jungle8)
[2018.11.08-21.54.16:806][781]Cmd: DELETE
[2018.11.08-21.54.16:807][781]Cmd: ACTOR DELETE
[2018.11.08-21.54.16:813][781]LogEditorActor: Deleted Actor: PaperTileMapActor
[2018.11.08-21.54.16:840][781]LogEditorActor: Deleted 1 Actors (0.034 secs)
[2018.11.08-21.54.22:239][103]LogEditorViewport: Clicking on Actor (LMB): PaperTileMapActor (Jungle12)
[2018.11.08-21.54.23:156][155]Cmd: DELETE
[2018.11.08-21.54.23:156][155]Cmd: ACTOR DELETE
[2018.11.08-21.54.23:160][155]LogEditorActor: Deleted Actor: PaperTileMapActor
[2018.11.08-21.54.23:199][155]LogEditorActor: Deleted 1 Actors (0.043 secs)
[2018.11.08-21.54.23:975][202]LogEditorViewport: Clicking on Actor (LMB): PaperTileMapActor (Jungle13)
[2018.11.08-21.54.24:076][205]Cmd: DELETE
[2018.11.08-21.54.24:076][205]Cmd: ACTOR DELETE
[2018.11.08-21.54.24:080][205]LogEditorActor: Deleted Actor: PaperTileMapActor
[2018.11.08-21.54.24:102][205]LogEditorActor: Deleted 1 Actors (0.026 secs)
[2018.11.08-21.54.24:859][251]LogEditorViewport: Clicking on Actor (LMB): PaperTileMapActor (floating4)
[2018.11.08-21.54.55:511][ 85]LogEditorViewport: Clicking on Actor (LMB): PaperTileMapActor (Junglesolid16)
[2018.11.08-21.54.56:478][139]Cmd: DELETE
[2018.11.08-21.54.56:478][139]Cmd: ACTOR DELETE
[2018.11.08-21.54.56:484][139]LogEditorActor: Deleted Actor: PaperTileMapActor
[2018.11.08-21.54.56:513][139]LogEditorActor: Deleted 1 Actors (0.035 secs)
[2018.11.08-21.54.57:165][178]LogEditorViewport: Clicking on Actor (LMB): PaperTileMapActor (Junglesolid17)
[2018.11.08-21.54.57:307][183]Cmd: DELETE
[2018.11.08-21.54.57:307][183]Cmd: ACTOR DELETE
[2018.11.08-21.54.57:311][183]LogEditorActor: Deleted Actor: PaperTileMapActor
[2018.11.08-21.54.57:334][183]LogEditorActor: Deleted 1 Actors (0.027 secs)
[2018.11.08-21.54.58:493][253]LogEditorViewport: Clicking on Actor (LMB): PaperTileMapActor (Jungle20)
[2018.11.08-21.54.59:611][317]Cmd: DELETE
[2018.11.08-21.54.59:611][317]Cmd: ACTOR DELETE
[2018.11.08-21.54.59:616][317]LogEditorActor: Deleted Actor: PaperTileMapActor
[2018.11.08-21.54.59:639][317]LogEditorActor: Deleted 1 Actors (0.028 secs)
[2018.11.08-21.55.00:358][360]LogEditorViewport: Clicking on Actor (LMB): PaperTileMapActor (Jungle22)
[2018.11.08-21.55.00:473][364]Cmd: DELETE
[2018.11.08-21.55.00:473][364]Cmd: ACTOR DELETE
[2018.11.08-21.55.00:479][364]LogEditorActor: Deleted Actor: PaperTileMapActor
[2018.11.08-21.55.00:500][364]LogEditorActor: Deleted 1 Actors (0.027 secs)
[2018.11.08-21.55.03:610][551]LogEditorViewport: Clicking on Actor (LMB): PaperTileMapActor (Jungle23)
[2018.11.08-21.55.04:107][578]Cmd: DELETE
[2018.11.08-21.55.04:107][578]Cmd: ACTOR DELETE
[2018.11.08-21.55.04:111][578]LogEditorActor: Deleted Actor: PaperTileMapActor
[2018.11.08-21.55.04:135][578]LogEditorActor: Deleted 1 Actors (0.028 secs)
[2018.11.08-21.55.05:876][683]LogEditorViewport: Clicking on Actor (LMB): PaperTileMapActor (Jungle21)
[2018.11.08-21.55.09:106][874]LogEditorViewport: Clicking on Actor (CTRL LMB): PaperTileMapActor (floating7)
[2018.11.08-21.55.13:144][112]LogEditorViewport: Clicking on Actor (LMB): PaperTileMapActor (floating6)
[2018.11.08-21.55.15:240][235]LogEditorViewport: Clicking on Actor (CTRL LMB): PaperTileMapActor (Jungle24)
[2018.11.08-21.55.45:218][ 17]LogEditorViewport: Clicking on Actor (LMB): PaperTileMapActor (floating)
[2018.11.08-21.55.46:039][ 63]Cmd: DELETE
[2018.11.08-21.55.46:039][ 63]Cmd: ACTOR DELETE
[2018.11.08-21.55.46:043][ 63]LogEditorActor: Deleted Actor: PaperTileMapActor
[2018.11.08-21.55.46:067][ 63]LogEditorActor: Deleted 1 Actors (0.028 secs)
[2018.11.08-21.55.47:014][120]LogEditorViewport: Clicking on Actor (LMB): PaperTileMapActor (floating2)
[2018.11.08-21.55.47:147][125]Cmd: DELETE
[2018.11.08-21.55.47:147][125]Cmd: ACTOR DELETE
[2018.11.08-21.55.47:151][125]LogEditorActor: Deleted Actor: PaperTileMapActor
[2018.11.08-21.55.47:174][125]LogEditorActor: Deleted 1 Actors (0.027 secs)
[2018.11.08-21.56.12:509][643]LogEditorViewport: Clicking on Actor (LMB): PaperSpriteActor (tentacleenemy_Sprite)
[2018.11.08-21.56.57:199][296]LogSlate: FSceneViewport::OnFocusLost() reason 2
[2018.11.08-21.56.57:898][296]LogSavePackage: Moving 'C:/Users/beclo/Documents/GitHub/Project-Final/Finals/Saved/2DSideScrollerExampleMap_Auto19369812449966264112C4AA9DFAA8295.tmp' to 'C:/Users/beclo/Documents/GitHub/Project-Final/Finals/Saved/Autosaves/Game/2DSideScrollerBP/Maps/2DSideScrollerExampleMap_Auto1.umap'
[2018.11.08-21.56.57:945][296]LogFileHelpers: Editor autosave (incl. sublevels) for '/Game/2DSideScrollerBP/Maps/2DSideScrollerExampleMap' took 0.676
[2018.11.08-21.56.57:945][296]LogFileHelpers: Editor autosave (incl. sublevels) for all levels took 0.676
[2018.11.08-21.56.57:950][296]OBJ SavePackage: Generating thumbnails for [1] asset(s) in package [/Game/Final/Sprites/tentacleenemy] ([1] browsable assets)...
[2018.11.08-21.56.57:983][296]OBJ SavePackage:     Rendered thumbnail for [Texture2D /Game/Final/Sprites/tentacleenemy.tentacleenemy]
[2018.11.08-21.56.57:983][296]OBJ SavePackage: Finished generating thumbnails for package [/Game/Final/Sprites/tentacleenemy]
[2018.11.08-21.56.58:006][296]LogSavePackage: Moving 'C:/Users/beclo/Documents/GitHub/Project-Final/Finals/Saved/tentacleenemy_Auto185E40F144699D42CAA10609B0B17368E.tmp' to 'C:/Users/beclo/Documents/GitHub/Project-Final/Finals/Saved/Autosaves/Game/Final/Sprites/tentacleenemy_Auto1.uasset'
[2018.11.08-21.56.58:015][296]OBJ SavePackage: Generating thumbnails for [1] asset(s) in package [/Game/Final/Sprites/tentacleenemy_Sprite] ([1] browsable assets)...
[2018.11.08-21.56.58:036][296]OBJ SavePackage:     Rendered thumbnail for [PaperSprite /Game/Final/Sprites/tentacleenemy_Sprite.tentacleenemy_Sprite]
[2018.11.08-21.56.58:036][296]OBJ SavePackage: Finished generating thumbnails for package [/Game/Final/Sprites/tentacleenemy_Sprite]
[2018.11.08-21.56.58:047][296]LogSavePackage: Moving 'C:/Users/beclo/Documents/GitHub/Project-Final/Finals/Saved/tentacleenemy_Sprite_Auto1F58DF6764E94C1A510EC23AA7659F73F.tmp' to 'C:/Users/beclo/Documents/GitHub/Project-Final/Finals/Saved/Autosaves/Game/Final/Sprites/tentacleenemy_Sprite_Auto1.uasset'
[2018.11.08-21.56.58:051][296]LogFileHelpers: Auto-saving content packages took 0.102
[2018.11.08-21.57.20:163][616]LogEditorViewport: Clicking on Actor (LMB): PaperTileMapActor (Junglesolid25)
[2018.11.08-21.57.26:357][983]LogEditorViewport: Clicking on Actor (CTRL LMB): PaperTileMapActor (Junglesolid24)
[2018.11.08-21.57.27:586][ 53]LogEditorViewport: Clicking on Actor (CTRL LMB): PaperTileMapActor (Jungle35)
[2018.11.08-21.57.28:928][130]LogEditorViewport: Clicking on Actor (CTRL LMB): PaperTileMapActor (Jungle36)
[2018.11.08-21.57.31:099][257]LogEditorViewport: Clicking on Actor (CTRL LMB): PaperTileMapActor (Jungle38)
[2018.11.08-21.57.31:988][307]LogEditorViewport: Clicking on Actor (CTRL LMB): PaperTileMapActor (Jungle37)
[2018.11.08-21.57.33:377][387]LogEditorViewport: Clicking on Actor (CTRL LMB): PaperTileMapActor (floating11)
[2018.11.08-21.57.36:670][580]Cmd: DELETE
[2018.11.08-21.57.36:670][580]Cmd: ACTOR DELETE
[2018.11.08-21.57.36:676][580]LogEditorActor: Deleted Actor: PaperTileMapActor
[2018.11.08-21.57.36:676][580]LogEditorActor: Deleted Actor: PaperTileMapActor
[2018.11.08-21.57.36:677][580]LogEditorActor: Deleted Actor: PaperTileMapActor
[2018.11.08-21.57.36:677][580]LogEditorActor: Deleted Actor: PaperTileMapActor
[2018.11.08-21.57.36:678][580]LogEditorActor: Deleted Actor: PaperTileMapActor
[2018.11.08-21.57.36:678][580]LogEditorActor: Deleted Actor: PaperTileMapActor
[2018.11.08-21.57.36:678][580]LogEditorActor: Deleted Actor: PaperTileMapActor
[2018.11.08-21.57.36:702][580]LogEditorActor: Deleted 7 Actors (0.032 secs)
[2018.11.08-21.57.37:732][642]LogEditorViewport: Clicking on Actor (LMB): PaperTileMapActor (floating12)
[2018.11.08-21.57.38:653][695]Cmd: DELETE
[2018.11.08-21.57.38:654][695]Cmd: ACTOR DELETE
[2018.11.08-21.57.38:658][695]LogEditorActor: Deleted Actor: PaperTileMapActor
[2018.11.08-21.57.38:679][695]LogEditorActor: Deleted 1 Actors (0.026 secs)
[2018.11.08-21.57.42:592][930]LogEditorViewport: Clicking on Actor (LMB): PaperTileMapActor (CaveEntry)
[2018.11.08-21.57.44:893][ 65]LogEditorViewport: Clicking on Actor (CTRL LMB): PaperTileMapActor (Cave1)
[2018.11.08-21.57.45:983][110]LogEditorViewport: Clicking on Actor (CTRL LMB): PaperTileMapActor (Cave2)
[2018.11.08-21.57.47:062][172]LogEditorViewport: Clicking on Actor (CTRL LMB): PaperTileMapActor (Cave3)
[2018.11.08-21.57.47:919][221]LogEditorViewport: Clicking on Actor (CTRL LMB): PaperTileMapActor (Cave4)
[2018.11.08-21.57.48:461][251]LogEditorViewport: Clicking on Actor (CTRL LMB): PaperTileMapActor (Cave7)
[2018.11.08-21.57.50:452][367]LogEditorViewport: Clicking on Actor (CTRL LMB): PaperTileMapActor (Cave6)
[2018.11.08-21.57.51:879][450]LogEditorViewport: Clicking on Actor (CTRL LMB): PaperTileMapActor (Cave5)
[2018.11.08-21.57.53:337][535]LogEditorViewport: Clicking on Actor (CTRL LMB): PaperTileMapActor (Cave10)
[2018.11.08-21.57.54:527][604]LogEditorViewport: Clicking on Actor (CTRL LMB): PaperTileMapActor (Cave8)
[2018.11.08-21.57.55:103][636]LogEditorViewport: Clicking on Actor (CTRL LMB): PaperTileMapActor (Cave11)
[2018.11.08-21.57.56:844][738]LogEditorViewport: Clicking on Actor (CTRL LMB): PaperTileMapActor (CaveEntry2)
[2018.11.08-21.57.58:302][823]LogEditorViewport: Clicking on Actor (CTRL LMB): PaperTileMapActor (Cave9)
[2018.11.08-21.58.04:376][184]LogEditorViewport: Clicking on Actor (CTRL LMB): BP_SavePoint_C (BP_SavePoint5)
[2018.11.08-21.58.18:845][ 27]LogEditorViewport: Clicking Background
[2018.11.08-21.59.18:313][589]LogSlate: FSceneViewport::OnFocusLost() reason 0
[2018.11.08-21.59.21:398][753]Cmd: DELETE
[2018.11.08-21.59.21:398][753]Cmd: ACTOR DELETE
[2018.11.08-21.59.21:404][753]LogEditorActor: Deleted Actor: PaperSpriteActor
[2018.11.08-21.59.21:432][753]LogEditorActor: Deleted 1 Actors (0.034 secs)
[2018.11.08-21.59.26:063][ 28]LogEditorViewport: Clicking on Actor (LMB): PaperSpriteActor (tentacleenemy_Sprite)
[2018.11.08-21.59.43:344][ 49]LogSlate: FSceneViewport::OnFocusLost() reason 0
[2018.11.08-22.01.03:855][861]LogEditorViewport: Clicking on Actor (LMB): PaperTileMapActor (floating1)
[2018.11.08-22.01.05:121][934]Cmd: DELETE
[2018.11.08-22.01.05:121][934]Cmd: ACTOR DELETE
[2018.11.08-22.01.05:126][934]LogEditorActor: Deleted Actor: PaperTileMapActor
[2018.11.08-22.01.05:148][934]LogEditorActor: Deleted 1 Actors (0.027 secs)
[2018.11.08-22.04.10:219][ 36]LogEditorViewport: Clicking on Actor (context menu): PaperSpriteActor (tentacleenemy_Sprite3)
[2018.11.08-22.04.10:748][ 36]LogSlate: FSceneViewport::OnFocusLost() reason 2
[2018.11.08-22.04.57:536][828]LogEditorViewport: Clicking on Actor (LMB): PaperTileMapActor (floating6)
[2018.11.08-22.04.59:290][930]LogEditorViewport: Clicking on Actor (CTRL LMB): PaperTileMapActor (Jungle24)
[2018.11.08-22.05.00:263][985]Cmd: DELETE
[2018.11.08-22.05.00:263][985]Cmd: ACTOR DELETE
[2018.11.08-22.05.00:268][985]LogEditorActor: Deleted Actor: PaperTileMapActor
[2018.11.08-22.05.00:269][985]LogEditorActor: Deleted Actor: PaperTileMapActor
[2018.11.08-22.05.00:293][985]LogEditorActor: Deleted 2 Actors (0.030 secs)
[2018.11.08-22.05.03:853][199]LogEditorViewport: Clicking on Actor (LMB): PaperTileMapActor (floating7)
[2018.11.08-22.05.06:722][368]LogEditorViewport: Clicking on Actor (LMB): PaperTileMapActor (Jungle21)
[2018.11.08-22.05.09:006][502]Cmd: DELETE
[2018.11.08-22.05.09:007][502]Cmd: ACTOR DELETE
[2018.11.08-22.05.09:014][502]LogEditorActor: Deleted Actor: PaperTileMapActor
[2018.11.08-22.05.09:043][502]LogEditorActor: Deleted 1 Actors (0.036 secs)
[2018.11.08-22.05.42:971][535]LogSlate: FSceneViewport::OnFocusLost() reason 2
[2018.11.08-22.05.44:502][622]LogSlate: FSceneViewport::OnFocusLost() reason 2
[2018.11.08-22.05.44:918][622]LogSavePackage: Moving 'C:/Users/beclo/Documents/GitHub/Project-Final/Finals/Saved/2DSideScrollerExampleMapB6B729DB43E00BB5520004BE72556B95.tmp' to 'C:/Users/beclo/Documents/GitHub/Project-Final/Finals/Content/2DSideScrollerBP/Maps/2DSideScrollerExampleMap.umap'
[2018.11.08-22.05.44:940][622]LogFileHelpers: Saving map '2DSideScrollerExampleMap' took 0.427
[2018.11.08-22.05.44:958][622]Cmd: OBJ SAVEPACKAGE PACKAGE="/Game/Final/Sprites/tentacleenemy" FILE="C:/Users/beclo/Documents/GitHub/Project-Final/Finals/Content/Final/Sprites/tentacleenemy.uasset" SILENT=true
[2018.11.08-22.05.44:988][622]LogSavePackage: Moving 'C:/Users/beclo/Documents/GitHub/Project-Final/Finals/Saved/tentacleenemy5611A0BA41C06CB465E7389210556814.tmp' to 'C:/Users/beclo/Documents/GitHub/Project-Final/Finals/Content/Final/Sprites/tentacleenemy.uasset'
[2018.11.08-22.05.44:998][622]Cmd: OBJ SAVEPACKAGE PACKAGE="/Game/Final/Sprites/tentacleenemy_Sprite" FILE="C:/Users/beclo/Documents/GitHub/Project-Final/Finals/Content/Final/Sprites/tentacleenemy_Sprite.uasset" SILENT=true
[2018.11.08-22.05.45:002][622]LogSavePackage: Moving 'C:/Users/beclo/Documents/GitHub/Project-Final/Finals/Saved/tentacleenemy_Sprite547368274A442376783F8DAEDC046804.tmp' to 'C:/Users/beclo/Documents/GitHub/Project-Final/Finals/Content/Final/Sprites/tentacleenemy_Sprite.uasset'
[2018.11.08-22.05.46:640][720]LogSlate: FSceneViewport::OnFocusLost() reason 0
[2018.11.08-22.05.46:776][725]LogSlate: Window 'Finals - Unreal Editor' being destroyed
[2018.11.08-22.05.46:970][726]Cmd: QUIT_EDITOR
[2018.11.08-22.05.46:999][726]LogWindowsTextInputMethodSystem: Display: IME system now deactivated.
[2018.11.08-22.05.47:046][726]LogExit: Preparing to exit.
[2018.11.08-22.05.48:085][726]LogExit: Editor shut down
[2018.11.08-22.05.48:085][726]LogExit: Transaction tracking system shut down
[2018.11.08-22.05.48:695][726]LogExit: Object subsystem successfully closed.
[2018.11.08-22.05.48:713][726]LogShaderCompilers: Display: Shaders left to compile 0
[2018.11.08-22.05.48:719][726]LogD3D11RHI: Shutdown
[2018.11.08-22.05.48:719][726]LogD3D11RHI: CleanupD3DDevice
[2018.11.08-22.05.48:722][726]LogD3D11RHI: ~FD3D11DynamicRHI
[2018.11.08-22.05.48:733][726]LogModuleManager: Shutting down and abandoning module HierarchicalLODOutliner (618)
[2018.11.08-22.05.48:733][726]LogModuleManager: Shutting down and abandoning module SceneOutliner (616)
[2018.11.08-22.05.48:733][726]LogModuleManager: Shutting down and abandoning module AddContentDialog (614)
[2018.11.08-22.05.48:734][726]LogModuleManager: Shutting down and abandoning module WidgetCarousel (613)
[2018.11.08-22.05.48:734][726]LogModuleManager: Shutting down and abandoning module EditorWidgets (610)
[2018.11.08-22.05.48:734][726]LogModuleManager: Shutting down and abandoning module CollectionManager (608)
[2018.11.08-22.05.48:734][726]LogModuleManager: Shutting down and abandoning module StatsViewer (606)
[2018.11.08-22.05.48:734][726]LogModuleManager: Shutting down and abandoning module FoliageEdit (604)
[2018.11.08-22.05.48:734][726]LogModuleManager: Shutting down and abandoning module LandscapeEditor (602)
[2018.11.08-22.05.48:734][726]LogModuleManager: Shutting down and abandoning module MeshPaintMode (600)
[2018.11.08-22.05.48:734][726]LogModuleManager: Shutting down and abandoning module SceneDepthPickerMode (598)
[2018.11.08-22.05.48:734][726]LogModuleManager: Shutting down and abandoning module ActorPickerMode (596)
[2018.11.08-22.05.48:734][726]LogModuleManager: Shutting down and abandoning module GeometryMode (594)
[2018.11.08-22.05.48:734][726]LogModuleManager: Shutting down and abandoning module TextureAlignMode (592)
[2018.11.08-22.05.48:734][726]LogModuleManager: Shutting down and abandoning module BspMode (590)
[2018.11.08-22.05.48:734][726]LogModuleManager: Shutting down and abandoning module PIEPreviewDeviceProfileSelector (588)
[2018.11.08-22.05.48:734][726]LogModuleManager: Shutting down and abandoning module SequenceRecorderSections (586)
[2018.11.08-22.05.48:734][726]LogModuleManager: Shutting down and abandoning module AutomationWorker (584)
[2018.11.08-22.05.48:734][726]LogModuleManager: Shutting down and abandoning module AudioCaptureEditor (582)
[2018.11.08-22.05.48:734][726]LogModuleManager: Shutting down and abandoning module SequenceRecorder (581)
[2018.11.08-22.05.48:734][726]LogModuleManager: Shutting down and abandoning module MatineeToLevelSequence (578)
[2018.11.08-22.05.48:734][726]LogModuleManager: Shutting down and abandoning module LevelSequenceEditor (576)
[2018.11.08-22.05.48:735][726]LogModuleManager: Shutting down and abandoning module PlacementMode (575)
[2018.11.08-22.05.48:735][726]LogModuleManager: Shutting down and abandoning module MaterialEditor (574)
[2018.11.08-22.05.48:735][726]LogModuleManager: Shutting down and abandoning module WmfMediaFactory (570)
[2018.11.08-22.05.48:735][726]LogModuleManager: Shutting down and abandoning module WmfMediaEditor (568)
[2018.11.08-22.05.48:735][726]LogModuleManager: Shutting down and abandoning module MediaPlayerEditor (566)
[2018.11.08-22.05.48:735][726]LogModuleManager: Shutting down and abandoning module OpenExrWrapper (564)
[2018.11.08-22.05.48:735][726]LogModuleManager: Shutting down and abandoning module ImgMediaFactory (562)
[2018.11.08-22.05.48:735][726]LogModuleManager: Shutting down and abandoning module ImgMediaEditor (560)
[2018.11.08-22.05.48:735][726]LogModuleManager: Shutting down and abandoning module AvfMediaFactory (558)
[2018.11.08-22.05.48:735][726]LogModuleManager: Shutting down and abandoning module AvfMediaEditor (556)
[2018.11.08-22.05.48:735][726]LogModuleManager: Shutting down and abandoning module AndroidMediaFactory (554)
[2018.11.08-22.05.48:735][726]LogModuleManager: Shutting down and abandoning module AndroidMediaEditor (552)
[2018.11.08-22.05.48:735][726]LogModuleManager: Shutting down and abandoning module MagicLeapCameraPreviewFactory (550)
[2018.11.08-22.05.48:735][726]LogModuleManager: Shutting down and abandoning module MagicLeapMediaFactory (548)
[2018.11.08-22.05.48:735][726]LogModuleManager: Shutting down and abandoning module MagicLeapMediaEditor (546)
[2018.11.08-22.05.48:735][726]LogModuleManager: Shutting down and abandoning module CharacterAI (544)
[2018.11.08-22.05.48:735][726]LogModuleManager: Shutting down and abandoning module SmartSnapping (542)
[2018.11.08-22.05.48:735][726]LogModuleManager: Shutting down and abandoning module SessionServices (540)
[2018.11.08-22.05.48:735][726]LogModuleManager: Shutting down and abandoning module ViewportSnapping (538)
[2018.11.08-22.05.48:735][726]LogModuleManager: Shutting down and abandoning module ViewportInteraction (536)
[2018.11.08-22.05.48:735][726]LogModuleManager: Shutting down and abandoning module ClothPainter (534)
[2018.11.08-22.05.48:735][726]LogModuleManager: Shutting down and abandoning module SkeletalMeshEditor (533)
[2018.11.08-22.05.48:735][726]LogModuleManager: Shutting down and abandoning module LogVisualizer (530)
[2018.11.08-22.05.48:735][726]LogModuleManager: Shutting down and abandoning module IntroTutorials (528)
[2018.11.08-22.05.48:735][726]LogModuleManager: Shutting down and abandoning module GameProjectGeneration (527)
[2018.11.08-22.05.48:735][726]LogModuleManager: Shutting down and abandoning module LuminPlatformEditor (524)
[2018.11.08-22.05.48:735][726]LogModuleManager: Shutting down and abandoning module IOSPlatformEditor (522)
[2018.11.08-22.05.48:735][726]LogModuleManager: Shutting down and abandoning module HTML5PlatformEditor (520)
[2018.11.08-22.05.48:735][726]LogModuleManager: Shutting down and abandoning module AndroidPlatformEditor (518)
[2018.11.08-22.05.48:735][726]LogModuleManager: Shutting down and abandoning module AndroidDeviceDetection (517)
[2018.11.08-22.05.49:020][726]LogModuleManager: Shutting down and abandoning module WindowsPlatformEditor (514)
[2018.11.08-22.05.49:020][726]LogModuleManager: Shutting down and abandoning module LuminRuntimeSettings (512)
[2018.11.08-22.05.49:020][726]LogModuleManager: Shutting down and abandoning module IOSRuntimeSettings (510)
[2018.11.08-22.05.49:021][726]LogModuleManager: Shutting down and abandoning module AndroidRuntimeSettings (508)
[2018.11.08-22.05.49:021][726]LogModuleManager: Shutting down and abandoning module InputBindingEditor (506)
[2018.11.08-22.05.49:021][726]LogModuleManager: Shutting down and abandoning module MergeActors (504)
[2018.11.08-22.05.49:021][726]LogModuleManager: Shutting down and abandoning module LocalizationDashboard (502)
[2018.11.08-22.05.49:021][726]LogModuleManager: Shutting down and abandoning module LocalizationService (501)
[2018.11.08-22.05.49:021][726]LogModuleManager: Shutting down and abandoning module HardwareTargeting (498)
[2018.11.08-22.05.49:022][726]LogModuleManager: Shutting down and abandoning module DeviceProfileEditor (496)
[2018.11.08-22.05.49:022][726]LogModuleManager: Shutting down and abandoning module UndoHistory (494)
[2018.11.08-22.05.49:022][726]LogModuleManager: Shutting down and abandoning module XmlParser (492)
[2018.11.08-22.05.49:022][726]LogModuleManager: Shutting down and abandoning module Blutility (490)
[2018.11.08-22.05.49:022][726]LogModuleManager: Shutting down and abandoning module ProjectSettingsViewer (488)
[2018.11.08-22.05.49:022][726]LogModuleManager: Shutting down and abandoning module ProjectTargetPlatformEditor (487)
[2018.11.08-22.05.49:022][726]LogModuleManager: Shutting down and abandoning module EditorSettingsViewer (484)
[2018.11.08-22.05.49:023][726]LogModuleManager: Shutting down and abandoning module SettingsEditor (482)
[2018.11.08-22.05.49:023][726]LogModuleManager: Shutting down and abandoning module ProjectLauncher (480)
[2018.11.08-22.05.49:023][726]LogModuleManager: Shutting down and abandoning module SessionFrontend (478)
[2018.11.08-22.05.49:023][726]LogModuleManager: Shutting down and abandoning module ProfilerClient (476)
[2018.11.08-22.05.49:023][726]LogModuleManager: Shutting down and abandoning module DeviceManager (474)
[2018.11.08-22.05.49:023][726]LogModuleManager: Shutting down and abandoning module TargetDeviceServices (473)
[2018.11.08-22.05.49:079][726]LogModuleManager: Shutting down and abandoning module AutomationController (470)
[2018.11.08-22.05.49:079][726]LogModuleManager: Shutting down and abandoning module AutomationWindow (468)
[2018.11.08-22.05.49:079][726]LogModuleManager: Shutting down and abandoning module Layers (466)
[2018.11.08-22.05.49:079][726]LogModuleManager: Shutting down and abandoning module ComponentVisualizers (464)
[2018.11.08-22.05.49:079][726]LogModuleManager: Shutting down and abandoning module DetailCustomizations (462)
[2018.11.08-22.05.49:079][726]LogModuleManager: Shutting down and abandoning module PackagesDialog (460)
[2018.11.08-22.05.49:079][726]LogModuleManager: Shutting down and abandoning module Persona (458)
[2018.11.08-22.05.49:080][726]LogModuleManager: Shutting down and abandoning module AdvancedPreviewScene (457)
[2018.11.08-22.05.49:080][726]LogModuleManager: Shutting down and abandoning module AnimGraph (455)
[2018.11.08-22.05.49:080][726]LogModuleManager: Shutting down and abandoning module Kismet (452)
[2018.11.08-22.05.49:081][726]LogModuleManager: Shutting down and abandoning module GraphEditor (450)
[2018.11.08-22.05.49:081][726]LogModuleManager: Shutting down and abandoning module ClassViewer (448)
[2018.11.08-22.05.49:081][726]LogModuleManager: Shutting down and abandoning module Toolbox (446)
[2018.11.08-22.05.49:081][726]LogModuleManager: Shutting down and abandoning module ModuleUI (444)
[2018.11.08-22.05.49:081][726]LogModuleManager: Shutting down and abandoning module MovieSceneTools (442)
[2018.11.08-22.05.49:081][726]LogModuleManager: Shutting down and abandoning module OutputLog (440)
[2018.11.08-22.05.49:081][726]LogModuleManager: Shutting down and abandoning module GammaUI (438)
[2018.11.08-22.05.49:081][726]LogModuleManager: Shutting down and abandoning module Documentation (436)
[2018.11.08-22.05.49:082][726]LogModuleManager: Shutting down and abandoning module MovieSceneTracks (434)
[2018.11.08-22.05.49:082][726]LogModuleManager: Shutting down and abandoning module MovieScene (432)
[2018.11.08-22.05.49:082][726]LogModuleManager: Shutting down and abandoning module StreamingPauseRendering (430)
[2018.11.08-22.05.49:082][726]LogModuleManager: Shutting down and abandoning module LauncherPlatform (428)
[2018.11.08-22.05.49:082][726]LogModuleManager: Shutting down and abandoning module AnalyticsET (426)
[2018.11.08-22.05.49:082][726]LogModuleManager: Shutting down and abandoning module PortalServices (424)
[2018.11.08-22.05.49:082][726]LogModuleManager: Shutting down and abandoning module PortalRpc (422)
[2018.11.08-22.05.49:082][726]LogModuleManager: Shutting down and abandoning module MessagingRpc (420)
[2018.11.08-22.05.49:082][726]LogModuleManager: Shutting down and abandoning module AIModule (418)
[2018.11.08-22.05.49:082][726]LogModuleManager: Shutting down and abandoning module GameplayDebugger (417)
[2018.11.08-22.05.49:082][726]LogModuleManager: Shutting down and abandoning module AITestSuite (415)
[2018.11.08-22.05.49:082][726]LogModuleManager: Shutting down and abandoning module NavigationSystem (413)
[2018.11.08-22.05.49:082][726]LogModuleManager: Shutting down and abandoning module DesktopPlatform (410)
[2018.11.08-22.05.49:082][726]LogModuleManager: Shutting down and abandoning module ProfilerService (408)
[2018.11.08-22.05.49:271][726]LogModuleManager: Shutting down and abandoning module TaskGraph (406)
[2018.11.08-22.05.49:272][726]LogModuleManager: Shutting down and abandoning module SubstanceLiveLink (404)
[2018.11.08-22.05.49:272][726]LogModuleManager: Shutting down and abandoning module SubstanceSource (402)
[2018.11.08-22.05.49:272][726]LogModuleManager: Shutting down and abandoning module SubstanceEditor (400)
[2018.11.08-22.05.49:272][726]LogModuleManager: Shutting down and abandoning module SteamVRController (398)
[2018.11.08-22.05.49:272][726]LogModuleManager: Shutting down and abandoning module ProceduralMeshComponentEditor (396)
[2018.11.08-22.05.49:272][726]LogModuleManager: Shutting down and abandoning module ProceduralMeshComponent (394)
[2018.11.08-22.05.49:272][726]LogModuleManager: Shutting down and abandoning module OculusInput (392)
[2018.11.08-22.05.49:272][726]LogModuleManager: Shutting down and abandoning module MobilePatchingUtils (390)
[2018.11.08-22.05.49:272][726]LogModuleManager: Shutting down and abandoning module EditableMesh (388)
[2018.11.08-22.05.49:273][726]LogModuleManager: Shutting down and abandoning module CustomMeshComponent (386)
[2018.11.08-22.05.49:273][726]LogModuleManager: Shutting down and abandoning module CableComponent (384)
[2018.11.08-22.05.49:273][726]LogModuleManager: Shutting down and abandoning module AudioCapture (382)
[2018.11.08-22.05.49:273][726]LogModuleManager: Shutting down and abandoning module ArchVisCharacter (380)
[2018.11.08-22.05.49:273][726]LogModuleManager: Shutting down and abandoning module AndroidPermission (378)
[2018.11.08-22.05.49:273][726]LogModuleManager: Shutting down and abandoning module NUTUnrealEngine4 (376)
[2018.11.08-22.05.49:273][726]LogModuleManager: Shutting down and abandoning module NetcodeUnitTest (374)
[2018.11.08-22.05.49:273][726]LogModuleManager: Shutting down and abandoning module MediaCompositingEditor (372)
[2018.11.08-22.05.49:274][726]LogModuleManager: Shutting down and abandoning module MediaCompositing (370)
[2018.11.08-22.05.49:274][726]LogModuleManager: Shutting down and abandoning module LinearTimecode (368)
[2018.11.08-22.05.49:274][726]LogModuleManager: Shutting down and abandoning module ImgMedia (366)
[2018.11.08-22.05.49:285][726]LogModuleManager: Shutting down and abandoning module HTML5Networking (364)
[2018.11.08-22.05.49:286][726]LogModuleManager: Shutting down and abandoning module GeometryCacheTracks (362)
[2018.11.08-22.05.49:286][726]LogModuleManager: Shutting down and abandoning module GeometryCacheSequencer (360)
[2018.11.08-22.05.49:286][726]LogModuleManager: Shutting down and abandoning module BackChannel (358)
[2018.11.08-22.05.49:286][726]LogModuleManager: Shutting down and abandoning module AppleVision (356)
[2018.11.08-22.05.49:286][726]LogModuleManager: Shutting down and abandoning module AppleImageUtils (354)
[2018.11.08-22.05.49:286][726]LogModuleManager: Shutting down and abandoning module AlembicImporter (352)
[2018.11.08-22.05.49:286][726]LogModuleManager: Shutting down and abandoning module AlembicLibrary (351)
[2018.11.08-22.05.49:286][726]LogModuleManager: Shutting down and abandoning module GeometryCache (350)
[2018.11.08-22.05.49:286][726]LogModuleManager: Shutting down and abandoning module GeometryCacheEd (349)
[2018.11.08-22.05.49:286][726]LogModuleManager: Shutting down and abandoning module DatasmithContentEditor (344)
[2018.11.08-22.05.49:286][726]LogModuleManager: Shutting down and abandoning module DatasmithContent (342)
[2018.11.08-22.05.49:288][726]LogModuleManager: Shutting down and abandoning module SpeedTreeImporter (340)
[2018.11.08-22.05.49:288][726]LogModuleManager: Shutting down and abandoning module PluginBrowser (338)
[2018.11.08-22.05.49:289][726]LogModuleManager: Shutting down and abandoning module MobileLauncherProfileWizard (336)
[2018.11.08-22.05.49:289][726]LogModuleManager: Shutting down and abandoning module PolygonModeling (334)
[2018.11.08-22.05.49:289][726]LogModuleManager: Shutting down and abandoning module MeshEditor (332)
[2018.11.08-22.05.49:289][726]LogModuleManager: Shutting down and abandoning module CryptoKeysOpenSSL (330)
[2018.11.08-22.05.49:289][726]LogModuleManager: Shutting down and abandoning module CryptoKeys (328)
[2018.11.08-22.05.49:289][726]LogModuleManager: Shutting down and abandoning module VisualStudioSourceCodeAccess (326)
[2018.11.08-22.05.49:289][726]LogModuleManager: Shutting down and abandoning module VisualStudioCodeSourceCodeAccess (324)
[2018.11.08-22.05.49:289][726]LogModuleManager: Shutting down and abandoning module UObjectPlugin (322)
[2018.11.08-22.05.49:289][726]LogModuleManager: Shutting down and abandoning module SubversionSourceControl (320)
[2018.11.08-22.05.49:289][726]LogModuleManager: Shutting down and abandoning module PerforceSourceControl (318)
[2018.11.08-22.05.49:290][726]LogModuleManager: Shutting down and abandoning module GitSourceControl (316)
[2018.11.08-22.05.49:290][726]LogModuleManager: Shutting down and abandoning module SourceControl (315)
[2018.11.08-22.05.49:290][726]LogModuleManager: Shutting down and abandoning module CLionSourceCodeAccess (312)
[2018.11.08-22.05.49:290][726]LogModuleManager: Shutting down and abandoning module LightPropagationVolumeEditor (310)
[2018.11.08-22.05.49:290][726]LogModuleManager: Shutting down and abandoning module PaperTiledImporter (308)
[2018.11.08-22.05.49:290][726]LogModuleManager: Shutting down and abandoning module PaperSpriteSheetImporter (306)
[2018.11.08-22.05.49:290][726]LogModuleManager: Shutting down and abandoning module Paper2DEditor (304)
[2018.11.08-22.05.49:291][726]LogModuleManager: Shutting down and abandoning module MeshPaint (303)
[2018.11.08-22.05.49:291][726]LogModuleManager: Shutting down and abandoning module RuntimePhysXCooking (300)
[2018.11.08-22.05.49:291][726]LogModuleManager: Shutting down and abandoning module PhysXVehiclesEditor (298)
[2018.11.08-22.05.49:291][726]LogModuleManager: Shutting down and abandoning module PhysXVehicles (296)
[2018.11.08-22.05.49:291][726]LogModuleManager: Shutting down and abandoning module OculusEditor (294)
[2018.11.08-22.05.49:291][726]LogModuleManager: Shutting down and abandoning module LocationServicesBPLibrary (292)
[2018.11.08-22.05.49:291][726]LogModuleManager: Shutting down and abandoning module ImmediatePhysicsEditor (290)
[2018.11.08-22.05.49:291][726]LogModuleManager: Shutting down and abandoning module ImmediatePhysics (288)
[2018.11.08-22.05.49:291][726]LogModuleManager: Shutting down and abandoning module ActorSequence (286)
[2018.11.08-22.05.49:291][726]LogModuleManager: Shutting down and abandoning module UdpMessaging (284)
[2018.11.08-22.05.49:393][726]LogModuleManager: Shutting down and abandoning module TcpMessaging (282)
[2018.11.08-22.05.49:494][726]LogModuleManager: Shutting down and abandoning module SubstanceCore (280)
[2018.11.08-22.05.49:494][726]LogModuleManager: Shutting down and abandoning module MagicLeapAudio (278)
[2018.11.08-22.05.49:494][726]LogModuleManager: Shutting down and abandoning module GameplayTagsEditor (276)
[2018.11.08-22.05.49:494][726]LogModuleManager: Shutting down and abandoning module FacialAnimationEditor (274)
[2018.11.08-22.05.49:494][726]LogModuleManager: Shutting down and abandoning module FacialAnimation (272)
[2018.11.08-22.05.49:494][726]LogModuleManager: Shutting down and abandoning module DataValidation (270)
[2018.11.08-22.05.49:494][726]LogModuleManager: Shutting down and abandoning module AssetManagerEditor (268)
[2018.11.08-22.05.49:494][726]LogModuleManager: Shutting down and abandoning module LevelEditor (267)
[2018.11.08-22.05.49:496][726]LogModuleManager: Shutting down and abandoning module PixelInspectorModule (266)
[2018.11.08-22.05.49:496][726]LogModuleManager: Shutting down and abandoning module CommonMenuExtensions (264)
[2018.11.08-22.05.49:497][726]LogModuleManager: Shutting down and abandoning module MainFrame (262)
[2018.11.08-22.05.49:497][726]LogModuleManager: Shutting down and abandoning module HotReload (261)
[2018.11.08-22.05.49:498][726]LogModuleManager: Shutting down and abandoning module ContentBrowser (257)
[2018.11.08-22.05.49:500][726]LogModuleManager: Shutting down and abandoning module TreeMap (255)
[2018.11.08-22.05.49:501][726]LogModuleManager: Shutting down and abandoning module LightPropagationVolumeRuntime (252)
[2018.11.08-22.05.49:501][726]LogModuleManager: Shutting down and abandoning module AISupportModule (250)
[2018.11.08-22.05.49:501][726]LogModuleManager: Shutting down and abandoning module Paper2D (248)
[2018.11.08-22.05.49:501][726]LogModuleManager: Shutting down and abandoning module WindowsMoviePlayer (246)
[2018.11.08-22.05.49:501][726]LogModuleManager: Shutting down and abandoning module WmfMedia (244)
[2018.11.08-22.05.49:506][726]LogModuleManager: Shutting down and abandoning module Media (243)
[2018.11.08-22.05.49:513][726]LogModuleManager: Shutting down and abandoning module PacketHandler (240)
[2018.11.08-22.05.49:513][726]LogModuleManager: Shutting down and abandoning module ClothingSystemEditor (238)
[2018.11.08-22.05.49:513][726]LogModuleManager: Shutting down and abandoning module ClothingSystemRuntime (236)
[2018.11.08-22.05.49:513][726]LogModuleManager: Shutting down and abandoning module MediaAssets (234)
[2018.11.08-22.05.49:514][726]LogModuleManager: Shutting down and abandoning module Overlay (232)
[2018.11.08-22.05.49:514][726]LogModuleManager: Shutting down and abandoning module OverlayEditor (231)
[2018.11.08-22.05.49:514][726]LogModuleManager: Shutting down and abandoning module VREditor (228)
[2018.11.08-22.05.49:514][726]LogModuleManager: Shutting down and abandoning module StringTableEditor (226)
[2018.11.08-22.05.49:514][726]LogModuleManager: Shutting down and abandoning module GameplayTasksEditor (224)
[2018.11.08-22.05.49:514][726]LogModuleManager: Shutting down and abandoning module BehaviorTreeEditor (222)
[2018.11.08-22.05.49:514][726]LogModuleManager: Shutting down and abandoning module FunctionalTesting (220)
[2018.11.08-22.05.49:514][726]LogModuleManager: Shutting down and abandoning module CollisionAnalyzer (218)
[2018.11.08-22.05.49:514][726]LogModuleManager: Shutting down and abandoning module WorkspaceMenuStructure (217)
[2018.11.08-22.05.49:514][726]LogModuleManager: Shutting down and abandoning module UMG (214)
[2018.11.08-22.05.49:514][726]LogModuleManager: Shutting down and abandoning module UMGEditor (213)
[2018.11.08-22.05.49:514][726]LogModuleManager: Shutting down and abandoning module Sequencer (212)
[2018.11.08-22.05.49:515][726]LogModuleManager: Shutting down and abandoning module MessageLog (209)
[2018.11.08-22.05.49:515][726]LogModuleManager: Shutting down and abandoning module SlateReflector (204)
[2018.11.08-22.05.49:515][726]LogModuleManager: Shutting down and abandoning module Slate (202)
[2018.11.08-22.05.49:515][726]LogModuleManager: Shutting down and abandoning module EditorStyle (200)
[2018.11.08-22.05.49:519][726]LogModuleManager: Shutting down and abandoning module MRMesh (198)
[2018.11.08-22.05.49:519][726]LogModuleManager: Shutting down and abandoning module SourceCodeAccess (196)
[2018.11.08-22.05.49:519][726]LogModuleManager: Shutting down and abandoning module HeadMountedDisplay (194)
[2018.11.08-22.05.49:519][726]LogModuleManager: Shutting down and abandoning module XAudio2 (192)
[2018.11.08-22.05.49:519][726]LogModuleManager: Shutting down and abandoning module Networking (190)
[2018.11.08-22.05.49:519][726]LogModuleManager: Shutting down and abandoning module Core (188)
[2018.11.08-22.05.49:519][726]LogModuleManager: Shutting down and abandoning module LevelSequence (186)
[2018.11.08-22.05.49:519][726]LogModuleManager: Shutting down and abandoning module KismetCompiler (184)
[2018.11.08-22.05.49:520][726]LogModuleManager: Shutting down and abandoning module MeshUtilities (182)
[2018.11.08-22.05.49:520][726]LogModuleManager: Shutting down and abandoning module MeshMergeUtilities (181)
[2018.11.08-22.05.49:520][726]LogModuleManager: Shutting down and abandoning module MeshReductionInterface (180)
[2018.11.08-22.05.49:520][726]LogModuleManager: Shutting down and abandoning module SimplygonSwarm (179)
[2018.11.08-22.05.49:520][726]LogModuleManager: Shutting down and abandoning module ProxyLODMeshReduction (177)
[2018.11.08-22.05.49:520][726]LogModuleManager: Shutting down and abandoning module SimplygonMeshReduction (175)
[2018.11.08-22.05.49:520][726]LogModuleManager: Shutting down and abandoning module QuadricMeshReduction (173)
[2018.11.08-22.05.49:520][726]LogModuleManager: Shutting down and abandoning module MaterialBaking (169)
[2018.11.08-22.05.49:520][726]LogModuleManager: Shutting down and abandoning module DirectoryWatcher (165)
[2018.11.08-22.05.49:520][726]LogModuleManager: Shutting down and abandoning module DerivedDataCache (162)
[2018.11.08-22.05.49:530][726]LogDerivedDataCache: Shutdown
[2018.11.08-22.05.49:530][726]LogModuleManager: Shutting down and abandoning module XGEController (160)
[2018.11.08-22.05.49:530][726]LogModuleManager: Shutting down and abandoning module TargetPlatform (158)
[2018.11.08-22.05.49:530][726]LogModuleManager: Shutting down and abandoning module VulkanShaderFormat (157)
[2018.11.08-22.05.49:530][726]LogModuleManager: Shutting down and abandoning module ShaderFormatVectorVM (155)
[2018.11.08-22.05.49:530][726]LogModuleManager: Shutting down and abandoning module ShaderFormatOpenGL (153)
[2018.11.08-22.05.49:530][726]LogModuleManager: Shutting down and abandoning module ShaderFormatD3D (151)
[2018.11.08-22.05.49:531][726]LogModuleManager: Shutting down and abandoning module MetalShaderFormat (149)
[2018.11.08-22.05.49:531][726]LogModuleManager: Shutting down and abandoning module TextureFormatUncompressed (147)
[2018.11.08-22.05.49:531][726]LogModuleManager: Shutting down and abandoning module TextureFormatPVR (145)
[2018.11.08-22.05.49:531][726]LogModuleManager: Shutting down and abandoning module TextureFormatDXT (143)
[2018.11.08-22.05.49:531][726]LogModuleManager: Shutting down and abandoning module TextureFormatIntelISPCTexComp (141)
[2018.11.08-22.05.49:531][726]LogModuleManager: Shutting down and abandoning module TextureFormatASTC (139)
[2018.11.08-22.05.49:531][726]LogModuleManager: Shutting down and abandoning module ImageWrapper (138)
[2018.11.08-22.05.49:531][726]LogModuleManager: Shutting down and abandoning module TextureFormatAndroid (135)
[2018.11.08-22.05.49:531][726]LogModuleManager: Shutting down and abandoning module AudioFormatOpus (133)
[2018.11.08-22.05.49:531][726]LogModuleManager: Shutting down and abandoning module AudioFormatOgg (131)
[2018.11.08-22.05.49:531][726]LogModuleManager: Shutting down and abandoning module AudioFormatADPCM (129)
[2018.11.08-22.05.49:531][726]LogModuleManager: Shutting down and abandoning module LuminTargetPlatform (127)
[2018.11.08-22.05.49:532][726]LogModuleManager: Shutting down and abandoning module LinuxTargetPlatform (125)
[2018.11.08-22.05.49:532][726]LogModuleManager: Shutting down and abandoning module LinuxServerTargetPlatform (123)
[2018.11.08-22.05.49:532][726]LogModuleManager: Shutting down and abandoning module LinuxNoEditorTargetPlatform (121)
[2018.11.08-22.05.49:532][726]LogModuleManager: Shutting down and abandoning module LinuxClientTargetPlatform (119)
[2018.11.08-22.05.49:532][726]LogModuleManager: Shutting down and abandoning module TVOSTargetPlatform (117)
[2018.11.08-22.05.49:534][726]LogModuleManager: Shutting down and abandoning module Messaging (115)
[2018.11.08-22.05.49:534][726]LogModuleManager: Shutting down and abandoning module IOSTargetPlatform (113)
[2018.11.08-22.05.49:536][726]LogModuleManager: Shutting down and abandoning module HTML5TargetPlatform (111)
[2018.11.08-22.05.49:536][726]LogModuleManager: Shutting down and abandoning module AndroidTargetPlatform (109)
[2018.11.08-22.05.49:549][726]LogModuleManager: Shutting down and abandoning module WindowsTargetPlatform (107)
[2018.11.08-22.05.49:549][726]LogModuleManager: Shutting down and abandoning module WindowsServerTargetPlatform (105)
[2018.11.08-22.05.49:549][726]LogModuleManager: Shutting down and abandoning module WindowsNoEditorTargetPlatform (103)
[2018.11.08-22.05.49:549][726]LogModuleManager: Shutting down and abandoning module WindowsClientTargetPlatform (101)
[2018.11.08-22.05.49:550][726]LogModuleManager: Shutting down and abandoning module MacTargetPlatform (99)
[2018.11.08-22.05.49:550][726]LogModuleManager: Shutting down and abandoning module MacServerTargetPlatform (97)
[2018.11.08-22.05.49:550][726]LogModuleManager: Shutting down and abandoning module MacNoEditorTargetPlatform (95)
[2018.11.08-22.05.49:550][726]LogModuleManager: Shutting down and abandoning module MacClientTargetPlatform (93)
[2018.11.08-22.05.49:550][726]LogModuleManager: Shutting down and abandoning module AllDesktopTargetPlatform (91)
[2018.11.08-22.05.49:550][726]LogModuleManager: Shutting down and abandoning module InputCore (88)
[2018.11.08-22.05.49:550][726]LogModuleManager: Shutting down and abandoning module Settings (86)
[2018.11.08-22.05.49:550][726]LogModuleManager: Shutting down and abandoning module PhysXCooking (84)
[2018.11.08-22.05.49:550][726]LogModuleManager: Shutting down and abandoning module SteamVR (82)
[2018.11.08-22.05.49:550][726]LogModuleManager: Shutting down and abandoning module OculusHMD (80)
[2018.11.08-22.05.49:550][726]LogModuleManager: Shutting down and abandoning module ExampleDeviceProfileSelector (78)
[2018.11.08-22.05.49:550][726]LogModuleManager: Shutting down and abandoning module LauncherChunkInstaller (76)
[2018.11.08-22.05.49:550][726]LogModuleManager: Shutting down and abandoning module OnlineBlueprintSupport (74)
[2018.11.08-22.05.49:550][726]LogModuleManager: Shutting down and abandoning module OnlineSubsystem (70)
[2018.11.08-22.05.49:552][726]LogModuleManager: Shutting down and abandoning module XMPP (65)
[2018.11.08-22.05.49:553][726]LogModuleManager: Shutting down and abandoning module WebSockets (64)
[2018.11.08-22.05.49:585][726]LogModuleManager: Shutting down and abandoning module HTTP (61)
[2018.11.08-22.05.49:585][726]LogHttp: Display: Http module shutting down, but needs to wait on 1 outstanding Http requests:
[2018.11.08-22.05.49:585][726]LogHttp: Display: 	verb=[POST] url=[https://datarouter.ol.epicgames.com/datarouter/api/v1/public/data?SessionID=%7B4A565E2A-48DE-0530-121F-9092A8113F84%7D&AppID=UEEditor.Rocket.Release&AppVersion=4.20.3-4369336%2B%2B%2BUE4%2BRelease-4.20&UserID=b19da05e4155fcdee495adb454fe5757%7C24b349f52b474167ada4538af75ab250%7C5c41cd37-7a4d-4240-aedd-2148bec050d2&AppEnvironment=datacollector-binary&UploadType=eteventstream] status=Processing
[2018.11.08-22.05.49:620][726]LogModuleManager: Shutting down and abandoning module SSL (60)
[2018.11.08-22.05.49:622][726]LogModuleManager: Shutting down and abandoning module MagicLeapEmulator (56)
[2018.11.08-22.05.49:623][726]LogModuleManager: Shutting down and abandoning module MagicLeapPrivileges (54)
[2018.11.08-22.05.49:623][726]LogModuleManager: Shutting down and abandoning module MagicLeapIdentity (52)
[2018.11.08-22.05.49:623][726]LogModuleManager: Shutting down and abandoning module MagicLeapHelperVulkan (50)
[2018.11.08-22.05.49:623][726]LogModuleManager: Shutting down and abandoning module MagicLeapHelperOpenGL (48)
[2018.11.08-22.05.49:623][726]LogModuleManager: Shutting down and abandoning module MagicLeapSecureStorage (46)
[2018.11.08-22.05.49:623][726]LogModuleManager: Shutting down and abandoning module MagicLeapGestures (44)
[2018.11.08-22.05.49:623][726]LogModuleManager: Shutting down and abandoning module MagicLeapEyeTracker (42)
[2018.11.08-22.05.49:623][726]LogModuleManager: Shutting down and abandoning module MagicLeapController (40)
[2018.11.08-22.05.49:623][726]LogSlate: Slate User Destroyed.  User Index 0, Is Virtual User: 0
[2018.11.08-22.05.49:623][726]LogModuleManager: Shutting down and abandoning module MagicLeap (38)
[2018.11.08-22.05.49:624][726]LogModuleManager: Shutting down and abandoning module AnimationModifiers (36)
[2018.11.08-22.05.49:624][726]LogModuleManager: Shutting down and abandoning module PropertyEditor (35)
[2018.11.08-22.05.49:624][726]LogModuleManager: Shutting down and abandoning module AudioEditor (32)
[2018.11.08-22.05.49:624][726]LogModuleManager: Shutting down and abandoning module TextureCompressor (30)
[2018.11.08-22.05.49:624][726]LogModuleManager: Shutting down and abandoning module ShaderCore (28)
[2018.11.08-22.05.49:624][726]LogModuleManager: Shutting down and abandoning module Landscape (26)
[2018.11.08-22.05.49:624][726]LogModuleManager: Shutting down and abandoning module SlateRHIRenderer (24)
[2018.11.08-22.05.49:625][726]LogModuleManager: Shutting down and abandoning module OpenGLDrv (22)
[2018.11.08-22.05.49:625][726]LogModuleManager: Shutting down and abandoning module D3D11RHI (20)
[2018.11.08-22.05.49:625][726]LogModuleManager: Shutting down and abandoning module AnimGraphRuntime (18)
[2018.11.08-22.05.49:625][726]LogModuleManager: Shutting down and abandoning module Renderer (16)
[2018.11.08-22.05.49:625][726]LogModuleManager: Shutting down and abandoning module Engine (14)
[2018.11.08-22.05.49:625][726]LogModuleManager: Shutting down and abandoning module CoreUObject (12)
[2018.11.08-22.05.49:625][726]LogModuleManager: Shutting down and abandoning module NetworkFile (10)
[2018.11.08-22.05.49:625][726]LogModuleManager: Shutting down and abandoning module CookedIterativeFile (8)
[2018.11.08-22.05.49:625][726]LogModuleManager: Shutting down and abandoning module StreamingFile (6)
[2018.11.08-22.05.49:625][726]LogModuleManager: Shutting down and abandoning module SandboxFile (4)
[2018.11.08-22.05.49:625][726]LogModuleManager: Shutting down and abandoning module PakFile (2)
[2018.11.08-22.05.49:638][726]LogExit: Exiting.
[2018.11.08-22.05.49:649][726]Log file closed, 11/08/18 16:05:49
