Log file open, 11/14/18 23:21:37
LogWindows: Failed to load 'aqProf.dll' (GetLastError=126)
LogWindows: File 'aqProf.dll' does not exist
LogWindows: Failed to load 'VSPerf140.dll' (GetLastError=126)
LogWindows: File 'VSPerf140.dll' does not exist
LogWindows: Failed to load 'VtuneApi.dll' (GetLastError=126)
LogWindows: File 'VtuneApi.dll' does not exist
LogWindows: Failed to load 'VtuneApi32e.dll' (GetLastError=126)
LogWindows: File 'VtuneApi32e.dll' does not exist
LogInit: Display: Running engine for game: Finals
LogPlatformFile: Not using cached read wrapper
LogTaskGraph: Started task graph with 5 named threads and 23 total threads with 3 sets of task threads.
LogStats: Stats thread started at 3.097873
LogD3D11RHI: Loaded GFSDK_Aftermath_Lib.x64.dll
LogICUInternationalization: Display: ICU TimeZone Detection - Raw Offset: -6:00, Platform Override: ''
LogPluginManager: Mounting plugin Paper2D
LogPluginManager: Mounting plugin AISupport
LogPluginManager: Mounting plugin LightPropagationVolume
LogPluginManager: Mounting plugin CLionSourceCodeAccess
LogPluginManager: Mounting plugin CodeLiteSourceCodeAccess
LogPluginManager: Mounting plugin GitSourceControl
LogPluginManager: Mounting plugin KDevelopSourceCodeAccess
LogPluginManager: Mounting plugin NullSourceCodeAccess
LogPluginManager: Mounting plugin PerforceSourceControl
LogPluginManager: Mounting plugin SubversionSourceControl
LogPluginManager: Mounting plugin UObjectPlugin
LogPluginManager: Mounting plugin VisualStudioCodeSourceCodeAccess
LogPluginManager: Mounting plugin VisualStudioSourceCodeAccess
LogPluginManager: Mounting plugin XCodeSourceCodeAccess
LogPluginManager: Mounting plugin AssetManagerEditor
LogPluginManager: Mounting plugin CryptoKeys
LogPluginManager: Mounting plugin DataValidation
LogPluginManager: Mounting plugin FacialAnimation
LogPluginManager: Mounting plugin GameplayTagsEditor
LogPluginManager: Mounting plugin MacGraphicsSwitching
LogPluginManager: Mounting plugin MeshEditor
LogPluginManager: Mounting plugin MobileLauncherProfileWizard
LogPluginManager: Mounting plugin PluginBrowser
LogPluginManager: Mounting plugin SpeedTreeImporter
LogPluginManager: Mounting plugin DatasmithContent
LogPluginManager: Mounting plugin AlembicImporter
LogPluginManager: Mounting plugin AppleImageUtils
LogPluginManager: Mounting plugin AppleVision
LogPluginManager: Mounting plugin BackChannel
LogPluginManager: Mounting plugin CharacterAI
LogPluginManager: Mounting plugin GeometryCache
LogPluginManager: Mounting plugin HTML5Networking
LogPluginManager: Mounting plugin ProxyLODPlugin
LogPluginManager: Mounting plugin MagicLeap
LogPluginManager: Mounting plugin MagicLeapEmulator
LogPluginManager: Mounting plugin MagicLeapMedia
LogPluginManager: Mounting plugin Substance
LogPluginManager: Mounting plugin AndroidMedia
LogPluginManager: Mounting plugin AvfMedia
LogPluginManager: Mounting plugin ImgMedia
LogPluginManager: Mounting plugin LinearTimecode
LogPluginManager: Mounting plugin MediaCompositing
LogPluginManager: Mounting plugin MediaPlayerEditor
LogPluginManager: Mounting plugin WmfMedia
LogPluginManager: Mounting plugin TcpMessaging
LogPluginManager: Mounting plugin UdpMessaging
LogPluginManager: Mounting plugin ActorSequence
LogPluginManager: Mounting plugin LevelSequenceEditor
LogPluginManager: Mounting plugin MatineeToLevelSequence
LogPluginManager: Mounting plugin NetcodeUnitTest
LogPluginManager: Mounting plugin NUTUnrealEngine4
LogPluginManager: Mounting plugin OnlineSubsystemGooglePlay
LogPluginManager: Mounting plugin OnlineSubsystemIOS
LogPluginManager: Mounting plugin OnlineSubsystem
LogPluginManager: Mounting plugin OnlineSubsystemNull
LogPluginManager: Mounting plugin OnlineSubsystemUtils
LogPluginManager: Mounting plugin LauncherChunkInstaller
LogPluginManager: Mounting plugin AndroidDeviceProfileSelector
LogPluginManager: Mounting plugin AndroidMoviePlayer
LogPluginManager: Mounting plugin AndroidPermission
LogPluginManager: Mounting plugin AppleMoviePlayer
LogPluginManager: Mounting plugin ArchVisCharacter
LogPluginManager: Mounting plugin AudioCapture
LogPluginManager: Mounting plugin CableComponent
LogPluginManager: Mounting plugin CustomMeshComponent
LogPluginManager: Mounting plugin EditableMesh
LogPluginManager: Mounting plugin ExampleDeviceProfileSelector
LogPluginManager: Mounting plugin GoogleCloudMessaging
LogPluginManager: Mounting plugin ImmediatePhysics
LogPluginManager: Mounting plugin IOSDeviceProfileSelector
LogPluginManager: Mounting plugin LinuxDeviceProfileSelector
LogPluginManager: Mounting plugin LocationServicesBPLibrary
LogPluginManager: Mounting plugin MobilePatchingUtils
LogPluginManager: Mounting plugin OculusVR
LogPluginManager: Plugin shader directory ../../../Engine/Plugins/Runtime/Oculus/OculusVR/Shaders found
LogPluginManager: Mapping shader source directory ../../../Engine/Plugins/Runtime/Oculus/OculusVR/Shaders to virtual directory /Plugin/OculusVR
LogPluginManager: Mounting plugin PhysXVehicles
LogPluginManager: Mounting plugin ProceduralMeshComponent
LogPluginManager: Mounting plugin RuntimePhysXCooking
LogPluginManager: Mounting plugin SteamVR
LogPluginManager: Mounting plugin WindowsMoviePlayer
LogStreaming: Display: Took  0.211s to configure plugins.
LogInit: Using libcurl 7.55.1-DEV
LogInit:  - built for x86_64-pc-win32
LogInit:  - supports SSL with OpenSSL/1.0.2h
LogInit:  - supports HTTP deflate (compression) using libz 1.2.8
LogInit:  - other features:
LogInit:      CURL_VERSION_SSL
LogInit:      CURL_VERSION_LIBZ
LogInit:      CURL_VERSION_IPV6
LogInit:      CURL_VERSION_ASYNCHDNS
LogInit:      CURL_VERSION_LARGEFILE
LogInit:      CURL_VERSION_IDN
LogInit:  CurlRequestOptions (configurable via config and command line):
LogInit:  - bVerifyPeer = false  - Libcurl will NOT verify peer certificate
LogInit:  - bUseHttpProxy = false  - Libcurl will NOT use HTTP proxy
LogInit:  - bDontReuseConnections = false  - Libcurl will reuse connections
LogInit:  - CertBundlePath = nullptr  - Libcurl will use whatever was configured at build time.
LogInit:  - MaxHostConnections = 16  - Libcurl will limit the number of connections to a host
LogInit:  - LocalHostAddr = Default
LogInit:  - BufferSize = 65536
LogInit: WinSock: version 1.1 (2.2), MaxSocks=32767, MaxUdp=65467
LogInit: Build: ++UE4+Release-4.20-CL-4369336
LogInit: Engine Version: 4.20.3-4369336+++UE4+Release-4.20
LogInit: Compatible Engine Version: 4.20.0-4212847+++UE4+Release-4.20
LogInit: Net CL: 4212847
LogInit: OS: Windows 10 (), CPU: Intel(R) Core(TM) i7-7700HQ CPU @ 2.80GHz, GPU: NVIDIA GeForce GTX 1070
LogInit: Compiled (64-bit): Sep 17 2018 12:26:19
LogInit: Compiled with Visual C++: 19.13.26129.00
LogInit: Build Configuration: Development
LogInit: Branch Name: ++UE4+Release-4.20
LogInit: Command Line:  
LogInit: Base Directory: D:/Programs/Unreal Engine/UE_4.20/Engine/Binaries/Win64/
LogInit: Installed Engine Build: 1
LogDevObjectVersion: Number of dev versions registered: 20
LogDevObjectVersion:   Dev-Blueprints (B0D832E4-1F89-4F0D-ACCF-7EB736FD4AA2): 10
LogDevObjectVersion:   Dev-Build (E1C64328-A22C-4D53-A36C-8E866417BD8C): 0
LogDevObjectVersion:   Dev-Core (375EC13C-06E4-48FB-B500-84F0262A717E): 2
LogDevObjectVersion:   Dev-Editor (E4B068ED-F494-42E9-A231-DA0B2E46BB41): 24
LogDevObjectVersion:   Dev-Framework (CFFC743F-43B0-4480-9391-14DF171D2073): 34
LogDevObjectVersion:   Dev-Mobile (B02B49B5-BB20-44E9-A304-32B752E40360): 2
LogDevObjectVersion:   Dev-Networking (A4E4105C-59A1-49B5-A7C5-40C4547EDFEE): 0
LogDevObjectVersion:   Dev-Online (39C831C9-5AE6-47DC-9A44-9C173E1C8E7C): 0
LogDevObjectVersion:   Dev-Physics (78F01B33-EBEA-4F98-B9B4-84EACCB95AA2): 0
LogDevObjectVersion:   Dev-Platform (6631380F-2D4D-43E0-8009-CF276956A95A): 0
LogDevObjectVersion:   Dev-Rendering (12F88B9F-8875-4AFC-A67C-D90C383ABD29): 26
LogDevObjectVersion:   Dev-Sequencer (7B5AE74C-D270-4C10-A958-57980B212A5A): 9
LogDevObjectVersion:   Dev-VR (D7296918-1DD6-4BDD-9DE2-64A83CC13884): 2
LogDevObjectVersion:   Dev-LoadTimes (C2A15278-BFE7-4AFE-6C17-90FF531DF755): 1
LogDevObjectVersion:   Private-Geometry (6EACA3D4-40EC-4CC1-B786-8BED09428FC5): 3
LogDevObjectVersion:   Dev-AnimPhys (29E575DD-E0A3-4627-9D10-D276232CDCEA): 17
LogDevObjectVersion:   Dev-ReflectionCapture (6B266CEC-1EC7-4B8F-A30B-E4D90942FC07): 1
LogDevObjectVersion:   Dev-Automation (0DF73D61-A23F-47EA-B727-89E90C41499A): 1
LogDevObjectVersion:   FortniteMain (601D1886-AC64-4F84-AA16-D3DE0DEAC7D6): 12
LogDevObjectVersion:   Dev-Enterprise (9DFFBCD6-494F-0158-E221-12823C92A888): 1
LogStreaming: Display: Took  0.006s to delete old logs.
LogInit: Presizing for max 8388607 objects, including 0 objects not considered by GC, pre-allocating 0 bytes for permanent pool.
LogInit: Object subsystem initialized
[2018.11.15-05.21.40:007][  0]LogInit: Selected Device Profile: [Windows]
[2018.11.15-05.21.40:008][  0]LogInit: Applying CVar settings loaded from the selected device profile: [Windows]
[2018.11.15-05.21.40:033][  0]LogHAL: Display: Platform has ~ 16 GB [17046728704 / 17179869184 / 16], which maps to Larger [LargestMinGB=32, LargerMinGB=12, DefaultMinGB=8, SmallerMinGB=6, SmallestMinGB=0)
[2018.11.15-05.21.40:046][  0]LogInit: Setting Device Profile CVar: [[r.Vulkan.UseRealUBs:1]]
[2018.11.15-05.21.40:046][  0]LogInit: Going up to parent DeviceProfile []
[2018.11.15-05.21.40:072][  0]LogInit: Computer: ALIENMOMO
[2018.11.15-05.21.40:072][  0]LogInit: User: beclo
[2018.11.15-05.21.40:072][  0]LogInit: CPU Page size=4096, Cores=4
[2018.11.15-05.21.40:072][  0]LogInit: High frequency timer resolution =2.742189 MHz
[2018.11.15-05.21.40:072][  0]LogMemory: Memory total: Physical=15.9GB (16GB approx)
[2018.11.15-05.21.40:072][  0]LogMemory: Platform Memory Stats for Windows
[2018.11.15-05.21.40:072][  0]LogMemory: Process Physical Memory: 100.30 MB used, 100.30 MB peak
[2018.11.15-05.21.40:072][  0]LogMemory: Process Virtual Memory: 90.88 MB used, 90.88 MB peak
[2018.11.15-05.21.40:072][  0]LogMemory: Physical Memory: 6146.67 MB used,  10110.36 MB free, 16257.03 MB total
[2018.11.15-05.21.40:072][  0]LogMemory: Virtual Memory: 4630.64 MB used,  10110.36 MB free, 134217728.00 MB total
[2018.11.15-05.21.40:983][  0]LogInit: Using OS detected language (en-US).
[2018.11.15-05.21.40:983][  0]LogInit: Using OS detected locale (en-US).
[2018.11.15-05.21.41:044][  0]LogTextLocalizationManager: No specific localization for 'en-US' exists, so the 'en' localization will be used.
[2018.11.15-05.21.41:718][  0]LogStreaming: Display: Took  0.712s to InitEngineTextLocalization.
[2018.11.15-05.21.41:733][  0]LogInit: Setting process to per monitor DPI aware
[2018.11.15-05.21.42:298][  0]LogSlate: New Slate User Created.  User Index 0, Is Virtual User: 0
[2018.11.15-05.21.42:298][  0]LogSlate: Slate User Registered.  User Index 0, Is Virtual User: 0
[2018.11.15-05.21.44:134][  0]LogHMD: Failed to initialize OpenVR with code 110
[2018.11.15-05.21.44:134][  0]LogD3D11RHI: D3D11 adapters:
[2018.11.15-05.21.44:222][  0]LogD3D11RHI:    0. 'NVIDIA GeForce GTX 1070' (Feature Level 11_0)
[2018.11.15-05.21.44:222][  0]LogD3D11RHI:       8081/0/8128 MB DedicatedVideo/DedicatedSystem/SharedSystem, Outputs:1, VendorId:0x10de
[2018.11.15-05.21.44:268][  0]LogD3D11RHI:    1. 'Intel(R) HD Graphics 630' (Feature Level 11_0)
[2018.11.15-05.21.44:268][  0]LogD3D11RHI:       128/0/8128 MB DedicatedVideo/DedicatedSystem/SharedSystem, Outputs:0, VendorId:0x8086
[2018.11.15-05.21.44:271][  0]LogD3D11RHI:    2. 'Microsoft Basic Render Driver' (Feature Level 11_0)
[2018.11.15-05.21.44:272][  0]LogD3D11RHI:       0/0/8128 MB DedicatedVideo/DedicatedSystem/SharedSystem, Outputs:0, VendorId:0x1414
[2018.11.15-05.21.44:272][  0]LogD3D11RHI: Chosen D3D11 Adapter: 0
[2018.11.15-05.21.44:281][  0]LogD3D11RHI: Creating new Direct3DDevice
[2018.11.15-05.21.44:281][  0]LogD3D11RHI:     GPU DeviceId: 0x1be1 (for the marketing name, search the web for "GPU Device Id")
[2018.11.15-05.21.44:291][  0]LogWindows: EnumDisplayDevices:
[2018.11.15-05.21.44:291][  0]LogWindows:    0. 'NVIDIA GeForce GTX 1070' (P:1 D:1)
[2018.11.15-05.21.44:291][  0]LogWindows:    1. 'NVIDIA GeForce GTX 1070' (P:0 D:0)
[2018.11.15-05.21.44:292][  0]LogWindows:    2. 'NVIDIA GeForce GTX 1070' (P:0 D:0)
[2018.11.15-05.21.44:292][  0]LogWindows:    3. 'NVIDIA GeForce GTX 1070' (P:0 D:0)
[2018.11.15-05.21.44:293][  0]LogWindows:    4. 'Intel(R) HD Graphics 630' (P:0 D:0)
[2018.11.15-05.21.44:293][  0]LogWindows:    5. 'Intel(R) HD Graphics 630' (P:0 D:0)
[2018.11.15-05.21.44:293][  0]LogWindows:    6. 'Intel(R) HD Graphics 630' (P:0 D:0)
[2018.11.15-05.21.44:294][  0]LogWindows:    7. 'Intel(R) HD Graphics 630' (P:0 D:0)
[2018.11.15-05.21.44:295][  0]LogWindows:    8. 'Intel(R) HD Graphics 630' (P:0 D:0)
[2018.11.15-05.21.44:295][  0]LogWindows:    9. 'Intel(R) HD Graphics 630' (P:0 D:0)
[2018.11.15-05.21.44:295][  0]LogWindows:    10. 'Intel(R) HD Graphics 630' (P:0 D:0)
[2018.11.15-05.21.44:296][  0]LogWindows:    11. 'Intel(R) HD Graphics 630' (P:0 D:0)
[2018.11.15-05.21.44:296][  0]LogWindows:    12. 'Intel(R) HD Graphics 630' (P:0 D:0)
[2018.11.15-05.21.44:297][  0]LogWindows:    13. 'Intel(R) HD Graphics 630' (P:0 D:0)
[2018.11.15-05.21.44:297][  0]LogWindows:    14. 'Intel(R) HD Graphics 630' (P:0 D:0)
[2018.11.15-05.21.44:297][  0]LogWindows: DebugString: PrimaryIsNotTheChoosenAdapter PrimaryIsNotTheChoosenAdapter PrimaryIsNotTheChoosenAdapter PrimaryIsNotTheChoosenAdapter PrimaryIsNotTheChoosenAdapter PrimaryIsNotTheChoosenAdapter PrimaryIsNotTheChoosenAdapter PrimaryIsNotTheChoosenAdapter PrimaryIsNotTheChoosenAdapter PrimaryIsNotTheChoosenAdapter PrimaryIsNotTheChoosenAdapter FoundDriverCount:4 
[2018.11.15-05.21.44:297][  0]LogD3D11RHI:     Adapter Name: NVIDIA GeForce GTX 1070
[2018.11.15-05.21.44:298][  0]LogD3D11RHI:   Driver Version: 398.11 (internal:24.21.13.9811, unified:398.11)
[2018.11.15-05.21.44:298][  0]LogD3D11RHI:      Driver Date: 6-1-2018
[2018.11.15-05.21.44:298][  0]LogRHI: Texture pool is 5656 MB (70% of 8081 MB)
[2018.11.15-05.21.44:369][  0]LogD3D11RHI: Async texture creation enabled
[2018.11.15-05.21.44:591][  0]LogD3D11RHI: GPU Timing Frequency: 1000.000000 (Debug: 2 2)
[2018.11.15-05.21.44:673][  0]LogShaderCompilers: Guid format shader working directory is -7 characters bigger than the processId version (C:/Users/beclo/Documents/GitHub/Project-Final/Finals/Intermediate/Shaders/WorkingDirectory/11696/).
[2018.11.15-05.21.44:673][  0]LogShaderCompilers: Cleaned the shader compiler working directory 'C:/Users/beclo/AppData/Local/Temp/UnrealShaderWorkingDir/17B71D584598850FF1B314959A246DD4/'.
[2018.11.15-05.21.45:244][  0]LogTemp: Display: Loaded TP AllDesktopTargetPlatform
[2018.11.15-05.21.45:287][  0]LogTemp: Display: Loaded TP MacClientTargetPlatform
[2018.11.15-05.21.45:340][  0]LogTemp: Display: Loaded TP MacNoEditorTargetPlatform
[2018.11.15-05.21.45:361][  0]LogTemp: Display: Loaded TP MacServerTargetPlatform
[2018.11.15-05.21.45:401][  0]LogTemp: Display: Loaded TP MacTargetPlatform
[2018.11.15-05.21.45:441][  0]LogTemp: Display: Loaded TP WindowsClientTargetPlatform
[2018.11.15-05.21.45:472][  0]LogTemp: Display: Loaded TP WindowsNoEditorTargetPlatform
[2018.11.15-05.21.45:513][  0]LogTemp: Display: Loaded TP WindowsServerTargetPlatform
[2018.11.15-05.21.45:533][  0]LogTemp: Display: Loaded TP WindowsTargetPlatform
[2018.11.15-05.21.45:651][  0]LogTemp: Display: Loaded TP AndroidTargetPlatform
[2018.11.15-05.21.45:651][  0]LogTemp: Display: Loaded TP AndroidTargetPlatform
[2018.11.15-05.21.45:651][  0]LogTemp: Display: Loaded TP AndroidTargetPlatform
[2018.11.15-05.21.45:651][  0]LogTemp: Display: Loaded TP AndroidTargetPlatform
[2018.11.15-05.21.45:651][  0]LogTemp: Display: Loaded TP AndroidTargetPlatform
[2018.11.15-05.21.45:651][  0]LogTemp: Display: Loaded TP AndroidTargetPlatform
[2018.11.15-05.21.45:651][  0]LogTemp: Display: Loaded TP AndroidTargetPlatform
[2018.11.15-05.21.45:651][  0]LogTemp: Display: Loaded TP AndroidTargetPlatform
[2018.11.15-05.21.45:651][  0]LogTemp: Display: Loaded TP AndroidTargetPlatform
[2018.11.15-05.21.45:651][  0]LogTemp: Display: Loaded TP AndroidTargetPlatform
[2018.11.15-05.21.45:651][  0]LogTemp: Display: Loaded TP AndroidTargetPlatform
[2018.11.15-05.21.45:651][  0]LogTemp: Display: Loaded TP AndroidTargetPlatform
[2018.11.15-05.21.45:651][  0]LogTemp: Display: Loaded TP AndroidTargetPlatform
[2018.11.15-05.21.45:651][  0]LogTemp: Display: Loaded TP AndroidTargetPlatform
[2018.11.15-05.21.45:651][  0]LogTemp: Display: Loaded TP AndroidTargetPlatform
[2018.11.15-05.21.45:651][  0]LogTemp: Display: Loaded TP AndroidTargetPlatform
[2018.11.15-05.21.45:651][  0]LogTemp: Display: Loaded TP AndroidTargetPlatform
[2018.11.15-05.21.45:651][  0]LogTemp: Display: Loaded TP AndroidTargetPlatform
[2018.11.15-05.21.45:668][  0]LogTemp: Display: Loaded TP HTML5TargetPlatform
[2018.11.15-05.21.45:816][  0]LogTemp: Display: Loaded TP IOSTargetPlatform
[2018.11.15-05.21.45:816][  0]LogTemp: Display: Loaded TP IOSTargetPlatform
[2018.11.15-05.21.45:856][  0]LogTemp: Display: Loaded TP TVOSTargetPlatform
[2018.11.15-05.21.45:856][  0]LogTemp: Display: Loaded TP TVOSTargetPlatform
[2018.11.15-05.21.45:879][  0]LogTemp: Display: Loaded TP LinuxClientTargetPlatform
[2018.11.15-05.21.45:906][  0]LogTemp: Display: Loaded TP LinuxNoEditorTargetPlatform
[2018.11.15-05.21.45:937][  0]LogTemp: Display: Loaded TP LinuxServerTargetPlatform
[2018.11.15-05.21.45:966][  0]LogTemp: Display: Loaded TP LinuxTargetPlatform
[2018.11.15-05.21.45:997][  0]LogTemp: Display: Loaded TP LuminTargetPlatform
[2018.11.15-05.21.45:997][  0]LogTargetPlatformManager: Display: Building Assets For Windows
[2018.11.15-05.21.46:721][  0]LogXGEController: Cleaning working directory: C:/Users/beclo/AppData/Local/Temp/UnrealXGEWorkingDir/
[2018.11.15-05.21.46:722][  0]LogXGEController: Cannot use XGE Controller as Incredibuild is not installed on this machine.
[2018.11.15-05.21.46:722][  0]LogShaderCompilers: Cannot use XGE Shader Compiler as Incredibuild is not installed on this machine.
[2018.11.15-05.21.46:722][  0]LogShaderCompilers: Display: Using Local Shader Compiler.
[2018.11.15-05.21.48:599][  0]LogDerivedDataCache: Display: Max Cache Size: 512 MB
[2018.11.15-05.21.48:961][  0]LogDerivedDataCache: Loaded boot cache 0.36s 71MB C:/Users/beclo/AppData/Local/UnrealEngine/4.20/DerivedDataCache/Boot.ddc.
[2018.11.15-05.21.48:962][  0]LogDerivedDataCache: Display: Loaded Boot cache: C:/Users/beclo/AppData/Local/UnrealEngine/4.20/DerivedDataCache/Boot.ddc
[2018.11.15-05.21.48:962][  0]LogDerivedDataCache: FDerivedDataBackendGraph:  Pak pak cache file C:/Users/beclo/Documents/GitHub/Project-Final/Finals/DerivedDataCache/DDC.ddp not found, will not use a pak cache.
[2018.11.15-05.21.48:962][  0]LogDerivedDataCache: Unable to find inner node Pak for hierarchical cache Hierarchy.
[2018.11.15-05.21.48:962][  0]LogDerivedDataCache: FDerivedDataBackendGraph:  CompressedPak pak cache file C:/Users/beclo/Documents/GitHub/Project-Final/Finals/DerivedDataCache/Compressed.ddp not found, will not use a pak cache.
[2018.11.15-05.21.48:962][  0]LogDerivedDataCache: Unable to find inner node CompressedPak for hierarchical cache Hierarchy.
[2018.11.15-05.21.49:084][  0]LogDerivedDataCache: Display: Pak cache opened for reading ../../../Engine/DerivedDataCache/Compressed.ddp.
[2018.11.15-05.21.49:104][  0]LogDerivedDataCache: Using Local data cache path C:/Users/beclo/AppData/Local/UnrealEngine/Common/DerivedDataCache: Writable
[2018.11.15-05.21.49:104][  0]LogDerivedDataCache: Shared data cache path not found in *engine.ini, will not use an Shared cache.
[2018.11.15-05.21.49:104][  0]LogDerivedDataCache: Unable to find inner node Shared for hierarchical cache Hierarchy.
[2018.11.15-05.21.49:198][  0]LogMaterial: Verifying Global Shaders for PCD3D_SM5
[2018.11.15-05.21.49:258][  0]LogSlate: Using FreeType 2.6.0
[2018.11.15-05.21.49:325][  0]LogSlate: SlateFontServices - WITH_FREETYPE: 1, WITH_HARFBUZZ: 1
[2018.11.15-05.21.50:195][  0]LogAssetRegistry: FAssetRegistry took 0.0341 seconds to start up
[2018.11.15-05.21.52:627][  0]LogInit: Selected Device Profile: [Windows]
[2018.11.15-05.21.53:988][  0]LogSimplygon: Simplygon DLL not present - disabling.
[2018.11.15-05.21.54:171][  0]LogMeshReduction: Using SimplygonSwarm for distributed automatic mesh merging
[2018.11.15-05.21.54:171][  0]LogMeshReduction: Using ProxyLODMeshReduction for automatic mesh merging
[2018.11.15-05.21.54:190][  0]LogMeshReduction: Using QuadricMeshReduction for automatic static mesh reduction
[2018.11.15-05.21.54:190][  0]LogMeshReduction: No automatic skeletal mesh reduction module available
[2018.11.15-05.21.54:491][  0]LogNetVersion: Finals 1.0.0, NetCL: 4212847, EngineNetVer: 5, GameNetVer: 0 (Checksum: 3293051592)
[2018.11.15-05.21.58:215][  0]LogPackageLocalizationCache: Processed 11 localized package path(s) for 2 prioritized culture(s) in 0.134050 seconds
[2018.11.15-05.21.58:246][  0]LogUObjectArray: 38425 objects as part of root set at end of initial load.
[2018.11.15-05.21.58:246][  0]LogUObjectAllocator: 6690864 out of 0 bytes used by permanent object pool.
[2018.11.15-05.21.58:246][  0]LogUObjectArray: CloseDisregardForGC: 0/0 objects in disregard for GC pool
[2018.11.15-05.22.17:302][  0]LogSubstanceCoreModule: Substance [CPU] Engine Loaded, Max Texture Size = 2048
[2018.11.15-05.22.17:354][  0]LogTcpMessaging: Initializing TcpMessaging bridge
[2018.11.15-05.22.17:388][  0]LogUdpMessaging: Initializing bridge on interface 0.0.0.0:0 to multicast group 230.0.0.1:6666.
[2018.11.15-05.22.18:313][  0]SourceControl: Source control is disabled
[2018.11.15-05.22.18:313][  0]SourceControl: Source control is disabled
[2018.11.15-05.22.18:402][  0]SourceControl: Source control is disabled
[2018.11.15-05.22.18:420][  0]SourceControl: Source control is disabled
[2018.11.15-05.22.19:548][  0]LogAndroidPermission: UAndroidPermissionCallbackProxy::GetInstance
[2018.11.15-05.22.19:847][  0]LogOcInput: OculusInput pre-init called
[2018.11.15-05.22.20:788][  0]LogEngine: Initializing Engine...
[2018.11.15-05.22.20:811][  0]LogHMD: Failed to initialize OpenVR with code 110
[2018.11.15-05.22.20:821][  0]LogStats: UGameplayTagsManager::ConstructGameplayTagTree: ImportINI prefixes -  0.000 s
[2018.11.15-05.22.20:821][  0]LogStats: UGameplayTagsManager::ConstructGameplayTagTree: Construct from data asset -  0.000 s
[2018.11.15-05.22.20:821][  0]LogStats: UGameplayTagsManager::ConstructGameplayTagTree: ImportINI -  0.000 s
[2018.11.15-05.22.20:821][  0]LogStats: UGameplayTagsManager::ConstructGameplayTagTree: GameplayTagTreeChangedEvent.Broadcast -  0.000 s
[2018.11.15-05.22.21:565][  0]LogInit: Initializing FReadOnlyCVARCache
[2018.11.15-05.22.21:860][  0]LogAIModule: Creating AISystem for world Untitled
[2018.11.15-05.22.22:073][  0]LogInit: XAudio2 using 'Speakers / Headphones (Realtek Audio)' : 6 channels at 48 kHz using 32 bits per sample (channel mask 0x3f)
[2018.11.15-05.22.22:656][  0]LogInit: FAudioDevice initialized.
[2018.11.15-05.22.22:656][  0]LogNetVersion: Set ProjectVersion to 1.0.0.0. Version Checksum will be recalculated on next use.
[2018.11.15-05.22.22:739][  0]LogDerivedDataCache: Saved boot cache 0.08s 71MB C:/Users/beclo/AppData/Local/UnrealEngine/4.20/DerivedDataCache/Boot.ddc.
[2018.11.15-05.22.22:739][  0]LogInit: Texture streaming: Enabled
[2018.11.15-05.22.22:958][  0]LogEngineSessionManager: EngineSessionManager initialized
[2018.11.15-05.22.23:076][  0]LogInit: Transaction tracking system initialized
[2018.11.15-05.22.23:397][  0]BlueprintLog: New page: Editor Load
[2018.11.15-05.22.24:458][  0]LocalizationService: Localization service is disabled
[2018.11.15-05.22.27:449][  0]LogFileCache: Scanning file cache for directory 'C:/Users/beclo/Documents/GitHub/Project-Final/Finals/Content/' took 0.02s
[2018.11.15-05.22.27:449][  0]LogCook: Display: Max memory allowance for cook 16384mb min free memory 0mb
[2018.11.15-05.22.27:450][  0]LogCook: Display: Mobile HDR setting 1
[2018.11.15-05.22.27:450][  0]LogGameplayTags: Display: UGameplayTagsManager::DoneAddingNativeTags. DelegateIsBound: 0
[2018.11.15-05.22.27:451][  0]LogStats: UGameplayTagsManager::ConstructGameplayTagTree: ImportINI prefixes -  0.000 s
[2018.11.15-05.22.27:451][  0]LogStats: UGameplayTagsManager::ConstructGameplayTagTree: Construct from data asset -  0.000 s
[2018.11.15-05.22.27:451][  0]LogStats: UGameplayTagsManager::ConstructGameplayTagTree: ImportINI -  0.000 s
[2018.11.15-05.22.27:451][  0]LogStats: UGameplayTagsManager::ConstructGameplayTagTree: GameplayTagTreeChangedEvent.Broadcast -  0.000 s
[2018.11.15-05.22.29:480][  0]SourceControl: Source control is disabled
[2018.11.15-05.22.29:506][  0]Cmd: MAP LOAD FILE="C:/Users/beclo/Documents/GitHub/Project-Final/Finals/Content/Final/Levels/GameLevel.umap" TEMPLATE=0 SHOWPROGRESS=1 FEATURELEVEL=3
[2018.11.15-05.22.29:517][  0]LightingResults: New page: Lighting Build
[2018.11.15-05.22.29:629][  0]MapCheck: New page: Map Check
[2018.11.15-05.22.29:629][  0]LightingResults: New page: Lighting Build
[2018.11.15-05.22.31:563][  0]LogAIModule: Creating AISystem for world GameLevel
[2018.11.15-05.22.32:048][  0]LogEditorServer: Finished looking for orphan Actors (0.000 secs)
[2018.11.15-05.22.32:165][  0]Cmd: MAP CHECKDEP NOCLEARLOG
[2018.11.15-05.22.32:272][  0]MapCheck: Map check complete: 0 Error(s), 0 Warning(s), took 106.997ms to complete.
[2018.11.15-05.22.32:272][  0]LogFileHelpers: Loading map 'GameLevel' took 2.779
[2018.11.15-05.22.33:411][  0]LogSlate: Updating window title bar state: overlay mode, drag disabled, window buttons hidden, title bar hidden
[2018.11.15-05.22.33:447][  0]LogSlate: Updating window title bar state: overlay mode, drag disabled, window buttons hidden, title bar hidden
[2018.11.15-05.22.33:456][  0]LogSlate: Updating window title bar state: overlay mode, drag disabled, window buttons hidden, title bar hidden
[2018.11.15-05.22.33:465][  0]LogSlate: Updating window title bar state: overlay mode, drag disabled, window buttons hidden, title bar hidden
[2018.11.15-05.22.33:558][  0]LogCollectionManager: Loaded 0 collections in 0.002606 seconds
[2018.11.15-05.22.33:721][  0]LogFileCache: Scanning file cache for directory 'C:/Users/beclo/Documents/GitHub/Project-Final/Finals/Saved/Collections/' took 0.01s
[2018.11.15-05.22.33:721][  0]LogFileCache: Scanning file cache for directory 'C:/Users/beclo/Documents/GitHub/Project-Final/Finals/Content/Developers/beclo/Collections/' took 0.01s
[2018.11.15-05.22.33:721][  0]LogFileCache: Scanning file cache for directory 'C:/Users/beclo/Documents/GitHub/Project-Final/Finals/Content/Collections/' took 0.01s
[2018.11.15-05.22.33:721][  0]LogCollectionManager: Rebuilt the GUID cache for 0 collections in 0.000000 seconds
[2018.11.15-05.22.33:747][  0]LogContentBrowser: Native class hierarchy populated in 0.0105 seconds. Added 2586 classes and 609 folders.
[2018.11.15-05.22.33:807][  0]LogContentBrowser: Native class hierarchy updated for 'WidgetCarousel' in 0.0003 seconds. Added 0 classes and 0 folders.
[2018.11.15-05.22.34:673][  0]LogContentBrowser: Native class hierarchy updated for 'AddContentDialog' in 0.0003 seconds. Added 0 classes and 0 folders.
[2018.11.15-05.22.34:768][  0]LogContentBrowser: Native class hierarchy updated for 'SceneOutliner' in 0.0003 seconds. Added 1 classes and 2 folders.
[2018.11.15-05.22.35:539][  0]LogSlate: Took 0.011197 seconds to synchronously load lazily loaded font '../../../Engine/Content/Slate/Fonts/Roboto-Regular.ttf' (155K)
[2018.11.15-05.22.35:579][  0]LogSlate: Took 0.024631 seconds to synchronously load lazily loaded font '../../../Engine/Content/Slate/Fonts/Roboto-Bold.ttf' (160K)
[2018.11.15-05.22.35:633][  0]LogSlate: Took 0.011686 seconds to synchronously load lazily loaded font '../../../Engine/Content/Editor/Slate/Fonts/FontAwesome.ttf' (139K)
[2018.11.15-05.22.36:628][  0]LogRenderer: Reallocating scene render targets to support 1208x576 Format 10 NumSamples 1 (Frame:1).
[2018.11.15-05.22.37:188][  0]LogContentBrowser: Native class hierarchy updated for 'HierarchicalLODOutliner' in 0.0003 seconds. Added 0 classes and 0 folders.
[2018.11.15-05.22.37:188][  0]LogLoad: (Engine Initialization) Total time: 72.93 seconds
[2018.11.15-05.22.37:188][  0]LogLoad: (Engine Initialization) Total Blueprint compile time: 0.00 seconds
[2018.11.15-05.22.37:324][  0]LogContentStreaming: Texture pool size now 1000 MB
[2018.11.15-05.22.37:459][  0]LogSlate: Took 0.015737 seconds to synchronously load lazily loaded font '../../../Engine/Content/Slate/Fonts/Roboto-Light.ttf' (167K)
[2018.11.15-05.22.37:482][  1]LogSubstanceLiveLink: Warning: Unable to send data along socket, closing connection
[2018.11.15-05.22.37:581][  2]LogAssetRegistry: Asset discovery search completed in 47.4096 seconds
[2018.11.15-05.22.37:583][  2]LogCollectionManager: Rebuilt the object cache for 0 collections in 0.000000 seconds (found 0 objects)
[2018.11.15-05.22.37:583][  2]LogCollectionManager: Fixed up redirectors for 0 collections in 0.000046 seconds (updated 0 objects)
[2018.11.15-05.22.52:370][882]LogEditorViewport: Clicking on Actor (LMB): PaperSpriteActor (IMG-0465_Sprite_1)
[2018.11.15-05.23.18:600][411]LogSlate: FSceneViewport::OnFocusLost() reason 0
[2018.11.15-05.23.36:812][497]LogSlate: Took 0.000269 seconds to synchronously load lazily loaded font '../../../Engine/Content/Slate/Fonts/Roboto-Light.ttf' (167K)
[2018.11.15-05.23.36:822][497]LogAssetEditorManager: Opening Asset editor for Texture2D /Game/Final/Sprites/Tentacles/tentacle1.tentacle1
[2018.11.15-05.23.36:856][497]LogContentBrowser: Native class hierarchy updated for 'TextureEditor' in 0.0005 seconds. Added 1 classes and 2 folders.
[2018.11.15-05.23.55:459][587]LogSlate: Window 'tentacle1' being destroyed
[2018.11.15-05.23.55:465][587]LogSlate: Window 'tentacle1' being destroyed
[2018.11.15-05.23.58:940][790]LogAssetEditorManager: Opening Asset editor for PaperSprite /Game/Final/Sprites/Tentacles/tentacle1_Sprite_0.tentacle1_Sprite_0
[2018.11.15-05.23.59:101][790]LogSlate: Took 0.012380 seconds to synchronously load lazily loaded font '../../../Engine/Content/Slate/Fonts/Roboto-BoldCondensed.ttf' (158K)
[2018.11.15-05.23.59:294][790]LogRenderer: Reallocating scene render targets to support 1528x920 Format 10 NumSamples 1 (Frame:1).
[2018.11.15-05.24.03:848][ 62]LogSlate: Window 'tentacle1_Sprite_0' being destroyed
[2018.11.15-05.24.03:855][ 62]LogSlate: Window 'tentacle1_Sprite_0' being destroyed
[2018.11.15-05.24.34:251][874]LogAssetEditorManager: Opening Asset editor for PaperSprite /Game/Final/Sprites/Tentacles/tentacle1_Sprite_0.tentacle1_Sprite_0
[2018.11.15-05.25.24:883][853]Cmd: TRANSACTION UNDO
[2018.11.15-05.25.24:883][853]LogEditorTransaction: Undo Modification in Viewport
[2018.11.15-05.26.14:314][751]Cmd: TRANSACTION UNDO
[2018.11.15-05.26.14:314][751]LogEditorTransaction: Undo Modification in Viewport
[2018.11.15-05.26.18:069][963]Cmd: TRANSACTION UNDO
[2018.11.15-05.26.18:069][963]LogEditorTransaction: Undo Modification in Viewport
[2018.11.15-05.26.29:524][629]LogSlate: FSceneViewport::OnFocusLost() reason 0
[2018.11.15-05.26.29:763][634]LogSavePackage: Moving 'C:/Users/beclo/Documents/GitHub/Project-Final/Finals/Saved/tentacle1_Sprite_07653A2694342D4ECF58B60B3CD62E343.tmp' to 'C:/Users/beclo/Documents/GitHub/Project-Final/Finals/Content/Final/Sprites/Tentacles/tentacle1_Sprite_0.uasset'
[2018.11.15-05.26.30:685][688]LogSlate: Window 'tentacle1_Sprite_0' being destroyed
[2018.11.15-05.26.34:765][925]LogAssetEditorManager: Opening Asset editor for PaperSprite /Game/Final/Sprites/Tentacles/tentacle2_Sprite_0.tentacle2_Sprite_0
[2018.11.15-05.27.22:024][696]LogSlate: FSceneViewport::OnFocusLost() reason 0
[2018.11.15-05.27.22:142][700]LogSavePackage: Moving 'C:/Users/beclo/Documents/GitHub/Project-Final/Finals/Saved/tentacle2_Sprite_0F64A937E4AFD4CFE2DB375BE19268EF1.tmp' to 'C:/Users/beclo/Documents/GitHub/Project-Final/Finals/Content/Final/Sprites/Tentacles/tentacle2_Sprite_0.uasset'
[2018.11.15-05.27.22:927][747]LogSlate: Window 'tentacle2_Sprite_0' being destroyed
[2018.11.15-05.27.27:706][ 30]LogAssetEditorManager: Opening Asset editor for PaperSprite /Game/Final/Sprites/Tentacles/tentacle2_Sprite_1.tentacle2_Sprite_1
[2018.11.15-05.27.30:363][180]LogSlate: Window 'tentacle2_Sprite_1' being destroyed
[2018.11.15-05.27.30:369][180]LogSlate: Window 'tentacle2_Sprite_1' being destroyed
[2018.11.15-05.27.34:425][407]LogAssetEditorManager: Opening Asset editor for Texture2D /Game/Final/Sprites/Tentacles/tentacle_ground1.tentacle_ground1
[2018.11.15-05.27.37:130][559]LogSlate: Window 'tentacle_ground1' being destroyed
[2018.11.15-05.27.37:136][559]LogSlate: Window 'tentacle_ground1' being destroyed
[2018.11.15-05.27.39:139][676]LogAssetEditorManager: Opening Asset editor for PaperSprite /Game/Final/Sprites/Tentacles/tentacle_ground1_Sprite_0.tentacle_ground1_Sprite_0
[2018.11.15-05.28.47:628][528]LogSlate: FSceneViewport::OnFocusLost() reason 0
[2018.11.15-05.28.47:763][533]LogSavePackage: Moving 'C:/Users/beclo/Documents/GitHub/Project-Final/Finals/Saved/tentacle_ground1_Sprite_08FDBAA7F42D469B0633C9992B9F0F641.tmp' to 'C:/Users/beclo/Documents/GitHub/Project-Final/Finals/Content/Final/Sprites/Tentacles/tentacle_ground1_Sprite_0.uasset'
[2018.11.15-05.28.48:621][584]LogSlate: Window 'tentacle_ground1_Sprite_0' being destroyed
[2018.11.15-05.28.51:561][745]LogAssetEditorManager: Opening Asset editor for Texture2D /Game/Final/Sprites/Tentacles/tentacle_ground2.tentacle_ground2
[2018.11.15-05.28.53:867][875]LogSlate: Window 'tentacle_ground2' being destroyed
[2018.11.15-05.28.53:873][875]LogSlate: Window 'tentacle_ground2' being destroyed
[2018.11.15-05.28.54:955][937]LogAssetEditorManager: Opening Asset editor for PaperSprite /Game/Final/Sprites/Tentacles/tentacle_ground2_Sprite_0.tentacle_ground2_Sprite_0
[2018.11.15-05.28.58:158][117]LogSavePackage: Moving 'C:/Users/beclo/Documents/GitHub/Project-Final/Finals/Saved/tentacle_ground2_Sprite_0C27818F74B960A62A43E22BE0E143B42.tmp' to 'C:/Users/beclo/Documents/GitHub/Project-Final/Finals/Content/Final/Sprites/Tentacles/tentacle_ground2_Sprite_0.uasset'
[2018.11.15-05.28.58:994][167]LogSlate: Window 'tentacle_ground2_Sprite_0' being destroyed
[2018.11.15-05.28.59:000][167]LogSlate: Window 'tentacle_ground2_Sprite_0' being destroyed
[2018.11.15-05.29.01:327][304]LogAssetEditorManager: Opening Asset editor for PaperSprite /Game/Final/Sprites/Tentacles/tentaclearchlarge_Sprite_0.tentaclearchlarge_Sprite_0
[2018.11.15-05.29.29:509][892]Cmd: TRANSACTION UNDO
[2018.11.15-05.29.29:509][892]LogEditorTransaction: Undo Modification in Viewport
[2018.11.15-05.29.29:729][892]Cmd: TRANSACTION UNDO
[2018.11.15-05.29.29:729][892]LogEditorTransaction: Undo Modification in Viewport
[2018.11.15-05.29.29:905][892]Cmd: TRANSACTION UNDO
[2018.11.15-05.29.29:905][892]LogEditorTransaction: Undo Modification in Viewport
[2018.11.15-05.29.30:070][892]Cmd: TRANSACTION UNDO
[2018.11.15-05.29.30:070][892]LogEditorTransaction: Undo Modification in Viewport
[2018.11.15-05.29.30:248][892]Cmd: TRANSACTION UNDO
[2018.11.15-05.29.30:248][892]LogEditorTransaction: Undo Modification in Viewport
[2018.11.15-05.29.31:960][982]LogSlate: FSceneViewport::OnFocusLost() reason 0
[2018.11.15-05.29.32:060][988]LogSlate: Window 'tentaclearchlarge_Sprite_0*' being destroyed
[2018.11.15-05.29.32:067][988]LogSlate: Window 'tentaclearchlarge_Sprite_0*' being destroyed
[2018.11.15-05.29.33:490][ 70]LogAssetEditorManager: Opening Asset editor for PaperSprite /Game/Final/Sprites/Tentacles/tentaclearchlarge_Sprite_0.tentaclearchlarge_Sprite_0
[2018.11.15-05.30.02:238][681]LogPaper2D: Triangulation of poly failed.
[2018.11.15-05.30.02:255][682]LogPaper2D: Triangulation of poly failed.
[2018.11.15-05.30.02:272][683]LogPaper2D: Triangulation of poly failed.
[2018.11.15-05.30.02:288][684]LogPaper2D: Triangulation of poly failed.
[2018.11.15-05.30.02:305][685]LogPaper2D: Triangulation of poly failed.
[2018.11.15-05.30.02:322][686]LogPaper2D: Triangulation of poly failed.
[2018.11.15-05.30.02:339][687]LogPaper2D: Triangulation of poly failed.
[2018.11.15-05.30.02:355][688]LogPaper2D: Triangulation of poly failed.
[2018.11.15-05.30.02:371][689]LogPaper2D: Triangulation of poly failed.
[2018.11.15-05.30.02:389][690]LogPaper2D: Triangulation of poly failed.
[2018.11.15-05.30.02:404][691]LogPaper2D: Triangulation of poly failed.
[2018.11.15-05.30.02:421][692]LogPaper2D: Triangulation of poly failed.
[2018.11.15-05.30.02:438][693]LogPaper2D: Triangulation of poly failed.
[2018.11.15-05.30.02:454][694]LogPaper2D: Triangulation of poly failed.
[2018.11.15-05.30.02:471][695]LogPaper2D: Triangulation of poly failed.
[2018.11.15-05.30.02:488][696]LogPaper2D: Triangulation of poly failed.
[2018.11.15-05.30.02:504][697]LogPaper2D: Triangulation of poly failed.
[2018.11.15-05.30.02:522][698]LogPaper2D: Triangulation of poly failed.
[2018.11.15-05.30.02:538][699]LogPaper2D: Triangulation of poly failed.
[2018.11.15-05.30.02:555][700]LogPaper2D: Triangulation of poly failed.
[2018.11.15-05.30.02:571][701]LogPaper2D: Triangulation of poly failed.
[2018.11.15-05.30.02:587][702]LogPaper2D: Triangulation of poly failed.
[2018.11.15-05.30.02:604][703]LogPaper2D: Triangulation of poly failed.
[2018.11.15-05.30.02:621][704]LogPaper2D: Triangulation of poly failed.
[2018.11.15-05.30.02:638][705]LogPaper2D: Triangulation of poly failed.
[2018.11.15-05.30.02:654][706]LogPaper2D: Triangulation of poly failed.
[2018.11.15-05.30.02:671][707]LogPaper2D: Triangulation of poly failed.
[2018.11.15-05.30.02:688][708]LogPaper2D: Triangulation of poly failed.
[2018.11.15-05.30.02:704][709]LogPaper2D: Triangulation of poly failed.
[2018.11.15-05.30.02:721][710]LogPaper2D: Triangulation of poly failed.
[2018.11.15-05.30.02:738][711]LogPaper2D: Triangulation of poly failed.
[2018.11.15-05.30.02:755][712]LogPaper2D: Triangulation of poly failed.
[2018.11.15-05.30.02:771][713]LogPaper2D: Triangulation of poly failed.
[2018.11.15-05.30.02:787][714]LogPaper2D: Triangulation of poly failed.
[2018.11.15-05.30.02:804][715]LogPaper2D: Triangulation of poly failed.
[2018.11.15-05.30.02:821][716]LogPaper2D: Triangulation of poly failed.
[2018.11.15-05.30.02:838][717]LogPaper2D: Triangulation of poly failed.
[2018.11.15-05.30.02:854][718]LogPaper2D: Triangulation of poly failed.
[2018.11.15-05.30.02:871][719]LogPaper2D: Triangulation of poly failed.
[2018.11.15-05.30.02:888][720]LogPaper2D: Triangulation of poly failed.
[2018.11.15-05.30.02:904][721]LogPaper2D: Triangulation of poly failed.
[2018.11.15-05.30.02:921][722]LogPaper2D: Triangulation of poly failed.
[2018.11.15-05.30.02:938][723]LogPaper2D: Triangulation of poly failed.
[2018.11.15-05.30.02:954][724]LogPaper2D: Triangulation of poly failed.
[2018.11.15-05.30.02:971][725]LogPaper2D: Triangulation of poly failed.
[2018.11.15-05.30.02:988][726]LogPaper2D: Triangulation of poly failed.
[2018.11.15-05.30.03:005][727]LogPaper2D: Triangulation of poly failed.
[2018.11.15-05.30.03:021][728]LogPaper2D: Triangulation of poly failed.
[2018.11.15-05.30.03:038][729]LogPaper2D: Triangulation of poly failed.
[2018.11.15-05.30.03:055][730]LogPaper2D: Triangulation of poly failed.
[2018.11.15-05.30.03:071][731]LogPaper2D: Triangulation of poly failed.
[2018.11.15-05.30.03:088][732]LogPaper2D: Triangulation of poly failed.
[2018.11.15-05.30.03:105][733]LogPaper2D: Triangulation of poly failed.
[2018.11.15-05.30.03:288][733]LogPaper2D: Triangulation of poly failed.
[2018.11.15-05.30.03:288][733]LogPaper2D: Triangulation of poly failed.
[2018.11.15-05.30.03:306][733]LogPaper2D: Triangulation of poly failed.
[2018.11.15-05.30.03:317][734]LogPaper2D: Triangulation of poly failed.
[2018.11.15-05.30.03:334][735]LogPaper2D: Triangulation of poly failed.
[2018.11.15-05.30.03:351][736]LogPaper2D: Triangulation of poly failed.
[2018.11.15-05.30.03:368][737]LogPaper2D: Triangulation of poly failed.
[2018.11.15-05.30.03:384][738]LogPaper2D: Triangulation of poly failed.
[2018.11.15-05.30.03:401][739]LogPaper2D: Triangulation of poly failed.
[2018.11.15-05.30.03:417][740]LogPaper2D: Triangulation of poly failed.
[2018.11.15-05.30.03:434][741]LogPaper2D: Triangulation of poly failed.
[2018.11.15-05.30.03:451][742]LogPaper2D: Triangulation of poly failed.
[2018.11.15-05.30.03:468][743]LogPaper2D: Triangulation of poly failed.
[2018.11.15-05.30.03:485][744]LogPaper2D: Triangulation of poly failed.
[2018.11.15-05.30.03:500][745]LogPaper2D: Triangulation of poly failed.
[2018.11.15-05.30.03:517][746]LogPaper2D: Triangulation of poly failed.
[2018.11.15-05.30.03:533][747]LogPaper2D: Triangulation of poly failed.
[2018.11.15-05.30.03:550][748]LogPaper2D: Triangulation of poly failed.
[2018.11.15-05.30.03:567][749]LogPaper2D: Triangulation of poly failed.
[2018.11.15-05.30.03:584][750]LogPaper2D: Triangulation of poly failed.
[2018.11.15-05.30.03:600][751]LogPaper2D: Triangulation of poly failed.
[2018.11.15-05.30.03:617][752]LogPaper2D: Triangulation of poly failed.
[2018.11.15-05.30.03:634][753]LogPaper2D: Triangulation of poly failed.
[2018.11.15-05.30.03:651][754]LogPaper2D: Triangulation of poly failed.
[2018.11.15-05.30.03:667][755]LogPaper2D: Triangulation of poly failed.
[2018.11.15-05.30.03:684][756]LogPaper2D: Triangulation of poly failed.
[2018.11.15-05.30.03:701][757]LogPaper2D: Triangulation of poly failed.
[2018.11.15-05.30.03:717][758]LogPaper2D: Triangulation of poly failed.
[2018.11.15-05.30.03:733][759]LogPaper2D: Triangulation of poly failed.
[2018.11.15-05.30.03:750][760]LogPaper2D: Triangulation of poly failed.
[2018.11.15-05.30.03:766][761]LogPaper2D: Triangulation of poly failed.
[2018.11.15-05.30.03:783][762]LogPaper2D: Triangulation of poly failed.
[2018.11.15-05.30.03:800][763]LogPaper2D: Triangulation of poly failed.
[2018.11.15-05.30.03:817][764]LogPaper2D: Triangulation of poly failed.
[2018.11.15-05.30.03:833][765]LogPaper2D: Triangulation of poly failed.
[2018.11.15-05.30.03:850][766]LogPaper2D: Triangulation of poly failed.
[2018.11.15-05.30.03:867][767]LogPaper2D: Triangulation of poly failed.
[2018.11.15-05.30.03:884][768]LogPaper2D: Triangulation of poly failed.
[2018.11.15-05.30.03:900][769]LogPaper2D: Triangulation of poly failed.
[2018.11.15-05.30.03:917][770]LogPaper2D: Triangulation of poly failed.
[2018.11.15-05.30.03:933][771]LogPaper2D: Triangulation of poly failed.
[2018.11.15-05.30.03:950][772]LogPaper2D: Triangulation of poly failed.
[2018.11.15-05.30.03:967][773]LogPaper2D: Triangulation of poly failed.
[2018.11.15-05.30.03:983][774]LogPaper2D: Triangulation of poly failed.
[2018.11.15-05.30.04:000][775]LogPaper2D: Triangulation of poly failed.
[2018.11.15-05.30.04:017][776]LogPaper2D: Triangulation of poly failed.
[2018.11.15-05.30.04:034][777]LogPaper2D: Triangulation of poly failed.
[2018.11.15-05.30.04:050][778]LogPaper2D: Triangulation of poly failed.
[2018.11.15-05.30.04:067][779]LogPaper2D: Triangulation of poly failed.
[2018.11.15-05.30.04:084][780]LogPaper2D: Triangulation of poly failed.
[2018.11.15-05.30.04:101][781]LogPaper2D: Triangulation of poly failed.
[2018.11.15-05.30.04:116][782]LogPaper2D: Triangulation of poly failed.
[2018.11.15-05.30.04:133][783]LogPaper2D: Triangulation of poly failed.
[2018.11.15-05.30.04:150][784]LogPaper2D: Triangulation of poly failed.
[2018.11.15-05.30.04:166][785]LogPaper2D: Triangulation of poly failed.
[2018.11.15-05.30.04:184][786]LogPaper2D: Triangulation of poly failed.
[2018.11.15-05.30.04:201][787]LogPaper2D: Triangulation of poly failed.
[2018.11.15-05.30.04:217][788]LogPaper2D: Triangulation of poly failed.
[2018.11.15-05.30.04:233][789]LogPaper2D: Triangulation of poly failed.
[2018.11.15-05.30.04:250][790]LogPaper2D: Triangulation of poly failed.
[2018.11.15-05.30.04:267][791]LogPaper2D: Triangulation of poly failed.
[2018.11.15-05.30.04:284][792]LogPaper2D: Triangulation of poly failed.
[2018.11.15-05.30.04:300][793]LogPaper2D: Triangulation of poly failed.
[2018.11.15-05.30.04:317][794]LogPaper2D: Triangulation of poly failed.
[2018.11.15-05.30.04:334][795]LogPaper2D: Triangulation of poly failed.
[2018.11.15-05.30.04:351][796]LogPaper2D: Triangulation of poly failed.
[2018.11.15-05.30.04:368][797]LogPaper2D: Triangulation of poly failed.
[2018.11.15-05.30.04:384][798]LogPaper2D: Triangulation of poly failed.
[2018.11.15-05.30.04:401][799]LogPaper2D: Triangulation of poly failed.
[2018.11.15-05.30.04:417][800]LogPaper2D: Triangulation of poly failed.
[2018.11.15-05.30.04:433][801]LogPaper2D: Triangulation of poly failed.
[2018.11.15-05.30.04:453][802]LogPaper2D: Triangulation of poly failed.
[2018.11.15-05.30.04:467][803]LogPaper2D: Triangulation of poly failed.
[2018.11.15-05.30.04:483][804]LogPaper2D: Triangulation of poly failed.
[2018.11.15-05.30.04:500][805]LogPaper2D: Triangulation of poly failed.
[2018.11.15-05.30.04:501][805]LogPaper2D: Triangulation of poly failed.
[2018.11.15-05.30.04:511][805]LogPaper2D: Triangulation of poly failed.
[2018.11.15-05.30.04:512][805]LogPaper2D: Triangulation of poly failed.
[2018.11.15-05.30.04:531][806]LogPaper2D: Triangulation of poly failed.
[2018.11.15-05.30.04:548][807]LogPaper2D: Triangulation of poly failed.
[2018.11.15-05.30.04:564][808]LogPaper2D: Triangulation of poly failed.
[2018.11.15-05.30.04:581][809]LogPaper2D: Triangulation of poly failed.
[2018.11.15-05.30.04:598][810]LogPaper2D: Triangulation of poly failed.
[2018.11.15-05.30.04:614][811]LogPaper2D: Triangulation of poly failed.
[2018.11.15-05.30.04:631][812]LogPaper2D: Triangulation of poly failed.
[2018.11.15-05.30.04:648][813]LogPaper2D: Triangulation of poly failed.
[2018.11.15-05.30.04:664][814]LogPaper2D: Triangulation of poly failed.
[2018.11.15-05.30.04:681][815]LogPaper2D: Triangulation of poly failed.
[2018.11.15-05.30.04:698][816]LogPaper2D: Triangulation of poly failed.
[2018.11.15-05.30.04:714][817]LogPaper2D: Triangulation of poly failed.
[2018.11.15-05.30.04:732][818]LogPaper2D: Triangulation of poly failed.
[2018.11.15-05.30.04:748][819]LogPaper2D: Triangulation of poly failed.
[2018.11.15-05.30.04:765][820]LogPaper2D: Triangulation of poly failed.
[2018.11.15-05.30.04:781][821]LogPaper2D: Triangulation of poly failed.
[2018.11.15-05.30.04:797][822]LogPaper2D: Triangulation of poly failed.
[2018.11.15-05.30.04:814][823]LogPaper2D: Triangulation of poly failed.
[2018.11.15-05.30.04:831][824]LogPaper2D: Triangulation of poly failed.
[2018.11.15-05.30.04:847][825]LogPaper2D: Triangulation of poly failed.
[2018.11.15-05.30.04:865][826]LogPaper2D: Triangulation of poly failed.
[2018.11.15-05.30.04:881][827]LogPaper2D: Triangulation of poly failed.
[2018.11.15-05.30.04:898][828]LogPaper2D: Triangulation of poly failed.
[2018.11.15-05.30.04:915][829]LogPaper2D: Triangulation of poly failed.
[2018.11.15-05.30.04:931][830]LogPaper2D: Triangulation of poly failed.
[2018.11.15-05.30.04:948][831]LogPaper2D: Triangulation of poly failed.
[2018.11.15-05.30.04:965][832]LogPaper2D: Triangulation of poly failed.
[2018.11.15-05.30.04:981][833]LogPaper2D: Triangulation of poly failed.
[2018.11.15-05.30.04:998][834]LogPaper2D: Triangulation of poly failed.
[2018.11.15-05.30.05:015][835]LogPaper2D: Triangulation of poly failed.
[2018.11.15-05.30.05:032][836]LogPaper2D: Triangulation of poly failed.
[2018.11.15-05.30.05:048][837]LogPaper2D: Triangulation of poly failed.
[2018.11.15-05.30.05:065][838]LogPaper2D: Triangulation of poly failed.
[2018.11.15-05.30.05:082][839]LogPaper2D: Triangulation of poly failed.
[2018.11.15-05.30.05:098][840]LogPaper2D: Triangulation of poly failed.
[2018.11.15-05.30.05:115][841]LogPaper2D: Triangulation of poly failed.
[2018.11.15-05.30.05:132][842]LogPaper2D: Triangulation of poly failed.
[2018.11.15-05.30.05:148][843]LogPaper2D: Triangulation of poly failed.
[2018.11.15-05.30.05:164][844]LogPaper2D: Triangulation of poly failed.
[2018.11.15-05.30.05:181][845]LogPaper2D: Triangulation of poly failed.
[2018.11.15-05.30.05:197][846]LogPaper2D: Triangulation of poly failed.
[2018.11.15-05.30.05:214][847]LogPaper2D: Triangulation of poly failed.
[2018.11.15-05.30.05:231][848]LogPaper2D: Triangulation of poly failed.
[2018.11.15-05.30.05:247][849]LogPaper2D: Triangulation of poly failed.
[2018.11.15-05.30.05:264][850]LogPaper2D: Triangulation of poly failed.
[2018.11.15-05.30.05:281][851]LogPaper2D: Triangulation of poly failed.
[2018.11.15-05.30.05:298][852]LogPaper2D: Triangulation of poly failed.
[2018.11.15-05.30.05:314][853]LogPaper2D: Triangulation of poly failed.
[2018.11.15-05.30.05:331][854]LogPaper2D: Triangulation of poly failed.
[2018.11.15-05.30.05:348][855]LogPaper2D: Triangulation of poly failed.
[2018.11.15-05.30.05:364][856]LogPaper2D: Triangulation of poly failed.
[2018.11.15-05.30.05:381][857]LogPaper2D: Triangulation of poly failed.
[2018.11.15-05.30.05:398][858]LogPaper2D: Triangulation of poly failed.
[2018.11.15-05.30.05:415][859]LogPaper2D: Triangulation of poly failed.
[2018.11.15-05.30.05:431][860]LogPaper2D: Triangulation of poly failed.
[2018.11.15-05.30.05:448][861]LogPaper2D: Triangulation of poly failed.
[2018.11.15-05.30.05:465][862]LogPaper2D: Triangulation of poly failed.
[2018.11.15-05.30.05:481][863]LogPaper2D: Triangulation of poly failed.
[2018.11.15-05.30.05:501][864]LogPaper2D: Triangulation of poly failed.
[2018.11.15-05.30.05:515][865]LogPaper2D: Triangulation of poly failed.
[2018.11.15-05.30.05:530][866]LogPaper2D: Triangulation of poly failed.
[2018.11.15-05.30.05:547][867]LogPaper2D: Triangulation of poly failed.
[2018.11.15-05.30.05:564][868]LogPaper2D: Triangulation of poly failed.
[2018.11.15-05.30.05:581][869]LogPaper2D: Triangulation of poly failed.
[2018.11.15-05.30.05:598][870]LogPaper2D: Triangulation of poly failed.
[2018.11.15-05.30.05:614][871]LogPaper2D: Triangulation of poly failed.
[2018.11.15-05.30.05:632][872]LogPaper2D: Triangulation of poly failed.
[2018.11.15-05.30.05:648][873]LogPaper2D: Triangulation of poly failed.
[2018.11.15-05.30.05:665][874]LogPaper2D: Triangulation of poly failed.
[2018.11.15-05.30.05:681][875]LogPaper2D: Triangulation of poly failed.
[2018.11.15-05.30.05:698][876]LogPaper2D: Triangulation of poly failed.
[2018.11.15-05.30.05:714][877]LogPaper2D: Triangulation of poly failed.
[2018.11.15-05.30.05:731][878]LogPaper2D: Triangulation of poly failed.
[2018.11.15-05.30.05:747][879]LogPaper2D: Triangulation of poly failed.
[2018.11.15-05.30.05:764][880]LogPaper2D: Triangulation of poly failed.
[2018.11.15-05.30.05:781][881]LogPaper2D: Triangulation of poly failed.
[2018.11.15-05.30.05:798][882]LogPaper2D: Triangulation of poly failed.
[2018.11.15-05.30.05:815][883]LogPaper2D: Triangulation of poly failed.
[2018.11.15-05.30.05:832][884]LogPaper2D: Triangulation of poly failed.
[2018.11.15-05.30.05:848][885]LogPaper2D: Triangulation of poly failed.
[2018.11.15-05.30.05:865][886]LogPaper2D: Triangulation of poly failed.
[2018.11.15-05.30.05:882][887]LogPaper2D: Triangulation of poly failed.
[2018.11.15-05.30.05:898][888]LogPaper2D: Triangulation of poly failed.
[2018.11.15-05.30.05:915][889]LogPaper2D: Triangulation of poly failed.
[2018.11.15-05.30.05:931][890]LogPaper2D: Triangulation of poly failed.
[2018.11.15-05.30.05:948][891]LogPaper2D: Triangulation of poly failed.
[2018.11.15-05.30.05:965][892]LogPaper2D: Triangulation of poly failed.
[2018.11.15-05.30.05:981][893]LogPaper2D: Triangulation of poly failed.
[2018.11.15-05.30.05:998][894]LogPaper2D: Triangulation of poly failed.
[2018.11.15-05.30.06:014][895]LogPaper2D: Triangulation of poly failed.
[2018.11.15-05.30.06:031][896]LogPaper2D: Triangulation of poly failed.
[2018.11.15-05.30.06:048][897]LogPaper2D: Triangulation of poly failed.
[2018.11.15-05.30.06:064][898]LogPaper2D: Triangulation of poly failed.
[2018.11.15-05.30.06:081][899]LogPaper2D: Triangulation of poly failed.
[2018.11.15-05.30.06:098][900]LogPaper2D: Triangulation of poly failed.
[2018.11.15-05.30.06:115][901]LogPaper2D: Triangulation of poly failed.
[2018.11.15-05.30.06:132][902]LogPaper2D: Triangulation of poly failed.
[2018.11.15-05.30.06:148][903]LogPaper2D: Triangulation of poly failed.
[2018.11.15-05.30.06:165][904]LogPaper2D: Triangulation of poly failed.
[2018.11.15-05.30.06:181][905]LogPaper2D: Triangulation of poly failed.
[2018.11.15-05.30.06:198][906]LogPaper2D: Triangulation of poly failed.
[2018.11.15-05.30.06:215][907]LogPaper2D: Triangulation of poly failed.
[2018.11.15-05.30.06:232][908]LogPaper2D: Triangulation of poly failed.
[2018.11.15-05.30.06:248][909]LogPaper2D: Triangulation of poly failed.
[2018.11.15-05.30.06:265][910]LogPaper2D: Triangulation of poly failed.
[2018.11.15-05.30.06:282][911]LogPaper2D: Triangulation of poly failed.
[2018.11.15-05.30.06:297][912]LogPaper2D: Triangulation of poly failed.
[2018.11.15-05.30.06:314][913]LogPaper2D: Triangulation of poly failed.
[2018.11.15-05.30.06:331][914]LogPaper2D: Triangulation of poly failed.
[2018.11.15-05.30.06:347][915]LogPaper2D: Triangulation of poly failed.
[2018.11.15-05.30.06:364][916]LogPaper2D: Triangulation of poly failed.
[2018.11.15-05.30.06:381][917]LogPaper2D: Triangulation of poly failed.
[2018.11.15-05.30.06:398][918]LogPaper2D: Triangulation of poly failed.
[2018.11.15-05.30.06:415][919]LogPaper2D: Triangulation of poly failed.
[2018.11.15-05.30.06:431][920]LogPaper2D: Triangulation of poly failed.
[2018.11.15-05.30.06:448][921]LogPaper2D: Triangulation of poly failed.
[2018.11.15-05.30.06:465][922]LogPaper2D: Triangulation of poly failed.
[2018.11.15-05.30.06:481][923]LogPaper2D: Triangulation of poly failed.
[2018.11.15-05.30.06:498][924]LogPaper2D: Triangulation of poly failed.
[2018.11.15-05.30.06:514][925]LogPaper2D: Triangulation of poly failed.
[2018.11.15-05.30.06:531][926]LogPaper2D: Triangulation of poly failed.
[2018.11.15-05.30.06:548][927]LogPaper2D: Triangulation of poly failed.
[2018.11.15-05.30.06:565][928]LogPaper2D: Triangulation of poly failed.
[2018.11.15-05.30.06:582][929]LogPaper2D: Triangulation of poly failed.
[2018.11.15-05.30.06:598][930]LogPaper2D: Triangulation of poly failed.
[2018.11.15-05.30.06:615][931]LogPaper2D: Triangulation of poly failed.
[2018.11.15-05.30.06:631][932]LogPaper2D: Triangulation of poly failed.
[2018.11.15-05.30.06:648][933]LogPaper2D: Triangulation of poly failed.
[2018.11.15-05.30.06:665][934]LogPaper2D: Triangulation of poly failed.
[2018.11.15-05.30.06:681][935]LogPaper2D: Triangulation of poly failed.
[2018.11.15-05.30.06:697][936]LogPaper2D: Triangulation of poly failed.
[2018.11.15-05.30.06:714][937]LogPaper2D: Triangulation of poly failed.
[2018.11.15-05.30.06:731][938]LogPaper2D: Triangulation of poly failed.
[2018.11.15-05.30.06:748][939]LogPaper2D: Triangulation of poly failed.
[2018.11.15-05.30.06:764][940]LogPaper2D: Triangulation of poly failed.
[2018.11.15-05.30.06:781][941]LogPaper2D: Triangulation of poly failed.
[2018.11.15-05.30.06:797][942]LogPaper2D: Triangulation of poly failed.
[2018.11.15-05.30.06:814][943]LogPaper2D: Triangulation of poly failed.
[2018.11.15-05.30.06:831][944]LogPaper2D: Triangulation of poly failed.
[2018.11.15-05.30.06:848][945]LogPaper2D: Triangulation of poly failed.
[2018.11.15-05.30.06:865][946]LogPaper2D: Triangulation of poly failed.
[2018.11.15-05.30.06:881][947]LogPaper2D: Triangulation of poly failed.
[2018.11.15-05.30.07:075][947]LogPaper2D: Triangulation of poly failed.
[2018.11.15-05.30.07:075][947]LogPaper2D: Triangulation of poly failed.
[2018.11.15-05.30.07:097][947]LogPaper2D: Triangulation of poly failed.
[2018.11.15-05.30.07:108][948]LogPaper2D: Triangulation of poly failed.
[2018.11.15-05.30.07:125][949]LogPaper2D: Triangulation of poly failed.
[2018.11.15-05.30.07:142][950]LogPaper2D: Triangulation of poly failed.
[2018.11.15-05.30.07:159][951]LogPaper2D: Triangulation of poly failed.
[2018.11.15-05.30.07:176][952]LogPaper2D: Triangulation of poly failed.
[2018.11.15-05.30.07:192][953]LogPaper2D: Triangulation of poly failed.
[2018.11.15-05.30.07:209][954]LogPaper2D: Triangulation of poly failed.
[2018.11.15-05.30.07:226][955]LogPaper2D: Triangulation of poly failed.
[2018.11.15-05.30.07:242][956]LogPaper2D: Triangulation of poly failed.
[2018.11.15-05.30.07:259][957]LogPaper2D: Triangulation of poly failed.
[2018.11.15-05.30.07:276][958]LogPaper2D: Triangulation of poly failed.
[2018.11.15-05.30.07:293][959]LogPaper2D: Triangulation of poly failed.
[2018.11.15-05.30.07:309][960]LogPaper2D: Triangulation of poly failed.
[2018.11.15-05.30.07:325][961]LogPaper2D: Triangulation of poly failed.
[2018.11.15-05.30.07:342][962]LogPaper2D: Triangulation of poly failed.
[2018.11.15-05.30.07:359][963]LogPaper2D: Triangulation of poly failed.
[2018.11.15-05.30.07:375][964]LogPaper2D: Triangulation of poly failed.
[2018.11.15-05.30.07:393][965]LogPaper2D: Triangulation of poly failed.
[2018.11.15-05.30.07:409][966]LogPaper2D: Triangulation of poly failed.
[2018.11.15-05.30.07:426][967]LogPaper2D: Triangulation of poly failed.
[2018.11.15-05.30.07:442][968]LogPaper2D: Triangulation of poly failed.
[2018.11.15-05.30.07:459][969]LogPaper2D: Triangulation of poly failed.
[2018.11.15-05.30.07:476][970]LogPaper2D: Triangulation of poly failed.
[2018.11.15-05.30.07:492][971]LogPaper2D: Triangulation of poly failed.
[2018.11.15-05.30.07:509][972]LogPaper2D: Triangulation of poly failed.
[2018.11.15-05.30.07:526][973]LogPaper2D: Triangulation of poly failed.
[2018.11.15-05.30.07:542][974]LogPaper2D: Triangulation of poly failed.
[2018.11.15-05.30.07:559][975]LogPaper2D: Triangulation of poly failed.
[2018.11.15-05.30.07:576][976]LogPaper2D: Triangulation of poly failed.
[2018.11.15-05.30.07:593][977]LogPaper2D: Triangulation of poly failed.
[2018.11.15-05.30.07:608][978]LogPaper2D: Triangulation of poly failed.
[2018.11.15-05.30.07:625][979]LogPaper2D: Triangulation of poly failed.
[2018.11.15-05.30.07:642][980]LogPaper2D: Triangulation of poly failed.
[2018.11.15-05.30.07:658][981]LogPaper2D: Triangulation of poly failed.
[2018.11.15-05.30.07:675][982]LogPaper2D: Triangulation of poly failed.
[2018.11.15-05.30.07:692][983]LogPaper2D: Triangulation of poly failed.
[2018.11.15-05.30.07:708][984]LogPaper2D: Triangulation of poly failed.
[2018.11.15-05.30.07:725][985]LogPaper2D: Triangulation of poly failed.
[2018.11.15-05.30.07:742][986]LogPaper2D: Triangulation of poly failed.
[2018.11.15-05.30.07:759][987]LogPaper2D: Triangulation of poly failed.
[2018.11.15-05.30.07:775][988]LogPaper2D: Triangulation of poly failed.
[2018.11.15-05.30.07:795][989]LogPaper2D: Triangulation of poly failed.
[2018.11.15-05.30.07:809][990]LogPaper2D: Triangulation of poly failed.
[2018.11.15-05.30.07:826][991]LogPaper2D: Triangulation of poly failed.
[2018.11.15-05.30.07:842][992]LogPaper2D: Triangulation of poly failed.
[2018.11.15-05.30.07:859][993]LogPaper2D: Triangulation of poly failed.
[2018.11.15-05.30.07:876][994]LogPaper2D: Triangulation of poly failed.
[2018.11.15-05.30.07:893][995]LogPaper2D: Triangulation of poly failed.
[2018.11.15-05.30.40:553][852]LogSlate: FSceneViewport::OnFocusLost() reason 0
[2018.11.15-05.30.40:719][859]LogSavePackage: Moving 'C:/Users/beclo/Documents/GitHub/Project-Final/Finals/Saved/tentaclearchlarge_Sprite_006213AD74607F455CB787699857B958F.tmp' to 'C:/Users/beclo/Documents/GitHub/Project-Final/Finals/Content/Final/Sprites/Tentacles/tentaclearchlarge_Sprite_0.uasset'
[2018.11.15-05.30.41:959][933]LogSlate: Window 'tentaclearchlarge_Sprite_0' being destroyed
[2018.11.15-05.30.41:965][933]LogSlate: Window 'tentaclearchlarge_Sprite_0' being destroyed
[2018.11.15-05.30.43:829][ 42]LogAssetEditorManager: Opening Asset editor for PaperSprite /Game/Final/Sprites/Tentacles/tentaclearchsmall_Sprite_0.tentaclearchsmall_Sprite_0
[2018.11.15-05.31.25:624][493]LogSlate: FSceneViewport::OnFocusLost() reason 0
[2018.11.15-05.31.25:751][498]LogSavePackage: Moving 'C:/Users/beclo/Documents/GitHub/Project-Final/Finals/Saved/tentaclearchsmall_Sprite_08BB46B3446217E337036078E7FBB5F74.tmp' to 'C:/Users/beclo/Documents/GitHub/Project-Final/Finals/Content/Final/Sprites/Tentacles/tentaclearchsmall_Sprite_0.uasset'
[2018.11.15-05.31.26:705][555]LogSlate: Window 'tentaclearchsmall_Sprite_0' being destroyed
[2018.11.15-05.31.26:711][555]LogSlate: Window 'tentaclearchsmall_Sprite_0' being destroyed
[2018.11.15-05.31.47:998][828]LogAssetEditorManager: Opening Asset editor for PaperSprite /Game/Final/Sprites/Trees/IMG-0465_Sprite_0.IMG-0465_Sprite_0
[2018.11.15-05.31.58:773][459]LogSlate: FSceneViewport::OnFocusLost() reason 0
[2018.11.15-05.31.58:874][465]LogSlate: Window 'IMG-0465_Sprite_0*' being destroyed
[2018.11.15-05.31.58:882][465]LogSlate: Window 'IMG-0465_Sprite_0*' being destroyed
[2018.11.15-05.32.04:676][656]Cmd: OBJ SAVEPACKAGE PACKAGE="/Game/Final/Levels/GameLevel" FILE="C:/Users/beclo/Documents/GitHub/Project-Final/Finals/Content/Final/Levels/GameLevel.umap" SILENT=true AUTOSAVING=false KEEPDIRTY=false
[2018.11.15-05.32.05:154][656]LogSavePackage: Moving 'C:/Users/beclo/Documents/GitHub/Project-Final/Finals/Saved/GameLevel8E05008C4B1A95E81AFBF7B6E37A88F7.tmp' to 'C:/Users/beclo/Documents/GitHub/Project-Final/Finals/Content/Final/Levels/GameLevel.umap'
[2018.11.15-05.32.05:189][656]Cmd: OBJ SAVEPACKAGE PACKAGE="/Game/Final/Levels/GameLevel_BuiltData" FILE="C:/Users/beclo/Documents/GitHub/Project-Final/Finals/Content/Final/Levels/GameLevel_BuiltData.uasset" SILENT=true
[2018.11.15-05.32.05:217][656]LogSavePackage: Moving 'C:/Users/beclo/Documents/GitHub/Project-Final/Finals/Saved/GameLevel_BuiltDataF61C6AF24B9E42D9F00BE1AACC695BE0.tmp' to 'C:/Users/beclo/Documents/GitHub/Project-Final/Finals/Content/Final/Levels/GameLevel_BuiltData.uasset'
[2018.11.15-05.32.07:594][791]Cmd: OBJ SAVEPACKAGE PACKAGE="/Game/Final/Sprites/Trees/IMG-0465_Sprite_0" FILE="C:/Users/beclo/Documents/GitHub/Project-Final/Finals/Content/Final/Sprites/Trees/IMG-0465_Sprite_0.uasset" SILENT=true
[2018.11.15-05.32.07:610][791]LogSavePackage: Moving 'C:/Users/beclo/Documents/GitHub/Project-Final/Finals/Saved/IMG-0465_Sprite_08F98B20048886474F54E79B35A244B97.tmp' to 'C:/Users/beclo/Documents/GitHub/Project-Final/Finals/Content/Final/Sprites/Trees/IMG-0465_Sprite_0.uasset'
[2018.11.15-05.32.09:584][902]LogSlate: Window 'Finals - Unreal Editor' being destroyed
[2018.11.15-05.32.09:806][903]Cmd: QUIT_EDITOR
[2018.11.15-05.32.09:935][903]LogWindowsTextInputMethodSystem: Display: IME system now deactivated.
[2018.11.15-05.32.09:976][903]LogExit: Preparing to exit.
[2018.11.15-05.32.10:952][903]LogExit: Editor shut down
[2018.11.15-05.32.10:952][903]LogExit: Transaction tracking system shut down
[2018.11.15-05.32.11:887][903]LogExit: Object subsystem successfully closed.
[2018.11.15-05.32.11:925][903]LogShaderCompilers: Display: Shaders left to compile 0
[2018.11.15-05.32.11:930][903]LogD3D11RHI: Shutdown
[2018.11.15-05.32.11:930][903]LogD3D11RHI: CleanupD3DDevice
[2018.11.15-05.32.11:931][903]LogD3D11RHI: ~FD3D11DynamicRHI
[2018.11.15-05.32.12:359][903]LogModuleManager: Shutting down and abandoning module TextureEditor (620)
[2018.11.15-05.32.12:359][903]LogModuleManager: Shutting down and abandoning module HierarchicalLODOutliner (618)
[2018.11.15-05.32.12:359][903]LogModuleManager: Shutting down and abandoning module SceneOutliner (616)
[2018.11.15-05.32.12:359][903]LogModuleManager: Shutting down and abandoning module AddContentDialog (614)
[2018.11.15-05.32.12:360][903]LogModuleManager: Shutting down and abandoning module WidgetCarousel (613)
[2018.11.15-05.32.12:360][903]LogModuleManager: Shutting down and abandoning module EditorWidgets (610)
[2018.11.15-05.32.12:360][903]LogModuleManager: Shutting down and abandoning module CollectionManager (608)
[2018.11.15-05.32.12:376][903]LogModuleManager: Shutting down and abandoning module StatsViewer (606)
[2018.11.15-05.32.12:376][903]LogModuleManager: Shutting down and abandoning module FoliageEdit (604)
[2018.11.15-05.32.12:376][903]LogModuleManager: Shutting down and abandoning module LandscapeEditor (602)
[2018.11.15-05.32.12:401][903]LogModuleManager: Shutting down and abandoning module MeshPaintMode (600)
[2018.11.15-05.32.12:401][903]LogModuleManager: Shutting down and abandoning module SceneDepthPickerMode (598)
[2018.11.15-05.32.12:401][903]LogModuleManager: Shutting down and abandoning module ActorPickerMode (596)
[2018.11.15-05.32.12:401][903]LogModuleManager: Shutting down and abandoning module GeometryMode (594)
[2018.11.15-05.32.12:401][903]LogModuleManager: Shutting down and abandoning module TextureAlignMode (592)
[2018.11.15-05.32.12:402][903]LogModuleManager: Shutting down and abandoning module BspMode (590)
[2018.11.15-05.32.12:402][903]LogModuleManager: Shutting down and abandoning module PIEPreviewDeviceProfileSelector (588)
[2018.11.15-05.32.12:402][903]LogModuleManager: Shutting down and abandoning module SequenceRecorderSections (586)
[2018.11.15-05.32.12:402][903]LogModuleManager: Shutting down and abandoning module AutomationWorker (584)
[2018.11.15-05.32.12:402][903]LogModuleManager: Shutting down and abandoning module AudioCaptureEditor (582)
[2018.11.15-05.32.12:402][903]LogModuleManager: Shutting down and abandoning module SequenceRecorder (581)
[2018.11.15-05.32.12:402][903]LogModuleManager: Shutting down and abandoning module MatineeToLevelSequence (578)
[2018.11.15-05.32.12:402][903]LogModuleManager: Shutting down and abandoning module LevelSequenceEditor (576)
[2018.11.15-05.32.12:411][903]LogModuleManager: Shutting down and abandoning module PlacementMode (575)
[2018.11.15-05.32.12:411][903]LogModuleManager: Shutting down and abandoning module MaterialEditor (574)
[2018.11.15-05.32.12:440][903]LogModuleManager: Shutting down and abandoning module WmfMediaFactory (570)
[2018.11.15-05.32.12:440][903]LogModuleManager: Shutting down and abandoning module WmfMediaEditor (568)
[2018.11.15-05.32.12:440][903]LogModuleManager: Shutting down and abandoning module MediaPlayerEditor (566)
[2018.11.15-05.32.12:440][903]LogModuleManager: Shutting down and abandoning module OpenExrWrapper (564)
[2018.11.15-05.32.12:440][903]LogModuleManager: Shutting down and abandoning module ImgMediaFactory (562)
[2018.11.15-05.32.12:440][903]LogModuleManager: Shutting down and abandoning module ImgMediaEditor (560)
[2018.11.15-05.32.12:440][903]LogModuleManager: Shutting down and abandoning module AvfMediaFactory (558)
[2018.11.15-05.32.12:440][903]LogModuleManager: Shutting down and abandoning module AvfMediaEditor (556)
[2018.11.15-05.32.12:441][903]LogModuleManager: Shutting down and abandoning module AndroidMediaFactory (554)
[2018.11.15-05.32.12:441][903]LogModuleManager: Shutting down and abandoning module AndroidMediaEditor (552)
[2018.11.15-05.32.12:441][903]LogModuleManager: Shutting down and abandoning module MagicLeapCameraPreviewFactory (550)
[2018.11.15-05.32.12:441][903]LogModuleManager: Shutting down and abandoning module MagicLeapMediaFactory (548)
[2018.11.15-05.32.12:441][903]LogModuleManager: Shutting down and abandoning module MagicLeapMediaEditor (546)
[2018.11.15-05.32.12:441][903]LogModuleManager: Shutting down and abandoning module CharacterAI (544)
[2018.11.15-05.32.12:441][903]LogModuleManager: Shutting down and abandoning module SmartSnapping (542)
[2018.11.15-05.32.12:441][903]LogModuleManager: Shutting down and abandoning module SessionServices (540)
[2018.11.15-05.32.12:441][903]LogModuleManager: Shutting down and abandoning module ViewportSnapping (538)
[2018.11.15-05.32.12:441][903]LogModuleManager: Shutting down and abandoning module ViewportInteraction (536)
[2018.11.15-05.32.12:441][903]LogModuleManager: Shutting down and abandoning module ClothPainter (534)
[2018.11.15-05.32.12:464][903]LogModuleManager: Shutting down and abandoning module SkeletalMeshEditor (533)
[2018.11.15-05.32.12:483][903]LogModuleManager: Shutting down and abandoning module LogVisualizer (530)
[2018.11.15-05.32.12:491][903]LogModuleManager: Shutting down and abandoning module IntroTutorials (528)
[2018.11.15-05.32.12:491][903]LogModuleManager: Shutting down and abandoning module GameProjectGeneration (527)
[2018.11.15-05.32.12:501][903]LogModuleManager: Shutting down and abandoning module LuminPlatformEditor (524)
[2018.11.15-05.32.12:501][903]LogModuleManager: Shutting down and abandoning module IOSPlatformEditor (522)
[2018.11.15-05.32.12:501][903]LogModuleManager: Shutting down and abandoning module HTML5PlatformEditor (520)
[2018.11.15-05.32.12:501][903]LogModuleManager: Shutting down and abandoning module AndroidPlatformEditor (518)
[2018.11.15-05.32.12:501][903]LogModuleManager: Shutting down and abandoning module AndroidDeviceDetection (517)
[2018.11.15-05.32.13:031][903]LogModuleManager: Shutting down and abandoning module WindowsPlatformEditor (514)
[2018.11.15-05.32.13:031][903]LogModuleManager: Shutting down and abandoning module LuminRuntimeSettings (512)
[2018.11.15-05.32.13:031][903]LogModuleManager: Shutting down and abandoning module IOSRuntimeSettings (510)
[2018.11.15-05.32.13:031][903]LogModuleManager: Shutting down and abandoning module AndroidRuntimeSettings (508)
[2018.11.15-05.32.13:031][903]LogModuleManager: Shutting down and abandoning module InputBindingEditor (506)
[2018.11.15-05.32.13:073][903]LogModuleManager: Shutting down and abandoning module MergeActors (504)
[2018.11.15-05.32.13:073][903]LogModuleManager: Shutting down and abandoning module LocalizationDashboard (502)
[2018.11.15-05.32.13:086][903]LogModuleManager: Shutting down and abandoning module LocalizationService (501)
[2018.11.15-05.32.13:086][903]LogModuleManager: Shutting down and abandoning module HardwareTargeting (498)
[2018.11.15-05.32.13:086][903]LogModuleManager: Shutting down and abandoning module DeviceProfileEditor (496)
[2018.11.15-05.32.13:086][903]LogModuleManager: Shutting down and abandoning module UndoHistory (494)
[2018.11.15-05.32.13:086][903]LogModuleManager: Shutting down and abandoning module XmlParser (492)
[2018.11.15-05.32.13:086][903]LogModuleManager: Shutting down and abandoning module Blutility (490)
[2018.11.15-05.32.13:086][903]LogModuleManager: Shutting down and abandoning module ProjectSettingsViewer (488)
[2018.11.15-05.32.13:086][903]LogModuleManager: Shutting down and abandoning module ProjectTargetPlatformEditor (487)
[2018.11.15-05.32.13:086][903]LogModuleManager: Shutting down and abandoning module EditorSettingsViewer (484)
[2018.11.15-05.32.13:086][903]LogModuleManager: Shutting down and abandoning module SettingsEditor (482)
[2018.11.15-05.32.13:086][903]LogModuleManager: Shutting down and abandoning module ProjectLauncher (480)
[2018.11.15-05.32.13:099][903]LogModuleManager: Shutting down and abandoning module SessionFrontend (478)
[2018.11.15-05.32.13:099][903]LogModuleManager: Shutting down and abandoning module ProfilerClient (476)
[2018.11.15-05.32.13:111][903]LogModuleManager: Shutting down and abandoning module DeviceManager (474)
[2018.11.15-05.32.13:112][903]LogModuleManager: Shutting down and abandoning module TargetDeviceServices (473)
[2018.11.15-05.32.13:167][903]LogModuleManager: Shutting down and abandoning module AutomationController (470)
[2018.11.15-05.32.13:167][903]LogModuleManager: Shutting down and abandoning module AutomationWindow (468)
[2018.11.15-05.32.13:189][903]LogModuleManager: Shutting down and abandoning module Layers (466)
[2018.11.15-05.32.13:218][903]LogModuleManager: Shutting down and abandoning module ComponentVisualizers (464)
[2018.11.15-05.32.13:218][903]LogModuleManager: Shutting down and abandoning module DetailCustomizations (462)
[2018.11.15-05.32.13:218][903]LogModuleManager: Shutting down and abandoning module PackagesDialog (460)
[2018.11.15-05.32.13:218][903]LogModuleManager: Shutting down and abandoning module Persona (458)
[2018.11.15-05.32.13:234][903]LogModuleManager: Shutting down and abandoning module AdvancedPreviewScene (457)
[2018.11.15-05.32.13:235][903]LogModuleManager: Shutting down and abandoning module AnimGraph (455)
[2018.11.15-05.32.13:235][903]LogModuleManager: Shutting down and abandoning module Kismet (452)
[2018.11.15-05.32.13:237][903]LogModuleManager: Shutting down and abandoning module GraphEditor (450)
[2018.11.15-05.32.13:265][903]LogModuleManager: Shutting down and abandoning module ClassViewer (448)
[2018.11.15-05.32.13:265][903]LogModuleManager: Shutting down and abandoning module Toolbox (446)
[2018.11.15-05.32.13:265][903]LogModuleManager: Shutting down and abandoning module ModuleUI (444)
[2018.11.15-05.32.13:271][903]LogModuleManager: Shutting down and abandoning module MovieSceneTools (442)
[2018.11.15-05.32.13:271][903]LogModuleManager: Shutting down and abandoning module OutputLog (440)
[2018.11.15-05.32.13:271][903]LogModuleManager: Shutting down and abandoning module GammaUI (438)
[2018.11.15-05.32.13:287][903]LogModuleManager: Shutting down and abandoning module Documentation (436)
[2018.11.15-05.32.13:287][903]LogModuleManager: Shutting down and abandoning module MovieSceneTracks (434)
[2018.11.15-05.32.13:294][903]LogModuleManager: Shutting down and abandoning module MovieScene (432)
[2018.11.15-05.32.13:294][903]LogModuleManager: Shutting down and abandoning module StreamingPauseRendering (430)
[2018.11.15-05.32.13:294][903]LogModuleManager: Shutting down and abandoning module LauncherPlatform (428)
[2018.11.15-05.32.13:294][903]LogModuleManager: Shutting down and abandoning module AnalyticsET (426)
[2018.11.15-05.32.13:294][903]LogModuleManager: Shutting down and abandoning module PortalServices (424)
[2018.11.15-05.32.13:294][903]LogModuleManager: Shutting down and abandoning module PortalRpc (422)
[2018.11.15-05.32.13:294][903]LogModuleManager: Shutting down and abandoning module MessagingRpc (420)
[2018.11.15-05.32.13:294][903]LogModuleManager: Shutting down and abandoning module AIModule (418)
[2018.11.15-05.32.13:295][903]LogModuleManager: Shutting down and abandoning module GameplayDebugger (417)
[2018.11.15-05.32.13:295][903]LogModuleManager: Shutting down and abandoning module AITestSuite (415)
[2018.11.15-05.32.13:295][903]LogModuleManager: Shutting down and abandoning module NavigationSystem (413)
[2018.11.15-05.32.13:295][903]LogModuleManager: Shutting down and abandoning module DesktopPlatform (410)
[2018.11.15-05.32.13:295][903]LogModuleManager: Shutting down and abandoning module ProfilerService (408)
[2018.11.15-05.32.13:478][903]LogModuleManager: Shutting down and abandoning module TaskGraph (406)
[2018.11.15-05.32.13:478][903]LogModuleManager: Shutting down and abandoning module SubstanceLiveLink (404)
[2018.11.15-05.32.13:479][903]LogModuleManager: Shutting down and abandoning module SubstanceSource (402)
[2018.11.15-05.32.13:479][903]LogModuleManager: Shutting down and abandoning module SubstanceEditor (400)
[2018.11.15-05.32.13:479][903]LogModuleManager: Shutting down and abandoning module SteamVRController (398)
[2018.11.15-05.32.13:479][903]LogModuleManager: Shutting down and abandoning module ProceduralMeshComponentEditor (396)
[2018.11.15-05.32.13:479][903]LogModuleManager: Shutting down and abandoning module ProceduralMeshComponent (394)
[2018.11.15-05.32.13:479][903]LogModuleManager: Shutting down and abandoning module OculusInput (392)
[2018.11.15-05.32.13:479][903]LogModuleManager: Shutting down and abandoning module MobilePatchingUtils (390)
[2018.11.15-05.32.13:479][903]LogModuleManager: Shutting down and abandoning module EditableMesh (388)
[2018.11.15-05.32.13:480][903]LogModuleManager: Shutting down and abandoning module CustomMeshComponent (386)
[2018.11.15-05.32.13:480][903]LogModuleManager: Shutting down and abandoning module CableComponent (384)
[2018.11.15-05.32.13:480][903]LogModuleManager: Shutting down and abandoning module AudioCapture (382)
[2018.11.15-05.32.13:480][903]LogModuleManager: Shutting down and abandoning module ArchVisCharacter (380)
[2018.11.15-05.32.13:480][903]LogModuleManager: Shutting down and abandoning module AndroidPermission (378)
[2018.11.15-05.32.13:480][903]LogModuleManager: Shutting down and abandoning module NUTUnrealEngine4 (376)
[2018.11.15-05.32.13:480][903]LogModuleManager: Shutting down and abandoning module NetcodeUnitTest (374)
[2018.11.15-05.32.13:497][903]LogModuleManager: Shutting down and abandoning module MediaCompositingEditor (372)
[2018.11.15-05.32.13:497][903]LogModuleManager: Shutting down and abandoning module MediaCompositing (370)
[2018.11.15-05.32.13:497][903]LogModuleManager: Shutting down and abandoning module LinearTimecode (368)
[2018.11.15-05.32.13:497][903]LogModuleManager: Shutting down and abandoning module ImgMedia (366)
[2018.11.15-05.32.13:518][903]LogModuleManager: Shutting down and abandoning module HTML5Networking (364)
[2018.11.15-05.32.13:518][903]LogModuleManager: Shutting down and abandoning module GeometryCacheTracks (362)
[2018.11.15-05.32.13:519][903]LogModuleManager: Shutting down and abandoning module GeometryCacheSequencer (360)
[2018.11.15-05.32.13:519][903]LogModuleManager: Shutting down and abandoning module BackChannel (358)
[2018.11.15-05.32.13:519][903]LogModuleManager: Shutting down and abandoning module AppleVision (356)
[2018.11.15-05.32.13:519][903]LogModuleManager: Shutting down and abandoning module AppleImageUtils (354)
[2018.11.15-05.32.13:519][903]LogModuleManager: Shutting down and abandoning module AlembicImporter (352)
[2018.11.15-05.32.13:519][903]LogModuleManager: Shutting down and abandoning module AlembicLibrary (351)
[2018.11.15-05.32.13:519][903]LogModuleManager: Shutting down and abandoning module GeometryCache (350)
[2018.11.15-05.32.13:519][903]LogModuleManager: Shutting down and abandoning module GeometryCacheEd (349)
[2018.11.15-05.32.13:519][903]LogModuleManager: Shutting down and abandoning module DatasmithContentEditor (344)
[2018.11.15-05.32.13:519][903]LogModuleManager: Shutting down and abandoning module DatasmithContent (342)
[2018.11.15-05.32.13:521][903]LogModuleManager: Shutting down and abandoning module SpeedTreeImporter (340)
[2018.11.15-05.32.13:521][903]LogModuleManager: Shutting down and abandoning module PluginBrowser (338)
[2018.11.15-05.32.13:526][903]LogModuleManager: Shutting down and abandoning module MobileLauncherProfileWizard (336)
[2018.11.15-05.32.13:538][903]LogModuleManager: Shutting down and abandoning module PolygonModeling (334)
[2018.11.15-05.32.13:538][903]LogModuleManager: Shutting down and abandoning module MeshEditor (332)
[2018.11.15-05.32.13:538][903]LogModuleManager: Shutting down and abandoning module CryptoKeysOpenSSL (330)
[2018.11.15-05.32.13:538][903]LogModuleManager: Shutting down and abandoning module CryptoKeys (328)
[2018.11.15-05.32.13:538][903]LogModuleManager: Shutting down and abandoning module VisualStudioSourceCodeAccess (326)
[2018.11.15-05.32.13:538][903]LogModuleManager: Shutting down and abandoning module VisualStudioCodeSourceCodeAccess (324)
[2018.11.15-05.32.13:538][903]LogModuleManager: Shutting down and abandoning module UObjectPlugin (322)
[2018.11.15-05.32.13:538][903]LogModuleManager: Shutting down and abandoning module SubversionSourceControl (320)
[2018.11.15-05.32.13:538][903]LogModuleManager: Shutting down and abandoning module PerforceSourceControl (318)
[2018.11.15-05.32.13:546][903]LogModuleManager: Shutting down and abandoning module GitSourceControl (316)
[2018.11.15-05.32.13:546][903]LogModuleManager: Shutting down and abandoning module SourceControl (315)
[2018.11.15-05.32.13:546][903]LogModuleManager: Shutting down and abandoning module CLionSourceCodeAccess (312)
[2018.11.15-05.32.13:546][903]LogModuleManager: Shutting down and abandoning module LightPropagationVolumeEditor (310)
[2018.11.15-05.32.13:546][903]LogModuleManager: Shutting down and abandoning module PaperTiledImporter (308)
[2018.11.15-05.32.13:546][903]LogModuleManager: Shutting down and abandoning module PaperSpriteSheetImporter (306)
[2018.11.15-05.32.13:546][903]LogModuleManager: Shutting down and abandoning module Paper2DEditor (304)
[2018.11.15-05.32.13:547][903]LogModuleManager: Shutting down and abandoning module MeshPaint (303)
[2018.11.15-05.32.13:547][903]LogModuleManager: Shutting down and abandoning module RuntimePhysXCooking (300)
[2018.11.15-05.32.13:547][903]LogModuleManager: Shutting down and abandoning module PhysXVehiclesEditor (298)
[2018.11.15-05.32.13:547][903]LogModuleManager: Shutting down and abandoning module PhysXVehicles (296)
[2018.11.15-05.32.13:547][903]LogModuleManager: Shutting down and abandoning module OculusEditor (294)
[2018.11.15-05.32.13:547][903]LogModuleManager: Shutting down and abandoning module LocationServicesBPLibrary (292)
[2018.11.15-05.32.13:547][903]LogModuleManager: Shutting down and abandoning module ImmediatePhysicsEditor (290)
[2018.11.15-05.32.13:547][903]LogModuleManager: Shutting down and abandoning module ImmediatePhysics (288)
[2018.11.15-05.32.13:547][903]LogModuleManager: Shutting down and abandoning module ActorSequence (286)
[2018.11.15-05.32.13:547][903]LogModuleManager: Shutting down and abandoning module UdpMessaging (284)
[2018.11.15-05.32.13:649][903]LogModuleManager: Shutting down and abandoning module TcpMessaging (282)
[2018.11.15-05.32.13:750][903]LogModuleManager: Shutting down and abandoning module SubstanceCore (280)
[2018.11.15-05.32.13:750][903]LogModuleManager: Shutting down and abandoning module MagicLeapAudio (278)
[2018.11.15-05.32.13:750][903]LogModuleManager: Shutting down and abandoning module GameplayTagsEditor (276)
[2018.11.15-05.32.13:761][903]LogModuleManager: Shutting down and abandoning module FacialAnimationEditor (274)
[2018.11.15-05.32.13:761][903]LogModuleManager: Shutting down and abandoning module FacialAnimation (272)
[2018.11.15-05.32.13:761][903]LogModuleManager: Shutting down and abandoning module DataValidation (270)
[2018.11.15-05.32.13:761][903]LogModuleManager: Shutting down and abandoning module AssetManagerEditor (268)
[2018.11.15-05.32.13:778][903]LogModuleManager: Shutting down and abandoning module LevelEditor (267)
[2018.11.15-05.32.13:779][903]LogModuleManager: Shutting down and abandoning module PixelInspectorModule (266)
[2018.11.15-05.32.13:779][903]LogModuleManager: Shutting down and abandoning module CommonMenuExtensions (264)
[2018.11.15-05.32.13:779][903]LogModuleManager: Shutting down and abandoning module MainFrame (262)
[2018.11.15-05.32.13:779][903]LogModuleManager: Shutting down and abandoning module HotReload (261)
[2018.11.15-05.32.13:780][903]LogModuleManager: Shutting down and abandoning module ContentBrowser (257)
[2018.11.15-05.32.13:781][903]LogModuleManager: Shutting down and abandoning module TreeMap (255)
[2018.11.15-05.32.13:781][903]LogModuleManager: Shutting down and abandoning module LightPropagationVolumeRuntime (252)
[2018.11.15-05.32.13:781][903]LogModuleManager: Shutting down and abandoning module AISupportModule (250)
[2018.11.15-05.32.13:781][903]LogModuleManager: Shutting down and abandoning module Paper2D (248)
[2018.11.15-05.32.13:781][903]LogModuleManager: Shutting down and abandoning module WindowsMoviePlayer (246)
[2018.11.15-05.32.13:781][903]LogModuleManager: Shutting down and abandoning module WmfMedia (244)
[2018.11.15-05.32.13:792][903]LogModuleManager: Shutting down and abandoning module Media (243)
[2018.11.15-05.32.13:799][903]LogModuleManager: Shutting down and abandoning module PacketHandler (240)
[2018.11.15-05.32.13:799][903]LogModuleManager: Shutting down and abandoning module ClothingSystemEditor (238)
[2018.11.15-05.32.13:799][903]LogModuleManager: Shutting down and abandoning module ClothingSystemRuntime (236)
[2018.11.15-05.32.13:799][903]LogModuleManager: Shutting down and abandoning module MediaAssets (234)
[2018.11.15-05.32.13:800][903]LogModuleManager: Shutting down and abandoning module Overlay (232)
[2018.11.15-05.32.13:800][903]LogModuleManager: Shutting down and abandoning module OverlayEditor (231)
[2018.11.15-05.32.13:800][903]LogModuleManager: Shutting down and abandoning module VREditor (228)
[2018.11.15-05.32.13:806][903]LogModuleManager: Shutting down and abandoning module StringTableEditor (226)
[2018.11.15-05.32.13:816][903]LogModuleManager: Shutting down and abandoning module GameplayTasksEditor (224)
[2018.11.15-05.32.13:816][903]LogModuleManager: Shutting down and abandoning module BehaviorTreeEditor (222)
[2018.11.15-05.32.13:831][903]LogModuleManager: Shutting down and abandoning module FunctionalTesting (220)
[2018.11.15-05.32.13:831][903]LogModuleManager: Shutting down and abandoning module CollisionAnalyzer (218)
[2018.11.15-05.32.13:831][903]LogModuleManager: Shutting down and abandoning module WorkspaceMenuStructure (217)
[2018.11.15-05.32.13:831][903]LogModuleManager: Shutting down and abandoning module UMG (214)
[2018.11.15-05.32.13:848][903]LogModuleManager: Shutting down and abandoning module UMGEditor (213)
[2018.11.15-05.32.13:850][903]LogModuleManager: Shutting down and abandoning module Sequencer (212)
[2018.11.15-05.32.13:872][903]LogModuleManager: Shutting down and abandoning module MessageLog (209)
[2018.11.15-05.32.13:872][903]LogModuleManager: Shutting down and abandoning module SlateReflector (204)
[2018.11.15-05.32.13:889][903]LogModuleManager: Shutting down and abandoning module Slate (202)
[2018.11.15-05.32.13:889][903]LogModuleManager: Shutting down and abandoning module EditorStyle (200)
[2018.11.15-05.32.13:894][903]LogModuleManager: Shutting down and abandoning module MRMesh (198)
[2018.11.15-05.32.13:894][903]LogModuleManager: Shutting down and abandoning module SourceCodeAccess (196)
[2018.11.15-05.32.13:894][903]LogModuleManager: Shutting down and abandoning module HeadMountedDisplay (194)
[2018.11.15-05.32.13:895][903]LogModuleManager: Shutting down and abandoning module XAudio2 (192)
[2018.11.15-05.32.13:895][903]LogModuleManager: Shutting down and abandoning module Networking (190)
[2018.11.15-05.32.13:895][903]LogModuleManager: Shutting down and abandoning module Core (188)
[2018.11.15-05.32.13:895][903]LogModuleManager: Shutting down and abandoning module LevelSequence (186)
[2018.11.15-05.32.13:895][903]LogModuleManager: Shutting down and abandoning module KismetCompiler (184)
[2018.11.15-05.32.13:895][903]LogModuleManager: Shutting down and abandoning module MeshUtilities (182)
[2018.11.15-05.32.13:908][903]LogModuleManager: Shutting down and abandoning module MeshMergeUtilities (181)
[2018.11.15-05.32.13:909][903]LogModuleManager: Shutting down and abandoning module MeshReductionInterface (180)
[2018.11.15-05.32.13:909][903]LogModuleManager: Shutting down and abandoning module SimplygonSwarm (179)
[2018.11.15-05.32.13:919][903]LogModuleManager: Shutting down and abandoning module ProxyLODMeshReduction (177)
[2018.11.15-05.32.13:926][903]LogModuleManager: Shutting down and abandoning module SimplygonMeshReduction (175)
[2018.11.15-05.32.13:926][903]LogModuleManager: Shutting down and abandoning module QuadricMeshReduction (173)
[2018.11.15-05.32.13:942][903]LogModuleManager: Shutting down and abandoning module MaterialBaking (169)
[2018.11.15-05.32.13:942][903]LogModuleManager: Shutting down and abandoning module DirectoryWatcher (165)
[2018.11.15-05.32.13:942][903]LogModuleManager: Shutting down and abandoning module DerivedDataCache (162)
[2018.11.15-05.32.14:004][903]LogDerivedDataCache: Shutdown
[2018.11.15-05.32.14:004][903]LogModuleManager: Shutting down and abandoning module XGEController (160)
[2018.11.15-05.32.14:004][903]LogXGEController: Cleaning working directory: C:/Users/beclo/AppData/Local/Temp/UnrealXGEWorkingDir/
[2018.11.15-05.32.14:005][903]LogModuleManager: Shutting down and abandoning module TargetPlatform (158)
[2018.11.15-05.32.14:005][903]LogModuleManager: Shutting down and abandoning module VulkanShaderFormat (157)
[2018.11.15-05.32.14:005][903]LogModuleManager: Shutting down and abandoning module ShaderFormatVectorVM (155)
[2018.11.15-05.32.14:005][903]LogModuleManager: Shutting down and abandoning module ShaderFormatOpenGL (153)
[2018.11.15-05.32.14:019][903]LogModuleManager: Shutting down and abandoning module ShaderFormatD3D (151)
[2018.11.15-05.32.14:019][903]LogModuleManager: Shutting down and abandoning module MetalShaderFormat (149)
[2018.11.15-05.32.14:026][903]LogModuleManager: Shutting down and abandoning module TextureFormatUncompressed (147)
[2018.11.15-05.32.14:026][903]LogModuleManager: Shutting down and abandoning module TextureFormatPVR (145)
[2018.11.15-05.32.14:026][903]LogModuleManager: Shutting down and abandoning module TextureFormatDXT (143)
[2018.11.15-05.32.14:026][903]LogModuleManager: Shutting down and abandoning module TextureFormatIntelISPCTexComp (141)
[2018.11.15-05.32.14:026][903]LogModuleManager: Shutting down and abandoning module TextureFormatASTC (139)
[2018.11.15-05.32.14:026][903]LogModuleManager: Shutting down and abandoning module ImageWrapper (138)
[2018.11.15-05.32.14:026][903]LogModuleManager: Shutting down and abandoning module TextureFormatAndroid (135)
[2018.11.15-05.32.14:026][903]LogModuleManager: Shutting down and abandoning module AudioFormatOpus (133)
[2018.11.15-05.32.14:026][903]LogModuleManager: Shutting down and abandoning module AudioFormatOgg (131)
[2018.11.15-05.32.14:027][903]LogModuleManager: Shutting down and abandoning module AudioFormatADPCM (129)
[2018.11.15-05.32.14:027][903]LogModuleManager: Shutting down and abandoning module LuminTargetPlatform (127)
[2018.11.15-05.32.14:027][903]LogModuleManager: Shutting down and abandoning module LinuxTargetPlatform (125)
[2018.11.15-05.32.14:027][903]LogModuleManager: Shutting down and abandoning module LinuxServerTargetPlatform (123)
[2018.11.15-05.32.14:027][903]LogModuleManager: Shutting down and abandoning module LinuxNoEditorTargetPlatform (121)
[2018.11.15-05.32.14:027][903]LogModuleManager: Shutting down and abandoning module LinuxClientTargetPlatform (119)
[2018.11.15-05.32.14:027][903]LogModuleManager: Shutting down and abandoning module TVOSTargetPlatform (117)
[2018.11.15-05.32.14:029][903]LogModuleManager: Shutting down and abandoning module Messaging (115)
[2018.11.15-05.32.14:029][903]LogModuleManager: Shutting down and abandoning module IOSTargetPlatform (113)
[2018.11.15-05.32.14:032][903]LogModuleManager: Shutting down and abandoning module HTML5TargetPlatform (111)
[2018.11.15-05.32.14:032][903]LogModuleManager: Shutting down and abandoning module AndroidTargetPlatform (109)
[2018.11.15-05.32.14:049][903]LogModuleManager: Shutting down and abandoning module WindowsTargetPlatform (107)
[2018.11.15-05.32.14:049][903]LogModuleManager: Shutting down and abandoning module WindowsServerTargetPlatform (105)
[2018.11.15-05.32.14:049][903]LogModuleManager: Shutting down and abandoning module WindowsNoEditorTargetPlatform (103)
[2018.11.15-05.32.14:049][903]LogModuleManager: Shutting down and abandoning module WindowsClientTargetPlatform (101)
[2018.11.15-05.32.14:050][903]LogModuleManager: Shutting down and abandoning module MacTargetPlatform (99)
[2018.11.15-05.32.14:050][903]LogModuleManager: Shutting down and abandoning module MacServerTargetPlatform (97)
[2018.11.15-05.32.14:050][903]LogModuleManager: Shutting down and abandoning module MacNoEditorTargetPlatform (95)
[2018.11.15-05.32.14:050][903]LogModuleManager: Shutting down and abandoning module MacClientTargetPlatform (93)
[2018.11.15-05.32.14:050][903]LogModuleManager: Shutting down and abandoning module AllDesktopTargetPlatform (91)
[2018.11.15-05.32.14:050][903]LogModuleManager: Shutting down and abandoning module InputCore (88)
[2018.11.15-05.32.14:050][903]LogModuleManager: Shutting down and abandoning module Settings (86)
[2018.11.15-05.32.14:050][903]LogModuleManager: Shutting down and abandoning module PhysXCooking (84)
[2018.11.15-05.32.14:050][903]LogModuleManager: Shutting down and abandoning module SteamVR (82)
[2018.11.15-05.32.14:050][903]LogModuleManager: Shutting down and abandoning module OculusHMD (80)
[2018.11.15-05.32.14:050][903]LogModuleManager: Shutting down and abandoning module ExampleDeviceProfileSelector (78)
[2018.11.15-05.32.14:051][903]LogModuleManager: Shutting down and abandoning module LauncherChunkInstaller (76)
[2018.11.15-05.32.14:051][903]LogModuleManager: Shutting down and abandoning module OnlineBlueprintSupport (74)
[2018.11.15-05.32.14:051][903]LogModuleManager: Shutting down and abandoning module OnlineSubsystem (70)
[2018.11.15-05.32.14:071][903]LogModuleManager: Shutting down and abandoning module XMPP (65)
[2018.11.15-05.32.14:081][903]LogModuleManager: Shutting down and abandoning module WebSockets (64)
[2018.11.15-05.32.14:104][903]LogModuleManager: Shutting down and abandoning module HTTP (61)
[2018.11.15-05.32.14:104][903]LogHttp: Display: Http module shutting down, but needs to wait on 1 outstanding Http requests:
[2018.11.15-05.32.14:104][903]LogHttp: Display: 	verb=[POST] url=[https://datarouter.ol.epicgames.com/datarouter/api/v1/public/data?SessionID=%7B6713C4A9-478D-1D8F-06F4-A9B3C24BB3EC%7D&AppID=UEEditor.Rocket.Release&AppVersion=4.20.3-4369336%2B%2B%2BUE4%2BRelease-4.20&UserID=b19da05e4155fcdee495adb454fe5757%7C24b349f52b474167ada4538af75ab250%7C5c41cd37-7a4d-4240-aedd-2148bec050d2&AppEnvironment=datacollector-binary&UploadType=eteventstream] status=Processing
[2018.11.15-05.32.14:123][903]LogModuleManager: Shutting down and abandoning module SSL (60)
[2018.11.15-05.32.14:129][903]LogModuleManager: Shutting down and abandoning module MagicLeapEmulator (56)
[2018.11.15-05.32.14:129][903]LogModuleManager: Shutting down and abandoning module MagicLeapPrivileges (54)
[2018.11.15-05.32.14:130][903]LogModuleManager: Shutting down and abandoning module MagicLeapIdentity (52)
[2018.11.15-05.32.14:130][903]LogModuleManager: Shutting down and abandoning module MagicLeapHelperVulkan (50)
[2018.11.15-05.32.14:130][903]LogModuleManager: Shutting down and abandoning module MagicLeapHelperOpenGL (48)
[2018.11.15-05.32.14:130][903]LogModuleManager: Shutting down and abandoning module MagicLeapSecureStorage (46)
[2018.11.15-05.32.14:130][903]LogModuleManager: Shutting down and abandoning module MagicLeapGestures (44)
[2018.11.15-05.32.14:130][903]LogModuleManager: Shutting down and abandoning module MagicLeapEyeTracker (42)
[2018.11.15-05.32.14:131][903]LogModuleManager: Shutting down and abandoning module MagicLeapController (40)
[2018.11.15-05.32.14:131][903]LogSlate: Slate User Destroyed.  User Index 0, Is Virtual User: 0
[2018.11.15-05.32.14:131][903]LogModuleManager: Shutting down and abandoning module MagicLeap (38)
[2018.11.15-05.32.14:131][903]LogModuleManager: Shutting down and abandoning module AnimationModifiers (36)
[2018.11.15-05.32.14:142][903]LogModuleManager: Shutting down and abandoning module PropertyEditor (35)
[2018.11.15-05.32.14:151][903]LogModuleManager: Shutting down and abandoning module AudioEditor (32)
[2018.11.15-05.32.14:162][903]LogModuleManager: Shutting down and abandoning module TextureCompressor (30)
[2018.11.15-05.32.14:164][903]LogModuleManager: Shutting down and abandoning module ShaderCore (28)
[2018.11.15-05.32.14:164][903]LogModuleManager: Shutting down and abandoning module Landscape (26)
[2018.11.15-05.32.14:164][903]LogModuleManager: Shutting down and abandoning module SlateRHIRenderer (24)
[2018.11.15-05.32.14:173][903]LogModuleManager: Shutting down and abandoning module OpenGLDrv (22)
[2018.11.15-05.32.14:183][903]LogModuleManager: Shutting down and abandoning module D3D11RHI (20)
[2018.11.15-05.32.14:183][903]LogModuleManager: Shutting down and abandoning module AnimGraphRuntime (18)
[2018.11.15-05.32.14:183][903]LogModuleManager: Shutting down and abandoning module Renderer (16)
[2018.11.15-05.32.14:183][903]LogModuleManager: Shutting down and abandoning module Engine (14)
[2018.11.15-05.32.14:183][903]LogModuleManager: Shutting down and abandoning module CoreUObject (12)
[2018.11.15-05.32.14:183][903]LogModuleManager: Shutting down and abandoning module NetworkFile (10)
[2018.11.15-05.32.14:183][903]LogModuleManager: Shutting down and abandoning module CookedIterativeFile (8)
[2018.11.15-05.32.14:183][903]LogModuleManager: Shutting down and abandoning module StreamingFile (6)
[2018.11.15-05.32.14:183][903]LogModuleManager: Shutting down and abandoning module SandboxFile (4)
[2018.11.15-05.32.14:183][903]LogModuleManager: Shutting down and abandoning module PakFile (2)
[2018.11.15-05.32.14:192][903]LogExit: Exiting.
[2018.11.15-05.32.14:203][903]Log file closed, 11/14/18 23:32:14
