"E:/Github/Project-Final/Finals/Content/2dSideScroller/Textures/2DBackgroundTile.uasset" 0
"E:/Github/Project-Final/Finals/Content/2DSideScroller/Materials/PrototypingSpriteMaterial.uasset" 1
"E:/Github/Project-Final/Finals/Content/2DSideScroller/Sprites/PrototypingSprite.uasset" 2
"../../../Engine/Content/EditorBlueprintResources/StandardMacros.uasset" 3
"E:/Github/Project-Final/Finals/Content/2dSideScroller/Textures/2DCharacter_IdleAnimAtlas.uasset" 4
"E:/Github/Project-Final/Finals/Content/2dSideScroller/Sprites/IdleFrames/IdleCycle1.uasset" 5
"E:/Github/Project-Final/Finals/Content/2dSideScroller/Sprites/IdleFrames/IdleCycle2.uasset" 6
"E:/Github/Project-Final/Finals/Content/2dSideScroller/Sprites/IdleFrames/IdleCycle3.uasset" 7
"E:/Github/Project-Final/Finals/Content/2dSideScroller/Sprites/IdleFrames/IdleCycle4.uasset" 8
"E:/Github/Project-Final/Finals/Content/2dSideScroller/Sprites/IdleFrames/IdleCycle5.uasset" 9
"E:/Github/Project-Final/Finals/Content/2dSideScroller/Sprites/IdleFrames/IdleCycle6.uasset" 10
"E:/Github/Project-Final/Finals/Content/2dSideScroller/Sprites/IdleFrames/IdleCycle7.uasset" 11
"E:/Github/Project-Final/Finals/Content/2dSideScroller/Sprites/IdleFrames/IdleCycle8.uasset" 12
"E:/Github/Project-Final/Finals/Content/2DSideScroller/Sprites/IdleAnimation.uasset" 13
"E:/Github/Project-Final/Finals/Content/2dSideScroller/Textures/2DCharacter_RunAnimAtlas.uasset" 14
"E:/Github/Project-Final/Finals/Content/2dSideScroller/Sprites/RunFrames/RunCycle_1.uasset" 15
"E:/Github/Project-Final/Finals/Content/2dSideScroller/Sprites/RunFrames/RunCycle_10.uasset" 16
"E:/Github/Project-Final/Finals/Content/2dSideScroller/Sprites/RunFrames/RunCycle_11.uasset" 17
"E:/Github/Project-Final/Finals/Content/2dSideScroller/Sprites/RunFrames/RunCycle_12.uasset" 18
"E:/Github/Project-Final/Finals/Content/2dSideScroller/Sprites/RunFrames/RunCycle_13.uasset" 19
"E:/Github/Project-Final/Finals/Content/2dSideScroller/Sprites/RunFrames/RunCycle_14.uasset" 20
"E:/Github/Project-Final/Finals/Content/2dSideScroller/Sprites/RunFrames/RunCycle_15.uasset" 21
"E:/Github/Project-Final/Finals/Content/2dSideScroller/Sprites/RunFrames/RunCycle_16.uasset" 22
"E:/Github/Project-Final/Finals/Content/2dSideScroller/Sprites/RunFrames/RunCycle_2.uasset" 23
"E:/Github/Project-Final/Finals/Content/2dSideScroller/Sprites/RunFrames/RunCycle_3.uasset" 24
"E:/Github/Project-Final/Finals/Content/2dSideScroller/Sprites/RunFrames/RunCycle_4.uasset" 25
"E:/Github/Project-Final/Finals/Content/2dSideScroller/Sprites/RunFrames/RunCycle_5.uasset" 26
"E:/Github/Project-Final/Finals/Content/2dSideScroller/Sprites/RunFrames/RunCycle_6.uasset" 27
"E:/Github/Project-Final/Finals/Content/2dSideScroller/Sprites/RunFrames/RunCycle_7.uasset" 28
"E:/Github/Project-Final/Finals/Content/2dSideScroller/Sprites/RunFrames/RunCycle_8.uasset" 29
"E:/Github/Project-Final/Finals/Content/2dSideScroller/Sprites/RunFrames/RunCycle_9.uasset" 30
"E:/Github/Project-Final/Finals/Content/2DSideScroller/Sprites/RunningAnimation.uasset" 31
"E:/Github/Project-Final/Finals/Content/Final/Sprites/Pink_Slime_Sheet.uasset" 32
"E:/Github/Project-Final/Finals/Content/Final/Sprites/Pink_Slime_Sheet_Sprite_0.uasset" 33
"E:/Github/Project-Final/Finals/Content/Final/Sprites/FB_Idle.uasset" 34
"E:/Github/Project-Final/Finals/Content/2DSideScrollerBP/Blueprints/2DSideScrollerCharacter.uasset" 35
"E:/Github/Project-Final/Finals/Content/Final/Blueprint/Boss/BP_Boss_Laser.uasset" 36
"E:/Github/Project-Final/Finals/Content/Final/Blueprint/Boss/BP_Boss_Rain_Bullet.uasset" 37
"../../Plugins/2D/Paper2D/Content/DefaultSpriteMaterial.uasset" 38
"../../Plugins/2D/Paper2D/Content/TranslucentUnlitSpriteMaterial.uasset" 39
"E:/Github/Project-Final/Finals/Content/Final/Sprites/flying_monster.uasset" 40
"E:/Github/Project-Final/Finals/Content/Final/Monster/flying_monster_Sprite_0.uasset" 41
"E:/Github/Project-Final/Finals/Content/Final/Flipbook/FB_Flying_Enemy.uasset" 42
"E:/Github/Project-Final/Finals/Content/Final/Blueprint/Boss/BP_Boss_Rain.uasset" 43
"E:/Github/Project-Final/Finals/Content/Final/Sprites/boss_tentacle.uasset" 44
"E:/Github/Project-Final/Finals/Content/Final/Sprites/boss_tentacle_Sprite_0.uasset" 45
"E:/Github/Project-Final/Finals/Content/Final/Flipbook/FB_Boss_Tentacle.uasset" 46
"E:/Github/Project-Final/Finals/Content/Final/Blueprint/Boss/BP_Boss_Tentacle.uasset" 47
"E:/Github/Project-Final/Finals/Content/Final/Sprites/flying_bullet.uasset" 48
"E:/Github/Project-Final/Finals/Content/Final/Sprites/flying_bullet_Sprite_0.uasset" 49
"E:/Github/Project-Final/Finals/Content/Final/Flipbook/FB_Enemy_Projectile.uasset" 50
"E:/Github/Project-Final/Finals/Content/Final/Blueprint/BP_Enemy_Bullet.uasset" 51
"E:/Github/Project-Final/Finals/Content/Final/Enumerations/Boss.uasset" 52
"E:/Github/Project-Final/Finals/Content/Final/Sprites/enemy.uasset" 53
"E:/Github/Project-Final/Finals/Content/Final/Monster/enemy_Sprite_0.uasset" 54
"E:/Github/Project-Final/Finals/Content/Final/Flipbook/FB_Boss.uasset" 55
"E:/Github/Project-Final/Finals/Content/Final/Widget/W_BossHealth.uasset" 56
"E:/Github/Project-Final/Finals/Content/Final/Blueprint/Boss/BP_Boss.uasset" 57
"E:/Github/Project-Final/Finals/Content/Final/Blueprint/BP_Bullet.uasset" 58
"E:/Github/Project-Final/Finals/Content/Final/Audio/Mario_Jumping-Mike_Koenig-989896458.uasset" 59
"E:/Github/Project-Final/Finals/Content/Final/Audio/PEW_SOUND_EFFECT.uasset" 60
"E:/Github/Project-Final/Finals/Content/Final/Enumerations/Maincharacter.uasset" 61
"E:/Github/Project-Final/Finals/Content/Final/Sprites/Flying.uasset" 62
"E:/Github/Project-Final/Finals/Content/Final/Sprites/Flying_Sprite_0.uasset" 63
"E:/Github/Project-Final/Finals/Content/Final/Flipbook/FB_Flying.uasset" 64
"E:/Github/Project-Final/Finals/Content/Final/Sprites/character.uasset" 65
"E:/Github/Project-Final/Finals/Content/Final/Characters/character_Sprite_0.uasset" 66
"E:/Github/Project-Final/Finals/Content/Final/Flipbook/FB_MC.uasset" 67
"E:/Github/Project-Final/Finals/Content/Final/Widget/W_Player_Health.uasset" 68
"E:/Github/Project-Final/Finals/Content/Final/Blueprint/BP_Maincharacter.uasset" 69
"E:/Github/Project-Final/Finals/Content/Final/Sprites/fruit.uasset" 70
"E:/Github/Project-Final/Finals/Content/Final/Assets/fruit_Sprite_0.uasset" 71
"E:/Github/Project-Final/Finals/Content/Final/Flipbook/FB_Fruit.uasset" 72
"E:/Github/Project-Final/Finals/Content/Final/Blueprint/BP_Fruit.uasset" 73
"E:/Github/Project-Final/Finals/Content/Final/Blueprint/Maincharacter.uasset" 74
"E:/Github/Project-Final/Finals/Content/Final/Sprites/tentacle.uasset" 75
"E:/Github/Project-Final/Finals/Content/Final/Monster/tentacle_Sprite_0.uasset" 76
"E:/Github/Project-Final/Finals/Content/Final/Sprites/background.uasset" 77
"E:/Github/Project-Final/Finals/Content/Final/Sprites/background_material.uasset" 78
"E:/Github/Project-Final/Finals/Content/Final/Sprites/enemy_Sprite_0.uasset" 79
"E:/Github/Project-Final/Finals/Content/Final/Sprites/Pink_Slime_Sheet_Sprite_1.uasset" 80
"E:/Github/Project-Final/Finals/Content/Final/Sprites/Pink_Slime_Sheet_Sprite_2.uasset" 81
"E:/Github/Project-Final/Finals/Content/Final/Sprites/Pink_Slime_Sheet_Sprite_3.uasset" 82
"E:/Github/Project-Final/Finals/Content/Final/Sprites/Pink_Slime_Sheet_Sprite_4.uasset" 83
"E:/Github/Project-Final/Finals/Content/Final/Sprites/FB_Jumping.uasset" 84
"E:/Github/Project-Final/Finals/Content/Final/Sprites/fruit_Sprite_0.uasset" 85
"E:/Github/Project-Final/Finals/Content/Final/Sprites/Pink_Slime_Sheet_Sprite_5.uasset" 86
"E:/Github/Project-Final/Finals/Content/Final/Sprites/tentacle_Sprite_0.uasset" 87
"E:/Github/Project-Final/Finals/Content/Final/Sprites/Tent_Save.uasset" 88
"E:/Github/Project-Final/Finals/Content/Final/Sprites/Tent_Save_Sprite.uasset" 89
"E:/Github/Project-Final/Finals/Content/Final/Tilesets/caveblock.uasset" 90
"E:/Github/Project-Final/Finals/Content/Final/Tilesets/caveblock_TileSet.uasset" 91
"E:/Github/Project-Final/Finals/Content/Final/Tilesets/Cave8.uasset" 92
"E:/Github/Project-Final/Finals/Content/Final/Tilesets/Treebranch.uasset" 93
"E:/Github/Project-Final/Finals/Content/Final/Tilesets/TreeBranch_tileset.uasset" 94
"E:/Github/Project-Final/Finals/Content/Final/Tilesets/FloatingPlatforms1.uasset" 95
"E:/Github/Project-Final/Finals/Content/Final/Tilesets/SpriteSheet_Ground.uasset" 96
"E:/Github/Project-Final/Finals/Content/Final/Tilesets/SpriteSheet_Ground_TileSet.uasset" 97
"E:/Github/Project-Final/Finals/Content/Final/Tilesets/SpriteSheet_Trees.uasset" 98
"E:/Github/Project-Final/Finals/Content/Final/Tilesets/SpriteSheet_Trees_TileSet1.uasset" 99
"E:/Github/Project-Final/Finals/Content/Final/Tilesets/Trees1.uasset" 100
"E:/Github/Project-Final/Finals/Content/Final/Tilesets/Trees2.uasset" 101
"E:/Github/Project-Final/Finals/Content/Final/Tilesets/SpriteSheet_Trees2.uasset" 102
"E:/Github/Project-Final/Finals/Content/Final/Tilesets/SpriteSheet_Trees_TileSet3.uasset" 103
"E:/Github/Project-Final/Finals/Content/Final/Tilesets/Trees3.uasset" 104
"E:/Github/Project-Final/Finals/Content/Final/Tilesets/Trees4.uasset" 105
"E:/Github/Project-Final/Finals/Content/Final/Tilesets/Tree_Trunk.uasset" 106
"E:/Github/Project-Final/Finals/Content/Final/Tilesets/TreeTrunk_TileSet.uasset" 107
"../../../Engine/Content/Functions/Engine_MaterialFunctions01/Opacity/CameraDepthFade.uasset" 108
"../../../Engine/Content/EngineMaterials/T_Default_Material_Grid_M.uasset" 109
"../../../Engine/Content/EngineMaterials/T_Default_Material_Grid_N.uasset" 110
"../../../Engine/Content/EngineMaterials/WorldGridMaterial.uasset" 111
"../../../Engine/Content/ArtTools/RenderToTexture/Meshes/S_1_Unit_Plane.uasset" 112
"../../../Engine/Content/EngineMaterials/DefaultMaterial.uasset" 113
"../../../Engine/Content/BasicShapes/Cone.uasset" 114
"../../../Engine/Content/BasicShapes/Cube.uasset" 115
"../../../Engine/Content/BasicShapes/Cylinder.uasset" 116
"../../../Engine/Content/BasicShapes/Sphere.uasset" 117
"../../../Engine/Content/EditorLandscapeResources/DataLayer.uasset" 118
"../../../Engine/Content/EditorMaterials/GizmoMaterial.uasset" 119
"../../../Engine/Content/EditorMaterials/MAT_Groups_Toggle.uasset" 120
"../../../Engine/Content/EditorMaterials/MAT_Groups_Visibility.uasset" 121
"../../../Engine/Content/EditorMaterials/PreviewShadowIndicator.uasset" 122
"../../../Engine/Content/EditorMaterials/PreviewShadowIndicatorMaterial.uasset" 123
"../../../Engine/Content/EditorMaterials/MatineeGroups/MAT_ColorTrack.uasset" 124
"../../../Engine/Content/EditorMaterials/MatineeGroups/MAT_Groups_Anim.uasset" 125
"../../../Engine/Content/EditorMaterials/MatineeGroups/MAT_Groups_AudioMaster.uasset" 126
"../../../Engine/Content/EditorMaterials/MatineeGroups/MAT_Groups_Director.uasset" 127
"../../../Engine/Content/EditorMaterials/MatineeGroups/MAT_Groups_Event.uasset" 128
"../../../Engine/Content/EditorMaterials/MatineeGroups/MAT_Groups_Fade.uasset" 129
"../../../Engine/Content/EditorMaterials/MatineeGroups/MAT_Groups_Float.uasset" 130
"../../../Engine/Content/EditorMaterials/MatineeGroups/MAT_Groups_Move.uasset" 131
"../../../Engine/Content/EditorMaterials/MatineeGroups/MAT_Groups_Slomo.uasset" 132
"../../../Engine/Content/EditorMaterials/MatineeGroups/MAT_Groups_Sound.uasset" 133
"../../../Engine/Content/EditorMaterials/MatineeGroups/MAT_Groups_Vector.uasset" 134
"../../../Engine/Content/EditorMaterials/ParticleSystems/PSysThumbnail_NoImage.uasset" 135
"../../../Engine/Content/EditorMaterials/ParticleSystems/PSysThumbnail_OOD.uasset" 136
"../../../Engine/Content/EditorMaterials/Camera/CineMat.uasset" 137
"../../../Engine/Content/EditorMaterials/Camera/MI_CineMat_Rig.uasset" 138
"../../../Engine/Content/EditorMeshes/Camera/SM_CraneRig_Arm.uasset" 139
"../../../Engine/Content/EditorMeshes/Camera/SM_CraneRig_Base.uasset" 140
"../../../Engine/Content/EditorMeshes/Camera/SM_CraneRig_Body.uasset" 141
"../../../Engine/Content/EditorMeshes/Camera/SM_CraneRig_Mount.uasset" 142
"../../../Engine/Content/EditorMeshes/Camera/SM_RailRig_Mount.uasset" 143
"../../../Engine/Content/EditorMeshes/Camera/SM_RailRig_Track.uasset" 144
"../../../Engine/Content/EditorResources/BSPVertex.uasset" 145
"../../../Engine/Content/EditorResources/EmptyActor.uasset" 146
"../../../Engine/Content/EditorResources/S_Actor.uasset" 147
"../../../Engine/Content/EditorResources/S_Trigger.uasset" 148
"../../../Engine/Content/EditorResources/SequenceRecorder/Countdown.uasset" 149
"../../../Engine/Content/EditorResources/SequenceRecorder/RecordingIndicator.uasset" 150
"../../../Engine/Content/EditorSounds/Notifications/CompileFailed.uasset" 151
"../../../Engine/Content/EditorSounds/Notifications/CompileFailed_Cue.uasset" 152
"../../../Engine/Content/EditorSounds/Notifications/CompileSuccess.uasset" 153
"../../../Engine/Content/EditorSounds/Notifications/CompileStart_Cue.uasset" 154
"../../../Engine/Content/EditorSounds/Notifications/CompileSuccess_Cue.uasset" 155
"../../../Engine/Content/EngineDamageTypes/DmgTypeBP_Environmental.uasset" 156
"../../../Engine/Content/EngineDebugMaterials/HeatmapGradient.uasset" 157
"../../../Engine/Content/EngineDebugMaterials/BoneWeightMaterial.uasset" 158
"../../../Engine/Content/EngineDebugMaterials/ClothMaterial.uasset" 159
"../../../Engine/Content/EngineDebugMaterials/ClothMaterial_WF.uasset" 160
"../../../Engine/Content/EngineDebugMaterials/DebugEditorMaterial.uasset" 161
"../../../Engine/Content/EngineDebugMaterials/DebugMeshMaterial.uasset" 162
"../../../Engine/Content/EngineDebugMaterials/GeomMaterial.uasset" 163
"../../../Engine/Content/EngineDebugMaterials/M_SimpleTranslucent.uasset" 164
"../../../Engine/Content/EngineFonts/Faces/RobotoBold.uasset" 165
"../../../Engine/Content/EngineFonts/Faces/RobotoBoldItalic.uasset" 166
"../../../Engine/Content/EngineFonts/Faces/RobotoItalic.uasset" 167
"../../../Engine/Content/EngineFonts/Faces/RobotoLight.uasset" 168
"../../../Engine/Content/EngineFonts/Faces/RobotoRegular.uasset" 169
"../../../Engine/Content/EngineFonts/Roboto.uasset" 170
"../../../Engine/Content/EngineFonts/Faces/RobotoTiny.uasset" 171
"../../../Engine/Content/EngineFonts/RobotoTiny.uasset" 172
"../../../Engine/Content/EngineMaterials/BaseFlattenDiffuseMap.uasset" 173
"../../../Engine/Content/EngineMaterials/BaseFlattenEmissiveMap.uasset" 174
"../../../Engine/Content/EngineMaterials/BaseFlattenGrayscaleMap.uasset" 175
"../../../Engine/Content/EngineMaterials/BaseFlattenNormalMap.uasset" 176
"../../../Engine/Content/EngineMaterials/BaseFlattenMaterial.uasset" 177
"../../../Engine/Content/EngineMaterials/DefaultBloomKernel.uasset" 178
"../../../Engine/Content/EngineMaterials/DefaultBokeh.uasset" 179
"../../../Engine/Content/EngineMaterials/DefaultDiffuse.uasset" 180
"../../../Engine/Content/EngineMaterials/DefaultDeferredDecalMaterial.uasset" 181
"../../../Engine/Content/EngineMaterials/DefaultLightFunctionMaterial.uasset" 182
"../../../Engine/Content/EngineMaterials/DefaultPhysicalMaterial.uasset" 183
"../../../Engine/Content/Functions/Engine_MaterialFunctions02/Utility/BreakOutFloat2Components.uasset" 184
"../../../Engine/Content/EngineMaterials/DefaultPostProcessMaterial.uasset" 185
"../../../Engine/Content/EngineFonts/RobotoDistanceField.uasset" 186
"../../../Engine/Content/EngineMaterials/DefaultTextMaterialOpaque.uasset" 187
"../../../Engine/Content/EngineMaterials/DefaultWhiteGrid.uasset" 188
"../../../Engine/Content/EngineMaterials/EditorBrushMaterial.uasset" 189
"../../../Engine/Content/EngineMaterials/Good64x64TilingNoiseHighFreq.uasset" 190
"../../../Engine/Content/EngineMaterials/MiniFont.uasset" 191
"../../../Engine/Content/EngineMaterials/InvalidLightmapSettings.uasset" 192
"../../../Engine/Content/EngineMaterials/M_InvalidLightmapSettings.uasset" 193
"../../../Engine/Content/Functions/Engine_MaterialFunctions02/WorldPositionOffset/CameraOffset.uasset" 194
"../../../Engine/Content/EngineMaterials/PhAT_JointLimitMaterial.uasset" 195
"../../../Engine/Content/EngineMaterials/PreintegratedSkinBRDF.uasset" 196
"../../../Engine/Content/EngineMaterials/RemoveSurfaceMaterial.uasset" 197
"../../../Engine/Content/EngineMaterials/WeightMapPlaceholderTexture.uasset" 198
"../../../Engine/Content/EngineResources/WhiteSquareTexture.uasset" 199
"../../../Engine/Content/EngineMaterials/Widget3DPassThrough.uasset" 200
"../../../Engine/Content/EngineMaterials/Widget3DPassThrough_Masked.uasset" 201
"../../../Engine/Content/EngineMaterials/Widget3DPassThrough_Opaque.uasset" 202
"../../../Engine/Content/EngineMaterials/Widget3DPassThrough_Masked_OneSided.uasset" 203
"../../../Engine/Content/EngineMaterials/Widget3DPassThrough_Opaque_OneSided.uasset" 204
"../../../Engine/Content/EngineMaterials/Widget3DPassThrough_Translucent.uasset" 205
"../../../Engine/Content/EngineMaterials/Widget3DPassThrough_Translucent_OneSided.uasset" 206
"../../../Engine/Content/EngineMeshes/Cylinder.uasset" 207
"../../../Engine/Content/EngineMeshes/Sphere.uasset" 208
"../../../Engine/Content/EngineResources/Black.uasset" 209
"../../../Engine/Content/EngineResources/DefaultTexture.uasset" 210
"../../../Engine/Content/EngineResources/DefaultTextureCube.uasset" 211
"../../../Engine/Content/EngineResources/DefaultVolumeTexture2D.uasset" 212
"../../../Engine/Content/EngineResources/DefaultVolumeTexture.uasset" 213
"../../../Engine/Content/EngineResources/GradientTexture0.uasset" 214
"../../../Engine/Content/EngineSounds/Master.uasset" 215
"../../../Engine/Content/Functions/Engine_MaterialFunctions01/Shading/ConvertFromDiffSpec.uasset" 216
"../../../Engine/Content/Functions/Engine_MaterialFunctions01/Shading/PowerToRoughness.uasset" 217
"../../../Engine/Content/Maps/Templates/Thumbnails/Default.uasset" 218
"../../../Engine/Content/Maps/Templates/Thumbnails/VR-Basic.uasset" 219
"../../../Engine/Content/MobileResources/T_MobileControls_texture.uasset" 220
"../../../Engine/Content/MobileResources/T_MobileMenu2.uasset" 221
"../../../Engine/Content/MobileResources/HUD/AnalogHat.uasset" 222
"../../../Engine/Content/MobileResources/HUD/VirtualJoystick_Background.uasset" 223
"../../../Engine/Content/MobileResources/HUD/VirtualJoystick_Thumb.uasset" 224
"../../../Engine/Content/MobileResources/HUD/DefaultVirtualJoysticks.uasset" 225
"../../../Engine/Content/MobileResources/HUD/LeftVirtualJoystickOnly.uasset" 226
"../../../Engine/Content/MobileResources/HUD/MobileHUDButton1_off.uasset" 227
"../../../Engine/Content/MobileResources/HUD/MobileHUDButton1_on.uasset" 228
"../../../Engine/Content/MobileResources/HUD/MobileHUDButton2_off.uasset" 229
"../../../Engine/Content/MobileResources/HUD/MobileHUDButton2_on.uasset" 230
"../../../Engine/Content/MobileResources/HUD/MobileHUDButton3.uasset" 231
"../../../Engine/Content/MobileResources/HUD/MobileHUDButtonFire.uasset" 232
"../../../Engine/Content/MobileResources/HUD/MobileHUDDirectionPad.uasset" 233
"../../../Engine/Content/MobileResources/HUD/MobileHUDDirectionPad2.uasset" 234
"../../../Engine/Content/MobileResources/HUD/MobileHUDDirectionPad3.uasset" 235
"../../../Engine/Content/MobileResources/HUD/MobileHUDDirectionStick.uasset" 236
"../../../Engine/Content/MobileResources/HUD/T_Castle_ThumbstickInner.uasset" 237
"../../../Engine/Content/MobileResources/HUD/T_Castle_ThumbstickOutter.uasset" 238
"../../../Engine/Content/Tutorial/ContentIntroCurve.uasset" 239
"../../../Engine/Content/Tutorial/BlueprintTutorials/TutorialAssets/Blueprint_64x.uasset" 240
"../../../Engine/Content/VREditor/LaserPointer/VR_LaserPower_01.uasset" 241
"../../../Engine/Content/VREditor/TransformGizmo/TransformGizmoMaterial.uasset" 242
"../../../Engine/Content/VREditor/TransformGizmo/TranslucentTransformGizmoMaterial.uasset" 243
"../../../Engine/Content/VREditor/TransformGizmo/BoundingBoxCorner.uasset" 244
"../../../Engine/Content/VREditor/TransformGizmo/BoundingBoxEdge.uasset" 245
"../../../Engine/Content/VREditor/TransformGizmo/PlaneTranslationHandle.uasset" 246
"../../../Engine/Content/VREditor/TransformGizmo/Main.uasset" 247
"../../../Engine/Content/VREditor/TransformGizmo/Xray.uasset" 248
"../../../Engine/Content/VREditor/TransformGizmo/SM_Sequencer_Key.uasset" 249
"../../../Engine/Content/VREditor/TransformGizmo/SM_Sequencer_Node.uasset" 250
"../../Plugins/2D/Paper2D/Content/PlaceholderTextures/DummySpriteTexture.uasset" 251
"../../Plugins/2D/Paper2D/Content/DummySprite.uasset" 252
"../../Plugins/2D/Paper2D/Content/DefaultPaperTerrainMaterial.uasset" 253
"../../Plugins/2D/Paper2D/Content/MaskedUnlitSpriteMaterial.uasset" 254
"../../Plugins/Runtime/Oculus/OculusVR/Content/Materials/PokeAHoleMaterial.uasset" 255
"../../Plugins/Runtime/Oculus/OculusVR/Content/Textures/GearVRController_AO.uasset" 256
"../../Plugins/Runtime/Oculus/OculusVR/Content/Textures/GearVRController_Color.uasset" 257
"../../Plugins/Runtime/Oculus/OculusVR/Content/Textures/GearVRController_Normal.uasset" 258
"../../Plugins/Runtime/Oculus/OculusVR/Content/Materials/GearVRControllerMaterial.uasset" 259
"../../Plugins/Runtime/Oculus/OculusVR/Content/Meshes/GearVrController.uasset" 260
"../../Plugins/Runtime/Oculus/OculusVR/Content/Textures/touchController_albedo.uasset" 261
"../../Plugins/Runtime/Oculus/OculusVR/Content/Textures/touchController_controlmap.uasset" 262
"../../Plugins/Runtime/Oculus/OculusVR/Content/Materials/touchController_mat.uasset" 263
"../../Plugins/Runtime/Oculus/OculusVR/Content/Meshes/LeftTouchController.uasset" 264
"../../Plugins/Runtime/Oculus/OculusVR/Content/Meshes/RiftHMD.uasset" 265
"../../Plugins/Runtime/Oculus/OculusVR/Content/Meshes/RightTouchController.uasset" 266
"E:/Github/Project-Final/Finals/Content/Final/Enumerations/FlyingEnemy.uasset" 267
"E:/Github/Project-Final/Finals/Content/Final/Blueprint/BP_Flying_Enemy.uasset" 268
"E:/Github/Project-Final/Finals/Content/Final/Blueprint/BP_Following_Boss.uasset" 269
"E:/Github/Project-Final/Finals/Content/2DSideScrollerBP/Blueprints/2DSideScrollerGameMode.uasset" 270
"E:/Github/Project-Final/Finals/Content/Final/Sprites/Tent_Save_Sprite_0.uasset" 271
"E:/Github/Project-Final/Finals/Content/Final/Flipbook/FB_Camp.uasset" 272
"E:/Github/Project-Final/Finals/Content/Final/Blueprint/BP_SavePoint.uasset" 273
"E:/Github/Project-Final/Finals/Content/2DSideScrollerBP/Maps/2DSideScrollerExampleMap_BuiltData.uasset" 274
"../../../Engine/Content/BasicShapes/BasicShapeMaterial.uasset" 275
"E:/Github/Project-Final/Finals/Content/Final/Sprites/background_Mat.uasset" 276
"../../../Engine/Content/BasicShapes/Plane.uasset" 277
"../../../Engine/Content/MapTemplates/Bokeh_5Sides.uasset" 278
"../../../Engine/Content/MapTemplates/T_ScreenDirt02_w.uasset" 279
"../../Plugins/2D/Paper2D/Content/OpaqueUnlitSpriteMaterial.uasset" 280
"E:/Github/Project-Final/Finals/Content/2dSideScroller/Textures/2DBackground.uasset" 281
"E:/Github/Project-Final/Finals/Content/2DSideScroller/Sprites/Background_Sprite.uasset" 282
"E:/Github/Project-Final/Finals/Content/2dSideScroller/Textures/2DBackgroundBlockAtlas.uasset" 283
"E:/Github/Project-Final/Finals/Content/2DSideScroller/Sprites/Ledge.uasset" 284
"E:/Github/Project-Final/Finals/Content/Final/Sprites/egg.uasset" 285
"E:/Github/Project-Final/Finals/Content/Final/Sprites/egg_Sprite_0.uasset" 286
"E:/Github/Project-Final/Finals/Content/Final/Tilesets/Cave1.uasset" 287
"E:/Github/Project-Final/Finals/Content/Final/Tilesets/Cave2.uasset" 288
"E:/Github/Project-Final/Finals/Content/Final/Tilesets/Cave3.uasset" 289
"E:/Github/Project-Final/Finals/Content/Final/Tilesets/Cave4.uasset" 290
"E:/Github/Project-Final/Finals/Content/Final/Tilesets/Cave5.uasset" 291
"E:/Github/Project-Final/Finals/Content/Final/Tilesets/Cave6.uasset" 292
"E:/Github/Project-Final/Finals/Content/Final/Tilesets/Cave7.uasset" 293
"E:/Github/Project-Final/Finals/Content/Final/Tilesets/CaveEntry.uasset" 294
"E:/Github/Project-Final/Finals/Content/Final/Tilesets/floating_platforms.uasset" 295
"E:/Github/Project-Final/Finals/Content/Final/Tilesets/floating_platforms_TileSet.uasset" 296
"E:/Github/Project-Final/Finals/Content/Final/Tilesets/floating.uasset" 297
"E:/Github/Project-Final/Finals/Content/Final/Tilesets/floating1.uasset" 298
"E:/Github/Project-Final/Finals/Content/Final/Tilesets/floating2.uasset" 299
"E:/Github/Project-Final/Finals/Content/Final/Tilesets/FloatingPlatforms.uasset" 300
"E:/Github/Project-Final/Finals/Content/Final/Tilesets/Jungle1.uasset" 301
"E:/Github/Project-Final/Finals/Content/Final/Tilesets/Jungle10.uasset" 302
"E:/Github/Project-Final/Finals/Content/Final/Tilesets/Jungle11.uasset" 303
"E:/Github/Project-Final/Finals/Content/Final/Tilesets/Jungle12.uasset" 304
"E:/Github/Project-Final/Finals/Content/Final/Tilesets/Jungle2.uasset" 305
"E:/Github/Project-Final/Finals/Content/Final/Tilesets/Jungle3.uasset" 306
"E:/Github/Project-Final/Finals/Content/Final/Tilesets/Jungle4.uasset" 307
"E:/Github/Project-Final/Finals/Content/Final/Tilesets/Jungle5.uasset" 308
"E:/Github/Project-Final/Finals/Content/Final/Tilesets/Jungle6.uasset" 309
"E:/Github/Project-Final/Finals/Content/Final/Tilesets/Jungle7.uasset" 310
"E:/Github/Project-Final/Finals/Content/Final/Tilesets/Jungle8.uasset" 311
"E:/Github/Project-Final/Finals/Content/Final/Tilesets/Jungle9.uasset" 312
"E:/Github/Project-Final/Finals/Content/Final/Tilesets/Junglesolid.uasset" 313
"E:/Github/Project-Final/Finals/Content/2DSideScrollerBP/Maps/2DSideScrollerExampleMap.umap" 314
"../../../Engine/Content/Maps/Entry_BuiltData.uasset" 315
"../../../Engine/Content/Maps/Entry.umap" 316
